BA1,NON_CONTAINER,PSAPSR3,1121029
BA1,NON_CONTAINER,PSAPSR3750X,9183
BA1,NON_CONTAINER,PSAPUNDO,2000
BA1,NON_CONTAINER,SYSAUX,7896
BA1,NON_CONTAINER,SYSTEM,3181
BA3,NON_CONTAINER,PSAPSR3,232774
BA3,NON_CONTAINER,PSAPSR3750X,10707
BA3,NON_CONTAINER,PSAPUNDO,141
BA3,NON_CONTAINER,SYSAUX,3704
BA3,NON_CONTAINER,SYSTEM,2547
BJ1,NON_CONTAINER,PSAPSR3DB,8824
BJ1,NON_CONTAINER,PSAPUNDO,29
BJ1,NON_CONTAINER,SYSAUX,882
BJ1,NON_CONTAINER,SYSTEM,927
BJ3,NON_CONTAINER,PSAPSR3DB,7718
BJ3,NON_CONTAINER,PSAPUNDO,26
BJ3,NON_CONTAINER,SYSAUX,908
BJ3,NON_CONTAINER,SYSTEM,939
BW1,NON_CONTAINER,PSAPSR3750,21120
BW1,NON_CONTAINER,PSAPSR3,87550
BW1,NON_CONTAINER,PSAPUNDO,835
BW1,NON_CONTAINER,SYSAUX,2293
BW1,NON_CONTAINER,SYSTEM,1647
Changing password for monitoring
CHC,NON_CONTAINER,PSAPSR3,2240072
CHC,NON_CONTAINER,PSAPSR3750,81990
CHC,NON_CONTAINER,PSAPSR3DOPA,291
CHC,NON_CONTAINER,PSAPSR3USR,1677
CHC,NON_CONTAINER,PSAPUNDO,3699
CHC,NON_CONTAINER,SYSAUX,6834
CHC,NON_CONTAINER,SYSTEM,2455
CHL,NON_CONTAINER,PSAPSR3,3656958
CHL,NON_CONTAINER,PSAPSR3750,1
CHL,NON_CONTAINER,PSAPSR3750X,96140
CHL,NON_CONTAINER,PSAPSR3DOPA,291
CHL,NON_CONTAINER,PSAPSR3USR,4339
CHL,NON_CONTAINER,PSAPUNDO,2461
CHL,NON_CONTAINER,SYSAUX,7120
CHL,NON_CONTAINER,SYSTEM,2400
CYBERDEV,NON_CONTAINER,CYBER_IND,69364
CYBERDEV,NON_CONTAINER,CYBER_TBL,250452
CYBERDEV,NON_CONTAINER,SYSAUX,5197
CYBERDEV,NON_CONTAINER,SYSTEM,687
CYBERDEV,NON_CONTAINER,UNDOTBS,66
CYBERLAB,NON_CONTAINER,CYBER_IND,71051
CYBERLAB,NON_CONTAINER,CYBER_TBL,259302
CYBERLAB,NON_CONTAINER,SYSAUX,4991
CYBERLAB,NON_CONTAINER,SYSTEM,687
CYBERLAB,NON_CONTAINER,UNDOTBS,87
DIM,NON_CONTAINER,BODATA,2
DIM,NON_CONTAINER,BOIDX,2
DIM,NON_CONTAINER,CATALOGUEDATA,17
DIM,NON_CONTAINER,CATALOGUEIDX,16
DIM,NON_CONTAINER,CQDATA,383
DIM,NON_CONTAINER,CQIDX,514
DIM,NON_CONTAINER,DOCDATA,36
DIM,NON_CONTAINER,DOCIDX,3
DIM,NON_CONTAINER,GAPDATA,62
DIM,NON_CONTAINER,GAPIDX,89
DIM,NON_CONTAINER,ICODE,2008
DIM,NON_CONTAINER,MASTERDATA,347
DIM,NON_CONTAINER,MWSACCESSDATA,2104
DIM,NON_CONTAINER,MWSACCESSIDX,3217
DIM,NON_CONTAINER,NMCLDATA,781
DIM,NON_CONTAINER,NMCLIDX,2020
DIM,NON_CONTAINER,OUTILSDATA,3
DIM,NON_CONTAINER,OUTILSIDX,2
DIM,NON_CONTAINER,PATIENTDATA,166
DIM,NON_CONTAINER,PATIENTIDX,363
DIM,NON_CONTAINER,PMSIDATA,1503
DIM,NON_CONTAINER,PMSIIDX,5865
DIM,NON_CONTAINER,RDVDATA,1
DIM,NON_CONTAINER,RDVIDX,3
DIM,NON_CONTAINER,REGULATIONDATA,4960
DIM,NON_CONTAINER,REGULATIONIDX,10392
DIM,NON_CONTAINER,SIDDATA,1
DIM,NON_CONTAINER,SIDIDX,1
DIM,NON_CONTAINER,STRUCTUREDATA,4
DIM,NON_CONTAINER,STRUCTUREIDX,273
DIM,NON_CONTAINER,SYSAUX,20900
DIM,NON_CONTAINER,SYSTEM,820
DIM,NON_CONTAINER,UNDOTBS,22
ENNOV,NON_CONTAINER,DATAMART_ENNOV,1654
ENNOV,NON_CONTAINER,ENNOVDATA,181989
ENNOV,NON_CONTAINER,SYSAUX,7682
ENNOV,NON_CONTAINER,SYSTEM,27916
ENNOV,NON_CONTAINER,UNDOTBS,298
ENNOVT,NON_CONTAINER,DATAMART_ENNOV,5219
ENNOVT,NON_CONTAINER,ENNOVDATA,165062
ENNOVT,NON_CONTAINER,SYSAUX,7353
ENNOVT,NON_CONTAINER,SYSTEM,25357
ENNOVT,NON_CONTAINER,UNDOTBS,219
ERROR:
Help: https://docs.oracle.com/error-help/db/ora-01017/
Help: https://docs.oracle.com/error-help/db/ora-28001/
Help: https://docs.oracle.com/error-help/db/sp2-0157/
Help: https://docs.oracle.com/error-help/db/sp2-0306/
Help: https://docs.oracle.com/error-help/db/sp2-0650/
HYDPRDG5,NON_CONTAINER,HYDMEDIA5,296657
HYDPRDG5,NON_CONTAINER,SYSAUX,2375
HYDPRDG5,NON_CONTAINER,SYSTEM,1069
HYDPRDG5,NON_CONTAINER,UNDOTBS1,92
HYDPRDG5,NON_CONTAINER,USERS,2
HYDTEST,NON_CONTAINER,HYDMEDIA5,1038
HYDTEST,NON_CONTAINER,SYSAUX,1042
HYDTEST,NON_CONTAINER,SYSTEM,359
HYDTEST,NON_CONTAINER,UNDOTBS,24
LABODEV,NON_CONTAINER,GENRO_IND,204
LABODEV,NON_CONTAINER,GENRO_TBL,226
LABODEV,NON_CONTAINER,GENRW_IND,11270
LABODEV,NON_CONTAINER,GENRW_TBL,48020
LABODEV,NON_CONTAINER,GLIMS_IND,247922
LABODEV,NON_CONTAINER,GLIMS_TBL,156669
LABODEV,NON_CONTAINER,SYSAUX,762
LABODEV,NON_CONTAINER,SYSTEM,1038
LABODEV,NON_CONTAINER,UNDOTBS,588
LABO,NON_CONTAINER,GENRO_IND,204
LABO,NON_CONTAINER,GENRO_TBL,226
LABO,NON_CONTAINER,GENRW_IND,16723
LABO,NON_CONTAINER,GENRW_TBL,50459
LABO,NON_CONTAINER,GLIMS_IND,364518
LABO,NON_CONTAINER,GLIMS_TBL,203098
LABO,NON_CONTAINER,SYSAUX,987
LABO,NON_CONTAINER,SYSTEM,770
LABO,NON_CONTAINER,UNDOTBS,663
LABOTEST,NON_CONTAINER,GENRO_IND,204
LABOTEST,NON_CONTAINER,GENRO_TBL,226
LABOTEST,NON_CONTAINER,GENRW_IND,13942
LABOTEST,NON_CONTAINER,GENRW_TBL,49293
LABOTEST,NON_CONTAINER,GLIMS_IND,328502
LABOTEST,NON_CONTAINER,GLIMS_TBL,184743
LABOTEST,NON_CONTAINER,SYSAUX,877
LABOTEST,NON_CONTAINER,SYSTEM,1023
LABOTEST,NON_CONTAINER,UNDOTBS,582
MIRTH,NON_CONTAINER,MIRTH,987347
MIRTH,NON_CONTAINER,SYSAUX,2000
MIRTH,NON_CONTAINER,SYSTEM,370
MIRTH,NON_CONTAINER,UNDOTBS,39
MIRTH,NON_CONTAINER,USERS,6
MIRTHT,NON_CONTAINER,MIRTH,3042
MIRTHT,NON_CONTAINER,SYSAUX,1073
MIRTHT,NON_CONTAINER,SYSTEM,368
MIRTHT,NON_CONTAINER,UNDOTBS,11
NA3,NON_CONTAINER,PSAPSR3,15880
NA3,NON_CONTAINER,PSAPSR3750,5
NA3,NON_CONTAINER,PSAPSR3750X,19945
NA3,NON_CONTAINER,PSAPSR3USR,0
NA3,NON_CONTAINER,PSAPUNDO,727
NA3,NON_CONTAINER,SYSAUX,1553
NA3,NON_CONTAINER,SYSTEM,1211
New password: 
NJ3,NON_CONTAINER,PSAPSR3DB,9563
NJ3,NON_CONTAINER,PSAPUNDO,22
NJ3,NON_CONTAINER,SYSAUX,951
NJ3,NON_CONTAINER,SYSTEM,1254
OEM,NON_CONTAINER,MGMT_TABLESPACE,35692
OEM,NON_CONTAINER,OAS_BIPLATFORM,56
OEM,NON_CONTAINER,OAS_IAS_OPSS,55
OEM,NON_CONTAINER,OAS_IAU,0
OEM,NON_CONTAINER,OAS_MDS,10
OEM,NON_CONTAINER,OAS_STB,1
OEM,NON_CONTAINER,OAS_WLS,0
OEM,NON_CONTAINER,SYSAUX,6615
OEM,NON_CONTAINER,SYSTEM,1971
OEM,NON_CONTAINER,UNDOTBS1,80
OEM,NON_CONTAINER,USERS,2
ORA-01017: invalid username/password; logon denied
ORA-28001: the password has expired
ORAWEB,NON_CONTAINER,APEX,2524
ORAWEB,NON_CONTAINER,HTMLDB,1432
ORAWEB,NON_CONTAINER,INDEXES,0
ORAWEB,NON_CONTAINER,PURCHASE_DATA,9
ORAWEB,NON_CONTAINER,PURCHASE_INDEX,2
ORAWEB,NON_CONTAINER,SYSAUX,8659
ORAWEB,NON_CONTAINER,SYSTEM,1922
ORAWEB,NON_CONTAINER,UNDOTBS,185
ORAWEB,NON_CONTAINER,USERS,34706
ORAWEBT,NON_CONTAINER,APEX,535
ORAWEBT,NON_CONTAINER,HTMLDB,1139
ORAWEBT,NON_CONTAINER,INDEXES,0
ORAWEBT,NON_CONTAINER,PURCHASE_DATA,17
ORAWEBT,NON_CONTAINER,PURCHASE_INDEX,2
ORAWEBT,NON_CONTAINER,SYSAUX,5340
ORAWEBT,NON_CONTAINER,SYSTEM,1807
ORAWEBT,NON_CONTAINER,UNDOTBS,147
ORAWEBT,NON_CONTAINER,USERS,27928
Password unchanged
      <proxy> ::= <proxyuser>[<username>][/<password>][@<connect_identifier>]
RETRODEV,NON_CONTAINER,APEX,537
RETRODEV,NON_CONTAINER,FLOWS_DATA,5
RETRODEV,NON_CONTAINER,FLOWS_INDEX,1
RETRODEV,NON_CONTAINER,RETRO,1749
RETRODEV,NON_CONTAINER,RETRO_MIG,279
RETRODEV,NON_CONTAINER,RETRO_MIRTH,1
RETRODEV,NON_CONTAINER,SYSAUX,1764
RETRODEV,NON_CONTAINER,SYSTEM,1301
RETRODEV,NON_CONTAINER,UNDOTBS1,39
RETRODEV,NON_CONTAINER,USERS,2
RETRO,NON_CONTAINER,APEX,370
RETRO,NON_CONTAINER,RETRO,6472
RETRO,NON_CONTAINER,RETRO_MIRTH,52
RETRO,NON_CONTAINER,SYSAUX,1802
RETRO,NON_CONTAINER,SYSTEM,1255
RETRO,NON_CONTAINER,UNDOTBS1,25
RETRO,NON_CONTAINER,USERS,2
RETROUAT,NON_CONTAINER,APEX,312
RETROUAT,NON_CONTAINER,RETRO,1781
RETROUAT,NON_CONTAINER,RETRO_MIRTH,2
RETROUAT,NON_CONTAINER,SYSAUX,1688
RETROUAT,NON_CONTAINER,SYSTEM,1315
RETROUAT,NON_CONTAINER,UNDOTBS1,34
RETROUAT,NON_CONTAINER,USERS,2
Retype new password: 
RISCHL,NON_CONTAINER,DATA1,9558
RISCHL,NON_CONTAINER,DATA2,8975
RISCHL,NON_CONTAINER,INDEX1,9777
RISCHL,NON_CONTAINER,INDEX2,1369
RISCHL,NON_CONTAINER,INTERFACE,11053
RISCHL,NON_CONTAINER,SYSAUX,971
RISCHL,NON_CONTAINER,SYSTEM,678
RISCHL,NON_CONTAINER,TRANSLATOR,2594
RISCHL,NON_CONTAINER,UNDO,35
SHERDEV,NON_CONTAINER,SHERLOCK_DATA01,8537
SHERDEV,NON_CONTAINER,SYSAUX,1045
SHERDEV,NON_CONTAINER,SYSTEM,367
SHERDEV,NON_CONTAINER,UNDOTBS,24
SHERLOCK,NON_CONTAINER,SHERLOCK_DATA01,11894
SHERLOCK,NON_CONTAINER,SYSAUX,1125
SHERLOCK,NON_CONTAINER,SYSTEM,366
SHERLOCK,NON_CONTAINER,UNDOTBS,33
SP2-0157: unable to CONNECT to ORACLE after 3 attempts, exiting SQL*Plus
SP2-0306: Invalid option.
SP2-0650: New passwords do not match
Usage: CONN[ECT] [{logon|/|proxy} [AS {SYSDBA|SYSOPER|SYSASM|SYSBACKUP|SYSDG|SYSKM|SYSRAC}] [edition=value]]
where <logon> ::= <username>[/<password>][@<connect_identifier>]
