[23:12:25] Chargement des fichiers .lst dans Oracle...


Load data into table DBINVENTORY.ORACLE_HOSTS

csv
column_names off
delimiter ,
enclosures ""
encoding UTF8
row_limit off
row_terminator default
skip_rows 0
skip_after_names

#ERROR Insert failed in batch rows  1  through  3 
#ERROR ORA-01722: invalid number
#ERROR Row 1 data follows:
PRD,SAP,oracledb01.internal,8,47,Linux x86 64-bit
#ERROR Row 2 data follows:
PRD,SAP,oracledb02.internal,8,31,Linux x86 64-bit
#ERROR Row 3 data follows:
TST,SAP,oracledb01.internal,8,47,Linux x86 64-bit
#INFO Number of rows processed: 3
#INFO Number of rows in error: 3
#INFO Last row processed in final committed batch: 3
WARNING: Processed with errors

Load data into table DBINVENTORY.ORACLE_USERS

csv
column_names off
delimiter ,
enclosures ""
encoding UTF8
row_limit off
row_terminator default
skip_rows 0
skip_after_names

#INFO Number of rows processed: 35
#INFO Number of rows in error: 0
#INFO Last row processed in final committed batch: 35
SUCCESS: Processed without errors
File lists/oracle_services.lst does not exist

Load data into table DBINVENTORY.ORACLE_PDBS

csv
column_names off
delimiter ,
enclosures ""
encoding UTF8
row_limit off
row_terminator default
skip_rows 0
skip_after_names

#INFO Number of rows processed: 4
#INFO Number of rows in error: 0
#INFO Last row processed in final committed batch: 4
SUCCESS: Processed without errors

Load data into table DBINVENTORY.ORACLE_DATABASES

csv
column_names off
delimiter ,
enclosures ""
encoding UTF8
row_limit off
row_terminator default
skip_rows 0
skip_after_names

#ERROR Insert failed in batch rows  1  through  2 
#ERROR ORA-01400: cannot insert NULL into ("DBINVENTORY"."ORACLE_DATABASES"."COUNT_PDB")
#ERROR Row 1 data follows:
PRD,SAP,oracledb01.internal,P19INFR,19.0.0.0.0,P19INFR,ARCHIVELOG,PRIMARY,P19INFR,AL32UTF8,Enterprise Edition,FALSE,4,1,32,25,oracledb01.internal:1521/P19INFR,CONTAINER,
#ERROR Row 2 data follows:
TST,SAP,oracledb01.internal,D19INFR,19.0.0.0.0,D19INFR,ARCHIVELOG,PRIMARY,D19INFR,AL32UTF8,Enterprise Edition,FALSE,4,2,32,25,oracledb01.internal:1521/D19INFR,CONTAINER,
#INFO Number of rows processed: 2
#INFO Number of rows in error: 2
#INFO Last row processed in final committed batch: 2
WARNING: Processed with errors

Load data into table DBINVENTORY.ORACLE_DATAGUARD

csv
column_names off
delimiter ,
enclosures ""
encoding UTF8
row_limit off
row_terminator default
skip_rows 0
skip_after_names

#INFO Number of rows processed: 0
#INFO Number of rows in error: 0
#INFO No rows committed
SUCCESS: Processed without errors

Load data into table DBINVENTORY.ORACLE_PSU

csv
column_names off
delimiter ,
enclosures ""
encoding UTF8
row_limit off
row_terminator default
skip_rows 0
skip_after_names

#INFO Number of rows processed: 3
#INFO Number of rows in error: 0
#INFO Last row processed in final committed batch: 3
SUCCESS: Processed without errors

Load data into table DBINVENTORY.ORACLE_LMS

csv
column_names off
delimiter ,
enclosures ""
encoding UTF8
row_limit off
row_terminator default
skip_rows 0
skip_after_names

#ERROR Unable to scan data.
#ERROR -1
#ERROR Insert failed in batch rows  1  through  50 
#ERROR ORA-01722: invalid number
#ERROR Row 1 data follows:
0,1,CDB$ROOT,Active Data Guard,NO_USAGE,20260614,,,D19INFR,oracledb01.internal
#ERROR Row 2 data follows:
0,1,CDB$ROOT,Active Data Guard,NO_USAGE,20260614,,,P19INFR,oracledb01.internal
#ERROR Row 3 data follows:
0,1,CDB$ROOT,Active Data Guard,NO_USAGE,20260620,,,D23APP1,oracledb02.internal
#ERROR Row 4 data follows:
0,1,CDB$ROOT,Active Data Guard or Real Application Clusters,NO_USAGE,20260614,,,D19INFR,oracledb01.internal
#ERROR Row 5 data follows:
0,1,CDB$ROOT,Active Data Guard or Real Application Clusters,NO_USAGE,20260614,,,P19INFR,oracledb01.internal
#ERROR Row 6 data follows:
0,1,CDB$ROOT,Active Data Guard or Real Application Clusters,NO_USAGE,20260620,,,D23APP1,oracledb02.internal
#ERROR Row 7 data follows:
0,1,CDB$ROOT,Advanced Analytics,NO_USAGE,20260614,,,D19INFR,oracledb01.internal
#ERROR Row 8 data follows:
0,1,CDB$ROOT,Advanced Analytics,NO_USAGE,20260614,,,P19INFR,oracledb01.internal
#ERROR Row 9 data follows:
0,1,CDB$ROOT,Advanced Analytics,NO_USAGE,20260620,,,D23APP1,oracledb02.internal
#ERROR Row 10 data follows:
0,1,CDB$ROOT,Advanced Compression,NO_USAGE,20260614,,,D19INFR,oracledb01.internal
#ERROR Row 11 data follows:
0,1,CDB$ROOT,Advanced Compression,NO_USAGE,20260614,,,P19INFR,oracledb01.internal
#ERROR Row 12 data follows:
0,1,CDB$ROOT,Advanced Compression,NO_USAGE,20260620,,,D23APP1,oracledb02.internal
#ERROR Row 13 data follows:
0,1,CDB$ROOT,Advanced Security,NO_USAGE,20260614,,,D19INFR,oracledb01.internal
#ERROR Row 14 data follows:
0,1,CDB$ROOT,Advanced Security,NO_USAGE,20260614,,,P19INFR,oracledb01.internal
#ERROR Row 15 data follows:
0,1,CDB$ROOT,Advanced Security,NO_USAGE,20260620,,,D23APP1,oracledb02.internal
#ERROR Row 16 data follows:
0,1,CDB$ROOT,.Database Gateway,NO_USAGE,20260614,,,D19INFR,oracledb01.internal
#ERROR Row 17 data follows:
0,1,CDB$ROOT,.Database Gateway,NO_USAGE,20260614,,,P19INFR,oracledb01.internal
#ERROR Row 18 data follows:
0,1,CDB$ROOT,.Database Gateway,NO_USAGE,20260620,,,D23APP1,oracledb02.internal
#ERROR Row 19 data follows:
0,1,CDB$ROOT,Database In-Memory,NO_USAGE,20260614,,,D19INFR,oracledb01.internal
#ERROR Row 20 data follows:
0,1,CDB$ROOT,Database In-Memory,NO_USAGE,20260614,,,P19INFR,oracledb01.internal
#ERROR Row 21 data follows:
0,1,CDB$ROOT,Database In-Memory,NO_USAGE,20260620,,,D23APP1,oracledb02.internal
#ERROR Row 22 data follows:
0,1,CDB$ROOT,Database Vault,NO_USAGE,20260614,,,D19INFR,oracledb01.internal
#ERROR Row 23 data follows:
0,1,CDB$ROOT,Database Vault,NO_USAGE,20260614,,,P19INFR,oracledb01.internal
#ERROR Row 24 data follows:
0,1,CDB$ROOT,Database Vault,NO_USAGE,20260620,,,D23APP1,oracledb02.internal
#ERROR Row 25 data follows:
0,1,CDB$ROOT,Diagnostics Pack,NO_USAGE,20260614,,,D19INFR,oracledb01.internal
#ERROR Row 26 data follows:
0,1,CDB$ROOT,Diagnostics Pack,NO_USAGE,20260614,,,P19INFR,oracledb01.internal
#ERROR Row 27 data follows:
0,1,CDB$ROOT,Diagnostics Pack,NO_USAGE,20260620,,,D23APP1,oracledb02.internal
#ERROR Row 28 data follows:
0,1,CDB$ROOT,.Exadata,NO_USAGE,20260614,,,D19INFR,oracledb01.internal
#ERROR Row 29 data follows:
0,1,CDB$ROOT,.Exadata,NO_USAGE,20260614,,,P19INFR,oracledb01.internal
#ERROR Row 30 data follows:
0,1,CDB$ROOT,.Exadata,NO_USAGE,20260620,,,D23APP1,oracledb02.internal
#ERROR Row 31 data follows:
0,1,CDB$ROOT,.GoldenGate,NO_USAGE,20260614,,,D19INFR,oracledb01.internal
#ERROR Row 32 data follows:
0,1,CDB$ROOT,.GoldenGate,NO_USAGE,20260614,,,P19INFR,oracledb01.internal
#ERROR Row 33 data follows:
0,1,CDB$ROOT,.GoldenGate,NO_USAGE,20260620,,,D23APP1,oracledb02.internal
#ERROR Row 34 data follows:
0,1,CDB$ROOT,.HW,NO_USAGE,20260614,,,D19INFR,oracledb01.internal
#ERROR Row 35 data follows:
0,1,CDB$ROOT,.HW,NO_USAGE,20260614,,,P19INFR,oracledb01.internal
#ERROR Row 36 data follows:
0,1,CDB$ROOT,.HW,NO_USAGE,20260620,,,D23APP1,oracledb02.internal
#ERROR Row 37 data follows:
0,1,CDB$ROOT,Label Security,NO_USAGE,20260614,,,D19INFR,oracledb01.internal
#ERROR Row 38 data follows:
0,1,CDB$ROOT,Label Security,NO_USAGE,20260614,,,P19INFR,oracledb01.internal
#ERROR Row 39 data follows:
0,1,CDB$ROOT,Label Security,NO_USAGE,20260620,,,D23APP1,oracledb02.internal
#ERROR Row 40 data follows:
0,1,CDB$ROOT,Multitenant,NO_USAGE,20260614,,,D19INFR,oracledb01.internal
#ERROR Row 41 data follows:
0,1,CDB$ROOT,Multitenant,NO_USAGE,20260614,,,P19INFR,oracledb01.internal
#ERROR Row 42 data follows:
0,1,CDB$ROOT,Multitenant,NO_USAGE,20260620,,,D23APP1,oracledb02.internal
#ERROR Row 43 data follows:
0,1,CDB$ROOT,OLAP,NO_USAGE,20260614,,,D19INFR,oracledb01.internal
#ERROR Row 44 data follows:
0,1,CDB$ROOT,OLAP,NO_USAGE,20260614,,,P19INFR,oracledb01.internal
#ERROR Row 45 data follows:
0,1,CDB$ROOT,OLAP,NO_USAGE,20260620,,,D23APP1,oracledb02.internal
#ERROR Row 46 data follows:
0,1,CDB$ROOT,Partitioning,NO_USAGE,20260614,,,D19INFR,oracledb01.internal
#ERROR Row 47 data follows:
0,1,CDB$ROOT,Partitioning,NO_USAGE,20260614,,,P19INFR,oracledb01.internal
#ERROR Row 48 data follows:
0,1,CDB$ROOT,Partitioning,NO_USAGE,20260620,,,D23APP1,oracledb02.internal
#ERROR Row 49 data follows:
0,1,CDB$ROOT,.Pillar Storage,NO_USAGE,20260614,,,D19INFR,oracledb01.internal
#ERROR Row 50 data follows:
0,1,CDB$ROOT,.Pillar Storage,NO_USAGE,20260614,,,P19INFR,oracledb01.internal
#ERROR Insert failed in batch rows  51  through  100 
#ERROR ORA-01722: invalid number
#ERROR Row 51 data follows:
0,1,CDB$ROOT,.Pillar Storage,NO_USAGE,20260620,,,D23APP1,oracledb02.internal
#ERROR Row 52 data follows:
0,1,CDB$ROOT,RAC or RAC One Node,NO_USAGE,20260614,,,D19INFR,oracledb01.internal
#ERROR Row 53 data follows:
0,1,CDB$ROOT,RAC or RAC One Node,NO_USAGE,20260614,,,P19INFR,oracledb01.internal
#ERROR Row 54 data follows:
0,1,CDB$ROOT,RAC or RAC One Node,NO_USAGE,20260620,,,D23APP1,oracledb02.internal
#ERROR Row 55 data follows:
0,1,CDB$ROOT,Real Application Clusters,NO_USAGE,20260614,,,D19INFR,oracledb01.internal
#ERROR Row 56 data follows:
0,1,CDB$ROOT,Real Application Clusters,NO_USAGE,20260614,,,P19INFR,oracledb01.internal
#ERROR Row 57 data follows:
0,1,CDB$ROOT,Real Application Clusters,NO_USAGE,20260620,,,D23APP1,oracledb02.internal
#ERROR Row 58 data follows:
0,1,CDB$ROOT,Real Application Clusters One Node,NO_USAGE,20260614,,,D19INFR,oracledb01.internal
#ERROR Row 59 data follows:
0,1,CDB$ROOT,Real Application Clusters One Node,NO_USAGE,20260614,,,P19INFR,oracledb01.internal
#ERROR Row 60 data follows:
0,1,CDB$ROOT,Real Application Clusters One Node,NO_USAGE,20260620,,,D23APP1,oracledb02.internal
#ERROR Row 61 data follows:
0,1,CDB$ROOT,Real Application Testing,NO_USAGE,20260614,,,D19INFR,oracledb01.internal
#ERROR Row 62 data follows:
0,1,CDB$ROOT,Real Application Testing,NO_USAGE,20260614,,,P19INFR,oracledb01.internal
#ERROR Row 63 data follows:
0,1,CDB$ROOT,Real Application Testing,NO_USAGE,20260620,,,D23APP1,oracledb02.internal
#ERROR Row 64 data follows:
0,1,CDB$ROOT,Spatial and Graph,NO_USAGE,20260614,,,D19INFR,oracledb01.internal
#ERROR Row 65 data follows:
0,1,CDB$ROOT,Spatial and Graph,NO_USAGE,20260614,,,P19INFR,oracledb01.internal
#ERROR Row 66 data follows:
0,1,CDB$ROOT,Spatial and Graph,NO_USAGE,20260620,,,D23APP1,oracledb02.internal
#ERROR Row 67 data follows:
0,1,CDB$ROOT,Tuning Pack,NO_USAGE,20260614,,,D19INFR,oracledb01.internal
#ERROR Row 68 data follows:
0,1,CDB$ROOT,Tuning Pack,NO_USAGE,20260614,,,P19INFR,oracledb01.internal
#ERROR Row 69 data follows:
0,1,CDB$ROOT,Tuning Pack,NO_USAGE,20260620,,,D23APP1,oracledb02.internal
#ERROR Row 70 data follows:
0,3,PDBD_DBINVENTORY,Active Data Guard,NO_USAGE,20260620,,,D23APP1,oracledb02.internal
#ERROR Row 71 data follows:
0,3,PDBD_DBINVENTORY,Active Data Guard or Real Application Clusters,NO_USAGE,20260620,,,D23APP1,oracledb02.internal
#ERROR Row 72 data follows:
0,3,PDBD_DBINVENTORY,Advanced Analytics,NO_USAGE,20260620,,,D23APP1,oracledb02.internal
#ERROR Row 73 data follows:
0,3,PDBD_DBINVENTORY,Advanced Compression,NO_USAGE,20260620,,,D23APP1,oracledb02.internal
#ERROR Row 74 data follows:
0,3,PDBD_DBINVENTORY,Advanced Security,NO_USAGE,20260620,,,D23APP1,oracledb02.internal
#ERROR Row 75 data follows:
0,3,PDBD_DBINVENTORY,.Database Gateway,NO_USAGE,20260620,,,D23APP1,oracledb02.internal
#ERROR Row 76 data follows:
0,3,PDBD_DBINVENTORY,Database In-Memory,NO_USAGE,20260620,,,D23APP1,oracledb02.internal
#ERROR Row 77 data follows:
0,3,PDBD_DBINVENTORY,Database Vault,NO_USAGE,20260620,,,D23APP1,oracledb02.internal
#ERROR Row 78 data follows:
0,3,PDBD_DBINVENTORY,Diagnostics Pack,NO_USAGE,20260620,,,D23APP1,oracledb02.internal
#ERROR Row 79 data follows:
0,3,PDBD_DBINVENTORY,.Exadata,NO_USAGE,20260620,,,D23APP1,oracledb02.internal
#ERROR Row 80 data follows:
0,3,PDBD_DBINVENTORY,.GoldenGate,NO_USAGE,20260620,,,D23APP1,oracledb02.internal
#ERROR Row 81 data follows:
0,3,PDBD_DBINVENTORY,.HW,NO_USAGE,20260620,,,D23APP1,oracledb02.internal
#ERROR Row 82 data follows:
0,3,PDBD_DBINVENTORY,Label Security,NO_USAGE,20260620,,,D23APP1,oracledb02.internal
#ERROR Row 83 data follows:
0,3,PDBD_DBINVENTORY,OLAP,NO_USAGE,20260620,,,D23APP1,oracledb02.internal
#ERROR Row 84 data follows:
0,3,PDBD_DBINVENTORY,Partitioning,NO_USAGE,20260620,,,D23APP1,oracledb02.internal
#ERROR Row 85 data follows:
0,3,PDBD_DBINVENTORY,.Pillar Storage,NO_USAGE,20260620,,,D23APP1,oracledb02.internal
#ERROR Row 86 data follows:
0,3,PDBD_DBINVENTORY,RAC or RAC One Node,NO_USAGE,20260620,,,D23APP1,oracledb02.internal
#ERROR Row 87 data follows:
0,3,PDBD_DBINVENTORY,Real Application Clusters,NO_USAGE,20260620,,,D23APP1,oracledb02.internal
#ERROR Row 88 data follows:
0,3,PDBD_DBINVENTORY,Real Application Clusters One Node,NO_USAGE,20260620,,,D23APP1,oracledb02.internal
#ERROR Row 89 data follows:
0,3,PDBD_DBINVENTORY,Real Application Testing,NO_USAGE,20260620,,,D23APP1,oracledb02.internal
#ERROR Row 90 data follows:
0,3,PDBD_DBINVENTORY,Spatial and Graph,NO_USAGE,20260620,,,D23APP1,oracledb02.internal
#ERROR Row 91 data follows:
0,3,PDBD_DBINVENTORY,Tuning Pack,NO_USAGE,20260620,,,D23APP1,oracledb02.internal
#ERROR Row 92 data follows:
0,3,PDBP_RMANCAT,Active Data Guard,NO_USAGE,20260614,,,P19INFR,oracledb01.internal
#ERROR Row 93 data follows:
0,3,PDBP_RMANCAT,Active Data Guard or Real Application Clusters,NO_USAGE,20260614,,,P19INFR,oracledb01.internal
#ERROR Row 94 data follows:
0,3,PDBP_RMANCAT,Advanced Analytics,NO_USAGE,20260614,,,P19INFR,oracledb01.internal
#ERROR Row 95 data follows:
0,3,PDBP_RMANCAT,Advanced Compression,NO_USAGE,20260614,,,P19INFR,oracledb01.internal
#ERROR Row 96 data follows:
0,3,PDBP_RMANCAT,Advanced Security,NO_USAGE,20260614,,,P19INFR,oracledb01.internal
#ERROR Row 97 data follows:
0,3,PDBP_RMANCAT,.Database Gateway,NO_USAGE,20260614,,,P19INFR,oracledb01.internal
#ERROR Row 98 data follows:
0,3,PDBP_RMANCAT,Database In-Memory,NO_USAGE,20260614,,,P19INFR,oracledb01.internal
#ERROR Row 99 data follows:
0,3,PDBP_RMANCAT,Database Vault,NO_USAGE,20260614,,,P19INFR,oracledb01.internal
#ERROR Row 100 data follows:
0,3,PDBP_RMANCAT,Diagnostics Pack,NO_USAGE,20260614,,,P19INFR,oracledb01.internal
#INFO Number of rows processed: 100
#INFO Number of rows in error: 100
#INFO No rows committed
ERROR: The Errors Allowed or the Error Limit parameter was exceeded

Load data into table DBINVENTORY.ORACLE_CLIENT_VERSION

csv
column_names off
delimiter ,
enclosures ""
encoding UTF8
row_limit off
row_terminator default
skip_rows 0
skip_after_names

#ERROR Insert failed in batch rows  1  through  17 
#ERROR ORA-01400: cannot insert NULL into ("DBINVENTORY"."ORACLE_CLIENT_VERSION"."CHECK_CLIENT")
#ERROR Row 1 data follows:
D19INFR,19.0.0.0.0,TST,NON_CONTAINER,19.30.0.0.0,SQL*PLUS,C##MONITORING,oracledb01.internal,D19INFR,NONE,NONE,
#ERROR Row 2 data follows:
D19INFR,19.0.0.0.0,TST,NON_CONTAINER,19.30.0.0.0,,SYSRAC,oracledb01.internal,SYS$USERS,NONE,NONE,
#ERROR Row 3 data follows:
D19INFR,19.0.0.0.0,TST,PDBP_DBINVENTORY,21.8.0.0.0,jdbcthin : 21.8.0.0.0,DBINVENTORY,Ethernath,DBINVENTORY_PRD_ALL,NONE,NONE,
#ERROR Row 4 data follows:
D19INFR,19.0.0.0.0,TST,PDBP_DBINVENTORY,23.7.0.25.1,jdbcthin : 23.7.0.25.01,APEX_PUBLIC_USER,b06c8bec660e,DBINVENTORY_PRD_ALL,NONE,NONE,
#ERROR Row 5 data follows:
D19INFR,19.0.0.0.0,TST,PDBP_DBINVENTORY,23.7.0.25.1,jdbcthin : 23.7.0.25.01,DBINVENTORY,Ethernath,DBINVENTORY_PRD_ALL,NONE,NONE,
#ERROR Row 6 data follows:
D19INFR,19.0.0.0.0,TST,PDBP_DBINVENTORY,23.7.0.25.1,jdbcthin : 23.7.0.25.01,ORDS_PUBLIC_USER,b06c8bec660e,DBINVENTORY_PRD_ALL,NONE,NONE,
#ERROR Row 7 data follows:
D23APP1,23.0.0.0.0,PRD,NON_CONTAINER,19.30.0.0.0,SQL*PLUS,C##MONITORING,oracledb01.internal,D23APP1,NONE,NONE,
#ERROR Row 8 data follows:
D23APP1,23.0.0.0.0,PRD,NON_CONTAINER,23.26.1.0.0,agent_0x7fd8841f2de0,SYSRAC,oracledb02.internal,SYS$USERS,NONE,NONE,
#ERROR Row 9 data follows:
D23APP1,23.0.0.0.0,PRD,NON_CONTAINER,23.26.1.0.0,OCI,SYSRAC,oracledb02.internal,SYS$USERS,NONE,NONE,
#ERROR Row 10 data follows:
D23APP1,23.0.0.0.0,PRD,PDBD_DBINVENTORY,23.26.1.0.0,SERVER,SYS,oracledb02.internal,SYS$USERS,NONE,NONE,
#ERROR Row 11 data follows:
D23APP1,23.0.0.0.0,PRD,PDBD_DBINVENTORY,23.7.0.25.1,jdbcthin : 23.7.0.25.01,APEX_PUBLIC_USER,b06c8bec660e,DBINVENTORY_DEV_ALL,NONE,NONE,
#ERROR Row 12 data follows:
D23APP1,23.0.0.0.0,PRD,PDBD_DBINVENTORY,23.7.0.25.1,jdbcthin : 23.7.0.25.01,ORDS_PUBLIC_USER,b06c8bec660e,DBINVENTORY_DEV_ALL,NONE,NONE,
#ERROR Row 13 data follows:
D23APP1,23.0.0.0.0,PRD,PDBD_SAMOTHRAS,23.26.1.0.0,SERVER,SYS,oracledb02.internal,SYS$USERS,NONE,NONE,
#ERROR Row 14 data follows:
D23APP1,23.0.0.0.0,PRD,PDBD_SAMOTHRAS,23.7.0.25.1,jdbcthin : 23.7.0.25.01,APEX_PUBLIC_USER,b06c8bec660e,SAMOTHRAS_ALL,NONE,NONE,
#ERROR Row 15 data follows:
D23APP1,23.0.0.0.0,PRD,PDBD_SAMOTHRAS,23.7.0.25.1,jdbcthin : 23.7.0.25.01,ORDS_PUBLIC_USER,b06c8bec660e,SAMOTHRAS_ALL,NONE,NONE,
#ERROR Row 16 data follows:
P19INFR,19.0.0.0.0,PRD,NON_CONTAINER,19.30.0.0.0,SQL*PLUS,C##MONITORING,oracledb01.internal,P19INFR,NONE,NONE,
#ERROR Row 17 data follows:
P19INFR,19.0.0.0.0,PRD,NON_CONTAINER,19.30.0.0.0,,SYSRAC,oracledb01.internal,SYS$USERS,NONE,NONE,
#INFO Number of rows processed: 17
#INFO Number of rows in error: 17
#INFO Last row processed in final committed batch: 17
WARNING: Processed with errors

Load data into table DBINVENTORY.ORACLE_SECURITY_ADMIN_HIGH_PRIVS

csv
column_names off
delimiter ,
enclosures ""
encoding UTF8
row_limit off
row_terminator default
skip_rows 0
skip_after_names
Unable to load object Unable to start load service;

#ERROR Table DBINVENTORY.ORACLE_SECURITY_ADMIN_HIGH_PRI does not exist or is not available from connection.
SEVERE: Load terminated

Load data into table DBINVENTORY.ORACLE_SECURITY_DEFAULT_USER_PWD

csv
column_names off
delimiter ,
enclosures ""
encoding UTF8
row_limit off
row_terminator default
skip_rows 0
skip_after_names
Unable to load object Unable to start load service;

#ERROR Table DBINVENTORY.ORACLE_SECURITY_DEFAULT_USER_P does not exist or is not available from connection.
SEVERE: Load terminated

Load data into table DBINVENTORY.ORACLE_SECURITY_HIGH_ROLE_PRIVS

csv
column_names off
delimiter ,
enclosures ""
encoding UTF8
row_limit off
row_terminator default
skip_rows 0
skip_after_names
Unable to load object Unable to start load service;

#ERROR Table DBINVENTORY.ORACLE_SECURITY_HIGH_ROLE_PRIV does not exist or is not available from connection.
SEVERE: Load terminated

Load data into table DBINVENTORY.ORACLE_SECURITY_HIGH_SYS_PRIVS

csv
column_names off
delimiter ,
enclosures ""
encoding UTF8
row_limit off
row_terminator default
skip_rows 0
skip_after_names

#ERROR Unable to scan data.
#ERROR -1
#ERROR Insert failed in batch rows  1  through  50 
#ERROR ORA-01400: cannot insert NULL into ("DBINVENTORY"."ORACLE_SECURITY_HIGH_SYS_PRIVS"."DATE_VALUE")
#ERROR Row 1 data follows:
D19INFR,PDBP_DBINVENTORY,AUDIT_ADMIN,AUDIT SYSTEM,,
#ERROR Row 2 data follows:
D19INFR,PDBP_DBINVENTORY,DATAPUMP_IMP_FULL_DATABASE,AUDIT SYSTEM,,
#ERROR Row 3 data follows:
D19INFR,PDBP_DBINVENTORY,DATAPUMP_IMP_FULL_DATABASE,GRANT ANY OBJECT PRIVILEGE,,
#ERROR Row 4 data follows:
D19INFR,PDBP_DBINVENTORY,DATAPUMP_IMP_FULL_DATABASE,GRANT ANY PRIVILEGE,,
#ERROR Row 5 data follows:
D19INFR,PDBP_DBINVENTORY,DATAPUMP_IMP_FULL_DATABASE,GRANT ANY ROLE,,
#ERROR Row 6 data follows:
D19INFR,PDBP_DBINVENTORY,DBA,ALTER SYSTEM,,
#ERROR Row 7 data follows:
D19INFR,PDBP_DBINVENTORY,DBA,AUDIT SYSTEM,,
#ERROR Row 8 data follows:
D19INFR,PDBP_DBINVENTORY,DBA,BECOME USER,,
#ERROR Row 9 data follows:
D19INFR,PDBP_DBINVENTORY,DBA,CREATE ANY LIBRARY,,
#ERROR Row 10 data follows:
D19INFR,PDBP_DBINVENTORY,DBA,CREATE EXTERNAL JOB,,
#ERROR Row 11 data follows:
D19INFR,PDBP_DBINVENTORY,DBA,CREATE LIBRARY,,
#ERROR Row 12 data follows:
D19INFR,PDBP_DBINVENTORY,DBA,GRANT ANY OBJECT PRIVILEGE,,
#ERROR Row 13 data follows:
D19INFR,PDBP_DBINVENTORY,DBA,GRANT ANY PRIVILEGE,,
#ERROR Row 14 data follows:
D19INFR,PDBP_DBINVENTORY,DBA,GRANT ANY ROLE,,
#ERROR Row 15 data follows:
D19INFR,PDBP_DBINVENTORY,EM_EXPRESS_ALL,ALTER SYSTEM,,
#ERROR Row 16 data follows:
D19INFR,PDBP_DBINVENTORY,EM_EXPRESS_ALL,GRANT ANY OBJECT PRIVILEGE,,
#ERROR Row 17 data follows:
D19INFR,PDBP_DBINVENTORY,EM_EXPRESS_ALL,GRANT ANY PRIVILEGE,,
#ERROR Row 18 data follows:
D19INFR,PDBP_DBINVENTORY,EM_EXPRESS_ALL,GRANT ANY ROLE,,
#ERROR Row 19 data follows:
D19INFR,PDBP_DBINVENTORY,GSMADMIN_INTERNAL,ALTER SYSTEM,,
#ERROR Row 20 data follows:
D19INFR,PDBP_DBINVENTORY,GSMADMIN_INTERNAL,CREATE EXTERNAL JOB,,
#ERROR Row 21 data follows:
D19INFR,PDBP_DBINVENTORY,GSMADMIN_INTERNAL,EXEMPT ACCESS POLICY,,
#ERROR Row 22 data follows:
D19INFR,PDBP_DBINVENTORY,GSMADMIN_ROLE,ALTER SYSTEM,,
#ERROR Row 23 data follows:
D19INFR,PDBP_DBINVENTORY,GSMUSER_ROLE,ALTER SYSTEM,,
#ERROR Row 24 data follows:
D19INFR,PDBP_DBINVENTORY,GSMUSER_ROLE,EXEMPT ACCESS POLICY,,
#ERROR Row 25 data follows:
D19INFR,PDBP_DBINVENTORY,IMP_FULL_DATABASE,AUDIT SYSTEM,,
#ERROR Row 26 data follows:
D19INFR,PDBP_DBINVENTORY,IMP_FULL_DATABASE,BECOME USER,,
#ERROR Row 27 data follows:
D19INFR,PDBP_DBINVENTORY,IMP_FULL_DATABASE,CREATE ANY LIBRARY,,
#ERROR Row 28 data follows:
D19INFR,PDBP_DBINVENTORY,IMP_FULL_DATABASE,GRANT ANY OBJECT PRIVILEGE,,
#ERROR Row 29 data follows:
D19INFR,PDBP_DBINVENTORY,IMP_FULL_DATABASE,GRANT ANY PRIVILEGE,,
#ERROR Row 30 data follows:
D19INFR,PDBP_DBINVENTORY,IMP_FULL_DATABASE,GRANT ANY ROLE,,
#ERROR Row 31 data follows:
D19INFR,PDBP_DBINVENTORY,MDSYS,CREATE LIBRARY,,
#ERROR Row 32 data follows:
D19INFR,PDBP_DBINVENTORY,MDSYS,EXEMPT ACCESS POLICY,,
#ERROR Row 33 data follows:
D19INFR,PDBP_DBINVENTORY,SCHEDULER_ADMIN,CREATE EXTERNAL JOB,,
#ERROR Row 34 data follows:
D19INFR,PDBP_DBINVENTORY,SYS,ALTER SYSTEM,,
#ERROR Row 35 data follows:
D19INFR,PDBP_DBINVENTORY,SYS,AUDIT SYSTEM,,
#ERROR Row 36 data follows:
D19INFR,PDBP_DBINVENTORY,SYSBACKUP,ALTER SYSTEM,,
#ERROR Row 37 data follows:
D19INFR,PDBP_DBINVENTORY,SYS,BECOME USER,,
#ERROR Row 38 data follows:
D19INFR,PDBP_DBINVENTORY,SYS,CREATE ANY LIBRARY,,
#ERROR Row 39 data follows:
D19INFR,PDBP_DBINVENTORY,SYS,CREATE EXTERNAL JOB,,
#ERROR Row 40 data follows:
D19INFR,PDBP_DBINVENTORY,SYS,CREATE LIBRARY,,
#ERROR Row 41 data follows:
D19INFR,PDBP_DBINVENTORY,SYSDG,ALTER SYSTEM,,
#ERROR Row 42 data follows:
D19INFR,PDBP_DBINVENTORY,SYS,GRANT ANY OBJECT PRIVILEGE,,
#ERROR Row 43 data follows:
D19INFR,PDBP_DBINVENTORY,SYS,GRANT ANY PRIVILEGE,,
#ERROR Row 44 data follows:
D19INFR,PDBP_DBINVENTORY,SYS,GRANT ANY ROLE,,
#ERROR Row 45 data follows:
D19INFR,PDBP_DBINVENTORY,SYSRAC,ALTER SYSTEM,,
#ERROR Row 46 data follows:
D23APP1,PDBD_DBINVENTORY,AUDIT_ADMIN,AUDIT SYSTEM,,
#ERROR Row 47 data follows:
D23APP1,PDBD_DBINVENTORY,DATAPUMP_IMP_FULL_DATABASE,AUDIT SYSTEM,,
#ERROR Row 48 data follows:
D23APP1,PDBD_DBINVENTORY,DATAPUMP_IMP_FULL_DATABASE,GRANT ANY OBJECT PRIVILEGE,,
#ERROR Row 49 data follows:
D23APP1,PDBD_DBINVENTORY,DATAPUMP_IMP_FULL_DATABASE,GRANT ANY PRIVILEGE,,
#ERROR Row 50 data follows:
D23APP1,PDBD_DBINVENTORY,DATAPUMP_IMP_FULL_DATABASE,GRANT ANY ROLE,,
#ERROR Insert failed in batch rows  51  through  100 
#ERROR ORA-01400: cannot insert NULL into ("DBINVENTORY"."ORACLE_SECURITY_HIGH_SYS_PRIVS"."DATE_VALUE")
#ERROR Row 51 data follows:
D23APP1,PDBD_DBINVENTORY,DBA,ALTER SYSTEM,,
#ERROR Row 52 data follows:
D23APP1,PDBD_DBINVENTORY,DBA,AUDIT SYSTEM,,
#ERROR Row 53 data follows:
D23APP1,PDBD_DBINVENTORY,DBA,BECOME USER,,
#ERROR Row 54 data follows:
D23APP1,PDBD_DBINVENTORY,DBA,CREATE ANY LIBRARY,,
#ERROR Row 55 data follows:
D23APP1,PDBD_DBINVENTORY,DBA,CREATE EXTERNAL JOB,,
#ERROR Row 56 data follows:
D23APP1,PDBD_DBINVENTORY,DBA,CREATE LIBRARY,,
#ERROR Row 57 data follows:
D23APP1,PDBD_DBINVENTORY,DBA,GRANT ANY OBJECT PRIVILEGE,,
#ERROR Row 58 data follows:
D23APP1,PDBD_DBINVENTORY,DBA,GRANT ANY PRIVILEGE,,
#ERROR Row 59 data follows:
D23APP1,PDBD_DBINVENTORY,DBA,GRANT ANY ROLE,,
#ERROR Row 60 data follows:
D23APP1,PDBD_DBINVENTORY,GSMADMIN_INTERNAL,ALTER SYSTEM,,
#ERROR Row 61 data follows:
D23APP1,PDBD_DBINVENTORY,GSMADMIN_INTERNAL,EXEMPT ACCESS POLICY,,
#ERROR Row 62 data follows:
D23APP1,PDBD_DBINVENTORY,GSMADMIN_ROLE,ALTER SYSTEM,,
#ERROR Row 63 data follows:
D23APP1,PDBD_DBINVENTORY,GSMUSER_ROLE,ALTER SYSTEM,,
#ERROR Row 64 data follows:
D23APP1,PDBD_DBINVENTORY,GSMUSER_ROLE,EXEMPT ACCESS POLICY,,
#ERROR Row 65 data follows:
D23APP1,PDBD_DBINVENTORY,IMP_FULL_DATABASE,AUDIT SYSTEM,,
#ERROR Row 66 data follows:
D23APP1,PDBD_DBINVENTORY,IMP_FULL_DATABASE,BECOME USER,,
#ERROR Row 67 data follows:
D23APP1,PDBD_DBINVENTORY,IMP_FULL_DATABASE,CREATE ANY LIBRARY,,
#ERROR Row 68 data follows:
D23APP1,PDBD_DBINVENTORY,IMP_FULL_DATABASE,GRANT ANY OBJECT PRIVILEGE,,
#ERROR Row 69 data follows:
D23APP1,PDBD_DBINVENTORY,IMP_FULL_DATABASE,GRANT ANY PRIVILEGE,,
#ERROR Row 70 data follows:
D23APP1,PDBD_DBINVENTORY,IMP_FULL_DATABASE,GRANT ANY ROLE,,
#ERROR Row 71 data follows:
D23APP1,PDBD_DBINVENTORY,OGG_CAPTURE,EXEMPT ACCESS POLICY,,
#ERROR Row 72 data follows:
D23APP1,PDBD_DBINVENTORY,RECOVERY_CATALOG_OWNER,ALTER SYSTEM,,
#ERROR Row 73 data follows:
D23APP1,PDBD_DBINVENTORY,SCHEDULER_ADMIN,CREATE EXTERNAL JOB,,
#ERROR Row 74 data follows:
D23APP1,PDBD_DBINVENTORY,SYS,ALTER SYSTEM,,
#ERROR Row 75 data follows:
D23APP1,PDBD_DBINVENTORY,SYS,AUDIT SYSTEM,,
#ERROR Row 76 data follows:
D23APP1,PDBD_DBINVENTORY,SYSBACKUP,ALTER SYSTEM,,
#ERROR Row 77 data follows:
D23APP1,PDBD_DBINVENTORY,SYS,BECOME USER,,
#ERROR Row 78 data follows:
D23APP1,PDBD_DBINVENTORY,SYS,CREATE ANY LIBRARY,,
#ERROR Row 79 data follows:
D23APP1,PDBD_DBINVENTORY,SYS,CREATE EXTERNAL JOB,,
#ERROR Row 80 data follows:
D23APP1,PDBD_DBINVENTORY,SYS,CREATE LIBRARY,,
#ERROR Row 81 data follows:
D23APP1,PDBD_DBINVENTORY,SYSDG,ALTER SYSTEM,,
#ERROR Row 82 data follows:
D23APP1,PDBD_DBINVENTORY,SYS,EXEMPT ACCESS POLICY,,
#ERROR Row 83 data follows:
D23APP1,PDBD_DBINVENTORY,SYS,GRANT ANY OBJECT PRIVILEGE,,
#ERROR Row 84 data follows:
D23APP1,PDBD_DBINVENTORY,SYS,GRANT ANY PRIVILEGE,,
#ERROR Row 85 data follows:
D23APP1,PDBD_DBINVENTORY,SYS,GRANT ANY ROLE,,
#ERROR Row 86 data follows:
D23APP1,PDBD_DBINVENTORY,SYSRAC,ALTER SYSTEM,,
#ERROR Row 87 data follows:
D23APP1,PDBD_SAMOTHRAS,AUDIT_ADMIN,AUDIT SYSTEM,,
#ERROR Row 88 data follows:
D23APP1,PDBD_SAMOTHRAS,DATAPUMP_IMP_FULL_DATABASE,AUDIT SYSTEM,,
#ERROR Row 89 data follows:
D23APP1,PDBD_SAMOTHRAS,DATAPUMP_IMP_FULL_DATABASE,GRANT ANY OBJECT PRIVILEGE,,
#ERROR Row 90 data follows:
D23APP1,PDBD_SAMOTHRAS,DATAPUMP_IMP_FULL_DATABASE,GRANT ANY PRIVILEGE,,
#ERROR Row 91 data follows:
D23APP1,PDBD_SAMOTHRAS,DATAPUMP_IMP_FULL_DATABASE,GRANT ANY ROLE,,
#ERROR Row 92 data follows:
D23APP1,PDBD_SAMOTHRAS,DBA,ALTER SYSTEM,,
#ERROR Row 93 data follows:
D23APP1,PDBD_SAMOTHRAS,DBA,AUDIT SYSTEM,,
#ERROR Row 94 data follows:
D23APP1,PDBD_SAMOTHRAS,DBA,BECOME USER,,
#ERROR Row 95 data follows:
D23APP1,PDBD_SAMOTHRAS,DBA,CREATE ANY LIBRARY,,
#ERROR Row 96 data follows:
D23APP1,PDBD_SAMOTHRAS,DBA,CREATE EXTERNAL JOB,,
#ERROR Row 97 data follows:
D23APP1,PDBD_SAMOTHRAS,DBA,CREATE LIBRARY,,
#ERROR Row 98 data follows:
D23APP1,PDBD_SAMOTHRAS,DBA,GRANT ANY OBJECT PRIVILEGE,,
#ERROR Row 99 data follows:
D23APP1,PDBD_SAMOTHRAS,DBA,GRANT ANY PRIVILEGE,,
#ERROR Row 100 data follows:
D23APP1,PDBD_SAMOTHRAS,DBA,GRANT ANY ROLE,,
#INFO Number of rows processed: 100
#INFO Number of rows in error: 100
#INFO No rows committed
ERROR: The Errors Allowed or the Error Limit parameter was exceeded

Load data into table DBINVENTORY.ORACLE_SECURITY_HIGH_TAB_PRIVS

csv
column_names off
delimiter ,
enclosures ""
encoding UTF8
row_limit off
row_terminator default
skip_rows 0
skip_after_names

#ERROR Unable to scan data.
#ERROR -1
#ERROR Insert failed in batch rows  1  through  45 
#ERROR ORA-01400: cannot insert NULL into ("DBINVENTORY"."ORACLE_SECURITY_HIGH_TAB_PRIVS"."DATE_VALUE")
#ERROR Row 1 data follows:
D19INFR,PDBP_DBINVENTORY,C##MONITORING,INHERIT PRIVILEGES TO PUBLIC,,
#ERROR Row 2 data follows:
D19INFR,PDBP_DBINVENTORY,DBINVENTORY,INHERIT PRIVILEGES TO PUBLIC,,
#ERROR Row 3 data follows:
D19INFR,PDBP_DBINVENTORY,ORDS_METADATA,INHERIT PRIVILEGES TO PUBLIC,,
#ERROR Row 4 data follows:
D19INFR,PDBP_DBINVENTORY,PUBLIC,HTTPURITYPE,,
#ERROR Row 5 data follows:
D19INFR,PDBP_DBINVENTORY,PUBLIC,INHERIT PRIVILEGES TO PUBLIC,,
#ERROR Row 6 data follows:
D19INFR,PDBP_DBINVENTORY,PUBLIC,UTL_FILE,,
#ERROR Row 7 data follows:
D19INFR,PDBP_DBINVENTORY,PUBLIC,UTL_HTTP,,
#ERROR Row 8 data follows:
D19INFR,PDBP_DBINVENTORY,PUBLIC,UTL_INADDR,,
#ERROR Row 9 data follows:
D19INFR,PDBP_DBINVENTORY,PUBLIC,UTL_SMTP,,
#ERROR Row 10 data follows:
D19INFR,PDBP_DBINVENTORY,XS$NULL,INHERIT PRIVILEGES TO PUBLIC,,
#ERROR Row 11 data follows:
D23APP1,PDBD_DBINVENTORY,APEX_LISTENER,INHERIT PRIVILEGES TO PUBLIC,,
#ERROR Row 12 data follows:
D23APP1,PDBD_DBINVENTORY,APEX_PUBLIC_ROUTER,INHERIT PRIVILEGES TO PUBLIC,,
#ERROR Row 13 data follows:
D23APP1,PDBD_DBINVENTORY,APEX_REST_PUBLIC_USER,INHERIT PRIVILEGES TO PUBLIC,,
#ERROR Row 14 data follows:
D23APP1,PDBD_DBINVENTORY,C##DBA_STATS,INHERIT PRIVILEGES TO PUBLIC,,
#ERROR Row 15 data follows:
D23APP1,PDBD_DBINVENTORY,C##MONITORING,INHERIT PRIVILEGES TO PUBLIC,,
#ERROR Row 16 data follows:
D23APP1,PDBD_DBINVENTORY,DBINVENTORY,INHERIT PRIVILEGES TO PUBLIC,,
#ERROR Row 17 data follows:
D23APP1,PDBD_DBINVENTORY,ORDS_METADATA,INHERIT PRIVILEGES TO PUBLIC,,
#ERROR Row 18 data follows:
D23APP1,PDBD_DBINVENTORY,PUBLIC,HTTPURITYPE,,
#ERROR Row 19 data follows:
D23APP1,PDBD_DBINVENTORY,PUBLIC,INHERIT PRIVILEGES TO PUBLIC,,
#ERROR Row 20 data follows:
D23APP1,PDBD_DBINVENTORY,PUBLIC,UTL_FILE,,
#ERROR Row 21 data follows:
D23APP1,PDBD_DBINVENTORY,PUBLIC,UTL_HTTP,,
#ERROR Row 22 data follows:
D23APP1,PDBD_DBINVENTORY,PUBLIC,UTL_INADDR,,
#ERROR Row 23 data follows:
D23APP1,PDBD_DBINVENTORY,PUBLIC,UTL_SMTP,,
#ERROR Row 24 data follows:
D23APP1,PDBD_DBINVENTORY,XS$NULL,INHERIT PRIVILEGES TO PUBLIC,,
#ERROR Row 25 data follows:
D23APP1,PDBD_SAMOTHRAS,APEX_PUBLIC_ROUTER,INHERIT PRIVILEGES TO PUBLIC,,
#ERROR Row 26 data follows:
D23APP1,PDBD_SAMOTHRAS,C##DBA_STATS,INHERIT PRIVILEGES TO PUBLIC,,
#ERROR Row 27 data follows:
D23APP1,PDBD_SAMOTHRAS,C##MONITORING,INHERIT PRIVILEGES TO PUBLIC,,
#ERROR Row 28 data follows:
D23APP1,PDBD_SAMOTHRAS,ORDS_METADATA,INHERIT PRIVILEGES TO PUBLIC,,
#ERROR Row 29 data follows:
D23APP1,PDBD_SAMOTHRAS,PUBLIC,HTTPURITYPE,,
#ERROR Row 30 data follows:
D23APP1,PDBD_SAMOTHRAS,PUBLIC,INHERIT PRIVILEGES TO PUBLIC,,
#ERROR Row 31 data follows:
D23APP1,PDBD_SAMOTHRAS,PUBLIC,UTL_FILE,,
#ERROR Row 32 data follows:
D23APP1,PDBD_SAMOTHRAS,PUBLIC,UTL_HTTP,,
#ERROR Row 33 data follows:
D23APP1,PDBD_SAMOTHRAS,PUBLIC,UTL_INADDR,,
#ERROR Row 34 data follows:
D23APP1,PDBD_SAMOTHRAS,PUBLIC,UTL_SMTP,,
#ERROR Row 35 data follows:
D23APP1,PDBD_SAMOTHRAS,RAS_ORIGIN,INHERIT PRIVILEGES TO PUBLIC,,
#ERROR Row 36 data follows:
D23APP1,PDBD_SAMOTHRAS,SAMOTHRAS,INHERIT PRIVILEGES TO PUBLIC,,
#ERROR Row 37 data follows:
D23APP1,PDBD_SAMOTHRAS,XS$NULL,INHERIT PRIVILEGES TO PUBLIC,,
#ERROR Row 38 data follows:
P19INFR,PDBP_RMANCAT,C##MONITORING,INHERIT PRIVILEGES TO PUBLIC,,
#ERROR Row 39 data follows:
P19INFR,PDBP_RMANCAT,PUBLIC,HTTPURITYPE,,
#ERROR Row 40 data follows:
P19INFR,PDBP_RMANCAT,PUBLIC,INHERIT PRIVILEGES TO PUBLIC,,
#ERROR Row 41 data follows:
P19INFR,PDBP_RMANCAT,PUBLIC,UTL_FILE,,
#ERROR Row 42 data follows:
P19INFR,PDBP_RMANCAT,PUBLIC,UTL_HTTP,,
#ERROR Row 43 data follows:
P19INFR,PDBP_RMANCAT,PUBLIC,UTL_INADDR,,
#ERROR Row 44 data follows:
P19INFR,PDBP_RMANCAT,PUBLIC,UTL_SMTP,,
#ERROR Row 45 data follows:
P19INFR,PDBP_RMANCAT,XS$NULL,INHERIT PRIVILEGES TO PUBLIC,,
#INFO Number of rows processed: 45
#INFO Number of rows in error: 45
#INFO Last row processed in final committed batch: 45
WARNING: Processed with errors

Load data into table DBINVENTORY.ORACLE_SECURITY_PROFILE

csv
column_names off
delimiter ,
enclosures ""
encoding UTF8
row_limit off
row_terminator default
skip_rows 0
skip_after_names

#ERROR Unable to scan data.
#ERROR -1
#ERROR Insert failed in batch rows  1  through  50 
#ERROR ORA-01400: cannot insert NULL into ("DBINVENTORY"."ORACLE_SECURITY_PROFILE"."DATE_VALUE")
#ERROR Row 1 data follows:
D19INFR,PDBP_DBINVENTORY,C##ADMIN_PROFILE,COMPOSITE_LIMIT,DEFAULT,,
#ERROR Row 2 data follows:
D19INFR,PDBP_DBINVENTORY,C##ADMIN_PROFILE,CONNECT_TIME,DEFAULT,,
#ERROR Row 3 data follows:
D19INFR,PDBP_DBINVENTORY,C##ADMIN_PROFILE,CPU_PER_CALL,DEFAULT,,
#ERROR Row 4 data follows:
D19INFR,PDBP_DBINVENTORY,C##ADMIN_PROFILE,CPU_PER_SESSION,DEFAULT,,
#ERROR Row 5 data follows:
D19INFR,PDBP_DBINVENTORY,C##ADMIN_PROFILE,FAILED_LOGIN_ATTEMPTS,4,,
#ERROR Row 6 data follows:
D19INFR,PDBP_DBINVENTORY,C##ADMIN_PROFILE,IDLE_TIME,DEFAULT,,
#ERROR Row 7 data follows:
D19INFR,PDBP_DBINVENTORY,C##ADMIN_PROFILE,INACTIVE_ACCOUNT_TIME,120,,
#ERROR Row 8 data follows:
D19INFR,PDBP_DBINVENTORY,C##ADMIN_PROFILE,LOGICAL_READS_PER_CALL,DEFAULT,,
#ERROR Row 9 data follows:
D19INFR,PDBP_DBINVENTORY,C##ADMIN_PROFILE,LOGICAL_READS_PER_SESSION,DEFAULT,,
#ERROR Row 10 data follows:
D19INFR,PDBP_DBINVENTORY,C##ADMIN_PROFILE,PASSWORD_GRACE_TIME,5,,
#ERROR Row 11 data follows:
D19INFR,PDBP_DBINVENTORY,C##ADMIN_PROFILE,PASSWORD_LIFE_TIME,90,,
#ERROR Row 12 data follows:
D19INFR,PDBP_DBINVENTORY,C##ADMIN_PROFILE,PASSWORD_LOCK_TIME,UNLIMITED,,
#ERROR Row 13 data follows:
D19INFR,PDBP_DBINVENTORY,C##ADMIN_PROFILE,PASSWORD_REUSE_MAX,24,,
#ERROR Row 14 data follows:
D19INFR,PDBP_DBINVENTORY,C##ADMIN_PROFILE,PASSWORD_REUSE_TIME,720,,
#ERROR Row 15 data follows:
D19INFR,PDBP_DBINVENTORY,C##ADMIN_PROFILE,PASSWORD_ROLLOVER_TIME,DEFAULT,,
#ERROR Row 16 data follows:
D19INFR,PDBP_DBINVENTORY,C##ADMIN_PROFILE,PRIVATE_SGA,DEFAULT,,
#ERROR Row 17 data follows:
D19INFR,PDBP_DBINVENTORY,C##ADMIN_PROFILE,SESSIONS_PER_USER,DEFAULT,,
#ERROR Row 18 data follows:
D19INFR,PDBP_DBINVENTORY,C##ENDUSER_PROFILE,COMPOSITE_LIMIT,DEFAULT,,
#ERROR Row 19 data follows:
D19INFR,PDBP_DBINVENTORY,C##ENDUSER_PROFILE,CONNECT_TIME,DEFAULT,,
#ERROR Row 20 data follows:
D19INFR,PDBP_DBINVENTORY,C##ENDUSER_PROFILE,CPU_PER_CALL,DEFAULT,,
#ERROR Row 21 data follows:
D19INFR,PDBP_DBINVENTORY,C##ENDUSER_PROFILE,CPU_PER_SESSION,DEFAULT,,
#ERROR Row 22 data follows:
D19INFR,PDBP_DBINVENTORY,C##ENDUSER_PROFILE,FAILED_LOGIN_ATTEMPTS,4,,
#ERROR Row 23 data follows:
D19INFR,PDBP_DBINVENTORY,C##ENDUSER_PROFILE,IDLE_TIME,DEFAULT,,
#ERROR Row 24 data follows:
D19INFR,PDBP_DBINVENTORY,C##ENDUSER_PROFILE,INACTIVE_ACCOUNT_TIME,120,,
#ERROR Row 25 data follows:
D19INFR,PDBP_DBINVENTORY,C##ENDUSER_PROFILE,LOGICAL_READS_PER_CALL,DEFAULT,,
#ERROR Row 26 data follows:
D19INFR,PDBP_DBINVENTORY,C##ENDUSER_PROFILE,LOGICAL_READS_PER_SESSION,DEFAULT,,
#ERROR Row 27 data follows:
D19INFR,PDBP_DBINVENTORY,C##ENDUSER_PROFILE,PASSWORD_GRACE_TIME,5,,
#ERROR Row 28 data follows:
D19INFR,PDBP_DBINVENTORY,C##ENDUSER_PROFILE,PASSWORD_LIFE_TIME,90,,
#ERROR Row 29 data follows:
D19INFR,PDBP_DBINVENTORY,C##ENDUSER_PROFILE,PASSWORD_LOCK_TIME,UNLIMITED,,
#ERROR Row 30 data follows:
D19INFR,PDBP_DBINVENTORY,C##ENDUSER_PROFILE,PASSWORD_REUSE_MAX,24,,
#ERROR Row 31 data follows:
D19INFR,PDBP_DBINVENTORY,C##ENDUSER_PROFILE,PASSWORD_REUSE_TIME,720,,
#ERROR Row 32 data follows:
D19INFR,PDBP_DBINVENTORY,C##ENDUSER_PROFILE,PASSWORD_ROLLOVER_TIME,DEFAULT,,
#ERROR Row 33 data follows:
D19INFR,PDBP_DBINVENTORY,C##ENDUSER_PROFILE,PRIVATE_SGA,DEFAULT,,
#ERROR Row 34 data follows:
D19INFR,PDBP_DBINVENTORY,C##ENDUSER_PROFILE,SESSIONS_PER_USER,DEFAULT,,
#ERROR Row 35 data follows:
D19INFR,PDBP_DBINVENTORY,C##HIGH_PRIV_PROFILE,COMPOSITE_LIMIT,DEFAULT,,
#ERROR Row 36 data follows:
D19INFR,PDBP_DBINVENTORY,C##HIGH_PRIV_PROFILE,CONNECT_TIME,DEFAULT,,
#ERROR Row 37 data follows:
D19INFR,PDBP_DBINVENTORY,C##HIGH_PRIV_PROFILE,CPU_PER_CALL,DEFAULT,,
#ERROR Row 38 data follows:
D19INFR,PDBP_DBINVENTORY,C##HIGH_PRIV_PROFILE,CPU_PER_SESSION,DEFAULT,,
#ERROR Row 39 data follows:
D19INFR,PDBP_DBINVENTORY,C##HIGH_PRIV_PROFILE,FAILED_LOGIN_ATTEMPTS,4,,
#ERROR Row 40 data follows:
D19INFR,PDBP_DBINVENTORY,C##HIGH_PRIV_PROFILE,IDLE_TIME,DEFAULT,,
#ERROR Row 41 data follows:
D19INFR,PDBP_DBINVENTORY,C##HIGH_PRIV_PROFILE,INACTIVE_ACCOUNT_TIME,120,,
#ERROR Row 42 data follows:
D19INFR,PDBP_DBINVENTORY,C##HIGH_PRIV_PROFILE,LOGICAL_READS_PER_CALL,DEFAULT,,
#ERROR Row 43 data follows:
D19INFR,PDBP_DBINVENTORY,C##HIGH_PRIV_PROFILE,LOGICAL_READS_PER_SESSION,DEFAULT,,
#ERROR Row 44 data follows:
D19INFR,PDBP_DBINVENTORY,C##HIGH_PRIV_PROFILE,PASSWORD_GRACE_TIME,5,,
#ERROR Row 45 data follows:
D19INFR,PDBP_DBINVENTORY,C##HIGH_PRIV_PROFILE,PASSWORD_LIFE_TIME,UNLIMITED,,
#ERROR Row 46 data follows:
D19INFR,PDBP_DBINVENTORY,C##HIGH_PRIV_PROFILE,PASSWORD_LOCK_TIME,UNLIMITED,,
#ERROR Row 47 data follows:
D19INFR,PDBP_DBINVENTORY,C##HIGH_PRIV_PROFILE,PASSWORD_REUSE_MAX,DEFAULT,,
#ERROR Row 48 data follows:
D19INFR,PDBP_DBINVENTORY,C##HIGH_PRIV_PROFILE,PASSWORD_REUSE_TIME,720,,
#ERROR Row 49 data follows:
D19INFR,PDBP_DBINVENTORY,C##HIGH_PRIV_PROFILE,PASSWORD_ROLLOVER_TIME,DEFAULT,,
#ERROR Row 50 data follows:
D19INFR,PDBP_DBINVENTORY,C##HIGH_PRIV_PROFILE,PRIVATE_SGA,DEFAULT,,
#ERROR Insert failed in batch rows  51  through  100 
#ERROR ORA-01400: cannot insert NULL into ("DBINVENTORY"."ORACLE_SECURITY_PROFILE"."DATE_VALUE")
#ERROR Row 51 data follows:
D19INFR,PDBP_DBINVENTORY,C##HIGH_PRIV_PROFILE,SESSIONS_PER_USER,DEFAULT,,
#ERROR Row 52 data follows:
D19INFR,PDBP_DBINVENTORY,C##RMAN_PROFILE,COMPOSITE_LIMIT,DEFAULT,,
#ERROR Row 53 data follows:
D19INFR,PDBP_DBINVENTORY,C##RMAN_PROFILE,CONNECT_TIME,DEFAULT,,
#ERROR Row 54 data follows:
D19INFR,PDBP_DBINVENTORY,C##RMAN_PROFILE,CPU_PER_CALL,DEFAULT,,
#ERROR Row 55 data follows:
D19INFR,PDBP_DBINVENTORY,C##RMAN_PROFILE,CPU_PER_SESSION,DEFAULT,,
#ERROR Row 56 data follows:
D19INFR,PDBP_DBINVENTORY,C##RMAN_PROFILE,FAILED_LOGIN_ATTEMPTS,DEFAULT,,
#ERROR Row 57 data follows:
D19INFR,PDBP_DBINVENTORY,C##RMAN_PROFILE,IDLE_TIME,DEFAULT,,
#ERROR Row 58 data follows:
D19INFR,PDBP_DBINVENTORY,C##RMAN_PROFILE,INACTIVE_ACCOUNT_TIME,DEFAULT,,
#ERROR Row 59 data follows:
D19INFR,PDBP_DBINVENTORY,C##RMAN_PROFILE,LOGICAL_READS_PER_CALL,DEFAULT,,
#ERROR Row 60 data follows:
D19INFR,PDBP_DBINVENTORY,C##RMAN_PROFILE,LOGICAL_READS_PER_SESSION,DEFAULT,,
#ERROR Row 61 data follows:
D19INFR,PDBP_DBINVENTORY,C##RMAN_PROFILE,PASSWORD_GRACE_TIME,DEFAULT,,
#ERROR Row 62 data follows:
D19INFR,PDBP_DBINVENTORY,C##RMAN_PROFILE,PASSWORD_LIFE_TIME,UNLIMITED,,
#ERROR Row 63 data follows:
D19INFR,PDBP_DBINVENTORY,C##RMAN_PROFILE,PASSWORD_LOCK_TIME,DEFAULT,,
#ERROR Row 64 data follows:
D19INFR,PDBP_DBINVENTORY,C##RMAN_PROFILE,PASSWORD_REUSE_MAX,UNLIMITED,,
#ERROR Row 65 data follows:
D19INFR,PDBP_DBINVENTORY,C##RMAN_PROFILE,PASSWORD_REUSE_TIME,UNLIMITED,,
#ERROR Row 66 data follows:
D19INFR,PDBP_DBINVENTORY,C##RMAN_PROFILE,PASSWORD_ROLLOVER_TIME,DEFAULT,,
#ERROR Row 67 data follows:
D19INFR,PDBP_DBINVENTORY,C##RMAN_PROFILE,PRIVATE_SGA,DEFAULT,,
#ERROR Row 68 data follows:
D19INFR,PDBP_DBINVENTORY,C##RMAN_PROFILE,SESSIONS_PER_USER,DEFAULT,,
#ERROR Row 69 data follows:
D19INFR,PDBP_DBINVENTORY,C##SERVICE_PROFILE,COMPOSITE_LIMIT,DEFAULT,,
#ERROR Row 70 data follows:
D19INFR,PDBP_DBINVENTORY,C##SERVICE_PROFILE,CONNECT_TIME,DEFAULT,,
#ERROR Row 71 data follows:
D19INFR,PDBP_DBINVENTORY,C##SERVICE_PROFILE,CPU_PER_CALL,DEFAULT,,
#ERROR Row 72 data follows:
D19INFR,PDBP_DBINVENTORY,C##SERVICE_PROFILE,CPU_PER_SESSION,DEFAULT,,
#ERROR Row 73 data follows:
D19INFR,PDBP_DBINVENTORY,C##SERVICE_PROFILE,FAILED_LOGIN_ATTEMPTS,4,,
#ERROR Row 74 data follows:
D19INFR,PDBP_DBINVENTORY,C##SERVICE_PROFILE,IDLE_TIME,DEFAULT,,
#ERROR Row 75 data follows:
D19INFR,PDBP_DBINVENTORY,C##SERVICE_PROFILE,INACTIVE_ACCOUNT_TIME,DEFAULT,,
#ERROR Row 76 data follows:
D19INFR,PDBP_DBINVENTORY,C##SERVICE_PROFILE,LOGICAL_READS_PER_CALL,DEFAULT,,
#ERROR Row 77 data follows:
D19INFR,PDBP_DBINVENTORY,C##SERVICE_PROFILE,LOGICAL_READS_PER_SESSION,DEFAULT,,
#ERROR Row 78 data follows:
D19INFR,PDBP_DBINVENTORY,C##SERVICE_PROFILE,PASSWORD_GRACE_TIME,5,,
#ERROR Row 79 data follows:
D19INFR,PDBP_DBINVENTORY,C##SERVICE_PROFILE,PASSWORD_LIFE_TIME,UNLIMITED,,
#ERROR Row 80 data follows:
D19INFR,PDBP_DBINVENTORY,C##SERVICE_PROFILE,PASSWORD_LOCK_TIME,UNLIMITED,,
#ERROR Row 81 data follows:
D19INFR,PDBP_DBINVENTORY,C##SERVICE_PROFILE,PASSWORD_REUSE_MAX,24,,
#ERROR Row 82 data follows:
D19INFR,PDBP_DBINVENTORY,C##SERVICE_PROFILE,PASSWORD_REUSE_TIME,720,,
#ERROR Row 83 data follows:
D19INFR,PDBP_DBINVENTORY,C##SERVICE_PROFILE,PASSWORD_ROLLOVER_TIME,DEFAULT,,
#ERROR Row 84 data follows:
D19INFR,PDBP_DBINVENTORY,C##SERVICE_PROFILE,PRIVATE_SGA,DEFAULT,,
#ERROR Row 85 data follows:
D19INFR,PDBP_DBINVENTORY,C##SERVICE_PROFILE,SESSIONS_PER_USER,DEFAULT,,
#ERROR Row 86 data follows:
D19INFR,PDBP_DBINVENTORY,C##SYSTEM_PROFILE,COMPOSITE_LIMIT,DEFAULT,,
#ERROR Row 87 data follows:
D19INFR,PDBP_DBINVENTORY,C##SYSTEM_PROFILE,CONNECT_TIME,DEFAULT,,
#ERROR Row 88 data follows:
D19INFR,PDBP_DBINVENTORY,C##SYSTEM_PROFILE,CPU_PER_CALL,DEFAULT,,
#ERROR Row 89 data follows:
D19INFR,PDBP_DBINVENTORY,C##SYSTEM_PROFILE,CPU_PER_SESSION,DEFAULT,,
#ERROR Row 90 data follows:
D19INFR,PDBP_DBINVENTORY,C##SYSTEM_PROFILE,FAILED_LOGIN_ATTEMPTS,4,,
#ERROR Row 91 data follows:
D19INFR,PDBP_DBINVENTORY,C##SYSTEM_PROFILE,IDLE_TIME,DEFAULT,,
#ERROR Row 92 data follows:
D19INFR,PDBP_DBINVENTORY,C##SYSTEM_PROFILE,INACTIVE_ACCOUNT_TIME,DEFAULT,,
#ERROR Row 93 data follows:
D19INFR,PDBP_DBINVENTORY,C##SYSTEM_PROFILE,LOGICAL_READS_PER_CALL,DEFAULT,,
#ERROR Row 94 data follows:
D19INFR,PDBP_DBINVENTORY,C##SYSTEM_PROFILE,LOGICAL_READS_PER_SESSION,DEFAULT,,
#ERROR Row 95 data follows:
D19INFR,PDBP_DBINVENTORY,C##SYSTEM_PROFILE,PASSWORD_GRACE_TIME,5,,
#ERROR Row 96 data follows:
D19INFR,PDBP_DBINVENTORY,C##SYSTEM_PROFILE,PASSWORD_LIFE_TIME,UNLIMITED,,
#ERROR Row 97 data follows:
D19INFR,PDBP_DBINVENTORY,C##SYSTEM_PROFILE,PASSWORD_LOCK_TIME,UNLIMITED,,
#ERROR Row 98 data follows:
D19INFR,PDBP_DBINVENTORY,C##SYSTEM_PROFILE,PASSWORD_REUSE_MAX,24,,
#ERROR Row 99 data follows:
D19INFR,PDBP_DBINVENTORY,C##SYSTEM_PROFILE,PASSWORD_REUSE_TIME,720,,
#ERROR Row 100 data follows:
D19INFR,PDBP_DBINVENTORY,C##SYSTEM_PROFILE,PASSWORD_ROLLOVER_TIME,DEFAULT,,
#INFO Number of rows processed: 100
#INFO Number of rows in error: 100
#INFO No rows committed
ERROR: The Errors Allowed or the Error Limit parameter was exceeded

Load data into table DBINVENTORY.ORACLE_SECURITY_DEFAULT_PROFILE

csv
column_names off
delimiter ,
enclosures ""
encoding UTF8
row_limit off
row_terminator default
skip_rows 0
skip_after_names
Unable to load object Unable to start load service;

#ERROR Table DBINVENTORY.ORACLE_SECURITY_DEFAULT_PROFIL does not exist or is not available from connection.
SEVERE: Load terminated

Load data into table DBINVENTORY.ORACLE_SECURITY_PARAMETER

csv
column_names off
delimiter ,
enclosures ""
encoding UTF8
row_limit off
row_terminator default
skip_rows 0
skip_after_names

#ERROR Unable to scan data.
#ERROR -1
#ERROR Insert failed in batch rows  1  through  40 
#ERROR ORA-01400: cannot insert NULL into ("DBINVENTORY"."ORACLE_SECURITY_PARAMETER"."DATE_VALUE")
#ERROR Row 1 data follows:
D19INFR,0,_sys_logon_delay,,
#ERROR Row 2 data follows:
D19INFR,3,sec_max_failed_login_attempts,,
#ERROR Row 3 data follows:
D19INFR,DB,audit_trail,,
#ERROR Row 4 data follows:
D19INFR,(DROP,3),sec_protocol_error_further_action,
#ERROR Row 5 data follows:
D19INFR,FALSE,os_roles,,
#ERROR Row 6 data follows:
D19INFR,FALSE,remote_os_authent,,
#ERROR Row 7 data follows:
D19INFR,FALSE,remote_os_roles,,
#ERROR Row 8 data follows:
D19INFR,FALSE,sec_return_server_release_banner,,
#ERROR Row 9 data follows:
D19INFR,FALSE,Unified Auditing,,
#ERROR Row 10 data follows:
D19INFR,,pdb_os_credential,,
#ERROR Row 11 data follows:
D19INFR,TRACE,sec_protocol_error_trace_action,,
#ERROR Row 12 data follows:
D19INFR,TRUE,audit_sys_operations,,
#ERROR Row 13 data follows:
D19INFR,TRUE,resource_limit,,
#ERROR Row 14 data follows:
D19INFR,TRUE,sec_case_sensitive_logon,,
#ERROR Row 15 data follows:
D23APP1,0,_sys_logon_delay,,
#ERROR Row 16 data follows:
D23APP1,3,sec_max_failed_login_attempts,,
#ERROR Row 17 data follows:
D23APP1,(DROP,3),sec_protocol_error_further_action,
#ERROR Row 18 data follows:
D23APP1,FALSE,audit_sys_operations,,
#ERROR Row 19 data follows:
D23APP1,FALSE,os_roles,,
#ERROR Row 20 data follows:
D23APP1,FALSE,remote_os_roles,,
#ERROR Row 21 data follows:
D23APP1,FALSE,sec_return_server_release_banner,,
#ERROR Row 22 data follows:
D23APP1,NONE,audit_trail,,
#ERROR Row 23 data follows:
D23APP1,,pdb_os_credential,,
#ERROR Row 24 data follows:
D23APP1,TRACE,sec_protocol_error_trace_action,,
#ERROR Row 25 data follows:
D23APP1,TRUE,resource_limit,,
#ERROR Row 26 data follows:
D23APP1,TRUE,Unified Auditing,,
#ERROR Row 27 data follows:
P19INFR,0,_sys_logon_delay,,
#ERROR Row 28 data follows:
P19INFR,3,sec_max_failed_login_attempts,,
#ERROR Row 29 data follows:
P19INFR,DB,audit_trail,,
#ERROR Row 30 data follows:
P19INFR,(DROP,3),sec_protocol_error_further_action,
#ERROR Row 31 data follows:
P19INFR,FALSE,os_roles,,
#ERROR Row 32 data follows:
P19INFR,FALSE,remote_os_authent,,
#ERROR Row 33 data follows:
P19INFR,FALSE,remote_os_roles,,
#ERROR Row 34 data follows:
P19INFR,FALSE,sec_return_server_release_banner,,
#ERROR Row 35 data follows:
P19INFR,FALSE,Unified Auditing,,
#ERROR Row 36 data follows:
P19INFR,,pdb_os_credential,,
#ERROR Row 37 data follows:
P19INFR,TRACE,sec_protocol_error_trace_action,,
#ERROR Row 38 data follows:
P19INFR,TRUE,audit_sys_operations,,
#ERROR Row 39 data follows:
P19INFR,TRUE,resource_limit,,
#ERROR Row 40 data follows:
P19INFR,TRUE,sec_case_sensitive_logon,,
#INFO Number of rows processed: 40
#INFO Number of rows in error: 40
#INFO Last row processed in final committed batch: 40
WARNING: Processed with errors

Load data into table DBINVENTORY.ORACLE_SECURITY_AUDIT_ENABLE

csv
column_names off
delimiter ,
enclosures ""
encoding UTF8
row_limit off
row_terminator default
skip_rows 0
skip_after_names

#INFO Number of rows processed: 0
#INFO Number of rows in error: 0
#INFO No rows committed
SUCCESS: Processed without errors

Load data into table DBINVENTORY.ORACLE_SECURITY_TABLESPACE

csv
column_names off
delimiter ,
enclosures ""
encoding UTF8
row_limit off
row_terminator default
skip_rows 0
skip_after_names

#ERROR Unable to scan data.
#ERROR -1
#ERROR Insert failed in batch rows  1  through  24 
#ERROR ORA-01400: cannot insert NULL into ("DBINVENTORY"."ORACLE_SECURITY_TABLESPACE"."ENCRYPTED")
#ERROR Row 1 data follows:
D19INFR,PDBP_DBINVENTORY,APEX_1401062832180565,NO,,,
#ERROR Row 2 data follows:
D19INFR,PDBP_DBINVENTORY,SYSAUX,NO,,,
#ERROR Row 3 data follows:
D19INFR,PDBP_DBINVENTORY,SYSTEM,NO,,,
#ERROR Row 4 data follows:
D19INFR,PDBP_DBINVENTORY,TEMP,NO,,,
#ERROR Row 5 data follows:
D19INFR,PDBP_DBINVENTORY,UNDO,NO,,,
#ERROR Row 6 data follows:
D19INFR,PDBP_DBINVENTORY,USERS,NO,,,
#ERROR Row 7 data follows:
D23APP1,PDBD_DBINVENTORY,APEX_2370379205024331,NO,,,
#ERROR Row 8 data follows:
D23APP1,PDBD_DBINVENTORY,SYSAUX,NO,,,
#ERROR Row 9 data follows:
D23APP1,PDBD_DBINVENTORY,SYSTEM,NO,,,
#ERROR Row 10 data follows:
D23APP1,PDBD_DBINVENTORY,TEMP,NO,,,
#ERROR Row 11 data follows:
D23APP1,PDBD_DBINVENTORY,UNDO,NO,,,
#ERROR Row 12 data follows:
D23APP1,PDBD_DBINVENTORY,USERS,NO,,,
#ERROR Row 13 data follows:
D23APP1,PDBD_SAMOTHRAS,RAS_ORIGIN_TBS,NO,,,
#ERROR Row 14 data follows:
D23APP1,PDBD_SAMOTHRAS,SAMOTHRAS_TBS,NO,,,
#ERROR Row 15 data follows:
D23APP1,PDBD_SAMOTHRAS,SYSAUX,NO,,,
#ERROR Row 16 data follows:
D23APP1,PDBD_SAMOTHRAS,SYSTEM,NO,,,
#ERROR Row 17 data follows:
D23APP1,PDBD_SAMOTHRAS,TEMP,NO,,,
#ERROR Row 18 data follows:
D23APP1,PDBD_SAMOTHRAS,UNDO,NO,,,
#ERROR Row 19 data follows:
D23APP1,PDBD_SAMOTHRAS,USERS,NO,,,
#ERROR Row 20 data follows:
P19INFR,PDBP_RMANCAT,SYSAUX,NO,,,
#ERROR Row 21 data follows:
P19INFR,PDBP_RMANCAT,SYSTEM,NO,,,
#ERROR Row 22 data follows:
P19INFR,PDBP_RMANCAT,TEMP,NO,,,
#ERROR Row 23 data follows:
P19INFR,PDBP_RMANCAT,UNDO,NO,,,
#ERROR Row 24 data follows:
P19INFR,PDBP_RMANCAT,USERS,NO,,,
#INFO Number of rows processed: 24
#INFO Number of rows in error: 24
#INFO Last row processed in final committed batch: 24
WARNING: Processed with errors

Load data into table DBINVENTORY.ORACLE_SECURITY_USERMIG_TABLE_EXIST

csv
column_names off
delimiter ,
enclosures ""
encoding UTF8
row_limit off
row_terminator default
skip_rows 0
skip_after_names
Unable to load object Unable to start load service;

#ERROR Table DBINVENTORY.ORACLE_SECURITY_USERMIG_TABLE_ does not exist or is not available from connection.
SEVERE: Load terminated

Load data into table DBINVENTORY.ORACLE_SECURITY_NETWORK_ENCRYPTION

csv
column_names off
delimiter ,
enclosures ""
encoding UTF8
row_limit off
row_terminator default
skip_rows 0
skip_after_names
Unable to load object Unable to start load service;

#ERROR Table DBINVENTORY.ORACLE_SECURITY_NETWORK_ENCRYP does not exist or is not available from connection.
SEVERE: Load terminated

Load data into table DBINVENTORY.ORACLE_SIZE_USAGE

csv
column_names off
delimiter ,
enclosures ""
encoding UTF8
row_limit off
row_terminator default
skip_rows 0
skip_after_names

#ERROR Unable to scan data.
#ERROR -1
#ERROR Insert failed in batch rows  1  through  20 
#ERROR ORA-12899: value too large for column "DBINVENTORY"."ORACLE_SIZE_USAGE"."ENVIRONMENT" (actual: 21, maximum: 20)
#ERROR Row 1 data follows:
D19INFR,PDBP_DBINVENTORY,APEX_1401062832180565,10,,,
#ERROR Row 2 data follows:
D19INFR,PDBP_DBINVENTORY,SYSAUX,865,,,
#ERROR Row 3 data follows:
D19INFR,PDBP_DBINVENTORY,SYSTEM,640,,,
#ERROR Row 4 data follows:
D19INFR,PDBP_DBINVENTORY,UNDO,360,,,
#ERROR Row 5 data follows:
D19INFR,PDBP_DBINVENTORY,USERS,100,,,
#ERROR Row 6 data follows:
D23APP1,PDBD_DBINVENTORY,APEX_2370379205024331,10,,,
#ERROR Row 7 data follows:
D23APP1,PDBD_DBINVENTORY,SYSAUX,1185,,,
#ERROR Row 8 data follows:
D23APP1,PDBD_DBINVENTORY,SYSTEM,560,,,
#ERROR Row 9 data follows:
D23APP1,PDBD_DBINVENTORY,UNDO,305,,,
#ERROR Row 10 data follows:
D23APP1,PDBD_DBINVENTORY,USERS,100,,,
#ERROR Row 11 data follows:
D23APP1,PDBD_SAMOTHRAS,RAS_ORIGIN_TBS,100,,,
#ERROR Row 12 data follows:
D23APP1,PDBD_SAMOTHRAS,SAMOTHRAS_TBS,100,,,
#ERROR Row 13 data follows:
D23APP1,PDBD_SAMOTHRAS,SYSAUX,785,,,
#ERROR Row 14 data follows:
D23APP1,PDBD_SAMOTHRAS,SYSTEM,540,,,
#ERROR Row 15 data follows:
D23APP1,PDBD_SAMOTHRAS,UNDO,305,,,
#ERROR Row 16 data follows:
D23APP1,PDBD_SAMOTHRAS,USERS,100,,,
#ERROR Row 17 data follows:
P19INFR,PDBP_RMANCAT,SYSAUX,585,,,
#ERROR Row 18 data follows:
P19INFR,PDBP_RMANCAT,SYSTEM,520,,,
#ERROR Row 19 data follows:
P19INFR,PDBP_RMANCAT,UNDO,360,,,
#ERROR Row 20 data follows:
P19INFR,PDBP_RMANCAT,USERS,100,,,
#INFO Number of rows processed: 20
#INFO Number of rows in error: 20
#INFO Last row processed in final committed batch: 20
WARNING: Processed with errors

Load data into table DBINVENTORY.ORACLE_SIZE_USAGE_SEG

csv
column_names off
delimiter ,
enclosures ""
encoding UTF8
row_limit off
row_terminator default
skip_rows 0
skip_after_names

#ERROR Unable to scan data.
#ERROR -1
#ERROR Insert failed in batch rows  1  through  15 
#ERROR ORA-01400: cannot insert NULL into ("DBINVENTORY"."ORACLE_SIZE_USAGE_SEG"."DATE_VALUE")
#ERROR Row 1 data follows:
D19INFR,PDBP_DBINVENTORY,APEX_1401062832180565,0,
#ERROR Row 2 data follows:
D19INFR,PDBP_DBINVENTORY,SYSAUX,817,
#ERROR Row 3 data follows:
D19INFR,PDBP_DBINVENTORY,SYSTEM,632,
#ERROR Row 4 data follows:
D19INFR,PDBP_DBINVENTORY,UNDO,0,
#ERROR Row 5 data follows:
D23APP1,PDBD_DBINVENTORY,SYSAUX,1123,
#ERROR Row 6 data follows:
D23APP1,PDBD_DBINVENTORY,SYSTEM,550,
#ERROR Row 7 data follows:
D23APP1,PDBD_DBINVENTORY,UNDO,0,
#ERROR Row 8 data follows:
D23APP1,PDBD_SAMOTHRAS,RAS_ORIGIN_TBS,9,
#ERROR Row 9 data follows:
D23APP1,PDBD_SAMOTHRAS,SAMOTHRAS_TBS,8,
#ERROR Row 10 data follows:
D23APP1,PDBD_SAMOTHRAS,SYSAUX,740,
#ERROR Row 11 data follows:
D23APP1,PDBD_SAMOTHRAS,SYSTEM,534,
#ERROR Row 12 data follows:
D23APP1,PDBD_SAMOTHRAS,UNDO,0,
#ERROR Row 13 data follows:
P19INFR,PDBP_RMANCAT,SYSAUX,554,
#ERROR Row 14 data follows:
P19INFR,PDBP_RMANCAT,SYSTEM,512,
#ERROR Row 15 data follows:
P19INFR,PDBP_RMANCAT,UNDO,0,
#INFO Number of rows processed: 15
#INFO Number of rows in error: 15
#INFO Last row processed in final committed batch: 15
WARNING: Processed with errors

Load data into table DBINVENTORY.ORACLE_METRICS_CPU_MEMORY

csv
column_names off
delimiter ,
enclosures ""
encoding UTF8
row_limit off
row_terminator default
skip_rows 0
skip_after_names

#ERROR Unable to scan data.
#ERROR -1
#ERROR Insert failed in batch rows  1  through  4 
#ERROR ORA-01400: cannot insert NULL into ("DBINVENTORY"."ORACLE_METRICS_CPU_MEMORY"."AVG_SHARED_POOL_MB")
#ERROR Row 1 data follows:
PDBD_DBINVENTORY,7,946,22,727,219,,
#ERROR Row 2 data follows:
PDBD_SAMOTHRAS,15,710,32,533,177,,
#ERROR Row 3 data follows:
PDBP_DBINVENTORY,1,810,22,620,190,,
#ERROR Row 4 data follows:
PDBP_RMANCAT,0,363,1,243,120,,
#INFO Number of rows processed: 4
#INFO Number of rows in error: 4
#INFO Last row processed in final committed batch: 4
WARNING: Processed with errors

Load data into table DBINVENTORY.ORACLE_METRICS_CPU_SERVICE

csv
column_names off
delimiter ,
enclosures ""
encoding UTF8
row_limit off
row_terminator default
skip_rows 0
skip_after_names

#ERROR Unable to scan data.
#ERROR -1
#ERROR Insert failed in batch rows  1  through  7 
#ERROR ORA-01400: cannot insert NULL into ("DBINVENTORY"."ORACLE_METRICS_CPU_SERVICE"."DATE_VALUE")
#ERROR Row 1 data follows:
PDBD_DBINVENTORY,DBINVENTORY_DEV_ALL,92520,
#ERROR Row 2 data follows:
PDBD_DBINVENTORY,pdbd_dbinventory,141350,
#ERROR Row 3 data follows:
PDBD_SAMOTHRAS,pdbd_samothras,167645,
#ERROR Row 4 data follows:
PDBD_SAMOTHRAS,SAMOTHRAS_ALL,28708,
#ERROR Row 5 data follows:
PDBP_DBINVENTORY,DBINVENTORY_PRD_ALL,163618,
#ERROR Row 6 data follows:
PDBP_DBINVENTORY,pdbp_dbinventory,169090,
#ERROR Row 7 data follows:
PDBP_RMANCAT,pdbp_rmancat,450,
#INFO Number of rows processed: 7
#INFO Number of rows in error: 7
#INFO Last row processed in final committed batch: 7
WARNING: Processed with errors
[23:12:27] Fichiers archivés dans lists/260620231227/
[23:12:27] Chargement terminé.
