APEXCENTRAL/SQLEXPRESS,sa,1,1,1,sysadmin membership,0,0,2003-04-08 09:10:35.460
APEXCENTRAL/SQLEXPRESS,##MS_PolicyTsqlExecutionLogin##,257,0,1,sysadmin membership,0,1,2017-08-22 19:39:30.460
APEXCENTRAL/SQLEXPRESS,##MS_PolicyEventProcessingLogin##,275,0,1,sysadmin membership,0,1,2023-11-08 08:55:25.160
APEXCENTRAL/SQLEXPRESS,monitoring,277,1,1,sysadmin membership,0,0,2025-10-09 13:09:21.373
APEXONE/OFFICESCAN,sa,1,1,1,sysadmin membership,0,0,2003-04-08 09:10:35.460
APEXONE/OFFICESCAN,##MS_PolicyTsqlExecutionLogin##,257,0,1,sysadmin membership,0,1,2016-04-30 00:46:49.400
APEXONE/OFFICESCAN,##MS_PolicyEventProcessingLogin##,270,0,1,sysadmin membership,0,1,2022-08-18 11:14:41.630
APEXONE/OFFICESCAN,monitoring,272,1,1,sysadmin membership,0,0,2025-10-09 13:11:23.880
BRAINWAVEDB,sa,1,1,1,sysadmin membership,0,1,2003-04-08 09:10:35.460
BRAINWAVEDB,##MS_PolicyTsqlExecutionLogin##,257,0,1,sysadmin membership,0,1,2019-09-24 14:21:53.570
BRAINWAVEDB,igrc,269,0,1,sysadmin membership,0,0,2022-03-28 15:06:04.530
BRAINWAVEDB,activiti,270,0,1,sysadmin membership,0,0,2022-03-28 15:10:59.220
BRAINWAVEDB,##MS_PolicyEventProcessingLogin##,279,0,1,sysadmin membership,0,1,2023-10-26 10:10:28.000
BRAINWAVEDB,monitoring,281,1,1,sysadmin membership,0,0,2025-09-26 13:12:30.643
CATOSRV,sa,1,1,1,sysadmin membership,0,1,2003-04-08 09:10:35.460
CATOSRV,##MS_PolicyTsqlExecutionLogin##,257,0,1,sysadmin membership,0,1,2019-09-24 14:21:53.570
CATOSRV,CatoClient,272,0,0,sysadmin membership,0,0,2021-04-27 14:09:21.770
CATOSRV,##MS_PolicyEventProcessingLogin##,282,0,1,sysadmin membership,0,1,2024-03-29 12:51:16.047
CATOSRV,monitoring,284,1,1,sysadmin membership,0,0,2025-09-26 13:13:53.887
CATOTEST,sa,1,1,1,sysadmin membership,0,0,2003-04-08 09:10:35.460
CATOTEST,##MS_PolicyTsqlExecutionLogin##,257,0,1,sysadmin membership,0,1,2014-02-20 20:49:46.837
CATOTEST,##MS_PolicyEventProcessingLogin##,287,0,1,sysadmin membership,0,1,2024-10-24 16:04:05.890
CATOTEST,monitoring,297,1,1,sysadmin membership,0,0,2025-09-26 13:14:21.530
CHIPTEXSAS01-PI,sa,1,1,1,sysadmin membership,0,1,2003-04-08 09:10:35.460
CHIPTEXSAS01-PI,##MS_PolicyTsqlExecutionLogin##,257,0,1,sysadmin membership,0,1,2022-10-08 06:32:02.543
CHIPTEXSAS01-PI,ChiptexSQL,267,1,1,sysadmin membership,0,0,2024-08-01 15:07:52.300
CHIPTEXSAS01-PI,LCTProg,268,0,0,sysadmin membership,0,0,2024-08-06 10:46:46.897
CHIPTEXSAS01-PI,monitoring,269,1,1,sysadmin membership,0,0,2025-09-26 13:14:44.297
CHIPTEXSAS01-PI,##MS_PolicyEventProcessingLogin##,272,0,1,sysadmin membership,0,1,2026-04-30 11:21:30.327
CNSSQL1,sa,1,1,0,sysadmin membership,0,1,2003-04-08 09:10:35.460
CNSSQL1,##MS_PolicyTsqlExecutionLogin##,257,0,1,sysadmin membership,0,1,2008-07-09 16:50:20.847
CNSSQL1,CHL_Nagios_Monitoring,270,0,0,sysadmin membership,0,0,2011-02-03 11:18:35.307
CNSSQL1,##MS_PolicyEventProcessingLogin##,288,0,1,sysadmin membership,0,1,2012-02-02 09:53:46.633
CNSSQL1,NOD32_DBUser,294,0,0,sysadmin membership,0,0,2013-01-09 11:10:26.487
CNSSQL1,portier,295,0,0,sysadmin membership,0,0,2013-01-14 10:49:18.540
CNSSQL1,IPAM_WinPE,299,0,0,sysadmin membership,0,0,2013-06-13 15:41:37.243
CNSSQL1,CADDSolis,301,0,0,sysadmin membership,0,0,2014-09-29 12:06:12.657
CNSSQL1,monitoring,304,1,1,sysadmin membership,0,0,2025-10-15 11:02:55.143
COPLIVEDBS01-PI,sa,1,1,1,sysadmin membership,0,1,2003-04-08 09:10:35.460
COPLIVEDBS01-PI,##MS_PolicyTsqlExecutionLogin##,257,0,1,sysadmin membership,0,1,2022-10-08 06:32:02.543
COPLIVEDBS01-PI,KONVERT,272,0,0,sysadmin membership,0,0,2025-04-23 09:58:35.700
COPLIVEDBS01-PI,Starter,273,0,0,sysadmin membership,0,0,2025-04-23 09:58:35.703
COPLIVEDBS01-PI,Reader,278,0,0,sysadmin membership,0,0,2025-04-23 14:29:13.127
COPLIVEDBS01-PI,IBDSSU,279,0,0,sysadmin membership,0,0,2025-04-23 14:29:13.127
COPLIVEDBS01-PI,monitoring,281,1,1,sysadmin membership,0,0,2025-09-24 11:40:51.350
COPLIVEDBS01-PI,##MS_PolicyEventProcessingLogin##,286,0,1,sysadmin membership,0,1,2025-12-08 12:14:34.347
COPRA6COPUS,sa,1,1,1,sysadmin membership,0,1,2003-04-08 09:10:35.460
COPRA6COPUS,##MS_PolicyTsqlExecutionLogin##,257,0,1,sysadmin membership,0,1,2019-09-24 14:21:53.570
COPRA6COPUS,##MS_PolicyEventProcessingLogin##,272,0,1,sysadmin membership,0,1,2024-03-12 09:56:04.973
COPRA6COPUS,monitoring,274,1,0,sysadmin membership,0,0,2025-09-24 11:40:58.470
COPRADEMO,sa,1,1,1,sysadmin membership,0,0,2003-04-08 09:10:35.460
COPRADEMO,##MS_PolicyTsqlExecutionLogin##,257,0,1,sysadmin membership,0,1,2017-08-22 19:39:30.460
COPRADEMO,KONVERT,276,0,0,sysadmin membership,0,0,2019-01-22 14:24:00.417
COPRADEMO,Starter,277,0,0,sysadmin membership,0,0,2019-01-22 14:24:00.417
COPRADEMO,Reader,278,0,0,sysadmin membership,0,0,2019-01-22 14:24:00.417
COPRADEMO,IBDSSU,279,0,0,sysadmin membership,0,0,2019-01-22 14:24:00.420
COPRADEMO,##MS_PolicyEventProcessingLogin##,326,0,1,sysadmin membership,0,1,2025-05-02 09:52:06.130
COPRADEMO,monitoring,328,1,1,sysadmin membership,0,0,2025-09-24 11:41:12.547
COPRALIVE,sa,1,1,1,sysadmin membership,0,1,2003-04-08 09:10:35.460
COPRALIVE,##MS_PolicyTsqlExecutionLogin##,257,0,1,sysadmin membership,0,1,2017-08-22 19:39:30.460
COPRALIVE,KONVERT,272,0,0,sysadmin membership,0,0,2020-01-09 14:39:55.477
COPRALIVE,Starter,273,0,0,sysadmin membership,0,0,2020-01-09 14:39:55.480
COPRALIVE,Reader,274,0,0,sysadmin membership,0,0,2020-01-09 14:39:55.480
COPRALIVE,IBDSSU,275,0,0,sysadmin membership,0,0,2020-01-09 14:39:55.483
COPRALIVE,##MS_PolicyEventProcessingLogin##,308,0,1,sysadmin membership,0,1,2023-11-16 17:11:36.137
COPRALIVE,COPUS_USER,311,0,0,sysadmin membership,0,0,2025-06-11 15:51:13.767
COPRALIVE,monitoring,312,1,1,sysadmin membership,0,0,2025-09-24 11:41:28.117
COPRASTAT,sa,1,1,1,sysadmin membership,0,1,2003-04-08 09:10:35.460
COPRASTAT,##MS_PolicyTsqlExecutionLogin##,257,0,1,sysadmin membership,0,1,2017-08-22 19:39:30.460
COPRASTAT,KONVERT,288,0,0,sysadmin membership,0,0,2022-01-17 13:57:27.190
COPRASTAT,Starter,289,0,0,sysadmin membership,0,0,2022-01-17 13:57:27.193
COPRASTAT,Reader,290,0,0,sysadmin membership,0,0,2022-01-17 13:57:27.193
COPRASTAT,IBDSSU,291,0,0,sysadmin membership,0,0,2022-01-17 13:57:27.197
COPRASTAT,##MS_PolicyEventProcessingLogin##,302,0,1,sysadmin membership,0,1,2023-11-16 17:13:37.257
COPRASTAT,monitoring,304,1,1,sysadmin membership,0,0,2025-09-24 11:41:40.657
COPRATEST,sa,1,1,1,sysadmin membership,0,1,2003-04-08 09:10:35.460
COPRATEST,##MS_PolicyTsqlExecutionLogin##,257,0,1,sysadmin membership,0,1,2017-08-22 19:39:30.460
COPRATEST,KONVERT,270,0,0,sysadmin membership,0,0,2020-01-09 13:27:40.347
COPRATEST,Starter,271,0,0,sysadmin membership,0,0,2020-01-09 13:27:40.347
COPRATEST,Reader,286,0,0,sysadmin membership,0,0,2021-01-29 10:44:39.153
COPRATEST,IBDSSU,287,0,0,sysadmin membership,0,0,2021-01-29 10:44:39.153
COPRATEST,##MS_PolicyEventProcessingLogin##,310,0,1,sysadmin membership,0,1,2025-08-26 07:40:29.787
COPRATEST,monitoring,312,1,1,sysadmin membership,0,0,2025-09-24 11:24:25.450
COPSTATDBS01-PI,sa,1,1,1,sysadmin membership,0,1,2003-04-08 09:10:35.460
COPSTATDBS01-PI,##MS_PolicyTsqlExecutionLogin##,257,0,1,sysadmin membership,0,1,2022-10-08 06:32:02.543
COPSTATDBS01-PI,KONVERT,273,0,0,sysadmin membership,0,0,2025-04-24 14:54:56.543
COPSTATDBS01-PI,Starter,278,0,0,sysadmin membership,0,0,2025-04-24 15:07:38.977
COPSTATDBS01-PI,Reader,279,0,0,sysadmin membership,0,0,2025-04-24 15:07:38.980
COPSTATDBS01-PI,IBDSSU,280,0,0,sysadmin membership,0,0,2025-04-24 15:07:38.980
COPSTATDBS01-PI,monitoring,281,1,1,sysadmin membership,0,0,2025-09-24 11:41:53.197
COPSTATDBS01-PI,##MS_PolicyEventProcessingLogin##,286,0,1,sysadmin membership,0,1,2026-02-09 07:58:22.757
DRAGONDB/SQLEXPRESS,sa,1,1,1,sysadmin membership,0,1,2003-04-08 09:10:35.460
DRAGONDB/SQLEXPRESS,##MS_PolicyTsqlExecutionLogin##,257,0,1,sysadmin membership,0,1,2017-08-22 19:39:30.460
DRAGONDB/SQLEXPRESS,##MS_PolicyEventProcessingLogin##,275,0,1,sysadmin membership,0,1,2023-06-30 07:41:58.340
DRAGONDB/SQLEXPRESS,monitoring,277,1,1,sysadmin membership,0,0,2025-09-26 13:17:29.447
ECGSRV/SQL2016,sa,1,1,1,sysadmin membership,0,0,2003-04-08 09:10:35.460
ECGSRV/SQL2016,##MS_PolicyTsqlExecutionLogin##,257,0,1,sysadmin membership,0,1,2016-04-30 00:46:49.400
ECGSRV/SQL2016,viper,267,0,0,sysadmin membership,0,0,2021-11-25 14:59:18.733
ECGSRV/SQL2016,##MS_PolicyEventProcessingLogin##,273,0,1,sysadmin membership,0,1,2022-09-13 23:37:33.733
ECGSRV/SQL2016,monitoring,275,1,1,sysadmin membership,0,0,2025-10-09 11:17:11.910
ECGTEST/SQL2016,sa,1,1,1,sysadmin membership,0,0,2003-04-08 09:10:35.460
ECGTEST/SQL2016,##MS_PolicyTsqlExecutionLogin##,257,0,1,sysadmin membership,0,1,2016-04-30 00:46:49.400
ECGTEST/SQL2016,viper,269,0,0,sysadmin membership,0,0,2021-03-09 18:05:48.797
ECGTEST/SQL2016,##MS_PolicyEventProcessingLogin##,272,0,1,sysadmin membership,0,1,2022-03-04 10:57:13.350
ECGTEST/SQL2016,monitoring,275,1,1,sysadmin membership,0,0,2025-10-09 11:21:58.710
ENDOBASESRV/MSSQLENDOBASE,sa,1,1,1,sysadmin membership,0,1,2003-04-08 09:10:35.460
ENDOBASESRV/MSSQLENDOBASE,##MS_PolicyTsqlExecutionLogin##,257,0,1,sysadmin membership,0,1,2019-09-24 14:21:53.570
ENDOBASESRV/MSSQLENDOBASE,##MS_PolicyEventProcessingLogin##,275,0,1,sysadmin membership,0,1,2024-05-07 08:14:57.270
ENDOBASESRV/MSSQLENDOBASE,debora,278,1,1,sysadmin membership,0,0,2024-05-13 09:02:50.303
ENDOBASESRV/MSSQLENDOBASE,mirth,279,1,1,sysadmin membership,0,0,2024-05-13 10:50:50.673
ENDOBASESRV/MSSQLENDOBASE,monitoring,283,1,1,sysadmin membership,0,0,2025-10-13 09:27:09.747
ESTOSPROCALL,sa,1,1,1,sysadmin membership,0,0,2003-04-08 09:10:35.460
ESTOSPROCALL,##MS_PolicyTsqlExecutionLogin##,257,0,1,sysadmin membership,0,1,2017-08-22 19:39:30.460
ESTOSPROCALL,monitoring,294,1,1,sysadmin membership,0,0,2025-09-26 13:19:26.290
ESTOSPROCALL,##MS_PolicyEventProcessingLogin##,297,0,1,sysadmin membership,0,1,2026-03-24 16:09:30.610
IMAGEDRIVEDB,sa,1,1,1,sysadmin membership,0,0,2003-04-08 09:10:35.460
IMAGEDRIVEDB,##MS_PolicyTsqlExecutionLogin##,257,0,1,sysadmin membership,0,1,2016-04-30 00:46:49.400
IMAGEDRIVEDB,##MS_PolicyEventProcessingLogin##,275,0,1,sysadmin membership,0,1,2020-10-15 16:19:41.213
IMAGEDRIVEDB,monitoring,277,1,1,sysadmin membership,0,0,2025-09-26 13:23:18.063
INFINITYGW,sa,1,1,1,sysadmin membership,0,1,2003-04-08 09:10:35.460
INFINITYGW,##MS_PolicyTsqlExecutionLogin##,257,0,1,sysadmin membership,0,1,2017-08-22 19:39:30.460
INFINITYGW,monitoring,303,1,1,sysadmin membership,0,0,2025-09-26 13:24:58.230
INFINITYGW,##MS_PolicyEventProcessingLogin##,304,0,1,sysadmin membership,0,1,2026-01-23 10:36:13.823
INFRASQL,sa,1,1,1,sysadmin membership,0,1,2003-04-08 09:10:35.460
INFRASQL,##MS_PolicyTsqlExecutionLogin##,257,0,1,sysadmin membership,0,1,2017-08-22 19:39:30.460
INFRASQL,horizonuser,283,0,0,sysadmin membership,0,0,2020-03-31 21:02:26.953
INFRASQL,oSCMUser,289,0,1,sysadmin membership,0,0,2020-09-11 09:23:53.810
INFRASQL,IPAM_WinPE,296,0,0,sysadmin membership,0,0,2020-11-30 15:01:36.990
INFRASQL,##MS_PolicyEventProcessingLogin##,301,0,1,sysadmin membership,0,1,2021-08-17 21:49:57.147
INFRASQL,SNImport,307,0,0,sysadmin membership,0,0,2023-10-12 09:28:58.730
INFRASQL,mirthprdbddsp03,311,0,1,sysadmin membership,0,0,2024-01-24 13:24:58.607
INFRASQL,monitoring,313,1,1,sysadmin membership,0,0,2025-09-26 13:25:26.017
ITCDB01,sa,1,1,1,sysadmin membership,0,1,2003-04-08 09:10:35.460
ITCDB01,##MS_PolicyTsqlExecutionLogin##,257,0,1,sysadmin membership,0,1,2019-09-24 14:21:53.570
ITCDB01,idamirth,272,0,0,sysadmin membership,0,0,2021-08-06 14:02:12.003
ITCDB01,idapat,273,0,0,sysadmin membership,0,0,2021-08-06 14:04:15.143
ITCDB01,idauser,274,0,0,sysadmin membership,0,0,2021-09-24 13:22:18.277
ITCDB01,##MS_PolicyEventProcessingLogin##,277,0,1,sysadmin membership,0,1,2021-12-27 16:33:29.510
ITCDB01,monitoring,279,1,1,sysadmin membership,0,0,2025-09-26 13:26:13.717
LABOSOMSRV,sa,1,1,1,sysadmin membership,0,1,2003-04-08 09:10:35.460
LABOSOMSRV,##MS_PolicyTsqlExecutionLogin##,257,0,1,sysadmin membership,0,1,2012-02-10 21:07:46.637
LABOSOMSRV,SQLENCORESERVICE,269,0,0,sysadmin membership,0,0,2016-01-07 09:10:08.660
LABOSOMSRV,INTERNALSERVICE,270,0,0,sysadmin membership,0,0,2016-01-07 09:10:08.690
LABOSOMSRV,EncoreUser,271,1,0,sysadmin membership,0,0,2016-01-07 09:10:08.707
LABOSOMSRV,EncoreProductSupport,272,1,0,sysadmin membership,0,0,2016-01-07 09:10:08.723
LABOSOMSRV,EPUser,273,0,1,sysadmin membership,1,0,2016-05-03 13:35:48.323
LABOSOMSRV,##MS_PolicyEventProcessingLogin##,274,0,1,sysadmin membership,0,1,2019-04-29 10:14:53.417
LABOSOMSRV,MEDATEC,276,1,0,sysadmin membership,0,0,2021-02-25 11:33:24.630
LABOSOMSRV,monitoring,278,1,1,sysadmin membership,0,0,2025-09-26 13:26:44.913
LABOSRV,sa,1,1,0,sysadmin membership,0,0,2003-04-08 09:10:35.460
LABOSRV,##MS_PolicyTsqlExecutionLogin##,257,0,1,sysadmin membership,0,1,2017-08-22 19:39:30.460
LABOSRV,##MS_PolicyEventProcessingLogin##,280,0,1,sysadmin membership,0,1,2023-03-22 15:38:34.037
LABOSRV,monitoring,282,1,1,sysadmin membership,0,0,2025-11-03 13:07:51.253
MATCHERSRV,sa,1,1,1,sysadmin membership,0,0,2003-04-08 09:10:35.460
MATCHERSRV,##MS_PolicyTsqlExecutionLogin##,257,0,1,sysadmin membership,0,1,2014-02-20 20:49:46.837
MATCHERSRV,##MS_PolicyEventProcessingLogin##,265,0,1,sysadmin membership,0,1,2016-02-02 15:17:14.283
MATCHERSRV,MatcherHRS,267,0,1,sysadmin membership,0,0,2016-07-27 14:19:04.047
MATCHERSRV,HRSMatcher,268,0,0,sysadmin membership,0,0,2016-12-13 14:45:51.223
MATCHERSRV,matcher,269,0,0,sysadmin membership,0,0,2017-05-24 16:11:44.310
MATCHERSRV,matcher5,270,0,0,sysadmin membership,0,0,2021-07-29 13:53:41.033
MATCHERSRV,MatcherUsers,273,0,0,sysadmin membership,0,0,2021-09-08 11:04:16.337
MATCHERSRV,Brainwave,274,0,1,sysadmin membership,1,0,2022-09-08 11:27:54.417
MATCHERSRV,monitoring,275,1,1,sysadmin membership,0,0,2025-09-26 13:27:40.123
METAVI6DBS01-DI,sa,1,1,1,sysadmin membership,0,1,2003-04-08 09:10:35.460
METAVI6DBS01-DI,##MS_PolicyTsqlExecutionLogin##,257,0,1,sysadmin membership,0,1,2022-10-08 06:32:02.543
METAVI6DBS01-DI,##MS_PolicyEventProcessingLogin##,266,0,1,sysadmin membership,0,1,2025-07-18 14:49:47.567
METAVI6DBS01-DI,monitoring,268,1,1,sysadmin membership,0,0,2025-10-15 10:27:24.913
METAVI6DBS01-DI,mvadmin,269,1,0,sysadmin membership,0,0,2026-02-18 10:24:14.250
METAVI6DBS01-DI,mvuser,270,0,0,sysadmin membership,0,0,2026-02-18 10:24:14.253
METAVI6DBS01-DI,LimitedUser,271,0,0,sysadmin membership,0,0,2026-02-18 10:43:56.880
METAVI6DBS01-PI,sa,1,1,1,sysadmin membership,0,1,2003-04-08 09:10:35.460
METAVI6DBS01-PI,##MS_PolicyTsqlExecutionLogin##,257,0,1,sysadmin membership,0,1,2022-10-08 06:32:02.543
METAVI6DBS01-PI,##MS_PolicyEventProcessingLogin##,266,0,1,sysadmin membership,0,1,2026-04-22 15:20:57.650
METAVI6DBS01-PI,monitoring,268,1,1,sysadmin membership,0,0,2026-04-22 15:21:47.567
METAVI6DBS01-TI,sa,1,1,1,sysadmin membership,0,1,2003-04-08 09:10:35.460
METAVI6DBS01-TI,##MS_PolicyTsqlExecutionLogin##,257,0,1,sysadmin membership,0,1,2022-10-08 06:32:02.543
METAVI6DBS01-TI,##MS_PolicyEventProcessingLogin##,266,0,1,sysadmin membership,0,1,2025-07-18 14:19:43.093
METAVI6DBS01-TI,monitoring,268,1,1,sysadmin membership,0,0,2025-10-09 13:18:49.023
METAVI6DBS01-TI,mvadmin,269,1,0,sysadmin membership,0,0,2025-12-01 11:07:05.390
METAVI6DBS01-TI,mvuser,270,0,0,sysadmin membership,0,0,2025-12-01 11:07:05.397
METAVI6DBS01-TI,LimitedUser,271,0,1,sysadmin membership,0,0,2025-12-01 11:26:17.663
MVDB23,sa,1,1,1,sysadmin membership,0,0,2003-04-08 09:10:35.460
MVDB23,##MS_PolicyTsqlExecutionLogin##,257,0,1,sysadmin membership,0,1,2019-09-24 14:21:53.570
MVDB23,mvadmin,270,1,0,sysadmin membership,0,0,2023-09-14 16:04:10.427
MVDB23,mvuser,271,0,0,sysadmin membership,0,0,2023-09-14 16:04:10.430
MVDB23,distributor_admin,280,1,1,sysadmin membership,0,0,2024-11-15 09:28:23.780
MVDB23,exportro,281,0,0,sysadmin membership,0,0,2024-12-11 14:26:20.667
MVDB23,CHLUSER,285,0,0,sysadmin membership,0,0,2024-12-12 15:19:14.343
MVDB23,monitoring,288,1,1,sysadmin membership,0,0,2025-09-26 13:28:43.200
MVDB23,##MS_PolicyEventProcessingLogin##,289,0,1,sysadmin membership,0,1,2026-03-05 09:58:24.780
MVDBTEST23,sa,1,1,1,sysadmin membership,0,1,2003-04-08 09:10:35.460
MVDBTEST23,##MS_PolicyTsqlExecutionLogin##,257,0,1,sysadmin membership,0,1,2019-09-24 14:21:53.570
MVDBTEST23,mvadmin,268,1,0,sysadmin membership,0,0,2023-07-07 08:10:15.217
MVDBTEST23,mvuser,269,0,0,sysadmin membership,0,0,2023-07-07 08:10:15.223
MVDBTEST23,LimitedUser,278,0,1,sysadmin membership,0,0,2025-03-04 10:29:02.620
MVDBTEST23,##MS_PolicyEventProcessingLogin##,283,0,1,sysadmin membership,0,1,2025-08-19 16:10:57.670
MVDBTEST23,monitoring,285,1,1,sysadmin membership,0,0,2025-09-26 13:29:10.203
MVDEVDBS01-TI,sa,1,1,1,sysadmin membership,0,1,2003-04-08 09:10:35.460
MVDEVDBS01-TI,##MS_PolicyTsqlExecutionLogin##,257,0,1,sysadmin membership,0,1,2019-09-24 14:21:53.570
MVDEVDBS01-TI,mvadmin,269,1,0,sysadmin membership,0,0,2025-03-04 15:51:49.417
MVDEVDBS01-TI,mvuser,270,0,0,sysadmin membership,0,0,2025-03-04 15:51:49.420
MVDEVDBS01-TI,##MS_PolicyEventProcessingLogin##,273,0,1,sysadmin membership,0,1,2025-08-19 16:12:11.407
MVDEVDBS01-TI,monitoring,275,1,1,sysadmin membership,0,0,2025-09-26 13:29:36.260
MVESRV,sa,1,1,1,sysadmin membership,0,1,2003-04-08 09:10:35.460
MVESRV,##MS_PolicyTsqlExecutionLogin##,257,0,1,sysadmin membership,0,1,2014-02-20 20:49:46.837
MVESRV,mve,267,1,1,sysadmin membership,1,0,2017-10-30 15:27:09.090
MVESRV,##MS_PolicyEventProcessingLogin##,271,0,1,sysadmin membership,0,1,2020-09-24 13:12:31.900
MVESRV,monitoring,274,1,1,sysadmin membership,0,0,2025-09-26 13:30:16.893
NEUROSRV,sa,1,1,1,sysadmin membership,0,1,2003-04-08 09:10:35.460
NEUROSRV,##MS_PolicyTsqlExecutionLogin##,257,0,1,sysadmin membership,0,1,2017-08-22 19:39:30.460
NEUROSRV,IServer,269,1,0,sysadmin membership,0,0,2020-06-26 16:29:37.867
NEUROSRV,Natus,272,0,0,sysadmin membership,0,0,2020-08-24 12:13:44.567
NEUROSRV,##MS_PolicyEventProcessingLogin##,278,0,1,sysadmin membership,0,1,2023-11-14 16:17:04.137
NEUROSRV,monitoring,280,1,1,sysadmin membership,0,0,2025-09-26 13:30:39.907
NOSOKOSDBS01-PI,sa,1,1,1,sysadmin membership,0,1,2003-04-08 09:10:35.460
NOSOKOSDBS01-PI,##MS_PolicyTsqlExecutionLogin##,257,0,1,sysadmin membership,0,1,2022-10-08 06:32:02.543
NOSOKOSDBS01-PI,##MS_PolicyEventProcessingLogin##,266,0,1,sysadmin membership,0,1,2025-12-11 15:14:27.720
NOSOKOSDBS01-PI,monitoring,268,1,1,sysadmin membership,0,0,2025-12-11 15:15:26.947
NOSOKOSDBS01-PI,mirthnosotech,269,0,1,sysadmin membership,0,0,2025-12-17 08:50:26.257
NOSOKOSDBS01-PI,Nosotech_NosokosDDE_PROD,272,0,0,sysadmin membership,0,0,2026-03-02 20:25:01.180
ONKOZERTSRV,sa,1,1,1,sysadmin membership,0,0,2003-04-08 09:10:35.460
ONKOZERTSRV,##MS_PolicyTsqlExecutionLogin##,257,0,1,sysadmin membership,0,1,2016-04-30 00:46:49.400
ONKOZERTSRV,TuDocGeneralUser,270,0,1,sysadmin membership,0,0,2020-04-24 10:31:29.987
ONKOZERTSRV,Stat,274,1,0,sysadmin membership,0,0,2020-09-17 15:54:53.997
ONKOZERTSRV,##MS_PolicyEventProcessingLogin##,279,0,1,sysadmin membership,0,1,2023-03-29 16:14:05.067
ONKOZERTSRV,monitoring,281,1,1,sysadmin membership,0,0,2025-09-26 13:31:31.063
OPERA5DBS01-PI/OPERAPRD,sa,1,1,1,sysadmin membership,0,0,2003-04-08 09:10:35.460
OPERA5DBS01-PI/OPERAPRD,##MS_PolicyTsqlExecutionLogin##,257,0,1,sysadmin membership,0,1,2019-09-24 14:21:53.570
OPERA5DBS01-PI/OPERAPRD,monitoring,271,1,1,sysadmin membership,0,0,2025-09-26 13:31:52.653
OPERA5DBS01-PI/OPERAPRD,service,272,1,0,sysadmin membership,0,0,2025-09-26 15:29:04.653
OPERA5DBS01-PI/OPERAPRD,metavision,273,0,0,sysadmin membership,0,0,2025-10-01 15:02:49.710
OPERA5DBS01-PI/OPERAPRD,mcpoll,274,0,0,sysadmin membership,0,0,2025-10-01 15:02:57.780
OPERA5DBS01-PI/OPERAPRD,operastat,275,0,0,sysadmin membership,0,0,2025-11-12 15:09:14.313
OPERA5DBS01-PI/OPERAPRD,##MS_PolicyEventProcessingLogin##,276,0,1,sysadmin membership,0,1,2025-11-25 10:29:51.117
OPERA5SAS01-TI/OPERATST,sa,1,1,1,sysadmin membership,0,0,2003-04-08 09:10:35.460
OPERA5SAS01-TI/OPERATST,##MS_PolicyTsqlExecutionLogin##,257,0,1,sysadmin membership,0,1,2019-09-24 14:21:53.570
OPERA5SAS01-TI/OPERATST,service,266,1,0,sysadmin membership,0,0,2024-06-19 10:18:46.463
OPERA5SAS01-TI/OPERATST,mcpoll,267,0,0,sysadmin membership,0,0,2024-06-21 10:11:45.430
OPERA5SAS01-TI/OPERATST,metavision,268,0,0,sysadmin membership,0,0,2024-06-27 08:55:33.147
OPERA5SAS01-TI/OPERATST,##MS_PolicyEventProcessingLogin##,275,0,1,sysadmin membership,0,1,2025-09-18 12:47:17.783
OPERA5SAS01-TI/OPERATST,monitoring,277,1,1,sysadmin membership,0,0,2025-09-26 13:32:17.177
OPSCCTSSAS01-PI,sa,1,1,1,sysadmin membership,0,0,2003-04-08 09:10:35.460
OPSCCTSSAS01-PI,##MS_PolicyTsqlExecutionLogin##,257,0,1,sysadmin membership,0,1,2019-09-24 14:21:53.570
OPSCCTSSAS01-PI,OSCADM,266,0,1,sysadmin membership,0,0,2025-04-17 12:57:48.577
OPSCCTSSAS01-PI,COCUser,267,0,1,sysadmin membership,0,0,2025-04-17 12:57:48.647
OPSCCTSSAS01-PI,monitoring,276,1,1,sysadmin membership,0,0,2025-09-26 13:32:52.290
OPSCCTSSAS01-PI,##MS_PolicyEventProcessingLogin##,279,0,1,sysadmin membership,0,1,2026-03-24 16:07:16.600
OPTIMDB,sa,1,1,1,sysadmin membership,0,1,2003-04-08 09:10:35.460
OPTIMDB,##MS_PolicyTsqlExecutionLogin##,257,0,1,sysadmin membership,0,1,2017-08-22 19:39:30.460
OPTIMDB,optim,269,1,0,sysadmin membership,0,0,2021-03-16 13:54:47.243
OPTIMDB,##MS_PolicyEventProcessingLogin##,276,0,1,sysadmin membership,0,1,2023-11-14 16:18:56.280
OPTIMDB,STAT,279,0,0,sysadmin membership,0,0,2025-05-20 15:26:29.917
OPTIMDB,monitoring,280,1,1,sysadmin membership,0,0,2025-09-26 13:33:11.710
ORGACARDDB01,sa,1,1,1,sysadmin membership,0,1,2003-04-08 09:10:35.460
ORGACARDDB01,##MS_PolicyTsqlExecutionLogin##,257,0,1,sysadmin membership,0,1,2019-09-24 14:21:53.570
ORGACARDDB01,pts,271,1,0,sysadmin membership,0,0,2023-01-23 15:36:56.990
ORGACARDDB01,ptsweb,272,1,0,sysadmin membership,0,0,2023-01-23 15:37:50.760
ORGACARDDB01,occonfig,274,1,0,sysadmin membership,0,0,2023-01-24 09:55:58.533
ORGACARDDB01,##MS_PolicyEventProcessingLogin##,287,0,1,sysadmin membership,0,1,2024-05-15 09:11:47.700
ORGACARDDB01,monitoring,289,1,1,sysadmin membership,0,0,2025-09-26 13:33:49.100
ORGCARDSAS-TI,sa,1,1,1,sysadmin membership,0,1,2003-04-08 09:10:35.460
ORGCARDSAS-TI,##MS_PolicyTsqlExecutionLogin##,257,0,1,sysadmin membership,0,1,2019-09-24 14:21:53.570
ORGCARDSAS-TI,orgacardadmin,279,1,1,sysadmin membership,1,0,2024-10-09 11:14:49.370
ORGCARDSAS-TI,monitoring,284,1,1,sysadmin membership,0,0,2025-10-06 13:48:03.027
ORGCARDSAS-TI,##MS_PolicyEventProcessingLogin##,287,0,1,sysadmin membership,0,1,2026-04-30 11:06:41.413
PFMSAS02-PI/PFMSQL2016,sa,1,1,1,sysadmin membership,0,1,2003-04-08 09:10:35.460
PFMSAS02-PI/PFMSQL2016,##MS_PolicyTsqlExecutionLogin##,257,0,1,sysadmin membership,0,1,2016-04-30 00:46:49.400
PFMSAS02-PI/PFMSQL2016,##MS_PolicyEventProcessingLogin##,272,0,1,sysadmin membership,0,1,2024-07-03 10:52:30.837
PFMSAS02-PI/PFMSQL2016,connexion_base_PFMSQL,276,0,0,sysadmin membership,0,0,2024-07-23 10:57:45.977
PFMSAS02-PI/PFMSQL2016,monitoring,277,1,1,sysadmin membership,0,0,2025-09-26 13:34:24.317
RDMSRV,sa,1,1,1,sysadmin membership,0,0,2003-04-08 09:10:35.460
RDMSRV,##MS_PolicyTsqlExecutionLogin##,257,0,1,sysadmin membership,0,1,2017-08-22 19:39:30.460
RDMSRV,EzRDMDB,276,0,1,sysadmin membership,0,0,2020-09-07 18:42:31.827
RDMSRV,##MS_PolicyEventProcessingLogin##,281,0,1,sysadmin membership,0,1,2023-12-13 21:24:28.970
RDMSRV,monitoring,283,1,1,sysadmin membership,0,0,2025-09-26 13:36:27.677
SAATMANNSRV,sa,1,1,1,sysadmin membership,0,1,2003-04-08 09:10:35.460
SAATMANNSRV,##MS_PolicyTsqlExecutionLogin##,257,0,1,sysadmin membership,0,1,2019-09-24 14:21:53.570
SAATMANNSRV,sa_saatmann,268,1,1,sysadmin membership,1,0,2021-01-07 08:16:25.527
SAATMANNSRV,monitoring,311,1,1,sysadmin membership,0,0,2025-09-26 13:36:49.403
SAATMANNSRV,##MS_PolicyEventProcessingLogin##,314,0,1,sysadmin membership,0,1,2025-12-05 13:18:49.600
SALTOSAS01-PI,sa,1,1,1,sysadmin membership,0,1,2003-04-08 09:10:35.460
SALTOSAS01-PI,##MS_PolicyEventProcessingLogin##,256,0,1,sysadmin membership,0,1,2022-10-08 06:32:02.537
SALTOSAS01-PI,##MS_PolicyTsqlExecutionLogin##,257,0,1,sysadmin membership,0,1,2022-10-08 06:32:02.543
SALTOSAS01-PI,tbsAdmin,271,0,0,sysadmin membership,0,0,2024-05-27 14:24:27.133
SALTOSAS01-PI,monitoring,272,1,1,sysadmin membership,0,0,2025-09-26 13:37:11.823
SALTOSAS01-TI,sa,1,1,1,sysadmin membership,0,1,2003-04-08 09:10:35.460
SALTOSAS01-TI,##MS_PolicyEventProcessingLogin##,256,0,1,sysadmin membership,0,1,2022-10-08 06:32:02.537
SALTOSAS01-TI,##MS_PolicyTsqlExecutionLogin##,257,0,1,sysadmin membership,0,1,2022-10-08 06:32:02.543
SALTOSAS01-TI,monitoring,268,1,1,sysadmin membership,0,0,2025-10-09 10:55:28.473
SBIMSRV,sa,1,1,1,sysadmin membership,0,0,2003-04-08 09:10:35.460
SBIMSRV,##MS_PolicyTsqlExecutionLogin##,257,0,1,sysadmin membership,0,1,2017-08-22 19:39:30.460
SBIMSRV,SBIMCS,274,0,0,sysadmin membership,0,0,2019-06-26 16:35:39.587
SBIMSRV,CHLREAD,275,0,0,sysadmin membership,0,0,2020-11-18 16:19:49.437
SBIMSRV,##MS_PolicyEventProcessingLogin##,276,0,1,sysadmin membership,0,1,2023-12-08 17:03:09.043
SBIMSRV,monitoring,278,1,1,sysadmin membership,0,0,2025-09-26 13:37:41.813
SBIMTEST,sa,1,1,1,sysadmin membership,0,0,2003-04-08 09:10:35.460
SBIMTEST,##MS_PolicyTsqlExecutionLogin##,257,0,1,sysadmin membership,0,1,2017-08-22 19:39:30.460
SBIMTEST,SBIMCS,272,0,0,sysadmin membership,0,0,2019-04-10 12:07:27.130
SBIMTEST,CHLREAD,282,0,0,sysadmin membership,0,0,2020-11-18 16:12:57.583
SBIMTEST,##MS_PolicyEventProcessingLogin##,285,0,1,sysadmin membership,0,1,2023-11-16 12:35:36.673
SBIMTEST,monitoring,287,1,1,sysadmin membership,0,0,2025-09-24 11:24:56.060
SCCMCHL,sa,1,1,1,sysadmin membership,0,1,2003-04-08 09:10:35.460
SCCMCHL,##MS_PolicyTsqlExecutionLogin##,257,0,1,sysadmin membership,0,1,2014-02-20 20:49:46.837
SCCMCHL,SCCMReadOnly,292,0,0,sysadmin membership,0,0,2018-10-23 13:42:31.933
SCCMCHL,##MS_PolicyEventProcessingLogin##,324,0,1,sysadmin membership,0,1,2024-11-05 16:48:43.947
SCCMCHL,monitoring,327,1,1,sysadmin membership,0,0,2025-09-26 13:38:06.777
SCCMREPORT,sa,1,1,1,sysadmin membership,0,1,2003-04-08 09:10:35.460
SCCMREPORT,##MS_PolicyTsqlExecutionLogin##,257,0,1,sysadmin membership,0,1,2014-02-20 20:49:46.837
SCCMREPORT,##MS_PolicyEventProcessingLogin##,317,0,1,sysadmin membership,0,1,2024-11-05 16:59:53.487
SCCMREPORT,monitoring,319,1,1,sysadmin membership,0,0,2025-09-26 13:38:22.263
SCCMSUP,sa,1,1,1,sysadmin membership,0,1,2003-04-08 09:10:35.460
SCCMSUP,##MS_PolicyTsqlExecutionLogin##,257,0,1,sysadmin membership,0,1,2017-08-22 19:39:30.460
SCCMSUP,##MS_PolicyEventProcessingLogin##,296,0,1,sysadmin membership,0,1,2024-11-05 16:57:20.283
SCCMSUP,monitoring,298,1,1,sysadmin membership,0,0,2025-09-26 13:38:40.870
SCHAUFSRV,sa,1,1,0,sysadmin membership,0,0,2003-04-08 09:10:35.460
SCHAUFSRV,##MS_PolicyTsqlExecutionLogin##,257,0,1,sysadmin membership,0,1,2017-08-22 19:39:30.460
SCHAUFSRV,schauf,274,1,0,sysadmin membership,0,0,2018-07-04 09:40:10.540
SCHAUFSRV,##MS_PolicyEventProcessingLogin##,283,0,1,sysadmin membership,0,1,2024-02-02 14:22:26.273
SCHAUFSRV,monitoring,285,1,1,sysadmin membership,0,0,2025-09-26 13:39:06.843
SENTRYSUITESRV/SENTRYSUITE,sa,1,1,1,sysadmin membership,0,0,2003-04-08 09:10:35.460
SENTRYSUITESRV/SENTRYSUITE,##MS_PolicyTsqlExecutionLogin##,257,0,1,sysadmin membership,0,1,2014-02-20 20:49:46.837
SENTRYSUITESRV/SENTRYSUITE,SeSWork,267,0,0,sysadmin membership,0,0,2020-04-14 14:25:52.893
SENTRYSUITESRV/SENTRYSUITE,SeSQuery,268,0,0,sysadmin membership,0,1,2020-04-14 14:25:53.200
SENTRYSUITESRV/SENTRYSUITE,SentryWorklist,273,0,0,sysadmin membership,0,0,2020-04-14 15:21:43.270
SENTRYSUITESRV/SENTRYSUITE,##MS_PolicyEventProcessingLogin##,279,0,1,sysadmin membership,0,1,2023-11-14 19:51:53.920
SENTRYSUITESRV/SENTRYSUITE,monitoring,281,1,1,sysadmin membership,0,0,2025-10-09 10:53:47.793
SENTRYSUITETEST/SENTRYSUITE,sa,1,1,1,sysadmin membership,0,0,2003-04-08 09:10:35.460
SENTRYSUITETEST/SENTRYSUITE,##MS_PolicyTsqlExecutionLogin##,257,0,1,sysadmin membership,0,1,2014-02-20 20:49:46.837
SENTRYSUITETEST/SENTRYSUITE,SeSWork,267,1,0,sysadmin membership,0,0,2020-04-15 13:57:27.983
SENTRYSUITETEST/SENTRYSUITE,SeSQuery,268,0,0,sysadmin membership,0,1,2020-04-15 13:57:28.277
SENTRYSUITETEST/SENTRYSUITE,SentryWorklist,273,0,0,sysadmin membership,0,0,2020-04-15 15:44:02.927
SENTRYSUITETEST/SENTRYSUITE,cubeadmin,277,0,0,sysadmin membership,0,0,2021-05-12 08:40:15.187
SENTRYSUITETEST/SENTRYSUITE,##MS_PolicyEventProcessingLogin##,278,0,1,sysadmin membership,0,1,2023-04-20 13:41:22.803
SENTRYSUITETEST/SENTRYSUITE,monitoring,280,1,1,sysadmin membership,0,0,2025-10-09 12:43:30.867
SHATEST,sa,1,1,1,sysadmin membership,0,0,2003-04-08 09:10:35.460
SHATEST,##MS_PolicyTsqlExecutionLogin##,257,0,1,sysadmin membership,0,1,2012-02-10 21:07:46.637
SHATEST,##MS_PolicyEventProcessingLogin##,267,0,1,sysadmin membership,0,1,2019-06-27 14:29:45.270
SHATEST,monitoring,269,1,1,sysadmin membership,0,0,2025-09-24 11:25:32.533
SWLMAESDBS01-PI,sa,1,1,1,sysadmin membership,0,1,2003-04-08 09:10:35.460
SWLMAESDBS01-PI,##MS_PolicyTsqlExecutionLogin##,257,0,1,sysadmin membership,0,1,2022-10-08 06:32:02.543
SWLMAESDBS01-PI,svc.sqlswisslog,274,1,1,sysadmin membership,0,0,2024-05-30 13:48:49.013
SWLMAESDBS01-PI,monitoring,275,1,1,sysadmin membership,0,0,2025-09-26 13:40:05.070
SWLMAESDBS01-PI,##MS_PolicyEventProcessingLogin##,276,0,1,sysadmin membership,0,1,2025-11-25 07:42:49.847
SWLMAESDBS01-TI,sa,1,1,1,sysadmin membership,0,1,2003-04-08 09:10:35.460
SWLMAESDBS01-TI,##MS_PolicyTsqlExecutionLogin##,257,0,1,sysadmin membership,0,1,2022-10-08 06:32:02.543
SWLMAESDBS01-TI,##MS_PolicyEventProcessingLogin##,266,0,1,sysadmin membership,0,1,2024-04-30 10:14:13.097
SWLMAESDBS01-TI,svc.sqlswisslogtest,270,1,1,sysadmin membership,0,0,2024-05-30 13:55:38.863
SWLMAESDBS01-TI,monitoring,271,1,1,sysadmin membership,0,0,2025-09-26 13:40:43.897
SYSADMVWS01-DI,sa,1,1,1,sysadmin membership,0,1,2003-04-08 09:10:35.460
SYSADMVWS01-DI,##MS_PolicyTsqlExecutionLogin##,257,0,1,sysadmin membership,0,1,2022-10-08 06:32:02.543
SYSADMVWS01-DI,##MS_PolicyEventProcessingLogin##,266,0,1,sysadmin membership,0,1,2025-12-10 16:14:31.933
SYSADMVWS01-DI,monitoring,268,1,1,sysadmin membership,0,0,2025-12-10 16:15:15.450
SYSEPUSAS01-PI,sa,1,1,1,sysadmin membership,0,1,2003-04-08 09:10:35.460
SYSEPUSAS01-PI,##MS_PolicyTsqlExecutionLogin##,257,0,1,sysadmin membership,0,1,2022-10-08 06:32:02.543
SYSEPUSAS01-PI,##MS_PolicyEventProcessingLogin##,268,0,1,sysadmin membership,0,1,2024-11-12 16:11:22.877
SYSEPUSAS01-PI,ExtendedIPU_vfQ8yc9L,270,1,0,sysadmin membership,0,0,2025-01-08 11:08:24.043
SYSEPUSAS01-PI,monitoring,271,1,1,sysadmin membership,0,0,2025-09-26 13:41:17.777
SYSMEXIPUSRV,sa,1,1,1,sysadmin membership,0,0,2003-04-08 09:10:35.460
SYSMEXIPUSRV,##MS_PolicyTsqlExecutionLogin##,257,0,1,sysadmin membership,0,1,2012-02-10 21:07:46.637
SYSMEXIPUSRV,##MS_PolicyEventProcessingLogin##,268,0,1,sysadmin membership,0,1,2018-09-13 14:13:25.720
SYSMEXIPUSRV,ExtendedIPU_UXnVRBvN,270,1,0,sysadmin membership,0,0,2019-06-05 13:41:47.997
SYSMEXIPUSRV,tmp,271,1,0,sysadmin membership,0,1,2024-01-18 10:45:31.230
SYSMEXIPUSRV,monitoring,272,1,1,sysadmin membership,0,0,2025-09-26 13:41:38.433
THYCOTICDB,sa,1,1,1,sysadmin membership,0,1,2003-04-08 09:10:35.460
THYCOTICDB,##MS_PolicyTsqlExecutionLogin##,257,0,1,sysadmin membership,0,1,2019-09-24 14:21:53.570
THYCOTICDB,thycoticdb,271,1,1,sysadmin membership,0,0,2025-12-04 08:01:46.747
THYCOTICDB,monitoring,272,1,1,sysadmin membership,0,0,2025-12-11 07:54:29.017
THYCOTICDB,##MS_PolicyEventProcessingLogin##,273,0,1,sysadmin membership,0,1,2025-12-11 08:12:12.690
THYCOTICSRV,sa,1,1,1,sysadmin membership,0,1,2003-04-08 09:10:35.460
THYCOTICSRV,##MS_PolicyTsqlExecutionLogin##,257,0,1,sysadmin membership,0,1,2017-08-22 19:39:30.460
THYCOTICSRV,thycoticdb,273,1,1,sysadmin membership,0,1,2025-12-11 07:45:25.460
THYCOTICSRV,monitoring,275,1,1,sysadmin membership,0,0,2025-12-11 07:52:26.913
THYCOTICSRV,##MS_PolicyEventProcessingLogin##,276,0,1,sysadmin membership,0,1,2025-12-11 08:10:10.377
TSSTEST/SQLEXPRESS,sa,1,1,1,sysadmin membership,0,0,2003-04-08 09:10:35.460
TSSTEST/SQLEXPRESS,##MS_PolicyTsqlExecutionLogin##,257,0,1,sysadmin membership,0,1,2017-08-22 19:39:30.460
TSSTEST/SQLEXPRESS,NewSA,272,1,1,sysadmin membership,0,0,2021-11-29 17:12:28.500
TSSTEST/SQLEXPRESS,##MS_PolicyEventProcessingLogin##,284,0,1,sysadmin membership,0,1,2023-04-20 13:40:35.283
TSSTEST/SQLEXPRESS,monitoring,287,1,1,sysadmin membership,0,0,2025-09-24 11:25:49.170
WSSQL01,sa,1,1,1,sysadmin membership,0,1,2003-04-08 09:10:35.460
WSSQL01,##MS_PolicyTsqlExecutionLogin##,257,0,1,sysadmin membership,0,1,2019-09-24 14:21:53.570
WSSQL01,test,269,1,0,sysadmin membership,0,0,2021-05-26 12:10:40.773
WSSQL01,sa_s4l,274,0,1,sysadmin membership,0,0,2021-11-17 14:28:44.230
WSSQL01,##MS_PolicyEventProcessingLogin##,285,0,1,sysadmin membership,0,1,2022-11-23 22:18:09.527
WSSQL01,mirthprdbddsp02,290,0,1,sysadmin membership,0,0,2023-12-29 10:59:39.227
WSSQL01,midpoprdbddsp02,292,0,1,sysadmin membership,0,0,2024-02-01 13:50:34.823
WSSQL01,monitoring,293,1,1,sysadmin membership,0,0,2025-09-26 13:42:38.947
WSSQLMED01,sa,1,1,1,sysadmin membership,0,1,2003-04-08 09:10:35.460
WSSQLMED01,##MS_PolicyTsqlExecutionLogin##,257,0,1,sysadmin membership,0,1,2019-09-24 14:21:53.570
WSSQLMED01,atlas_user,276,0,1,sysadmin membership,0,0,2023-11-28 16:37:33.850
WSSQLMED01,atlas_sa,277,0,1,sysadmin membership,0,0,2023-11-28 16:37:33.860
WSSQLMED01,atlas_test,278,1,0,sysadmin membership,0,0,2023-12-13 15:07:46.407
WSSQLMED01,##MS_PolicyEventProcessingLogin##,279,0,1,sysadmin membership,0,1,2024-03-13 15:36:19.837
WSSQLMED01,advadmin,282,0,0,sysadmin membership,0,0,2024-06-13 16:22:32.613
WSSQLMED01,Diamant_sa,283,0,1,sysadmin membership,0,0,2025-07-09 09:38:43.070
WSSQLMED01,Diamant_read,285,0,1,sysadmin membership,0,0,2025-07-09 13:49:12.267
WSSQLMED01,monitoring,286,1,1,sysadmin membership,0,0,2025-09-26 13:42:59.860
WSSQLTEST01,sa,1,1,1,sysadmin membership,0,1,2003-04-08 09:10:35.460
WSSQLTEST01,##MS_PolicyTsqlExecutionLogin##,257,0,1,sysadmin membership,0,1,2019-09-24 14:21:53.570
WSSQLTEST01,igrc,277,0,1,sysadmin membership,0,0,2022-03-28 14:53:31.413
WSSQLTEST01,activiti,278,0,1,sysadmin membership,0,0,2022-03-28 15:10:47.250
WSSQLTEST01,##MS_PolicyEventProcessingLogin##,281,0,1,sysadmin membership,0,1,2023-04-20 13:06:39.030
WSSQLTEST01,monitoring,283,1,1,sysadmin membership,0,0,2025-09-24 11:26:11.763
WSSQLTEST01,mssqluatsvcsp01,285,0,0,sysadmin membership,0,0,2026-03-25 13:56:06.373
WSSQLTEST01,mssqltstsvcro01,286,0,0,sysadmin membership,0,0,2026-04-01 10:06:55.710
ZCMSQL,sa,1,1,1,sysadmin membership,0,0,2003-04-08 09:10:35.460
ZCMSQL,##MS_PolicyTsqlExecutionLogin##,257,0,1,sysadmin membership,0,1,2016-04-30 00:46:49.400
ZCMSQL,ZCM_CHL_DBUser,275,0,0,sysadmin membership,0,0,2018-09-10 17:42:43.503
ZCMSQL,saaudit,276,0,0,sysadmin membership,0,0,2018-09-10 17:47:17.883
ZCMSQL,##MS_PolicyEventProcessingLogin##,277,0,1,sysadmin membership,0,1,2020-10-13 10:26:42.843
ZCMSQL,LVM,279,0,0,sysadmin membership,0,0,2023-04-04 11:01:37.820
ZCMSQL,monitoring,280,1,1,sysadmin membership,0,0,2025-09-26 13:43:43.203
