BA1,19.0.0.0.0,Database Release Update : 19.20.0.0.230718 (35320081)
BA3,19.0.0.0.0,Database Release Update : 19.20.0.0.230718 (35320081)
BJ1,19.0.0.0.0,Database Release Update : 19.20.0.0.230718 (35320081)
BJ3,19.0.0.0.0,Database Release Update : 19.20.0.0.230718 (35320081)
BW1,19.0.0.0.0,Database Release Update : 19.20.0.0.230718 (35320081)
CHC,19.0.0.0.0,Database Release Update : 19.9.0.0.201020 (31771877)
CHL,19.0.0.0.0,Database Release Update : 19.9.0.0.201020 (31771877)
CYBERDEV,19.0.0.0.0,Database Release Update : 19.13.0.0.211019 (33192793)
CYBERLAB,19.0.0.0.0,Database Release Update : 19.13.0.0.211019 (33192793)
DIM,19.0.0.0.0,Database Release Update : 19.13.0.0.211019 (33192793)
ENNOV,19.0.0.0.0,Database Release Update : 19.13.0.0.211019 (33192793)
ENNOVT,19.0.0.0.0,Database Release Update : 19.13.0.0.211019 (33192793)
HYDPRDG5,19.0.0.0.0,Database Release Update : 19.13.0.0.211019 (33192793)
LABO,19.0.0.0.0,Database Release Update : 19.13.0.0.211019 (33192793)
LABODEV,19.0.0.0.0,Database Release Update : 19.13.0.0.211019 (33192793)
LABOTEST,19.0.0.0.0,Database Release Update : 19.13.0.0.211019 (33192793)
NA3,19.0.0.0.0,Database Release Update : 19.20.0.0.230718 (35320081)
NJ3,19.0.0.0.0,Database Release Update : 19.20.0.0.230718 (35320081)
OEM,19.0.0.0.0,Database Release Update : 19.29.0.0.251021 (38291812)
ORAWEB,19.0.0.0.0,Database Release Update : 19.13.0.0.211019 (33192793)
ORAWEBT,19.0.0.0.0,Database Release Update : 19.3.0.0.190416 (29517242)
RETRO,19.0.0.0.0,Database Release Update : 19.13.0.0.211019 (33192793)
RETRODEV,19.0.0.0.0,Database Release Update : 19.13.0.0.211019 (33192793)
RETROUAT,19.0.0.0.0,Database Release Update : 19.13.0.0.211019 (33192793)
RISCHL,19.0.0.0.0,Database Release Update : 19.13.0.0.211019 (33192793)
