0,-1,,Active Data Guard,NO_USAGE,20220129,,,CHC,SAPCHCDB
0,-1,,Active Data Guard,NO_USAGE,20220129,,,CHL,SAPCHLDB
0,-1,,Active Data Guard,NO_USAGE,20260531,,,BJ1,SAPBWL01-PI
0,-1,,Active Data Guard,NO_USAGE,20260531,,,RETRODEV,ORARETRO-DEV
0,-1,,Active Data Guard,NO_USAGE,20260531,,,RETROUAT,ORARETRO-UAT
0,-1,,Active Data Guard,NO_USAGE,20260606,,,BA1,SAPBWL01-PI
0,-1,,Active Data Guard,NO_USAGE,20260606,,,BA3,SAPBWN01-PD
0,-1,,Active Data Guard,NO_USAGE,20260606,,,BJ3,SAPBWN01-PD
0,-1,,Active Data Guard,NO_USAGE,20260606,,,BW1,BWCHEMPROD
0,-1,,Active Data Guard,NO_USAGE,20260606,,,CYBERDEV,Ora-DEV
0,-1,,Active Data Guard,NO_USAGE,20260606,,,CYBERLAB,OraCyberlab-Prod
0,-1,,Active Data Guard,NO_USAGE,20260606,,,DIM,ORALEGACY
0,-1,,Active Data Guard,NO_USAGE,20260606,,,ENNOVT,Ora-DEV
0,-1,,Active Data Guard,NO_USAGE,20260606,,,HYDTEST,Ora-DEV
0,-1,,Active Data Guard,NO_USAGE,20260606,,,MIRTH,OraMirth-Prod
0,-1,,Active Data Guard,NO_USAGE,20260606,,,MIRTHT,Ora-DEV
0,-1,,Active Data Guard,NO_USAGE,20260606,,,NJ3,SAPBWN01-TD
0,-1,,Active Data Guard,NO_USAGE,20260606,,,OEM,OEMSRV
0,-1,,Active Data Guard,NO_USAGE,20260606,,,ORAWEBT,Ora-DEV
0,-1,,Active Data Guard,NO_USAGE,20260606,,,RETRO,ORARETRO-PROD
0,-1,,Active Data Guard,NO_USAGE,20260606,,,RISCHL,ORALEGACY
0,-1,,Active Data Guard,NO_USAGE,20260606,,,SHERDEV,Ora-DEV
0,-1,,Active Data Guard,NO_USAGE,20260607,,,ENNOV,OraEnnov-PROD
0,-1,,Active Data Guard,NO_USAGE,20260607,,,HYDPRDG5,OraHydMedia-Prod
0,-1,,Active Data Guard,NO_USAGE,20260607,,,LABODEV,OraLabo-Dev
0,-1,,Active Data Guard,NO_USAGE,20260607,,,LABO,OraLabo-Prod
0,-1,,Active Data Guard,NO_USAGE,20260607,,,LABOTEST,OraLabo-Dev
0,-1,,Active Data Guard,NO_USAGE,20260607,,,NA3,SAPBWN01-TD
0,-1,,Active Data Guard,NO_USAGE,20260607,,,ORAWEB,ORAAPPSDBS01-PI
0,-1,,Active Data Guard,NO_USAGE,20260607,,,SHERLOCK,OraSherlock-Prod
0,-1,,Active Data Guard or Real Application Clusters,NO_USAGE,20220129,,,CHC,SAPCHCDB
0,-1,,Active Data Guard or Real Application Clusters,NO_USAGE,20220129,,,CHL,SAPCHLDB
0,-1,,Active Data Guard or Real Application Clusters,NO_USAGE,20260531,,,BJ1,SAPBWL01-PI
0,-1,,Active Data Guard or Real Application Clusters,NO_USAGE,20260531,,,RETRODEV,ORARETRO-DEV
0,-1,,Active Data Guard or Real Application Clusters,NO_USAGE,20260531,,,RETROUAT,ORARETRO-UAT
0,-1,,Active Data Guard or Real Application Clusters,NO_USAGE,20260606,,,BA1,SAPBWL01-PI
0,-1,,Active Data Guard or Real Application Clusters,NO_USAGE,20260606,,,BA3,SAPBWN01-PD
0,-1,,Active Data Guard or Real Application Clusters,NO_USAGE,20260606,,,BJ3,SAPBWN01-PD
0,-1,,Active Data Guard or Real Application Clusters,NO_USAGE,20260606,,,BW1,BWCHEMPROD
0,-1,,Active Data Guard or Real Application Clusters,NO_USAGE,20260606,,,CYBERDEV,Ora-DEV
0,-1,,Active Data Guard or Real Application Clusters,NO_USAGE,20260606,,,CYBERLAB,OraCyberlab-Prod
0,-1,,Active Data Guard or Real Application Clusters,NO_USAGE,20260606,,,DIM,ORALEGACY
0,-1,,Active Data Guard or Real Application Clusters,NO_USAGE,20260606,,,ENNOVT,Ora-DEV
0,-1,,Active Data Guard or Real Application Clusters,NO_USAGE,20260606,,,HYDTEST,Ora-DEV
0,-1,,Active Data Guard or Real Application Clusters,NO_USAGE,20260606,,,MIRTH,OraMirth-Prod
0,-1,,Active Data Guard or Real Application Clusters,NO_USAGE,20260606,,,MIRTHT,Ora-DEV
0,-1,,Active Data Guard or Real Application Clusters,NO_USAGE,20260606,,,NJ3,SAPBWN01-TD
0,-1,,Active Data Guard or Real Application Clusters,NO_USAGE,20260606,,,OEM,OEMSRV
0,-1,,Active Data Guard or Real Application Clusters,NO_USAGE,20260606,,,ORAWEBT,Ora-DEV
0,-1,,Active Data Guard or Real Application Clusters,NO_USAGE,20260606,,,RETRO,ORARETRO-PROD
0,-1,,Active Data Guard or Real Application Clusters,NO_USAGE,20260606,,,RISCHL,ORALEGACY
0,-1,,Active Data Guard or Real Application Clusters,NO_USAGE,20260606,,,SHERDEV,Ora-DEV
0,-1,,Active Data Guard or Real Application Clusters,NO_USAGE,20260607,,,ENNOV,OraEnnov-PROD
0,-1,,Active Data Guard or Real Application Clusters,NO_USAGE,20260607,,,HYDPRDG5,OraHydMedia-Prod
0,-1,,Active Data Guard or Real Application Clusters,NO_USAGE,20260607,,,LABODEV,OraLabo-Dev
0,-1,,Active Data Guard or Real Application Clusters,NO_USAGE,20260607,,,LABO,OraLabo-Prod
0,-1,,Active Data Guard or Real Application Clusters,NO_USAGE,20260607,,,LABOTEST,OraLabo-Dev
0,-1,,Active Data Guard or Real Application Clusters,NO_USAGE,20260607,,,NA3,SAPBWN01-TD
0,-1,,Active Data Guard or Real Application Clusters,NO_USAGE,20260607,,,ORAWEB,ORAAPPSDBS01-PI
0,-1,,Active Data Guard or Real Application Clusters,NO_USAGE,20260607,,,SHERLOCK,OraSherlock-Prod
0,-1,,Advanced Analytics,NO_USAGE,20220129,,,CHC,SAPCHCDB
0,-1,,Advanced Analytics,NO_USAGE,20220129,,,CHL,SAPCHLDB
0,-1,,Advanced Analytics,NO_USAGE,20260531,,,BJ1,SAPBWL01-PI
0,-1,,Advanced Analytics,NO_USAGE,20260531,,,RETRODEV,ORARETRO-DEV
0,-1,,Advanced Analytics,NO_USAGE,20260531,,,RETROUAT,ORARETRO-UAT
0,-1,,Advanced Analytics,NO_USAGE,20260606,,,BA1,SAPBWL01-PI
0,-1,,Advanced Analytics,NO_USAGE,20260606,,,BA3,SAPBWN01-PD
0,-1,,Advanced Analytics,NO_USAGE,20260606,,,BJ3,SAPBWN01-PD
0,-1,,Advanced Analytics,NO_USAGE,20260606,,,BW1,BWCHEMPROD
0,-1,,Advanced Analytics,NO_USAGE,20260606,,,CYBERDEV,Ora-DEV
0,-1,,Advanced Analytics,NO_USAGE,20260606,,,CYBERLAB,OraCyberlab-Prod
0,-1,,Advanced Analytics,NO_USAGE,20260606,,,DIM,ORALEGACY
0,-1,,Advanced Analytics,NO_USAGE,20260606,,,ENNOVT,Ora-DEV
0,-1,,Advanced Analytics,NO_USAGE,20260606,,,HYDTEST,Ora-DEV
0,-1,,Advanced Analytics,NO_USAGE,20260606,,,MIRTH,OraMirth-Prod
0,-1,,Advanced Analytics,NO_USAGE,20260606,,,MIRTHT,Ora-DEV
0,-1,,Advanced Analytics,NO_USAGE,20260606,,,NJ3,SAPBWN01-TD
0,-1,,Advanced Analytics,NO_USAGE,20260606,,,OEM,OEMSRV
0,-1,,Advanced Analytics,NO_USAGE,20260606,,,ORAWEBT,Ora-DEV
0,-1,,Advanced Analytics,NO_USAGE,20260606,,,RETRO,ORARETRO-PROD
0,-1,,Advanced Analytics,NO_USAGE,20260606,,,RISCHL,ORALEGACY
0,-1,,Advanced Analytics,NO_USAGE,20260606,,,SHERDEV,Ora-DEV
0,-1,,Advanced Analytics,NO_USAGE,20260607,,,ENNOV,OraEnnov-PROD
0,-1,,Advanced Analytics,NO_USAGE,20260607,,,HYDPRDG5,OraHydMedia-Prod
0,-1,,Advanced Analytics,NO_USAGE,20260607,,,LABODEV,OraLabo-Dev
0,-1,,Advanced Analytics,NO_USAGE,20260607,,,LABO,OraLabo-Prod
0,-1,,Advanced Analytics,NO_USAGE,20260607,,,LABOTEST,OraLabo-Dev
0,-1,,Advanced Analytics,NO_USAGE,20260607,,,NA3,SAPBWN01-TD
0,-1,,Advanced Analytics,NO_USAGE,20260607,,,ORAWEB,ORAAPPSDBS01-PI
0,-1,,Advanced Analytics,NO_USAGE,20260607,,,SHERLOCK,OraSherlock-Prod
0,-1,,Advanced Compression,CURRENT_USAGE,20220129,20220129,20220129,CHC,SAPCHCDB
0,-1,,Advanced Compression,CURRENT_USAGE,20220129,20220129,20220129,CHL,SAPCHLDB
0,-1,,Advanced Compression,CURRENT_USAGE,20260531,20250126,20260531,BJ1,SAPBWL01-PI
0,-1,,Advanced Compression,CURRENT_USAGE,20260606,20210922,20260606,OEM,OEMSRV
0,-1,,Advanced Compression,CURRENT_USAGE,20260606,20231129,20260606,BW1,BWCHEMPROD
0,-1,,Advanced Compression,CURRENT_USAGE,20260606,20240116,20260606,NJ3,SAPBWN01-TD
0,-1,,Advanced Compression,CURRENT_USAGE,20260606,20250123,20260606,BA1,SAPBWL01-PI
0,-1,,Advanced Compression,CURRENT_USAGE,20260606,20250410,20260606,BA3,SAPBWN01-PD
0,-1,,Advanced Compression,CURRENT_USAGE,20260606,20250410,20260606,BJ3,SAPBWN01-PD
0,-1,,Advanced Compression,CURRENT_USAGE,20260607,20240110,20260607,NA3,SAPBWN01-TD
0,-1,,Advanced Compression,NO_USAGE,20260531,,,RETRODEV,ORARETRO-DEV
0,-1,,Advanced Compression,NO_USAGE,20260531,,,RETROUAT,ORARETRO-UAT
0,-1,,Advanced Compression,NO_USAGE,20260606,,,CYBERDEV,Ora-DEV
0,-1,,Advanced Compression,NO_USAGE,20260606,,,CYBERLAB,OraCyberlab-Prod
0,-1,,Advanced Compression,NO_USAGE,20260606,,,DIM,ORALEGACY
0,-1,,Advanced Compression,NO_USAGE,20260606,,,ENNOVT,Ora-DEV
0,-1,,Advanced Compression,NO_USAGE,20260606,,,HYDTEST,Ora-DEV
0,-1,,Advanced Compression,NO_USAGE,20260606,,,MIRTH,OraMirth-Prod
0,-1,,Advanced Compression,NO_USAGE,20260606,,,MIRTHT,Ora-DEV
0,-1,,Advanced Compression,NO_USAGE,20260606,,,ORAWEBT,Ora-DEV
0,-1,,Advanced Compression,NO_USAGE,20260606,,,RETRO,ORARETRO-PROD
0,-1,,Advanced Compression,NO_USAGE,20260606,,,RISCHL,ORALEGACY
0,-1,,Advanced Compression,NO_USAGE,20260606,,,SHERDEV,Ora-DEV
0,-1,,Advanced Compression,NO_USAGE,20260607,,,ENNOV,OraEnnov-PROD
0,-1,,Advanced Compression,NO_USAGE,20260607,,,HYDPRDG5,OraHydMedia-Prod
0,-1,,Advanced Compression,NO_USAGE,20260607,,,LABODEV,OraLabo-Dev
0,-1,,Advanced Compression,NO_USAGE,20260607,,,LABO,OraLabo-Prod
0,-1,,Advanced Compression,NO_USAGE,20260607,,,LABOTEST,OraLabo-Dev
0,-1,,Advanced Compression,NO_USAGE,20260607,,,ORAWEB,ORAAPPSDBS01-PI
0,-1,,Advanced Compression,NO_USAGE,20260607,,,SHERLOCK,OraSherlock-Prod
0,-1,,Advanced Security,NO_USAGE,20220129,,,CHC,SAPCHCDB
0,-1,,Advanced Security,NO_USAGE,20220129,,,CHL,SAPCHLDB
0,-1,,Advanced Security,NO_USAGE,20260531,,,BJ1,SAPBWL01-PI
0,-1,,Advanced Security,NO_USAGE,20260531,,,RETRODEV,ORARETRO-DEV
0,-1,,Advanced Security,NO_USAGE,20260531,,,RETROUAT,ORARETRO-UAT
0,-1,,Advanced Security,NO_USAGE,20260606,,,BA1,SAPBWL01-PI
0,-1,,Advanced Security,NO_USAGE,20260606,,,BA3,SAPBWN01-PD
0,-1,,Advanced Security,NO_USAGE,20260606,,,BJ3,SAPBWN01-PD
0,-1,,Advanced Security,NO_USAGE,20260606,,,BW1,BWCHEMPROD
0,-1,,Advanced Security,NO_USAGE,20260606,,,CYBERDEV,Ora-DEV
0,-1,,Advanced Security,NO_USAGE,20260606,,,CYBERLAB,OraCyberlab-Prod
0,-1,,Advanced Security,NO_USAGE,20260606,,,DIM,ORALEGACY
0,-1,,Advanced Security,NO_USAGE,20260606,,,ENNOVT,Ora-DEV
0,-1,,Advanced Security,NO_USAGE,20260606,,,HYDTEST,Ora-DEV
0,-1,,Advanced Security,NO_USAGE,20260606,,,MIRTH,OraMirth-Prod
0,-1,,Advanced Security,NO_USAGE,20260606,,,MIRTHT,Ora-DEV
0,-1,,Advanced Security,NO_USAGE,20260606,,,NJ3,SAPBWN01-TD
0,-1,,Advanced Security,NO_USAGE,20260606,,,OEM,OEMSRV
0,-1,,Advanced Security,NO_USAGE,20260606,,,ORAWEBT,Ora-DEV
0,-1,,Advanced Security,NO_USAGE,20260606,,,RETRO,ORARETRO-PROD
0,-1,,Advanced Security,NO_USAGE,20260606,,,RISCHL,ORALEGACY
0,-1,,Advanced Security,NO_USAGE,20260606,,,SHERDEV,Ora-DEV
0,-1,,Advanced Security,NO_USAGE,20260607,,,ENNOV,OraEnnov-PROD
0,-1,,Advanced Security,NO_USAGE,20260607,,,HYDPRDG5,OraHydMedia-Prod
0,-1,,Advanced Security,NO_USAGE,20260607,,,LABODEV,OraLabo-Dev
0,-1,,Advanced Security,NO_USAGE,20260607,,,LABO,OraLabo-Prod
0,-1,,Advanced Security,NO_USAGE,20260607,,,LABOTEST,OraLabo-Dev
0,-1,,Advanced Security,NO_USAGE,20260607,,,NA3,SAPBWN01-TD
0,-1,,Advanced Security,NO_USAGE,20260607,,,ORAWEB,ORAAPPSDBS01-PI
0,-1,,Advanced Security,NO_USAGE,20260607,,,SHERLOCK,OraSherlock-Prod
0,-1,,.Database Gateway,CURRENT_USAGE,20260531,20230121,20260531,RETRODEV,ORARETRO-DEV
0,-1,,.Database Gateway,NO_USAGE,20220129,,,CHC,SAPCHCDB
0,-1,,.Database Gateway,NO_USAGE,20220129,,,CHL,SAPCHLDB
0,-1,,.Database Gateway,NO_USAGE,20260531,,,BJ1,SAPBWL01-PI
0,-1,,.Database Gateway,NO_USAGE,20260531,,,RETROUAT,ORARETRO-UAT
0,-1,,.Database Gateway,NO_USAGE,20260606,,,BA1,SAPBWL01-PI
0,-1,,.Database Gateway,NO_USAGE,20260606,,,BA3,SAPBWN01-PD
0,-1,,.Database Gateway,NO_USAGE,20260606,,,BJ3,SAPBWN01-PD
0,-1,,.Database Gateway,NO_USAGE,20260606,,,BW1,BWCHEMPROD
0,-1,,.Database Gateway,NO_USAGE,20260606,,,CYBERDEV,Ora-DEV
0,-1,,.Database Gateway,NO_USAGE,20260606,,,CYBERLAB,OraCyberlab-Prod
0,-1,,.Database Gateway,NO_USAGE,20260606,,,DIM,ORALEGACY
0,-1,,.Database Gateway,NO_USAGE,20260606,,,ENNOVT,Ora-DEV
0,-1,,.Database Gateway,NO_USAGE,20260606,,,HYDTEST,Ora-DEV
0,-1,,.Database Gateway,NO_USAGE,20260606,,,MIRTH,OraMirth-Prod
0,-1,,.Database Gateway,NO_USAGE,20260606,,,MIRTHT,Ora-DEV
0,-1,,.Database Gateway,NO_USAGE,20260606,,,NJ3,SAPBWN01-TD
0,-1,,.Database Gateway,NO_USAGE,20260606,,,OEM,OEMSRV
0,-1,,.Database Gateway,NO_USAGE,20260606,,,ORAWEBT,Ora-DEV
0,-1,,.Database Gateway,NO_USAGE,20260606,,,RETRO,ORARETRO-PROD
0,-1,,.Database Gateway,NO_USAGE,20260606,,,RISCHL,ORALEGACY
0,-1,,.Database Gateway,NO_USAGE,20260606,,,SHERDEV,Ora-DEV
0,-1,,.Database Gateway,NO_USAGE,20260607,,,ENNOV,OraEnnov-PROD
0,-1,,.Database Gateway,NO_USAGE,20260607,,,HYDPRDG5,OraHydMedia-Prod
0,-1,,.Database Gateway,NO_USAGE,20260607,,,LABODEV,OraLabo-Dev
0,-1,,.Database Gateway,NO_USAGE,20260607,,,LABO,OraLabo-Prod
0,-1,,.Database Gateway,NO_USAGE,20260607,,,LABOTEST,OraLabo-Dev
0,-1,,.Database Gateway,NO_USAGE,20260607,,,NA3,SAPBWN01-TD
0,-1,,.Database Gateway,NO_USAGE,20260607,,,ORAWEB,ORAAPPSDBS01-PI
0,-1,,.Database Gateway,NO_USAGE,20260607,,,SHERLOCK,OraSherlock-Prod
0,-1,,Database In-Memory,NO_USAGE,20220129,,,CHC,SAPCHCDB
0,-1,,Database In-Memory,NO_USAGE,20220129,,,CHL,SAPCHLDB
0,-1,,Database In-Memory,NO_USAGE,20260531,,,BJ1,SAPBWL01-PI
0,-1,,Database In-Memory,NO_USAGE,20260531,,,RETRODEV,ORARETRO-DEV
0,-1,,Database In-Memory,NO_USAGE,20260531,,,RETROUAT,ORARETRO-UAT
0,-1,,Database In-Memory,NO_USAGE,20260606,,,BA1,SAPBWL01-PI
0,-1,,Database In-Memory,NO_USAGE,20260606,,,BA3,SAPBWN01-PD
0,-1,,Database In-Memory,NO_USAGE,20260606,,,BJ3,SAPBWN01-PD
0,-1,,Database In-Memory,NO_USAGE,20260606,,,BW1,BWCHEMPROD
0,-1,,Database In-Memory,NO_USAGE,20260606,,,CYBERDEV,Ora-DEV
0,-1,,Database In-Memory,NO_USAGE,20260606,,,CYBERLAB,OraCyberlab-Prod
0,-1,,Database In-Memory,NO_USAGE,20260606,,,DIM,ORALEGACY
0,-1,,Database In-Memory,NO_USAGE,20260606,,,ENNOVT,Ora-DEV
0,-1,,Database In-Memory,NO_USAGE,20260606,,,HYDTEST,Ora-DEV
0,-1,,Database In-Memory,NO_USAGE,20260606,,,MIRTH,OraMirth-Prod
0,-1,,Database In-Memory,NO_USAGE,20260606,,,MIRTHT,Ora-DEV
0,-1,,Database In-Memory,NO_USAGE,20260606,,,NJ3,SAPBWN01-TD
0,-1,,Database In-Memory,NO_USAGE,20260606,,,OEM,OEMSRV
0,-1,,Database In-Memory,NO_USAGE,20260606,,,ORAWEBT,Ora-DEV
0,-1,,Database In-Memory,NO_USAGE,20260606,,,RETRO,ORARETRO-PROD
0,-1,,Database In-Memory,NO_USAGE,20260606,,,RISCHL,ORALEGACY
0,-1,,Database In-Memory,NO_USAGE,20260606,,,SHERDEV,Ora-DEV
0,-1,,Database In-Memory,NO_USAGE,20260607,,,ENNOV,OraEnnov-PROD
0,-1,,Database In-Memory,NO_USAGE,20260607,,,HYDPRDG5,OraHydMedia-Prod
0,-1,,Database In-Memory,NO_USAGE,20260607,,,LABODEV,OraLabo-Dev
0,-1,,Database In-Memory,NO_USAGE,20260607,,,LABO,OraLabo-Prod
0,-1,,Database In-Memory,NO_USAGE,20260607,,,LABOTEST,OraLabo-Dev
0,-1,,Database In-Memory,NO_USAGE,20260607,,,NA3,SAPBWN01-TD
0,-1,,Database In-Memory,NO_USAGE,20260607,,,ORAWEB,ORAAPPSDBS01-PI
0,-1,,Database In-Memory,NO_USAGE,20260607,,,SHERLOCK,OraSherlock-Prod
0,-1,,Database Vault,NO_USAGE,20220129,,,CHC,SAPCHCDB
0,-1,,Database Vault,NO_USAGE,20220129,,,CHL,SAPCHLDB
0,-1,,Database Vault,NO_USAGE,20260531,,,BJ1,SAPBWL01-PI
0,-1,,Database Vault,NO_USAGE,20260531,,,RETRODEV,ORARETRO-DEV
0,-1,,Database Vault,NO_USAGE,20260531,,,RETROUAT,ORARETRO-UAT
0,-1,,Database Vault,NO_USAGE,20260606,,,BA1,SAPBWL01-PI
0,-1,,Database Vault,NO_USAGE,20260606,,,BA3,SAPBWN01-PD
0,-1,,Database Vault,NO_USAGE,20260606,,,BJ3,SAPBWN01-PD
0,-1,,Database Vault,NO_USAGE,20260606,,,BW1,BWCHEMPROD
0,-1,,Database Vault,NO_USAGE,20260606,,,CYBERDEV,Ora-DEV
0,-1,,Database Vault,NO_USAGE,20260606,,,CYBERLAB,OraCyberlab-Prod
0,-1,,Database Vault,NO_USAGE,20260606,,,DIM,ORALEGACY
0,-1,,Database Vault,NO_USAGE,20260606,,,ENNOVT,Ora-DEV
0,-1,,Database Vault,NO_USAGE,20260606,,,HYDTEST,Ora-DEV
0,-1,,Database Vault,NO_USAGE,20260606,,,MIRTH,OraMirth-Prod
0,-1,,Database Vault,NO_USAGE,20260606,,,MIRTHT,Ora-DEV
0,-1,,Database Vault,NO_USAGE,20260606,,,NJ3,SAPBWN01-TD
0,-1,,Database Vault,NO_USAGE,20260606,,,OEM,OEMSRV
0,-1,,Database Vault,NO_USAGE,20260606,,,ORAWEBT,Ora-DEV
0,-1,,Database Vault,NO_USAGE,20260606,,,RETRO,ORARETRO-PROD
0,-1,,Database Vault,NO_USAGE,20260606,,,RISCHL,ORALEGACY
0,-1,,Database Vault,NO_USAGE,20260606,,,SHERDEV,Ora-DEV
0,-1,,Database Vault,NO_USAGE,20260607,,,ENNOV,OraEnnov-PROD
0,-1,,Database Vault,NO_USAGE,20260607,,,HYDPRDG5,OraHydMedia-Prod
0,-1,,Database Vault,NO_USAGE,20260607,,,LABODEV,OraLabo-Dev
0,-1,,Database Vault,NO_USAGE,20260607,,,LABO,OraLabo-Prod
0,-1,,Database Vault,NO_USAGE,20260607,,,LABOTEST,OraLabo-Dev
0,-1,,Database Vault,NO_USAGE,20260607,,,NA3,SAPBWN01-TD
0,-1,,Database Vault,NO_USAGE,20260607,,,ORAWEB,ORAAPPSDBS01-PI
0,-1,,Database Vault,NO_USAGE,20260607,,,SHERLOCK,OraSherlock-Prod
0,-1,,Diagnostics Pack,NO_USAGE,20220129,,,CHC,SAPCHCDB
0,-1,,Diagnostics Pack,NO_USAGE,20220129,,,CHL,SAPCHLDB
0,-1,,Diagnostics Pack,NO_USAGE,20260531,,,BJ1,SAPBWL01-PI
0,-1,,Diagnostics Pack,NO_USAGE,20260606,,,BA1,SAPBWL01-PI
0,-1,,Diagnostics Pack,NO_USAGE,20260606,,,BA3,SAPBWN01-PD
0,-1,,Diagnostics Pack,NO_USAGE,20260606,,,BJ3,SAPBWN01-PD
0,-1,,Diagnostics Pack,NO_USAGE,20260606,,,BW1,BWCHEMPROD
0,-1,,Diagnostics Pack,NO_USAGE,20260606,,,DIM,ORALEGACY
0,-1,,Diagnostics Pack,NO_USAGE,20260606,,,ENNOVT,Ora-DEV
0,-1,,Diagnostics Pack,NO_USAGE,20260606,,,HYDTEST,Ora-DEV
0,-1,,Diagnostics Pack,NO_USAGE,20260606,,,MIRTHT,Ora-DEV
0,-1,,Diagnostics Pack,NO_USAGE,20260606,,,NJ3,SAPBWN01-TD
0,-1,,Diagnostics Pack,NO_USAGE,20260606,,,OEM,OEMSRV
0,-1,,Diagnostics Pack,NO_USAGE,20260606,,,RETRO,ORARETRO-PROD
0,-1,,Diagnostics Pack,NO_USAGE,20260606,,,RISCHL,ORALEGACY
0,-1,,Diagnostics Pack,NO_USAGE,20260606,,,SHERDEV,Ora-DEV
0,-1,,Diagnostics Pack,NO_USAGE,20260607,,,ENNOV,OraEnnov-PROD
0,-1,,Diagnostics Pack,NO_USAGE,20260607,,,NA3,SAPBWN01-TD
0,-1,,Diagnostics Pack,NO_USAGE,20260607,,,SHERLOCK,OraSherlock-Prod
0,-1,,Diagnostics Pack,PAST_USAGE,20260531,20211211,20211211,RETROUAT,ORARETRO-UAT
0,-1,,Diagnostics Pack,PAST_USAGE,20260531,20240317,20240317,RETRODEV,ORARETRO-DEV
0,-1,,Diagnostics Pack,PAST_USAGE,20260606,20181120,20181120,ORAWEBT,Ora-DEV
0,-1,,Diagnostics Pack,PAST_USAGE,20260606,20190405,20250913,CYBERDEV,Ora-DEV
0,-1,,Diagnostics Pack,PAST_USAGE,20260606,20190405,20250913,CYBERLAB,OraCyberlab-Prod
0,-1,,Diagnostics Pack,PAST_USAGE,20260606,20241106,20241127,MIRTH,OraMirth-Prod
0,-1,,Diagnostics Pack,PAST_USAGE,20260607,20181120,20260306,ORAWEB,ORAAPPSDBS01-PI
0,-1,,Diagnostics Pack,PAST_USAGE,20260607,20220226,20250913,LABODEV,OraLabo-Dev
0,-1,,Diagnostics Pack,PAST_USAGE,20260607,20220226,20250914,LABOTEST,OraLabo-Dev
0,-1,,Diagnostics Pack,PAST_USAGE,20260607,20220226,20260322,LABO,OraLabo-Prod
0,-1,,Diagnostics Pack,PAST_USAGE,20260607,20221006,20230611,HYDPRDG5,OraHydMedia-Prod
0,-1,,.Exadata,NO_USAGE,20220129,,,CHC,SAPCHCDB
0,-1,,.Exadata,NO_USAGE,20220129,,,CHL,SAPCHLDB
0,-1,,.Exadata,NO_USAGE,20260531,,,BJ1,SAPBWL01-PI
0,-1,,.Exadata,NO_USAGE,20260531,,,RETRODEV,ORARETRO-DEV
0,-1,,.Exadata,NO_USAGE,20260531,,,RETROUAT,ORARETRO-UAT
0,-1,,.Exadata,NO_USAGE,20260606,,,BA1,SAPBWL01-PI
0,-1,,.Exadata,NO_USAGE,20260606,,,BA3,SAPBWN01-PD
0,-1,,.Exadata,NO_USAGE,20260606,,,BJ3,SAPBWN01-PD
0,-1,,.Exadata,NO_USAGE,20260606,,,BW1,BWCHEMPROD
0,-1,,.Exadata,NO_USAGE,20260606,,,CYBERDEV,Ora-DEV
0,-1,,.Exadata,NO_USAGE,20260606,,,CYBERLAB,OraCyberlab-Prod
0,-1,,.Exadata,NO_USAGE,20260606,,,DIM,ORALEGACY
0,-1,,.Exadata,NO_USAGE,20260606,,,ENNOVT,Ora-DEV
0,-1,,.Exadata,NO_USAGE,20260606,,,HYDTEST,Ora-DEV
0,-1,,.Exadata,NO_USAGE,20260606,,,MIRTH,OraMirth-Prod
0,-1,,.Exadata,NO_USAGE,20260606,,,MIRTHT,Ora-DEV
0,-1,,.Exadata,NO_USAGE,20260606,,,NJ3,SAPBWN01-TD
0,-1,,.Exadata,NO_USAGE,20260606,,,OEM,OEMSRV
0,-1,,.Exadata,NO_USAGE,20260606,,,ORAWEBT,Ora-DEV
0,-1,,.Exadata,NO_USAGE,20260606,,,RETRO,ORARETRO-PROD
0,-1,,.Exadata,NO_USAGE,20260606,,,RISCHL,ORALEGACY
0,-1,,.Exadata,NO_USAGE,20260606,,,SHERDEV,Ora-DEV
0,-1,,.Exadata,NO_USAGE,20260607,,,ENNOV,OraEnnov-PROD
0,-1,,.Exadata,NO_USAGE,20260607,,,HYDPRDG5,OraHydMedia-Prod
0,-1,,.Exadata,NO_USAGE,20260607,,,LABODEV,OraLabo-Dev
0,-1,,.Exadata,NO_USAGE,20260607,,,LABO,OraLabo-Prod
0,-1,,.Exadata,NO_USAGE,20260607,,,LABOTEST,OraLabo-Dev
0,-1,,.Exadata,NO_USAGE,20260607,,,NA3,SAPBWN01-TD
0,-1,,.Exadata,NO_USAGE,20260607,,,ORAWEB,ORAAPPSDBS01-PI
0,-1,,.Exadata,NO_USAGE,20260607,,,SHERLOCK,OraSherlock-Prod
0,-1,,.GoldenGate,NO_USAGE,20220129,,,CHC,SAPCHCDB
0,-1,,.GoldenGate,NO_USAGE,20220129,,,CHL,SAPCHLDB
0,-1,,.GoldenGate,NO_USAGE,20260531,,,BJ1,SAPBWL01-PI
0,-1,,.GoldenGate,NO_USAGE,20260531,,,RETRODEV,ORARETRO-DEV
0,-1,,.GoldenGate,NO_USAGE,20260531,,,RETROUAT,ORARETRO-UAT
0,-1,,.GoldenGate,NO_USAGE,20260606,,,BA1,SAPBWL01-PI
0,-1,,.GoldenGate,NO_USAGE,20260606,,,BA3,SAPBWN01-PD
0,-1,,.GoldenGate,NO_USAGE,20260606,,,BJ3,SAPBWN01-PD
0,-1,,.GoldenGate,NO_USAGE,20260606,,,BW1,BWCHEMPROD
0,-1,,.GoldenGate,NO_USAGE,20260606,,,CYBERDEV,Ora-DEV
0,-1,,.GoldenGate,NO_USAGE,20260606,,,CYBERLAB,OraCyberlab-Prod
0,-1,,.GoldenGate,NO_USAGE,20260606,,,DIM,ORALEGACY
0,-1,,.GoldenGate,NO_USAGE,20260606,,,ENNOVT,Ora-DEV
0,-1,,.GoldenGate,NO_USAGE,20260606,,,HYDTEST,Ora-DEV
0,-1,,.GoldenGate,NO_USAGE,20260606,,,MIRTH,OraMirth-Prod
0,-1,,.GoldenGate,NO_USAGE,20260606,,,MIRTHT,Ora-DEV
0,-1,,.GoldenGate,NO_USAGE,20260606,,,NJ3,SAPBWN01-TD
0,-1,,.GoldenGate,NO_USAGE,20260606,,,OEM,OEMSRV
0,-1,,.GoldenGate,NO_USAGE,20260606,,,ORAWEBT,Ora-DEV
0,-1,,.GoldenGate,NO_USAGE,20260606,,,RETRO,ORARETRO-PROD
0,-1,,.GoldenGate,NO_USAGE,20260606,,,RISCHL,ORALEGACY
0,-1,,.GoldenGate,NO_USAGE,20260606,,,SHERDEV,Ora-DEV
0,-1,,.GoldenGate,NO_USAGE,20260607,,,ENNOV,OraEnnov-PROD
0,-1,,.GoldenGate,NO_USAGE,20260607,,,HYDPRDG5,OraHydMedia-Prod
0,-1,,.GoldenGate,NO_USAGE,20260607,,,LABODEV,OraLabo-Dev
0,-1,,.GoldenGate,NO_USAGE,20260607,,,LABO,OraLabo-Prod
0,-1,,.GoldenGate,NO_USAGE,20260607,,,LABOTEST,OraLabo-Dev
0,-1,,.GoldenGate,NO_USAGE,20260607,,,NA3,SAPBWN01-TD
0,-1,,.GoldenGate,NO_USAGE,20260607,,,ORAWEB,ORAAPPSDBS01-PI
0,-1,,.GoldenGate,NO_USAGE,20260607,,,SHERLOCK,OraSherlock-Prod
0,-1,,.HW,NO_USAGE,20220129,,,CHC,SAPCHCDB
0,-1,,.HW,NO_USAGE,20220129,,,CHL,SAPCHLDB
0,-1,,.HW,NO_USAGE,20260531,,,BJ1,SAPBWL01-PI
0,-1,,.HW,NO_USAGE,20260531,,,RETRODEV,ORARETRO-DEV
0,-1,,.HW,NO_USAGE,20260531,,,RETROUAT,ORARETRO-UAT
0,-1,,.HW,NO_USAGE,20260606,,,BA1,SAPBWL01-PI
0,-1,,.HW,NO_USAGE,20260606,,,BA3,SAPBWN01-PD
0,-1,,.HW,NO_USAGE,20260606,,,BJ3,SAPBWN01-PD
0,-1,,.HW,NO_USAGE,20260606,,,BW1,BWCHEMPROD
0,-1,,.HW,NO_USAGE,20260606,,,CYBERDEV,Ora-DEV
0,-1,,.HW,NO_USAGE,20260606,,,CYBERLAB,OraCyberlab-Prod
0,-1,,.HW,NO_USAGE,20260606,,,DIM,ORALEGACY
0,-1,,.HW,NO_USAGE,20260606,,,ENNOVT,Ora-DEV
0,-1,,.HW,NO_USAGE,20260606,,,HYDTEST,Ora-DEV
0,-1,,.HW,NO_USAGE,20260606,,,MIRTH,OraMirth-Prod
0,-1,,.HW,NO_USAGE,20260606,,,MIRTHT,Ora-DEV
0,-1,,.HW,NO_USAGE,20260606,,,NJ3,SAPBWN01-TD
0,-1,,.HW,NO_USAGE,20260606,,,OEM,OEMSRV
0,-1,,.HW,NO_USAGE,20260606,,,ORAWEBT,Ora-DEV
0,-1,,.HW,NO_USAGE,20260606,,,RETRO,ORARETRO-PROD
0,-1,,.HW,NO_USAGE,20260606,,,RISCHL,ORALEGACY
0,-1,,.HW,NO_USAGE,20260606,,,SHERDEV,Ora-DEV
0,-1,,.HW,NO_USAGE,20260607,,,ENNOV,OraEnnov-PROD
0,-1,,.HW,NO_USAGE,20260607,,,HYDPRDG5,OraHydMedia-Prod
0,-1,,.HW,NO_USAGE,20260607,,,LABODEV,OraLabo-Dev
0,-1,,.HW,NO_USAGE,20260607,,,LABO,OraLabo-Prod
0,-1,,.HW,NO_USAGE,20260607,,,LABOTEST,OraLabo-Dev
0,-1,,.HW,NO_USAGE,20260607,,,NA3,SAPBWN01-TD
0,-1,,.HW,NO_USAGE,20260607,,,ORAWEB,ORAAPPSDBS01-PI
0,-1,,.HW,NO_USAGE,20260607,,,SHERLOCK,OraSherlock-Prod
0,-1,,Label Security,NO_USAGE,20220129,,,CHC,SAPCHCDB
0,-1,,Label Security,NO_USAGE,20220129,,,CHL,SAPCHLDB
0,-1,,Label Security,NO_USAGE,20260531,,,BJ1,SAPBWL01-PI
0,-1,,Label Security,NO_USAGE,20260531,,,RETRODEV,ORARETRO-DEV
0,-1,,Label Security,NO_USAGE,20260531,,,RETROUAT,ORARETRO-UAT
0,-1,,Label Security,NO_USAGE,20260606,,,BA1,SAPBWL01-PI
0,-1,,Label Security,NO_USAGE,20260606,,,BA3,SAPBWN01-PD
0,-1,,Label Security,NO_USAGE,20260606,,,BJ3,SAPBWN01-PD
0,-1,,Label Security,NO_USAGE,20260606,,,BW1,BWCHEMPROD
0,-1,,Label Security,NO_USAGE,20260606,,,CYBERDEV,Ora-DEV
0,-1,,Label Security,NO_USAGE,20260606,,,CYBERLAB,OraCyberlab-Prod
0,-1,,Label Security,NO_USAGE,20260606,,,DIM,ORALEGACY
0,-1,,Label Security,NO_USAGE,20260606,,,ENNOVT,Ora-DEV
0,-1,,Label Security,NO_USAGE,20260606,,,HYDTEST,Ora-DEV
0,-1,,Label Security,NO_USAGE,20260606,,,MIRTH,OraMirth-Prod
0,-1,,Label Security,NO_USAGE,20260606,,,MIRTHT,Ora-DEV
0,-1,,Label Security,NO_USAGE,20260606,,,NJ3,SAPBWN01-TD
0,-1,,Label Security,NO_USAGE,20260606,,,OEM,OEMSRV
0,-1,,Label Security,NO_USAGE,20260606,,,ORAWEBT,Ora-DEV
0,-1,,Label Security,NO_USAGE,20260606,,,RETRO,ORARETRO-PROD
0,-1,,Label Security,NO_USAGE,20260606,,,RISCHL,ORALEGACY
0,-1,,Label Security,NO_USAGE,20260606,,,SHERDEV,Ora-DEV
0,-1,,Label Security,NO_USAGE,20260607,,,ENNOV,OraEnnov-PROD
0,-1,,Label Security,NO_USAGE,20260607,,,HYDPRDG5,OraHydMedia-Prod
0,-1,,Label Security,NO_USAGE,20260607,,,LABODEV,OraLabo-Dev
0,-1,,Label Security,NO_USAGE,20260607,,,LABO,OraLabo-Prod
0,-1,,Label Security,NO_USAGE,20260607,,,LABOTEST,OraLabo-Dev
0,-1,,Label Security,NO_USAGE,20260607,,,NA3,SAPBWN01-TD
0,-1,,Label Security,NO_USAGE,20260607,,,ORAWEB,ORAAPPSDBS01-PI
0,-1,,Label Security,NO_USAGE,20260607,,,SHERLOCK,OraSherlock-Prod
0,-1,,OLAP,NO_USAGE,20220129,,,CHC,SAPCHCDB
0,-1,,OLAP,NO_USAGE,20220129,,,CHL,SAPCHLDB
0,-1,,OLAP,NO_USAGE,20260531,,,BJ1,SAPBWL01-PI
0,-1,,OLAP,NO_USAGE,20260531,,,RETRODEV,ORARETRO-DEV
0,-1,,OLAP,NO_USAGE,20260531,,,RETROUAT,ORARETRO-UAT
0,-1,,OLAP,NO_USAGE,20260606,,,BA1,SAPBWL01-PI
0,-1,,OLAP,NO_USAGE,20260606,,,BA3,SAPBWN01-PD
0,-1,,OLAP,NO_USAGE,20260606,,,BJ3,SAPBWN01-PD
0,-1,,OLAP,NO_USAGE,20260606,,,BW1,BWCHEMPROD
0,-1,,OLAP,NO_USAGE,20260606,,,CYBERDEV,Ora-DEV
0,-1,,OLAP,NO_USAGE,20260606,,,CYBERLAB,OraCyberlab-Prod
0,-1,,OLAP,NO_USAGE,20260606,,,DIM,ORALEGACY
0,-1,,OLAP,NO_USAGE,20260606,,,ENNOVT,Ora-DEV
0,-1,,OLAP,NO_USAGE,20260606,,,HYDTEST,Ora-DEV
0,-1,,OLAP,NO_USAGE,20260606,,,MIRTH,OraMirth-Prod
0,-1,,OLAP,NO_USAGE,20260606,,,MIRTHT,Ora-DEV
0,-1,,OLAP,NO_USAGE,20260606,,,NJ3,SAPBWN01-TD
0,-1,,OLAP,NO_USAGE,20260606,,,OEM,OEMSRV
0,-1,,OLAP,NO_USAGE,20260606,,,ORAWEBT,Ora-DEV
0,-1,,OLAP,NO_USAGE,20260606,,,RETRO,ORARETRO-PROD
0,-1,,OLAP,NO_USAGE,20260606,,,RISCHL,ORALEGACY
0,-1,,OLAP,NO_USAGE,20260606,,,SHERDEV,Ora-DEV
0,-1,,OLAP,NO_USAGE,20260607,,,ENNOV,OraEnnov-PROD
0,-1,,OLAP,NO_USAGE,20260607,,,HYDPRDG5,OraHydMedia-Prod
0,-1,,OLAP,NO_USAGE,20260607,,,LABODEV,OraLabo-Dev
0,-1,,OLAP,NO_USAGE,20260607,,,LABO,OraLabo-Prod
0,-1,,OLAP,NO_USAGE,20260607,,,LABOTEST,OraLabo-Dev
0,-1,,OLAP,NO_USAGE,20260607,,,NA3,SAPBWN01-TD
0,-1,,OLAP,NO_USAGE,20260607,,,ORAWEB,ORAAPPSDBS01-PI
0,-1,,OLAP,NO_USAGE,20260607,,,SHERLOCK,OraSherlock-Prod
0,-1,,Partitioning,CURRENT_USAGE,20260606,20210922,20260606,OEM,OEMSRV
0,-1,,Partitioning,CURRENT_USAGE,20260606,20231129,20260606,BW1,BWCHEMPROD
0,-1,,Partitioning,CURRENT_USAGE,20260606,20250201,20260606,BA1,SAPBWL01-PI
0,-1,,Partitioning,CURRENT_USAGE,20260606,20250410,20260606,BA3,SAPBWN01-PD
0,-1,,Partitioning,CURRENT_USAGE,20260607,20240224,20260607,NA3,SAPBWN01-TD
0,-1,,Partitioning,NO_USAGE,20220129,,,CHC,SAPCHCDB
0,-1,,Partitioning,NO_USAGE,20220129,,,CHL,SAPCHLDB
0,-1,,Partitioning,NO_USAGE,20260531,,,BJ1,SAPBWL01-PI
0,-1,,Partitioning,NO_USAGE,20260531,,,RETRODEV,ORARETRO-DEV
0,-1,,Partitioning,NO_USAGE,20260531,,,RETROUAT,ORARETRO-UAT
0,-1,,Partitioning,NO_USAGE,20260606,,,BJ3,SAPBWN01-PD
0,-1,,Partitioning,NO_USAGE,20260606,,,CYBERDEV,Ora-DEV
0,-1,,Partitioning,NO_USAGE,20260606,,,CYBERLAB,OraCyberlab-Prod
0,-1,,Partitioning,NO_USAGE,20260606,,,DIM,ORALEGACY
0,-1,,Partitioning,NO_USAGE,20260606,,,ENNOVT,Ora-DEV
0,-1,,Partitioning,NO_USAGE,20260606,,,HYDTEST,Ora-DEV
0,-1,,Partitioning,NO_USAGE,20260606,,,MIRTH,OraMirth-Prod
0,-1,,Partitioning,NO_USAGE,20260606,,,MIRTHT,Ora-DEV
0,-1,,Partitioning,NO_USAGE,20260606,,,NJ3,SAPBWN01-TD
0,-1,,Partitioning,NO_USAGE,20260606,,,ORAWEBT,Ora-DEV
0,-1,,Partitioning,NO_USAGE,20260606,,,RETRO,ORARETRO-PROD
0,-1,,Partitioning,NO_USAGE,20260606,,,RISCHL,ORALEGACY
0,-1,,Partitioning,NO_USAGE,20260606,,,SHERDEV,Ora-DEV
0,-1,,Partitioning,NO_USAGE,20260607,,,ENNOV,OraEnnov-PROD
0,-1,,Partitioning,NO_USAGE,20260607,,,HYDPRDG5,OraHydMedia-Prod
0,-1,,Partitioning,NO_USAGE,20260607,,,LABODEV,OraLabo-Dev
0,-1,,Partitioning,NO_USAGE,20260607,,,LABO,OraLabo-Prod
0,-1,,Partitioning,NO_USAGE,20260607,,,LABOTEST,OraLabo-Dev
0,-1,,Partitioning,NO_USAGE,20260607,,,ORAWEB,ORAAPPSDBS01-PI
0,-1,,Partitioning,NO_USAGE,20260607,,,SHERLOCK,OraSherlock-Prod
0,-1,,.Pillar Storage,NO_USAGE,20220129,,,CHC,SAPCHCDB
0,-1,,.Pillar Storage,NO_USAGE,20220129,,,CHL,SAPCHLDB
0,-1,,.Pillar Storage,NO_USAGE,20260531,,,BJ1,SAPBWL01-PI
0,-1,,.Pillar Storage,NO_USAGE,20260531,,,RETRODEV,ORARETRO-DEV
0,-1,,.Pillar Storage,NO_USAGE,20260531,,,RETROUAT,ORARETRO-UAT
0,-1,,.Pillar Storage,NO_USAGE,20260606,,,BA1,SAPBWL01-PI
0,-1,,.Pillar Storage,NO_USAGE,20260606,,,BA3,SAPBWN01-PD
0,-1,,.Pillar Storage,NO_USAGE,20260606,,,BJ3,SAPBWN01-PD
0,-1,,.Pillar Storage,NO_USAGE,20260606,,,BW1,BWCHEMPROD
0,-1,,.Pillar Storage,NO_USAGE,20260606,,,CYBERDEV,Ora-DEV
0,-1,,.Pillar Storage,NO_USAGE,20260606,,,CYBERLAB,OraCyberlab-Prod
0,-1,,.Pillar Storage,NO_USAGE,20260606,,,DIM,ORALEGACY
0,-1,,.Pillar Storage,NO_USAGE,20260606,,,ENNOVT,Ora-DEV
0,-1,,.Pillar Storage,NO_USAGE,20260606,,,HYDTEST,Ora-DEV
0,-1,,.Pillar Storage,NO_USAGE,20260606,,,MIRTH,OraMirth-Prod
0,-1,,.Pillar Storage,NO_USAGE,20260606,,,MIRTHT,Ora-DEV
0,-1,,.Pillar Storage,NO_USAGE,20260606,,,NJ3,SAPBWN01-TD
0,-1,,.Pillar Storage,NO_USAGE,20260606,,,OEM,OEMSRV
0,-1,,.Pillar Storage,NO_USAGE,20260606,,,ORAWEBT,Ora-DEV
0,-1,,.Pillar Storage,NO_USAGE,20260606,,,RETRO,ORARETRO-PROD
0,-1,,.Pillar Storage,NO_USAGE,20260606,,,RISCHL,ORALEGACY
0,-1,,.Pillar Storage,NO_USAGE,20260606,,,SHERDEV,Ora-DEV
0,-1,,.Pillar Storage,NO_USAGE,20260607,,,ENNOV,OraEnnov-PROD
0,-1,,.Pillar Storage,NO_USAGE,20260607,,,HYDPRDG5,OraHydMedia-Prod
0,-1,,.Pillar Storage,NO_USAGE,20260607,,,LABODEV,OraLabo-Dev
0,-1,,.Pillar Storage,NO_USAGE,20260607,,,LABO,OraLabo-Prod
0,-1,,.Pillar Storage,NO_USAGE,20260607,,,LABOTEST,OraLabo-Dev
0,-1,,.Pillar Storage,NO_USAGE,20260607,,,NA3,SAPBWN01-TD
0,-1,,.Pillar Storage,NO_USAGE,20260607,,,ORAWEB,ORAAPPSDBS01-PI
0,-1,,.Pillar Storage,NO_USAGE,20260607,,,SHERLOCK,OraSherlock-Prod
0,-1,,RAC or RAC One Node,NO_USAGE,20220129,,,CHC,SAPCHCDB
0,-1,,RAC or RAC One Node,NO_USAGE,20220129,,,CHL,SAPCHLDB
0,-1,,RAC or RAC One Node,NO_USAGE,20260531,,,BJ1,SAPBWL01-PI
0,-1,,RAC or RAC One Node,NO_USAGE,20260531,,,RETRODEV,ORARETRO-DEV
0,-1,,RAC or RAC One Node,NO_USAGE,20260531,,,RETROUAT,ORARETRO-UAT
0,-1,,RAC or RAC One Node,NO_USAGE,20260606,,,BA1,SAPBWL01-PI
0,-1,,RAC or RAC One Node,NO_USAGE,20260606,,,BA3,SAPBWN01-PD
0,-1,,RAC or RAC One Node,NO_USAGE,20260606,,,BJ3,SAPBWN01-PD
0,-1,,RAC or RAC One Node,NO_USAGE,20260606,,,BW1,BWCHEMPROD
0,-1,,RAC or RAC One Node,NO_USAGE,20260606,,,CYBERDEV,Ora-DEV
0,-1,,RAC or RAC One Node,NO_USAGE,20260606,,,CYBERLAB,OraCyberlab-Prod
0,-1,,RAC or RAC One Node,NO_USAGE,20260606,,,DIM,ORALEGACY
0,-1,,RAC or RAC One Node,NO_USAGE,20260606,,,ENNOVT,Ora-DEV
0,-1,,RAC or RAC One Node,NO_USAGE,20260606,,,HYDTEST,Ora-DEV
0,-1,,RAC or RAC One Node,NO_USAGE,20260606,,,MIRTH,OraMirth-Prod
0,-1,,RAC or RAC One Node,NO_USAGE,20260606,,,MIRTHT,Ora-DEV
0,-1,,RAC or RAC One Node,NO_USAGE,20260606,,,NJ3,SAPBWN01-TD
0,-1,,RAC or RAC One Node,NO_USAGE,20260606,,,OEM,OEMSRV
0,-1,,RAC or RAC One Node,NO_USAGE,20260606,,,ORAWEBT,Ora-DEV
0,-1,,RAC or RAC One Node,NO_USAGE,20260606,,,RETRO,ORARETRO-PROD
0,-1,,RAC or RAC One Node,NO_USAGE,20260606,,,RISCHL,ORALEGACY
0,-1,,RAC or RAC One Node,NO_USAGE,20260606,,,SHERDEV,Ora-DEV
0,-1,,RAC or RAC One Node,NO_USAGE,20260607,,,ENNOV,OraEnnov-PROD
0,-1,,RAC or RAC One Node,NO_USAGE,20260607,,,HYDPRDG5,OraHydMedia-Prod
0,-1,,RAC or RAC One Node,NO_USAGE,20260607,,,LABODEV,OraLabo-Dev
0,-1,,RAC or RAC One Node,NO_USAGE,20260607,,,LABO,OraLabo-Prod
0,-1,,RAC or RAC One Node,NO_USAGE,20260607,,,LABOTEST,OraLabo-Dev
0,-1,,RAC or RAC One Node,NO_USAGE,20260607,,,NA3,SAPBWN01-TD
0,-1,,RAC or RAC One Node,NO_USAGE,20260607,,,ORAWEB,ORAAPPSDBS01-PI
0,-1,,RAC or RAC One Node,NO_USAGE,20260607,,,SHERLOCK,OraSherlock-Prod
0,-1,,Real Application Clusters,NO_USAGE,20220129,,,CHC,SAPCHCDB
0,-1,,Real Application Clusters,NO_USAGE,20220129,,,CHL,SAPCHLDB
0,-1,,Real Application Clusters,NO_USAGE,20260531,,,BJ1,SAPBWL01-PI
0,-1,,Real Application Clusters,NO_USAGE,20260531,,,RETRODEV,ORARETRO-DEV
0,-1,,Real Application Clusters,NO_USAGE,20260531,,,RETROUAT,ORARETRO-UAT
0,-1,,Real Application Clusters,NO_USAGE,20260606,,,BA1,SAPBWL01-PI
0,-1,,Real Application Clusters,NO_USAGE,20260606,,,BA3,SAPBWN01-PD
0,-1,,Real Application Clusters,NO_USAGE,20260606,,,BJ3,SAPBWN01-PD
0,-1,,Real Application Clusters,NO_USAGE,20260606,,,BW1,BWCHEMPROD
0,-1,,Real Application Clusters,NO_USAGE,20260606,,,CYBERDEV,Ora-DEV
0,-1,,Real Application Clusters,NO_USAGE,20260606,,,CYBERLAB,OraCyberlab-Prod
0,-1,,Real Application Clusters,NO_USAGE,20260606,,,DIM,ORALEGACY
0,-1,,Real Application Clusters,NO_USAGE,20260606,,,ENNOVT,Ora-DEV
0,-1,,Real Application Clusters,NO_USAGE,20260606,,,HYDTEST,Ora-DEV
0,-1,,Real Application Clusters,NO_USAGE,20260606,,,MIRTH,OraMirth-Prod
0,-1,,Real Application Clusters,NO_USAGE,20260606,,,MIRTHT,Ora-DEV
0,-1,,Real Application Clusters,NO_USAGE,20260606,,,NJ3,SAPBWN01-TD
0,-1,,Real Application Clusters,NO_USAGE,20260606,,,OEM,OEMSRV
0,-1,,Real Application Clusters,NO_USAGE,20260606,,,ORAWEBT,Ora-DEV
0,-1,,Real Application Clusters,NO_USAGE,20260606,,,RETRO,ORARETRO-PROD
0,-1,,Real Application Clusters,NO_USAGE,20260606,,,RISCHL,ORALEGACY
0,-1,,Real Application Clusters,NO_USAGE,20260606,,,SHERDEV,Ora-DEV
0,-1,,Real Application Clusters,NO_USAGE,20260607,,,ENNOV,OraEnnov-PROD
0,-1,,Real Application Clusters,NO_USAGE,20260607,,,HYDPRDG5,OraHydMedia-Prod
0,-1,,Real Application Clusters,NO_USAGE,20260607,,,LABODEV,OraLabo-Dev
0,-1,,Real Application Clusters,NO_USAGE,20260607,,,LABO,OraLabo-Prod
0,-1,,Real Application Clusters,NO_USAGE,20260607,,,LABOTEST,OraLabo-Dev
0,-1,,Real Application Clusters,NO_USAGE,20260607,,,NA3,SAPBWN01-TD
0,-1,,Real Application Clusters,NO_USAGE,20260607,,,ORAWEB,ORAAPPSDBS01-PI
0,-1,,Real Application Clusters,NO_USAGE,20260607,,,SHERLOCK,OraSherlock-Prod
0,-1,,Real Application Clusters One Node,NO_USAGE,20220129,,,CHC,SAPCHCDB
0,-1,,Real Application Clusters One Node,NO_USAGE,20220129,,,CHL,SAPCHLDB
0,-1,,Real Application Clusters One Node,NO_USAGE,20260531,,,BJ1,SAPBWL01-PI
0,-1,,Real Application Clusters One Node,NO_USAGE,20260531,,,RETRODEV,ORARETRO-DEV
0,-1,,Real Application Clusters One Node,NO_USAGE,20260531,,,RETROUAT,ORARETRO-UAT
0,-1,,Real Application Clusters One Node,NO_USAGE,20260606,,,BA1,SAPBWL01-PI
0,-1,,Real Application Clusters One Node,NO_USAGE,20260606,,,BA3,SAPBWN01-PD
0,-1,,Real Application Clusters One Node,NO_USAGE,20260606,,,BJ3,SAPBWN01-PD
0,-1,,Real Application Clusters One Node,NO_USAGE,20260606,,,BW1,BWCHEMPROD
0,-1,,Real Application Clusters One Node,NO_USAGE,20260606,,,CYBERDEV,Ora-DEV
0,-1,,Real Application Clusters One Node,NO_USAGE,20260606,,,CYBERLAB,OraCyberlab-Prod
0,-1,,Real Application Clusters One Node,NO_USAGE,20260606,,,DIM,ORALEGACY
0,-1,,Real Application Clusters One Node,NO_USAGE,20260606,,,ENNOVT,Ora-DEV
0,-1,,Real Application Clusters One Node,NO_USAGE,20260606,,,HYDTEST,Ora-DEV
0,-1,,Real Application Clusters One Node,NO_USAGE,20260606,,,MIRTH,OraMirth-Prod
0,-1,,Real Application Clusters One Node,NO_USAGE,20260606,,,MIRTHT,Ora-DEV
0,-1,,Real Application Clusters One Node,NO_USAGE,20260606,,,NJ3,SAPBWN01-TD
0,-1,,Real Application Clusters One Node,NO_USAGE,20260606,,,OEM,OEMSRV
0,-1,,Real Application Clusters One Node,NO_USAGE,20260606,,,ORAWEBT,Ora-DEV
0,-1,,Real Application Clusters One Node,NO_USAGE,20260606,,,RETRO,ORARETRO-PROD
0,-1,,Real Application Clusters One Node,NO_USAGE,20260606,,,RISCHL,ORALEGACY
0,-1,,Real Application Clusters One Node,NO_USAGE,20260606,,,SHERDEV,Ora-DEV
0,-1,,Real Application Clusters One Node,NO_USAGE,20260607,,,ENNOV,OraEnnov-PROD
0,-1,,Real Application Clusters One Node,NO_USAGE,20260607,,,HYDPRDG5,OraHydMedia-Prod
0,-1,,Real Application Clusters One Node,NO_USAGE,20260607,,,LABODEV,OraLabo-Dev
0,-1,,Real Application Clusters One Node,NO_USAGE,20260607,,,LABO,OraLabo-Prod
0,-1,,Real Application Clusters One Node,NO_USAGE,20260607,,,LABOTEST,OraLabo-Dev
0,-1,,Real Application Clusters One Node,NO_USAGE,20260607,,,NA3,SAPBWN01-TD
0,-1,,Real Application Clusters One Node,NO_USAGE,20260607,,,ORAWEB,ORAAPPSDBS01-PI
0,-1,,Real Application Clusters One Node,NO_USAGE,20260607,,,SHERLOCK,OraSherlock-Prod
0,-1,,Real Application Testing,NO_USAGE,20220129,,,CHC,SAPCHCDB
0,-1,,Real Application Testing,NO_USAGE,20220129,,,CHL,SAPCHLDB
0,-1,,Real Application Testing,NO_USAGE,20260531,,,BJ1,SAPBWL01-PI
0,-1,,Real Application Testing,NO_USAGE,20260531,,,RETRODEV,ORARETRO-DEV
0,-1,,Real Application Testing,NO_USAGE,20260531,,,RETROUAT,ORARETRO-UAT
0,-1,,Real Application Testing,NO_USAGE,20260606,,,BA1,SAPBWL01-PI
0,-1,,Real Application Testing,NO_USAGE,20260606,,,BA3,SAPBWN01-PD
0,-1,,Real Application Testing,NO_USAGE,20260606,,,BJ3,SAPBWN01-PD
0,-1,,Real Application Testing,NO_USAGE,20260606,,,BW1,BWCHEMPROD
0,-1,,Real Application Testing,NO_USAGE,20260606,,,CYBERDEV,Ora-DEV
0,-1,,Real Application Testing,NO_USAGE,20260606,,,CYBERLAB,OraCyberlab-Prod
0,-1,,Real Application Testing,NO_USAGE,20260606,,,DIM,ORALEGACY
0,-1,,Real Application Testing,NO_USAGE,20260606,,,ENNOVT,Ora-DEV
0,-1,,Real Application Testing,NO_USAGE,20260606,,,HYDTEST,Ora-DEV
0,-1,,Real Application Testing,NO_USAGE,20260606,,,MIRTH,OraMirth-Prod
0,-1,,Real Application Testing,NO_USAGE,20260606,,,MIRTHT,Ora-DEV
0,-1,,Real Application Testing,NO_USAGE,20260606,,,NJ3,SAPBWN01-TD
0,-1,,Real Application Testing,NO_USAGE,20260606,,,OEM,OEMSRV
0,-1,,Real Application Testing,NO_USAGE,20260606,,,ORAWEBT,Ora-DEV
0,-1,,Real Application Testing,NO_USAGE,20260606,,,RETRO,ORARETRO-PROD
0,-1,,Real Application Testing,NO_USAGE,20260606,,,RISCHL,ORALEGACY
0,-1,,Real Application Testing,NO_USAGE,20260606,,,SHERDEV,Ora-DEV
0,-1,,Real Application Testing,NO_USAGE,20260607,,,ENNOV,OraEnnov-PROD
0,-1,,Real Application Testing,NO_USAGE,20260607,,,HYDPRDG5,OraHydMedia-Prod
0,-1,,Real Application Testing,NO_USAGE,20260607,,,LABODEV,OraLabo-Dev
0,-1,,Real Application Testing,NO_USAGE,20260607,,,LABO,OraLabo-Prod
0,-1,,Real Application Testing,NO_USAGE,20260607,,,LABOTEST,OraLabo-Dev
0,-1,,Real Application Testing,NO_USAGE,20260607,,,NA3,SAPBWN01-TD
0,-1,,Real Application Testing,NO_USAGE,20260607,,,ORAWEB,ORAAPPSDBS01-PI
0,-1,,Real Application Testing,NO_USAGE,20260607,,,SHERLOCK,OraSherlock-Prod
0,-1,,Spatial and Graph,NO_USAGE,20220129,,,CHC,SAPCHCDB
0,-1,,Spatial and Graph,NO_USAGE,20220129,,,CHL,SAPCHLDB
0,-1,,Spatial and Graph,NO_USAGE,20260531,,,BJ1,SAPBWL01-PI
0,-1,,Spatial and Graph,NO_USAGE,20260531,,,RETRODEV,ORARETRO-DEV
0,-1,,Spatial and Graph,NO_USAGE,20260531,,,RETROUAT,ORARETRO-UAT
0,-1,,Spatial and Graph,NO_USAGE,20260606,,,BA1,SAPBWL01-PI
0,-1,,Spatial and Graph,NO_USAGE,20260606,,,BA3,SAPBWN01-PD
0,-1,,Spatial and Graph,NO_USAGE,20260606,,,BJ3,SAPBWN01-PD
0,-1,,Spatial and Graph,NO_USAGE,20260606,,,BW1,BWCHEMPROD
0,-1,,Spatial and Graph,NO_USAGE,20260606,,,CYBERDEV,Ora-DEV
0,-1,,Spatial and Graph,NO_USAGE,20260606,,,CYBERLAB,OraCyberlab-Prod
0,-1,,Spatial and Graph,NO_USAGE,20260606,,,DIM,ORALEGACY
0,-1,,Spatial and Graph,NO_USAGE,20260606,,,ENNOVT,Ora-DEV
0,-1,,Spatial and Graph,NO_USAGE,20260606,,,HYDTEST,Ora-DEV
0,-1,,Spatial and Graph,NO_USAGE,20260606,,,MIRTH,OraMirth-Prod
0,-1,,Spatial and Graph,NO_USAGE,20260606,,,MIRTHT,Ora-DEV
0,-1,,Spatial and Graph,NO_USAGE,20260606,,,NJ3,SAPBWN01-TD
0,-1,,Spatial and Graph,NO_USAGE,20260606,,,OEM,OEMSRV
0,-1,,Spatial and Graph,NO_USAGE,20260606,,,ORAWEBT,Ora-DEV
0,-1,,Spatial and Graph,NO_USAGE,20260606,,,RETRO,ORARETRO-PROD
0,-1,,Spatial and Graph,NO_USAGE,20260606,,,RISCHL,ORALEGACY
0,-1,,Spatial and Graph,NO_USAGE,20260606,,,SHERDEV,Ora-DEV
0,-1,,Spatial and Graph,NO_USAGE,20260607,,,ENNOV,OraEnnov-PROD
0,-1,,Spatial and Graph,NO_USAGE,20260607,,,HYDPRDG5,OraHydMedia-Prod
0,-1,,Spatial and Graph,NO_USAGE,20260607,,,LABODEV,OraLabo-Dev
0,-1,,Spatial and Graph,NO_USAGE,20260607,,,LABO,OraLabo-Prod
0,-1,,Spatial and Graph,NO_USAGE,20260607,,,LABOTEST,OraLabo-Dev
0,-1,,Spatial and Graph,NO_USAGE,20260607,,,NA3,SAPBWN01-TD
0,-1,,Spatial and Graph,NO_USAGE,20260607,,,ORAWEB,ORAAPPSDBS01-PI
0,-1,,Spatial and Graph,NO_USAGE,20260607,,,SHERLOCK,OraSherlock-Prod
0,-1,,Tuning Pack,CURRENT_USAGE,20260606,20241127,20260606,MIRTH,OraMirth-Prod
0,-1,,Tuning Pack,CURRENT_USAGE,20260607,20181120,20260607,ORAWEB,ORAAPPSDBS01-PI
0,-1,,Tuning Pack,CURRENT_USAGE,20260607,20190413,20260607,LABO,OraLabo-Prod
0,-1,,Tuning Pack,CURRENT_USAGE,20260607,20190413,20260607,LABOTEST,OraLabo-Dev
0,-1,,Tuning Pack,CURRENT_USAGE,20260607,20251012,20260607,ENNOV,OraEnnov-PROD
0,-1,,Tuning Pack,NO_USAGE,20220129,,,CHC,SAPCHCDB
0,-1,,Tuning Pack,NO_USAGE,20220129,,,CHL,SAPCHLDB
0,-1,,Tuning Pack,NO_USAGE,20260531,,,BJ1,SAPBWL01-PI
0,-1,,Tuning Pack,NO_USAGE,20260606,,,BA1,SAPBWL01-PI
0,-1,,Tuning Pack,NO_USAGE,20260606,,,BA3,SAPBWN01-PD
0,-1,,Tuning Pack,NO_USAGE,20260606,,,BJ3,SAPBWN01-PD
0,-1,,Tuning Pack,NO_USAGE,20260606,,,BW1,BWCHEMPROD
0,-1,,Tuning Pack,NO_USAGE,20260606,,,DIM,ORALEGACY
0,-1,,Tuning Pack,NO_USAGE,20260606,,,HYDTEST,Ora-DEV
0,-1,,Tuning Pack,NO_USAGE,20260606,,,MIRTHT,Ora-DEV
0,-1,,Tuning Pack,NO_USAGE,20260606,,,NJ3,SAPBWN01-TD
0,-1,,Tuning Pack,NO_USAGE,20260606,,,OEM,OEMSRV
0,-1,,Tuning Pack,NO_USAGE,20260606,,,RETRO,ORARETRO-PROD
0,-1,,Tuning Pack,NO_USAGE,20260606,,,RISCHL,ORALEGACY
0,-1,,Tuning Pack,NO_USAGE,20260606,,,SHERDEV,Ora-DEV
0,-1,,Tuning Pack,NO_USAGE,20260607,,,NA3,SAPBWN01-TD
0,-1,,Tuning Pack,NO_USAGE,20260607,,,SHERLOCK,OraSherlock-Prod
0,-1,,Tuning Pack,PAST_USAGE,20260531,20211211,20211211,RETROUAT,ORARETRO-UAT
0,-1,,Tuning Pack,PAST_USAGE,20260531,20211211,20250913,RETRODEV,ORARETRO-DEV
0,-1,,Tuning Pack,PAST_USAGE,20260606,20181120,20200610,ORAWEBT,Ora-DEV
0,-1,,Tuning Pack,PAST_USAGE,20260606,20240218,20250906,CYBERDEV,Ora-DEV
0,-1,,Tuning Pack,PAST_USAGE,20260606,20240218,20250906,CYBERLAB,OraCyberlab-Prod
0,-1,,Tuning Pack,PAST_USAGE,20260606,20251012,20251012,ENNOVT,Ora-DEV
0,-1,,Tuning Pack,PAST_USAGE,20260607,20190413,20250913,LABODEV,OraLabo-Dev
0,-1,,Tuning Pack,PAST_USAGE,20260607,20230212,20230219,HYDPRDG5,OraHydMedia-Prod
