BRAINWAVEDB,ADCHL/BRAINWAVEDB - DB BRAINWAVE - DBOWNER,WINDOWS_GROUP,0,no_db_users,no_srv_permissions,2022-03-28 14:29:25.527,2026-06-07 10:38:35.863
CHIPTEXSAS01-PI,BUILTIN/Users,WINDOWS_GROUP,0,no_db_users,no_srv_permissions,2024-02-13 13:25:58.347,2026-06-07 10:38:37.767
CNSSQL1,ADCHL/CHL IPAM Admins,WINDOWS_GROUP,0,no_db_users,no_srv_permissions,2013-05-15 09:47:23.183,2026-06-07 10:38:38.757
CNSSQL1,ADCHL/CHL IPAM Power Users,WINDOWS_GROUP,0,no_db_users,no_srv_permissions,2013-04-19 16:51:40.520,2026-06-07 10:38:38.757
CNSSQL1,ADCHL/CHL IPAM Users,WINDOWS_GROUP,0,no_db_users,no_srv_permissions,2013-04-19 16:52:10.827,2026-06-07 10:38:38.757
CNSSQL1,ADCHL/MSINFRASRV$,WINDOWS_LOGIN,0,no_db_users,no_srv_permissions,2010-07-09 16:45:26.347,2026-06-07 10:38:38.757
CNSSQL1,CADDSolis,SQL_LOGIN,0,no_db_users,no_srv_permissions,2014-09-29 12:10:04.243,2026-06-07 10:38:38.757
CNSSQL1,IPAM_WinPE,SQL_LOGIN,0,no_db_users,no_srv_permissions,2013-11-06 13:25:58.333,2026-06-07 10:38:38.757
COPRADEMO,BUILTIN/Users,WINDOWS_GROUP,0,no_db_users,no_srv_permissions,2019-01-18 15:24:31.620,2026-06-07 10:38:39.460
COPRADEMO,Starter,SQL_LOGIN,0,no_db_permissions but is user in COPRA6Statistic DB,no_srv_permissions,2019-01-22 14:24:00.427,2026-06-07 10:38:39.460
COPRALIVE,KONVERT,SQL_LOGIN,0,no_db_permissions but is user in Copus DB,no_srv_permissions,2020-01-09 15:11:22.217,2026-06-07 10:38:39.807
COPRASTAT,Starter,SQL_LOGIN,0,no_db_permissions but is user in COPRA6Statistic DB,no_srv_permissions,2022-01-17 13:57:27.203,2026-06-07 10:38:40.470
COPSTATDBS01-PI,Starter,SQL_LOGIN,0,no_db_permissions but is user in COPRA6Statistic DB,no_srv_permissions,2025-04-24 15:07:38.987,2026-06-07 10:38:41.410
COPSTATDBS01-PI,Starter,SQL_LOGIN,0,no_db_permissions but is user in COPRA6Storage DB,no_srv_permissions,2025-04-24 15:07:38.987,2026-06-07 10:38:41.410
DRAGONDB/SQLEXPRESS,BUILTIN/Users,WINDOWS_GROUP,0,no_db_users,no_srv_permissions,2021-03-15 10:44:21.227,2026-06-07 10:39:46.730
ECGSRV/SQL2016,NT AUTHORITY/ANONYMOUS LOGON,WINDOWS_GROUP,0,no_db_permissions but is user in master DB,no_srv_permissions,2021-11-25 14:59:18.670,2026-06-07 10:39:47.290
ECGTEST/SQL2016,viper,SQL_LOGIN,0,no_db_permissions but is user in dbEGPlus_DCM DB,no_srv_permissions,2021-03-09 18:05:48.807,2026-06-07 10:39:47.770
ENDOBASESRV/MSSQLENDOBASE,ADCHL/admbaufre01,WINDOWS_LOGIN,0,no_db_users,no_srv_permissions,2025-04-24 08:36:14.060,2026-06-07 10:39:48.393
ENDOBASESRV/MSSQLENDOBASE,ENDOBASESRV/EBService,WINDOWS_LOGIN,0,no_db_permissions but is user in ENDOBASE3 DB,no_srv_permissions,2023-11-10 13:52:00.497,2026-06-07 10:39:48.393
ESTOSPROCALL,BUILTIN/Users,WINDOWS_GROUP,0,no_db_users,no_srv_permissions,2019-03-15 09:56:48.537,2026-06-07 10:39:49.140
INFINITYGW,BUILTIN/Users,WINDOWS_GROUP,0,no_db_users,no_srv_permissions,2020-04-14 11:37:55.090,2026-06-07 10:40:55.477
INFRASQL,ADCHL/ADSync,WINDOWS_LOGIN,0,no_db_users,no_srv_permissions,2021-11-18 08:17:48.017,2026-06-07 10:40:57.413
INFRASQL,ADCHL/INFRASQL - SecretServer DB Owner,WINDOWS_GROUP,0,no_db_users,no_srv_permissions,2021-08-25 10:04:02.370,2026-06-07 10:40:57.413
INFRASQL,ADCHL/INFRASQL - SecretServer DBReader,WINDOWS_GROUP,0,no_db_users,no_srv_permissions,2021-12-31 09:30:02.740,2026-06-07 10:40:57.413
LABOSOMSRV,BUILTIN/Users,WINDOWS_GROUP,0,no_db_users,no_srv_permissions,2015-12-08 10:37:57.450,2026-06-07 10:40:58.567
LABOSOMSRV,EPUser,SQL_LOGIN,0,no_db_users,no_srv_permissions,2016-05-03 13:35:48.360,2026-06-07 10:40:58.567
LABOSOMSRV,INTERNALSERVICE,SQL_LOGIN,0,no_db_permissions but is user in master DB,no_srv_permissions,2016-01-07 09:10:12.930,2026-06-07 10:40:58.567
LABOSOMSRV,SQLENCORESERVICE,SQL_LOGIN,0,no_db_permissions but is user in master DB,no_srv_permissions,2016-01-07 09:10:12.917,2026-06-07 10:40:58.567
LABOSRV,BUILTIN/Users,WINDOWS_GROUP,0,no_db_users,no_srv_permissions,2020-02-06 10:20:04.963,2026-06-07 10:40:58.997
MATCHERSRV,BUILTIN/Users,WINDOWS_GROUP,0,no_db_users,no_srv_permissions,2016-02-02 15:05:16.820,2026-06-07 10:40:59.200
METAVI6DBS01-DI,mvuser,SQL_LOGIN,0,no_db_users,no_srv_permissions,2026-02-18 10:24:14.263,2026-06-07 10:41:02.350
METAVI6DBS01-PI,NT AUTHORITY/SYSTEM,WINDOWS_LOGIN,0,no_db_users,no_srv_permissions,2026-04-22 15:20:43.920,2026-06-07 10:41:02.810
MVDBTEST23,mvuser,SQL_LOGIN,0,no_db_users,no_srv_permissions,2023-07-07 08:10:15.233,2026-06-07 10:41:06.293
MVESRV,BUILTIN/Users,WINDOWS_GROUP,0,no_db_users,no_srv_permissions,2017-10-25 10:58:10.153,2026-06-07 10:41:06.620
NOSOKOSDBS01-PI,NT AUTHORITY/SYSTEM,WINDOWS_LOGIN,0,no_db_users,no_srv_permissions,2025-12-11 15:14:12.950,2026-06-07 10:41:09.263
ONKOZERTSRV,BUILTIN/Users,WINDOWS_GROUP,0,no_db_users,no_srv_permissions,2020-03-20 13:42:38.020,2026-06-07 10:41:09.617
OPSCCTSSAS01-PI,BUILTIN/Users,WINDOWS_GROUP,0,no_db_users,no_srv_permissions,2025-04-17 11:17:59.693,2026-06-07 10:41:11.883
SAATMANNSRV,BUILTIN/Users,WINDOWS_GROUP,0,no_db_users,no_srv_permissions,2020-10-28 10:16:21.597,2026-06-07 10:44:33.593
SALTOSAS01-PI,BUILTIN/Users,WINDOWS_GROUP,0,no_db_users,no_srv_permissions,2024-03-27 13:22:38.833,2026-06-07 10:44:34.287
SALTOSAS01-PI,NT SERVICE/ProAccessSpaceService,WINDOWS_LOGIN,0,no_db_permissions but is user in master DB,no_srv_permissions,2024-04-17 14:46:44.983,2026-06-07 10:44:34.287
SALTOSAS01-TI,BUILTIN/Users,WINDOWS_GROUP,0,no_db_users,no_srv_permissions,2024-05-30 15:45:08.880,2026-06-07 10:45:00.497
SALTOSAS01-TI,NT SERVICE/ProAccessSpaceService,WINDOWS_LOGIN,0,no_db_permissions but is user in master DB,no_srv_permissions,2024-06-06 08:05:21.970,2026-06-07 10:45:00.497
SBIMSRV,BUILTIN/Users,WINDOWS_GROUP,0,no_db_users,no_srv_permissions,2019-03-15 10:08:01.220,2026-06-07 10:45:02.350
SBIMTEST,BUILTIN/Users,WINDOWS_GROUP,0,no_db_users,no_srv_permissions,2019-03-15 10:10:50.360,2026-06-07 10:45:03.183
SCCMCHL,ADCHL/admtom,WINDOWS_LOGIN,0,no_db_permissions but is user in CM_CHL DB,no_srv_permissions,2017-09-04 11:14:54.163,2026-06-07 10:45:03.790
SCCMCHL,ADCHL/SCCMWSUS$,WINDOWS_LOGIN,0,no_db_users,no_srv_permissions,2017-09-04 11:39:32.940,2026-06-07 10:45:03.790
SCHAUFSRV,BUILTIN/Users,WINDOWS_GROUP,0,no_db_users,no_srv_permissions,2018-06-27 15:32:53.683,2026-06-07 10:45:06.533
SENTRYSUITESRV/SENTRYSUITE,SentryWorklist,SQL_LOGIN,0,no_db_users,no_srv_permissions,2020-04-14 15:21:43.280,2026-06-07 10:45:07.270
SENTRYSUITESRV/SENTRYSUITE,SeSQuery,SQL_LOGIN,1,no_db_permissions but is user in SentrySuite DB,no_srv_permissions,2020-04-14 14:25:53.233,2026-06-07 10:45:07.270
SENTRYSUITETEST/SENTRYSUITE,SeSQuery,SQL_LOGIN,1,no_db_users,no_srv_permissions,2020-04-15 13:57:28.310,2026-06-07 10:45:07.660
SWLMAESDBS01-PI,BUILTIN/Users,WINDOWS_GROUP,0,no_db_users,no_srv_permissions,2024-05-27 15:36:22.527,2026-06-07 10:45:08.593
SWLMAESDBS01-TI,BUILTIN/Users,WINDOWS_GROUP,0,no_db_users,no_srv_permissions,2024-04-30 10:02:17.827,2026-06-07 10:45:09.850
SYSADMVWS01-DI,NT AUTHORITY/SYSTEM,WINDOWS_LOGIN,0,no_db_users,no_srv_permissions,2025-12-10 16:14:17.070,2026-06-07 10:45:11.123
THYCOTICDB,BUILTIN/Users,WINDOWS_GROUP,0,no_db_users,no_srv_permissions,2025-12-04 07:58:54.020,2026-06-07 10:45:13.247
THYCOTICSRV,BUILTIN/Users,WINDOWS_GROUP,0,no_db_users,no_srv_permissions,2025-12-11 07:43:34.900,2026-06-07 10:45:13.597
TSSTEST/SQLEXPRESS,BUILTIN/Users,WINDOWS_GROUP,0,no_db_users,no_srv_permissions,2021-11-29 14:00:00.993,2026-06-07 10:45:13.970
WSSQLTEST01,ADCHL/svc.sqlbrainwavetest,WINDOWS_LOGIN,0,no_db_users,no_srv_permissions,2022-03-28 14:26:28.563,2026-06-07 10:45:16.993
WSSQLTEST01,ADCHL/WSSQLTEST01 DB Carrousel Read Only,WINDOWS_GROUP,0,no_db_users,no_srv_permissions,2021-10-18 16:55:08.363,2026-06-07 10:45:16.993
