APEXCENTRAL/SQLEXPRESS,master,NoOrphanedUser
APEXCENTRAL/SQLEXPRESS,tempdb,NoOrphanedUser
APEXCENTRAL/SQLEXPRESS,model,NoOrphanedUser
APEXCENTRAL/SQLEXPRESS,msdb,NoOrphanedUser
APEXCENTRAL/SQLEXPRESS,db_ApexCentral,NoOrphanedUser
APEXONE/OFFICESCAN,master,NoOrphanedUser
APEXONE/OFFICESCAN,tempdb,NoOrphanedUser
APEXONE/OFFICESCAN,model,NoOrphanedUser
APEXONE/OFFICESCAN,msdb,NoOrphanedUser
APEXONE/OFFICESCAN,APEXONE-ApexOne,NoOrphanedUser
BRAINWAVEDB,master,NoOrphanedUser
BRAINWAVEDB,tempdb,NoOrphanedUser
BRAINWAVEDB,model,NoOrphanedUser
BRAINWAVEDB,msdb,NoOrphanedUser
BRAINWAVEDB,igrc,NoOrphanedUser
BRAINWAVEDB,brainwave_Old,igrc
BRAINWAVEDB,brainwave_Old,igrc2017
BRAINWAVEDB,brainwave_Old,igrc2017R3
CATOSRV,master,NoOrphanedUser
CATOSRV,tempdb,NoOrphanedUser
CATOSRV,model,NoOrphanedUser
CATOSRV,msdb,NoOrphanedUser
CATOSRV,Cato,dbo
CATOTEST,master,NoOrphanedUser
CATOTEST,tempdb,NoOrphanedUser
CATOTEST,model,NoOrphanedUser
CATOTEST,msdb,NoOrphanedUser
CATOTEST,Cato-test,dbo
CATOTEST,Cato-test,CatoClient
CHIPTEXSAS01-PI,master,NoOrphanedUser
CHIPTEXSAS01-PI,tempdb,NoOrphanedUser
CHIPTEXSAS01-PI,model,NoOrphanedUser
CHIPTEXSAS01-PI,msdb,NoOrphanedUser
CHIPTEXSAS01-PI,Chiptex,LCTView
CHIPTEXSAS01-PI,Chiptex,BackupDB
CNSSQL1,master,NoOrphanedUser
CNSSQL1,tempdb,NoOrphanedUser
CNSSQL1,model,NoOrphanedUser
CNSSQL1,msdb,viewvpxuser
CNSSQL1,NOD32,NoOrphanedUser
CNSSQL1,portier,NoOrphanedUser
COPLIVEDBS01-PI,master,NoOrphanedUser
COPLIVEDBS01-PI,tempdb,NoOrphanedUser
COPLIVEDBS01-PI,model,NoOrphanedUser
COPLIVEDBS01-PI,msdb,NoOrphanedUser
COPLIVEDBS01-PI,COPRA6Design,NoOrphanedUser
COPLIVEDBS01-PI,COPRA6Test,NoOrphanedUser
COPLIVEDBS01-PI,COPRA6Live,NoOrphanedUser
COPLIVEDBS01-PI,Copus,NoOrphanedUser
COPLIVEDBS01-PI,test_old,NoOrphanedUser
COPRA6COPUS,master,NoOrphanedUser
COPRA6COPUS,tempdb,NoOrphanedUser
COPRA6COPUS,model,NoOrphanedUser
COPRA6COPUS,msdb,NoOrphanedUser
COPRADEMO,master,NoOrphanedUser
COPRADEMO,tempdb,NoOrphanedUser
COPRADEMO,model,NoOrphanedUser
COPRADEMO,msdb,NoOrphanedUser
COPRADEMO,COPRA6Design,NoOrphanedUser
COPRADEMO,COPRA6Test,NoOrphanedUser
COPRADEMO,COPRA6Storage,NoOrphanedUser
COPRADEMO,COPRA6Statistic,NoOrphanedUser
COPRALIVE,master,NoOrphanedUser
COPRALIVE,tempdb,NoOrphanedUser
COPRALIVE,model,NoOrphanedUser
COPRALIVE,msdb,NoOrphanedUser
COPRALIVE,COPRA6Live,NoOrphanedUser
COPRALIVE,Copus,NoOrphanedUser
COPRASTAT,master,NoOrphanedUser
COPRASTAT,tempdb,NoOrphanedUser
COPRASTAT,model,NoOrphanedUser
COPRASTAT,msdb,NoOrphanedUser
COPRASTAT,COPRA6Storage,NoOrphanedUser
COPRASTAT,COPRA6Statistic,NoOrphanedUser
COPRATEST,master,NoOrphanedUser
COPRATEST,tempdb,NoOrphanedUser
COPRATEST,model,NoOrphanedUser
COPRATEST,msdb,NoOrphanedUser
COPRATEST,COPRA6Design,NoOrphanedUser
COPRATEST,COPRA6Test,NoOrphanedUser
COPSTATDBS01-PI,master,NoOrphanedUser
COPSTATDBS01-PI,tempdb,NoOrphanedUser
COPSTATDBS01-PI,model,NoOrphanedUser
COPSTATDBS01-PI,msdb,NoOrphanedUser
COPSTATDBS01-PI,COPRA6Storage,NoOrphanedUser
COPSTATDBS01-PI,COPRA6Statistic,NoOrphanedUser
DRAGONDB/SQLEXPRESS,master,NoOrphanedUser
DRAGONDB/SQLEXPRESS,tempdb,NoOrphanedUser
DRAGONDB/SQLEXPRESS,model,NoOrphanedUser
DRAGONDB/SQLEXPRESS,msdb,NoOrphanedUser
DRAGONDB/SQLEXPRESS,NuanceMC,NoOrphanedUser
DRAGONDB/SQLEXPRESS,NuanceSAS,NoOrphanedUser
ECGSRV/SQL2016,master,NoOrphanedUser
ECGSRV/SQL2016,tempdb,NoOrphanedUser
ECGSRV/SQL2016,model,NoOrphanedUser
ECGSRV/SQL2016,msdb,NoOrphanedUser
ECGSRV/SQL2016,dbEMS,NoOrphanedUser
ECGSRV/SQL2016,dbEMSConfig,NoOrphanedUser
ECGSRV/SQL2016,dbReporting,NoOrphanedUser
ECGSRV/SQL2016,DiagnosticECG,NoOrphanedUser
ECGSRV/SQL2016,dbEGPlus_DCM,NoOrphanedUser
ECGTEST/SQL2016,master,NoOrphanedUser
ECGTEST/SQL2016,tempdb,NoOrphanedUser
ECGTEST/SQL2016,model,NoOrphanedUser
ECGTEST/SQL2016,msdb,NoOrphanedUser
ECGTEST/SQL2016,dbReporting,NoOrphanedUser
ECGTEST/SQL2016,dbEMS,NoOrphanedUser
ECGTEST/SQL2016,dbEMSConfig,NoOrphanedUser
ECGTEST/SQL2016,DiagnosticECG,NoOrphanedUser
ECGTEST/SQL2016,dbEGPlus_DCM,NoOrphanedUser
ECGTEST/SQL2016,dbST80i,NoOrphanedUser
ENDOBASESRV/MSSQLENDOBASE,master,NoOrphanedUser
ENDOBASESRV/MSSQLENDOBASE,tempdb,NoOrphanedUser
ENDOBASESRV/MSSQLENDOBASE,model,NoOrphanedUser
ENDOBASESRV/MSSQLENDOBASE,msdb,NoOrphanedUser
ENDOBASESRV/MSSQLENDOBASE,ENDOBASE3,EB_GUEST
ENDOBASESRV/MSSQLENDOBASE,ENDOBASE3,Test
ESTOSPROCALL,master,NoOrphanedUser
ESTOSPROCALL,tempdb,NoOrphanedUser
ESTOSPROCALL,model,NoOrphanedUser
ESTOSPROCALL,msdb,NoOrphanedUser
ESTOSPROCALL,CtiServerDatabase,NoOrphanedUser
IMAGEDRIVEDB,master,NoOrphanedUser
IMAGEDRIVEDB,tempdb,NoOrphanedUser
IMAGEDRIVEDB,model,NoOrphanedUser
IMAGEDRIVEDB,msdb,NoOrphanedUser
IMAGEDRIVEDB,EnterpriseServer,NoOrphanedUser
IMAGEDRIVEDB,ImageDrive_Research,NoOrphanedUser
INFINITYGW,master,NoOrphanedUser
INFINITYGW,tempdb,NoOrphanedUser
INFINITYGW,model,NoOrphanedUser
INFINITYGW,msdb,NoOrphanedUser
INFINITYGW,gateway,NoOrphanedUser
INFRASQL,master,NoOrphanedUser
INFRASQL,tempdb,NoOrphanedUser
INFRASQL,model,NoOrphanedUser
INFRASQL,msdb,NoOrphanedUser
INFRASQL,eamaudit_old,NoOrphanedUser
INFRASQL,HorizonEventDB,NoOrphanedUser
INFRASQL,SUSDB,NoOrphanedUser
INFRASQL,oSCM,NoOrphanedUser
INFRASQL,CHL_IPAM,NoOrphanedUser
INFRASQL,ServiceNowImport,NoOrphanedUser
INFRASQL,HzExtLogDB,NoOrphanedUser
INFRASQL,HzIntLogDB,NoOrphanedUser
INFRASQL,eamaudit,NoOrphanedUser
INFRASQL,oSCM_dev,NoOrphanedUser
INFRASQL,oSCM_prod,NoOrphanedUser
INFRASQL,WS1IDMDB,NoOrphanedUser
ITCDB01,master,NoOrphanedUser
ITCDB01,tempdb,NoOrphanedUser
ITCDB01,model,NoOrphanedUser
ITCDB01,msdb,NoOrphanedUser
ITCDB01,idamirth,NoOrphanedUser
ITCDB01,idapat,NoOrphanedUser
ITCDB01,ida,NoOrphanedUser
LABOSOMSRV,master,NoOrphanedUser
LABOSOMSRV,tempdb,NoOrphanedUser
LABOSOMSRV,model,NoOrphanedUser
LABOSOMSRV,msdb,NoOrphanedUser
LABOSOMSRV,MEDATEC,dbo
LABOSOMSRV,Medatec-PED,dbo
LABOSRV,master,NoOrphanedUser
LABOSRV,tempdb,NoOrphanedUser
LABOSRV,model,NoOrphanedUser
LABOSRV,msdb,NoOrphanedUser
LABOSRV,BIORAD_CHL,NoOrphanedUser
LABOSRV,BIORAD_UC2_CHL,NoOrphanedUser
MATCHERSRV,master,NoOrphanedUser
MATCHERSRV,tempdb,NoOrphanedUser
MATCHERSRV,model,NoOrphanedUser
MATCHERSRV,msdb,NoOrphanedUser
MATCHERSRV,Matcher_CHLux,NoOrphanedUser
METAVI6DBS01-DI,master,NoOrphanedUser
METAVI6DBS01-DI,tempdb,NoOrphanedUser
METAVI6DBS01-DI,model,NoOrphanedUser
METAVI6DBS01-DI,msdb,NoOrphanedUser
METAVI6DBS01-DI,CHL_Training_EMPI,mvuser
METAVI6DBS01-DI,CHL_Training_EMPI,LimitedUser
METAVI6DBS01-DI,CHL_Training_PROD,mvuser
METAVI6DBS01-DI,CHL_Training_PROD,metavisionro
METAVI6DBS01-DI,CHL_Training_PROD,metavisionbo
METAVI6DBS01-DI,CHL_Training_PROD,metavisionrw
METAVI6DBS01-DI,CHL_Demo_PROD,mvuser
METAVI6DBS01-DI,CHL_Demo_PROD,mvadmin
METAVI6DBS01-DI,CHL_Demo_PROD,metavisionro
METAVI6DBS01-DI,CHL_Demo_PROD,metavisionbo
METAVI6DBS01-DI,CHL_Demo_PROD,metavisionrw
METAVI6DBS01-DI,CHL_Demo_EMPI,mvuser
METAVI6DBS01-DI,CHL_Demo_EMPI,mvadmin
METAVI6DBS01-DI,CHL_Demo_EMPI,LimitedUser
METAVI6DBS01-PI,master,NoOrphanedUser
METAVI6DBS01-PI,tempdb,NoOrphanedUser
METAVI6DBS01-PI,model,NoOrphanedUser
METAVI6DBS01-PI,msdb,NoOrphanedUser
METAVI6DBS01-TI,master,NoOrphanedUser
METAVI6DBS01-TI,tempdb,NoOrphanedUser
METAVI6DBS01-TI,model,NoOrphanedUser
METAVI6DBS01-TI,msdb,NoOrphanedUser
METAVI6DBS01-TI,CHL_Test,mvuser
METAVI6DBS01-TI,CHL_Test,mvadmin
METAVI6DBS01-TI,CHL_Test,metavisionro
METAVI6DBS01-TI,CHL_Test,metavisionbo
METAVI6DBS01-TI,CHL_Test,metavisionrw
METAVI6DBS01-TI,CHL_Test,LimitedUser
METAVI6DBS01-TI,CHL_Test_EMPI,dbo
METAVI6DBS01-TI,CHL_Test_EMPI,mvuser
METAVI6DBS01-TI,CHL_Test_EMPI,LimitedUser
METAVI6DBS01-TI,CHL_Master_PROD,mvuser
METAVI6DBS01-TI,CHL_Master_PROD,mvadmin
METAVI6DBS01-TI,CHL_Master_PROD,metavisionro
METAVI6DBS01-TI,CHL_Master_PROD,metavisionbo
METAVI6DBS01-TI,CHL_Master_PROD,metavisionrw
METAVI6DBS01-TI,CHL_Master_PROD,LimitedUser
METAVI6DBS01-TI,CHL_Master_EMPI,NoOrphanedUser
MVDB23,master,NoOrphanedUser
MVDB23,tempdb,NoOrphanedUser
MVDB23,model,NoOrphanedUser
MVDB23,msdb,NoOrphanedUser
MVDB23,MV_Empi,mvadmin
MVDB23,MV_Empi,metavisionro
MVDB23,MV_Prod,mvadmin
MVDB23,MV_Prod,metavisionro
MVDB23,MV_Archive2,mvadmin
MVDB23,MV_Archive2,metavisionro
MVDB23,METAVISION_EXPORT,dbo
MVDB23,METAVISION_EXPORT,metavisionro
MVDB23,METAVISION_EXPORT,metavisionrw
MVDB23,distribution,NoOrphanedUser
MVDB23,MV_Arch_2009-2014,mvadmin
MVDB23,MV_Arch_2009-2014,metavisionro
MVDB23,MV_Arch_2009-2014,CHLUSER
MVDB23,MV_Prod_2009-2014,mvadmin
MVDB23,MV_Prod_2009-2014,metavisionro
MVDB23,MV_Prod_2009-2014,CHLUSER
MVDB23,MV_Empi_2009-2014,dbo
MVDBTEST23,master,NoOrphanedUser
MVDBTEST23,tempdb,NoOrphanedUser
MVDBTEST23,model,NoOrphanedUser
MVDBTEST23,msdb,NoOrphanedUser
MVDBTEST23,MVCore_02_6_23_EMPI,mvuser
MVDBTEST23,MVCore_02_6_23_EMPI,mvadmin
MVDBTEST23,MVCore_02_6_23_EMPI,LimitedUser
MVDBTEST23,MVCore_02_6_23_PROD,mvuser
MVDBTEST23,MVCore_02_6_23_PROD,mvadmin
MVDBTEST23,MVCore_02_6_23_PROD,metavisionro
MVDBTEST23,MVCore_02_6_23_PROD,metavisionbo
MVDBTEST23,MVCore_02_6_23_PROD,metavisionrw
MVDBTEST23,MV_Empi,mvadmin
MVDBTEST23,MV_Empi,metavisionro
MVDBTEST23,MV_Empi,mvuser
MVDBTEST23,MV_Empi,CHLUSER
MVDBTEST23,MV_Prod,mvuser
MVDBTEST23,MV_Prod,mvadmin
MVDBTEST23,MV_Prod,metavisionro
MVDBTEST23,MV_Prod,CHLUSER
MVDEVDBS01-TI,master,NoOrphanedUser
MVDEVDBS01-TI,tempdb,NoOrphanedUser
MVDEVDBS01-TI,model,NoOrphanedUser
MVDEVDBS01-TI,msdb,NoOrphanedUser
MVDEVDBS01-TI,MV_Empi,mvadmin
MVDEVDBS01-TI,MV_Empi,metavisionro
MVDEVDBS01-TI,MV_Empi,mvuser
MVDEVDBS01-TI,MV_Empi,CHLUSER
MVDEVDBS01-TI,MV_Prod,mvuser
MVDEVDBS01-TI,MV_Prod,mvadmin
MVDEVDBS01-TI,MV_Prod,metavisionro
MVDEVDBS01-TI,MV_Prod,CHLUSER
MVESRV,master,NoOrphanedUser
MVESRV,tempdb,NoOrphanedUser
MVESRV,model,NoOrphanedUser
MVESRV,msdb,NoOrphanedUser
MVESRV,FRAMEWORK,NoOrphanedUser
MVESRV,MONITOR,NoOrphanedUser
MVESRV,QUARTZ,NoOrphanedUser
NEUROSRV,master,NoOrphanedUser
NEUROSRV,tempdb,NoOrphanedUser
NEUROSRV,model,NoOrphanedUser
NEUROSRV,msdb,NoOrphanedUser
NEUROSRV,ShellPlus,NoOrphanedUser
NEUROSRV,KPManagement,NoOrphanedUser
NEUROSRV,KPRaw0,NoOrphanedUser
NEUROSRV,KPArchive0,NoOrphanedUser
NOSOKOSDBS01-PI,master,NoOrphanedUser
NOSOKOSDBS01-PI,tempdb,NoOrphanedUser
NOSOKOSDBS01-PI,model,NoOrphanedUser
NOSOKOSDBS01-PI,msdb,NoOrphanedUser
NOSOKOSDBS01-PI,Mirth_Nosotech,NoOrphanedUser
NOSOKOSDBS01-PI,Nosokos7_PROD,NoOrphanedUser
NOSOKOSDBS01-PI,Nosotech_DDE_PROD,NoOrphanedUser
NOSOKOSDBS01-PI,Nosotech_Interface_ADT_PROD,NoOrphanedUser
NOSOKOSDBS01-PI,Nosotech_Interface_Laboratoire_PROD,NoOrphanedUser
ONKOZERTSRV,master,NoOrphanedUser
ONKOZERTSRV,tempdb,NoOrphanedUser
ONKOZERTSRV,model,NoOrphanedUser
ONKOZERTSRV,msdb,NoOrphanedUser
ONKOZERTSRV,TuDocGeneral,NoOrphanedUser
OPERA5DBS01-PI/OPERAPRD,master,NoOrphanedUser
OPERA5DBS01-PI/OPERAPRD,tempdb,NoOrphanedUser
OPERA5DBS01-PI/OPERAPRD,model,NoOrphanedUser
OPERA5DBS01-PI/OPERAPRD,msdb,NoOrphanedUser
OPERA5DBS01-PI/OPERAPRD,Opera40,NoOrphanedUser
OPERA5DBS01-PI/OPERAPRD,Operawarehouse40,NoOrphanedUser
OPERA5DBS01-PI/OPERAPRD,OperawarehouseWaiting40,NoOrphanedUser
OPERA5DBS01-PI/OPERAPRD,Int_Admis40,NoOrphanedUser
OPERA5DBS01-PI/OPERAPRD,MetaVision,NoOrphanedUser
OPERA5SAS01-TI/OPERATST,master,NoOrphanedUser
OPERA5SAS01-TI/OPERATST,tempdb,NoOrphanedUser
OPERA5SAS01-TI/OPERATST,model,NoOrphanedUser
OPERA5SAS01-TI/OPERATST,msdb,NoOrphanedUser
OPERA5SAS01-TI/OPERATST,Opera40,operastat
OPERA5SAS01-TI/OPERATST,Operawarehouse40,NoOrphanedUser
OPERA5SAS01-TI/OPERATST,OperawarehouseWaiting40,NoOrphanedUser
OPERA5SAS01-TI/OPERATST,Int_Admis40,operastat
OPERA5SAS01-TI/OPERATST,MetaVision,NoOrphanedUser
OPERA5SAS01-TI/OPERATST,TempOpera,metavision
OPERA5SAS01-TI/OPERATST,TempOpera,operastat
OPERA5SAS01-TI/OPERATST,TempOpera,service
OPERA5SAS01-TI/OPERATST,TempOpera,mcpoll
OPSCCTSSAS01-PI,master,NoOrphanedUser
OPSCCTSSAS01-PI,tempdb,NoOrphanedUser
OPSCCTSSAS01-PI,model,NoOrphanedUser
OPSCCTSSAS01-PI,msdb,NoOrphanedUser
OPSCCTSSAS01-PI,configdb,NoOrphanedUser
OPSCCTSSAS01-PI,OSCADM,dbo
OPTIMDB,master,NoOrphanedUser
OPTIMDB,tempdb,NoOrphanedUser
OPTIMDB,model,NoOrphanedUser
OPTIMDB,msdb,NoOrphanedUser
OPTIMDB,OPTIM_OXS_PATIENT_MANAGEMENT_V8,NoOrphanedUser
OPTIMDB,OptimSPM4,NoOrphanedUser
ORGACARDDB01,master,NoOrphanedUser
ORGACARDDB01,tempdb,NoOrphanedUser
ORGACARDDB01,model,NoOrphanedUser
ORGACARDDB01,msdb,NoOrphanedUser
ORGACARDDB01,OCONE_HM,OCSYSTEM
ORGACARDDB01,OCONE_CE,OCSYSTEM
ORGACARDDB01,OCARCHIV_CE,NoOrphanedUser
ORGACARDDB01,OCARCHIV_HM,NoOrphanedUser
ORGACARDDB01,OCONE_Testsystem,OCSYSTEM
ORGACARDDB01,OCONE_Schulungssystem,OCSYSTEM
ORGACARDDB01,OCARCHIV_Testsystem,NoOrphanedUser
ORGACARDDB01,OCARCHIV_Schulungssystem,NoOrphanedUser
ORGCARDSAS-TI,master,NoOrphanedUser
ORGCARDSAS-TI,tempdb,NoOrphanedUser
ORGCARDSAS-TI,model,NoOrphanedUser
ORGCARDSAS-TI,msdb,NoOrphanedUser
PFMSAS02-PI/PFMSQL2016,master,NoOrphanedUser
PFMSAS02-PI/PFMSQL2016,tempdb,NoOrphanedUser
PFMSAS02-PI/PFMSQL2016,model,NoOrphanedUser
PFMSAS02-PI/PFMSQL2016,msdb,NoOrphanedUser
PFMSAS02-PI/PFMSQL2016,PFM_BD_Mouvements,NoOrphanedUser
RDMSRV,master,NoOrphanedUser
RDMSRV,tempdb,NoOrphanedUser
RDMSRV,model,NoOrphanedUser
RDMSRV,msdb,NoOrphanedUser
RDMSRV,EzDose,NoOrphanedUser
SAATMANNSRV,master,NoOrphanedUser
SAATMANNSRV,tempdb,NoOrphanedUser
SAATMANNSRV,model,NoOrphanedUser
SAATMANNSRV,msdb,NoOrphanedUser
SAATMANNSRV,DB_Schnittstelle,dbo
SAATMANNSRV,DB_GeDoWinQS,dbo
SAATMANNSRV,DB_QS_Monitor,dbo
SALTOSAS01-PI,master,NoOrphanedUser
SALTOSAS01-PI,tempdb,NoOrphanedUser
SALTOSAS01-PI,model,NoOrphanedUser
SALTOSAS01-PI,msdb,NoOrphanedUser
SALTOSAS01-PI,SALTO_SPACE,NoOrphanedUser
SALTOSAS01-PI,TBS_BAWSE,NoOrphanedUser
SALTOSAS01-TI,master,NoOrphanedUser
SALTOSAS01-TI,tempdb,NoOrphanedUser
SALTOSAS01-TI,model,NoOrphanedUser
SALTOSAS01-TI,msdb,NoOrphanedUser
SALTOSAS01-TI,SALTO_SPACE,NoOrphanedUser
SALTOSAS01-TI,TBS_BAWSE,tbsAdmin
SBIMSRV,master,NoOrphanedUser
SBIMSRV,tempdb,NoOrphanedUser
SBIMSRV,model,NoOrphanedUser
SBIMSRV,msdb,NoOrphanedUser
SBIMSRV,SBCOM$,dbo
SBIMSRV,SBCOM,dbo
SBIMSRV,SBDIRHM$,dbo
SBIMSRV,SBDIRHM,dbo
SBIMSRV,SBRCM$,dbo
SBIMSRV,SBRCM,dbo
SBIMSRV,SBRCMT,dbo
SBIMSRV,SBRIM$,dbo
SBIMSRV,SBRIM,dbo
SBIMSRV,SBSEC$,dbo
SBIMSRV,SBSEC,dbo
SBIMSRV,SBSYS,dbo
SBIMSRV,SBVIPAT$,dbo
SBIMSRV,SBVIPAT,dbo
SBIMTEST,master,NoOrphanedUser
SBIMTEST,tempdb,NoOrphanedUser
SBIMTEST,model,NoOrphanedUser
SBIMTEST,msdb,NoOrphanedUser
SBIMTEST,SBSYS,NoOrphanedUser
SBIMTEST,SBSEC,NoOrphanedUser
SBIMTEST,SBSEC$,NoOrphanedUser
SBIMTEST,SBCOM,NoOrphanedUser
SBIMTEST,SBCOM$,NoOrphanedUser
SBIMTEST,SBRCM,NoOrphanedUser
SBIMTEST,SBRCM$,NoOrphanedUser
SBIMTEST,SBRCMT,NoOrphanedUser
SBIMTEST,SBRIM,NoOrphanedUser
SBIMTEST,SBRIM$,NoOrphanedUser
SBIMTEST,SBDIRHM,NoOrphanedUser
SBIMTEST,SBDIRHM$,NoOrphanedUser
SBIMTEST,SBVIPAT,NoOrphanedUser
SBIMTEST,SBVIPAT$,NoOrphanedUser
SCCMCHL,master,NoOrphanedUser
SCCMCHL,tempdb,NoOrphanedUser
SCCMCHL,model,NoOrphanedUser
SCCMCHL,msdb,NoOrphanedUser
SCCMCHL,CM_CHL,smsdbuser_ReadOnly
SCCMCHL,CM_CHL,smsdbuser_ReadWrite
SCCMCHL,CM_CHL,smsdbuser_ReportSchema
SCCMCHL,CM_CHL,RecoveryAndHardwareCore
SCCMCHL,CM_CHL,RecoveryAndHardwareRead
SCCMCHL,CM_CHL,RecoveryAndHardwareWrite
SCCMCHL,CM_CHL,Audit
SCCMCHL,CM_CHL,ComplianceRead
SCCMREPORT,master,NoOrphanedUser
SCCMREPORT,tempdb,NoOrphanedUser
SCCMREPORT,model,NoOrphanedUser
SCCMREPORT,msdb,NoOrphanedUser
SCCMREPORT,ReportServer,NoOrphanedUser
SCCMREPORT,ReportServerTempDB,NoOrphanedUser
SCCMREPORT,CM_CHL_DW,NoOrphanedUser
SCCMSUP,master,NoOrphanedUser
SCCMSUP,tempdb,NoOrphanedUser
SCCMSUP,model,NoOrphanedUser
SCCMSUP,msdb,NoOrphanedUser
SCCMSUP,SUSDB,NoOrphanedUser
SCHAUFSRV,master,NoOrphanedUser
SCHAUFSRV,tempdb,NoOrphanedUser
SCHAUFSRV,model,NoOrphanedUser
SCHAUFSRV,msdb,NoOrphanedUser
SCHAUFSRV,sGuide,NoOrphanedUser
SCHAUFSRV,Q-Flex,NoOrphanedUser
SENTRYSUITESRV/SENTRYSUITE,master,NoOrphanedUser
SENTRYSUITESRV/SENTRYSUITE,tempdb,NoOrphanedUser
SENTRYSUITESRV/SENTRYSUITE,model,NoOrphanedUser
SENTRYSUITESRV/SENTRYSUITE,msdb,NoOrphanedUser
SENTRYSUITESRV/SENTRYSUITE,SentrySuite,SeSAdmin
SENTRYSUITESRV/SENTRYSUITE,SentryConnectGateway,NoOrphanedUser
SENTRYSUITETEST/SENTRYSUITE,master,NoOrphanedUser
SENTRYSUITETEST/SENTRYSUITE,tempdb,NoOrphanedUser
SENTRYSUITETEST/SENTRYSUITE,model,NoOrphanedUser
SENTRYSUITETEST/SENTRYSUITE,msdb,NoOrphanedUser
SENTRYSUITETEST/SENTRYSUITE,SentrySuite,SeSAdmin
SENTRYSUITETEST/SENTRYSUITE,SentrySuite,SeSWork
SENTRYSUITETEST/SENTRYSUITE,SentrySuite,SeSQuery
SENTRYSUITETEST/SENTRYSUITE,SentryConnectGateway,NoOrphanedUser
SENTRYSUITETEST/SENTRYSUITE,SentryWorklist,NoOrphanedUser
SENTRYSUITETEST/SENTRYSUITE,DBCUBECHL,NoOrphanedUser
SHATEST,master,NoOrphanedUser
SHATEST,tempdb,NoOrphanedUser
SHATEST,model,NoOrphanedUser
SHATEST,msdb,NoOrphanedUser
SWLMAESDBS01-PI,master,NoOrphanedUser
SWLMAESDBS01-PI,tempdb,NoOrphanedUser
SWLMAESDBS01-PI,model,NoOrphanedUser
SWLMAESDBS01-PI,msdb,NoOrphanedUser
SWLMAESDBS01-PI,mirthdb,NoOrphanedUser
SWLMAESDBS01-TI,master,NoOrphanedUser
SWLMAESDBS01-TI,tempdb,NoOrphanedUser
SWLMAESDBS01-TI,model,NoOrphanedUser
SWLMAESDBS01-TI,msdb,NoOrphanedUser
SWLMAESDBS01-TI,mirthdb,NoOrphanedUser
SYSADMVWS01-DI,master,NoOrphanedUser
SYSADMVWS01-DI,tempdb,NoOrphanedUser
SYSADMVWS01-DI,model,NoOrphanedUser
SYSADMVWS01-DI,msdb,NoOrphanedUser
SYSEPUSAS01-PI,master,NoOrphanedUser
SYSEPUSAS01-PI,tempdb,NoOrphanedUser
SYSEPUSAS01-PI,model,NoOrphanedUser
SYSEPUSAS01-PI,msdb,NoOrphanedUser
SYSEPUSAS01-PI,ExtendedIPUConfigData,dbo
SYSEPUSAS01-PI,ExtendedIPURoutineCacheData_4.6.22,dbo
SYSEPUSAS01-PI,ExtendedIPU,NoOrphanedUser
SYSEPUSAS01-PI,ExtendedIPUAccessLogs,NoOrphanedUser
SYSEPUSAS01-PI,ExtendedIPUAnonymized,NoOrphanedUser
SYSEPUSAS01-PI,ExtendedIPUPDFFiles,NoOrphanedUser
SYSEPUSAS01-PI,ExtendedIPUStatistics,NoOrphanedUser
SYSMEXIPUSRV,master,NoOrphanedUser
SYSMEXIPUSRV,tempdb,NoOrphanedUser
SYSMEXIPUSRV,model,NoOrphanedUser
SYSMEXIPUSRV,msdb,NoOrphanedUser
SYSMEXIPUSRV,ExtendedIPU,NoOrphanedUser
SYSMEXIPUSRV,ExtendedIPUAnonymized,NoOrphanedUser
SYSMEXIPUSRV,ExtendedIPURoutineCacheData_4.6.22,NoOrphanedUser
SYSMEXIPUSRV,ExtendedIPUPDFFiles,NoOrphanedUser
SYSMEXIPUSRV,ExtendedIPUStatistics,NoOrphanedUser
SYSMEXIPUSRV,ExtendedIPUAccessLogs,NoOrphanedUser
SYSMEXIPUSRV,ExtendedIPUConfigData,NoOrphanedUser
THYCOTICDB,master,NoOrphanedUser
THYCOTICDB,tempdb,NoOrphanedUser
THYCOTICDB,model,NoOrphanedUser
THYCOTICDB,msdb,NoOrphanedUser
THYCOTICDB,SecretServer,NoOrphanedUser
THYCOTICSRV,master,NoOrphanedUser
THYCOTICSRV,tempdb,NoOrphanedUser
THYCOTICSRV,model,NoOrphanedUser
THYCOTICSRV,msdb,NoOrphanedUser
THYCOTICSRV,SecretServer,NoOrphanedUser
THYCOTICSRV,SecretServerInt,NoOrphanedUser
TSSTEST/SQLEXPRESS,master,NoOrphanedUser
TSSTEST/SQLEXPRESS,tempdb,NoOrphanedUser
TSSTEST/SQLEXPRESS,model,NoOrphanedUser
TSSTEST/SQLEXPRESS,msdb,NoOrphanedUser
TSSTEST/SQLEXPRESS,SecretServer,NoOrphanedUser
TSSTEST/SQLEXPRESS,tmp_hra,NoOrphanedUser
WSSQL01,master,NoOrphanedUser
WSSQL01,tempdb,NoOrphanedUser
WSSQL01,model,NoOrphanedUser
WSSQL01,msdb,NoOrphanedUser
WSSQL01,portier,NoOrphanedUser
WSSQL01,Papercut,NoOrphanedUser
WSSQL01,S4L,NoOrphanedUser
WSSQL01,UniteData,NoOrphanedUser
WSSQL01,UniteAnalyzer,NoOrphanedUser
WSSQL01,UniteAuditTrail,NoOrphanedUser
WSSQL01,UniteConnect,NoOrphanedUser
WSSQL01,ePO_WSEPO01,NoOrphanedUser
WSSQL01,ePO_WSEPO01_Events,NoOrphanedUser
WSSQL01,Carrousel,NoOrphanedUser
WSSQL01,Shared_sync_hra,NoOrphanedUser
WSSQL01,Shared_sync_hra_prod,NoOrphanedUser
WSSQLMED01,master,NoOrphanedUser
WSSQLMED01,tempdb,NoOrphanedUser
WSSQLMED01,model,NoOrphanedUser
WSSQLMED01,msdb,NoOrphanedUser
WSSQLMED01,MUSE_System,NoOrphanedUser
WSSQLMED01,MUSE_SiteTemplate,NoOrphanedUser
WSSQLMED01,MUSE_Site0001,NoOrphanedUser
WSSQLMED01,test,NoOrphanedUser
WSSQLMED01,ATLAS,NoOrphanedUser
WSSQLMED01,AdvArchive,sa
WSSQLMED01,AdvLog,sa
WSSQLMED01,AdvSetup,sa
WSSQLMED01,Diamant,NoOrphanedUser
WSSQLMED01,Matcher_CHLux,MatcherHRS
WSSQLMED01,Matcher_CHLux,HRSMatcher
WSSQLMED01,Matcher_CHLux,matcher
WSSQLMED01,Matcher_CHLux,matcher5
WSSQLMED01,Matcher_CHLux,MatcherUsers
WSSQLMED01,Matcher_CHLux,Brainwave
WSSQLTEST01,master,NoOrphanedUser
WSSQLTEST01,tempdb,NoOrphanedUser
WSSQLTEST01,model,NoOrphanedUser
WSSQLTEST01,msdb,NoOrphanedUser
WSSQLTEST01,S4L,sa_s4l
WSSQLTEST01,ONETRUST_REPORTING,NoOrphanedUser
WSSQLTEST01,S4L_rebuild,sa_s4l
WSSQLTEST01,igrc,NoOrphanedUser
WSSQLTEST01,PFM_BD_Mouvements,NoOrphanedUser
WSSQLTEST01,CHL_IPAM,IPAM_WinPE
ZCMSQL,master,NoOrphanedUser
ZCMSQL,tempdb,NoOrphanedUser
ZCMSQL,model,NoOrphanedUser
ZCMSQL,msdb,NoOrphanedUser
ZCMSQL,DBAudit,NoOrphanedUser
ZCMSQL,ZCM_CHL,NoOrphanedUser
