BA1,SYS
BA3,SYS
BJ1,SYS
BJ3,SYS
BW1,SYS
CHC,SYS
CHL,SYS
CYBERDEV,ADMINISTRATOR
CYBERDEV,SYS
CYBERLAB,SYS
ENNOV,SYS
ENNOVT,SYS
HYDPRDG5,ADMINISTRATOR
HYDPRDG5,SYS
HYDTEST,ADMINISTRATOR
HYDTEST,SYS
LABO,ADMINISTRATOR
LABODEV,ORAGLIMS
LABODEV,SYS
LABO,SYS
LABO,SYSTEM
LABOTEST,SYS
MIRTH,ADMINISTRATOR
MIRTH,SYS
MIRTH,SYSTEM
MIRTHT,ADMINISTRATOR
MIRTHT,SYS
MIRTHT,SYSTEM
NA3,BACKUP
NA3,SYS
NJ3,BACKUP
NJ3,SYS
OEM,ADMINISTRATOR
OEM,SYS
ORAWEBT,SYS
ORAWEBT,ZABBIX
RETRO,ADMINISTRATOR
RETRODEV,ADMINISTRATOR
RETRODEV,SYS
RETRO,SYS
RETROUAT,ADMINISTRATOR
RETROUAT,SYS
RISCHL,SYS
SHERLOCK,ADMINISTRATOR
SHERLOCK,SYS
SHERLOCK,SYSTEM
