BA1,NON_CONTAINER,PSAPSR3,1095023
BA1,NON_CONTAINER,PSAPSR3750X,9129
BA1,NON_CONTAINER,PSAPUNDO,1110
BA1,NON_CONTAINER,SYSAUX,7824
BA1,NON_CONTAINER,SYSTEM,3179
BA3,NON_CONTAINER,PSAPSR3,233229
BA3,NON_CONTAINER,PSAPSR3750X,10707
BA3,NON_CONTAINER,PSAPUNDO,192
BA3,NON_CONTAINER,SYSAUX,3439
BA3,NON_CONTAINER,SYSTEM,2520
BJ1,NON_CONTAINER,PSAPSR3DB,8824
BJ1,NON_CONTAINER,PSAPUNDO,39
BJ1,NON_CONTAINER,SYSAUX,887
BJ1,NON_CONTAINER,SYSTEM,911
BJ3,NON_CONTAINER,PSAPSR3DB,7717
BJ3,NON_CONTAINER,PSAPUNDO,18
BJ3,NON_CONTAINER,SYSAUX,919
BJ3,NON_CONTAINER,SYSTEM,907
BW1,NON_CONTAINER,PSAPSR3750,21120
BW1,NON_CONTAINER,PSAPSR3,86556
BW1,NON_CONTAINER,PSAPUNDO,974
BW1,NON_CONTAINER,SYSAUX,2320
BW1,NON_CONTAINER,SYSTEM,1647
Changing password for monitoring
CHC,NON_CONTAINER,PSAPSR3,2238958
CHC,NON_CONTAINER,PSAPSR3750,1
CHC,NON_CONTAINER,PSAPSR3750X,81060
CHC,NON_CONTAINER,PSAPSR3DOPA,291
CHC,NON_CONTAINER,PSAPSR3USR,1677
CHC,NON_CONTAINER,PSAPUNDO,3978
CHC,NON_CONTAINER,SYSAUX,5855
CHC,NON_CONTAINER,SYSTEM,2379
CHL,NON_CONTAINER,PSAPSR3,3602667
CHL,NON_CONTAINER,PSAPSR3750,1
CHL,NON_CONTAINER,PSAPSR3750X,96140
CHL,NON_CONTAINER,PSAPSR3DOPA,291
CHL,NON_CONTAINER,PSAPSR3USR,4260
CHL,NON_CONTAINER,PSAPUNDO,2173
CHL,NON_CONTAINER,SYSAUX,6958
CHL,NON_CONTAINER,SYSTEM,2400
CYBERDEV,NON_CONTAINER,CYBER_IND,69364
CYBERDEV,NON_CONTAINER,CYBER_TBL,250443
CYBERDEV,NON_CONTAINER,SYSAUX,5903
CYBERDEV,NON_CONTAINER,SYSTEM,687
CYBERDEV,NON_CONTAINER,UNDOTBS,66
CYBERLAB,NON_CONTAINER,CYBER_IND,69364
CYBERLAB,NON_CONTAINER,CYBER_TBL,258286
CYBERLAB,NON_CONTAINER,SYSAUX,5088
CYBERLAB,NON_CONTAINER,SYSTEM,687
CYBERLAB,NON_CONTAINER,UNDOTBS,80
DIM,NON_CONTAINER,BODATA,2
DIM,NON_CONTAINER,BOIDX,2
DIM,NON_CONTAINER,CATALOGUEDATA,17
DIM,NON_CONTAINER,CATALOGUEIDX,16
DIM,NON_CONTAINER,CQDATA,383
DIM,NON_CONTAINER,CQIDX,514
DIM,NON_CONTAINER,DOCDATA,36
DIM,NON_CONTAINER,DOCIDX,3
DIM,NON_CONTAINER,GAPDATA,62
DIM,NON_CONTAINER,GAPIDX,89
DIM,NON_CONTAINER,ICODE,2008
DIM,NON_CONTAINER,MASTERDATA,347
DIM,NON_CONTAINER,MWSACCESSDATA,2104
DIM,NON_CONTAINER,MWSACCESSIDX,3217
DIM,NON_CONTAINER,NMCLDATA,781
DIM,NON_CONTAINER,NMCLIDX,2020
DIM,NON_CONTAINER,OUTILSDATA,3
DIM,NON_CONTAINER,OUTILSIDX,2
DIM,NON_CONTAINER,PATIENTDATA,166
DIM,NON_CONTAINER,PATIENTIDX,363
DIM,NON_CONTAINER,PMSIDATA,1503
DIM,NON_CONTAINER,PMSIIDX,5865
DIM,NON_CONTAINER,RDVDATA,1
DIM,NON_CONTAINER,RDVIDX,3
DIM,NON_CONTAINER,REGULATIONDATA,4960
DIM,NON_CONTAINER,REGULATIONIDX,10392
DIM,NON_CONTAINER,SIDDATA,1
DIM,NON_CONTAINER,SIDIDX,1
DIM,NON_CONTAINER,STRUCTUREDATA,4
DIM,NON_CONTAINER,STRUCTUREIDX,273
DIM,NON_CONTAINER,SYSAUX,20317
DIM,NON_CONTAINER,SYSTEM,820
DIM,NON_CONTAINER,UNDOTBS,36
ENNOV,NON_CONTAINER,DATAMART_ENNOV,1654
ENNOV,NON_CONTAINER,ENNOVDATA,181192
ENNOV,NON_CONTAINER,SYSAUX,7662
ENNOV,NON_CONTAINER,SYSTEM,27596
ENNOV,NON_CONTAINER,UNDOTBS,253
ENNOVT,NON_CONTAINER,DATAMART_ENNOV,5207
ENNOVT,NON_CONTAINER,ENNOVDATA,164869
ENNOVT,NON_CONTAINER,SYSAUX,7369
ENNOVT,NON_CONTAINER,SYSTEM,25356
ENNOVT,NON_CONTAINER,UNDOTBS,217
ERROR:
Help: https://docs.oracle.com/error-help/db/ora-28000/
Help: https://docs.oracle.com/error-help/db/ora-28001/
Help: https://docs.oracle.com/error-help/db/sp2-0157/
Help: https://docs.oracle.com/error-help/db/sp2-0306/
Help: https://docs.oracle.com/error-help/db/sp2-0650/
HYDPRDG5,NON_CONTAINER,HYDMEDIA5,295902
HYDPRDG5,NON_CONTAINER,SYSAUX,2356
HYDPRDG5,NON_CONTAINER,SYSTEM,1069
HYDPRDG5,NON_CONTAINER,UNDOTBS1,113
HYDPRDG5,NON_CONTAINER,USERS,2
HYDTEST,NON_CONTAINER,HYDMEDIA5,1038
HYDTEST,NON_CONTAINER,SYSAUX,1055
HYDTEST,NON_CONTAINER,SYSTEM,359
HYDTEST,NON_CONTAINER,UNDOTBS,15
LABODEV,NON_CONTAINER,GENRO_IND,204
LABODEV,NON_CONTAINER,GENRO_TBL,226
LABODEV,NON_CONTAINER,GENRW_IND,11270
LABODEV,NON_CONTAINER,GENRW_TBL,48020
LABODEV,NON_CONTAINER,GLIMS_IND,247921
LABODEV,NON_CONTAINER,GLIMS_TBL,156661
LABODEV,NON_CONTAINER,SYSAUX,759
LABODEV,NON_CONTAINER,SYSTEM,1021
LABODEV,NON_CONTAINER,UNDOTBS,585
LABO,NON_CONTAINER,GENRO_IND,204
LABO,NON_CONTAINER,GENRO_TBL,226
LABO,NON_CONTAINER,GENRW_IND,16616
LABO,NON_CONTAINER,GENRW_TBL,50395
LABO,NON_CONTAINER,GLIMS_IND,360584
LABO,NON_CONTAINER,GLIMS_TBL,201203
LABO,NON_CONTAINER,SYSAUX,1002
LABO,NON_CONTAINER,SYSTEM,770
LABO,NON_CONTAINER,UNDOTBS,689
LABOTEST,NON_CONTAINER,GENRO_IND,204
LABOTEST,NON_CONTAINER,GENRO_TBL,226
LABOTEST,NON_CONTAINER,GENRW_IND,13942
LABOTEST,NON_CONTAINER,GENRW_TBL,49293
LABOTEST,NON_CONTAINER,GLIMS_IND,328502
LABOTEST,NON_CONTAINER,GLIMS_TBL,184743
LABOTEST,NON_CONTAINER,SYSAUX,873
LABOTEST,NON_CONTAINER,SYSTEM,1007
LABOTEST,NON_CONTAINER,UNDOTBS,587
MIRTH,NON_CONTAINER,MIRTH,969676
MIRTH,NON_CONTAINER,SYSAUX,1996
MIRTH,NON_CONTAINER,SYSTEM,370
MIRTH,NON_CONTAINER,UNDOTBS,38
MIRTH,NON_CONTAINER,USERS,6
MIRTHT,NON_CONTAINER,MIRTH,3025
MIRTHT,NON_CONTAINER,SYSAUX,1081
MIRTHT,NON_CONTAINER,SYSTEM,368
MIRTHT,NON_CONTAINER,UNDOTBS,22
NA3,NON_CONTAINER,PSAPSR3,15816
NA3,NON_CONTAINER,PSAPSR3750,5
NA3,NON_CONTAINER,PSAPSR3750X,19945
NA3,NON_CONTAINER,PSAPSR3USR,0
NA3,NON_CONTAINER,PSAPUNDO,709
NA3,NON_CONTAINER,SYSAUX,1548
NA3,NON_CONTAINER,SYSTEM,1211
New password: 
NJ3,NON_CONTAINER,PSAPSR3DB,9563
NJ3,NON_CONTAINER,PSAPUNDO,13
NJ3,NON_CONTAINER,SYSAUX,949
NJ3,NON_CONTAINER,SYSTEM,1222
OEM,NON_CONTAINER,MGMT_TABLESPACE,35636
OEM,NON_CONTAINER,OAS_BIPLATFORM,56
OEM,NON_CONTAINER,OAS_IAS_OPSS,55
OEM,NON_CONTAINER,OAS_IAU,0
OEM,NON_CONTAINER,OAS_MDS,10
OEM,NON_CONTAINER,OAS_STB,1
OEM,NON_CONTAINER,OAS_WLS,0
OEM,NON_CONTAINER,SYSAUX,6611
OEM,NON_CONTAINER,SYSTEM,1971
OEM,NON_CONTAINER,UNDOTBS1,90
OEM,NON_CONTAINER,USERS,2
ORA-28000: The account is locked.
ORA-28001: the password has expired
ORAWEB,NON_CONTAINER,APEX,2522
ORAWEB,NON_CONTAINER,HTMLDB,1423
ORAWEB,NON_CONTAINER,INDEXES,0
ORAWEB,NON_CONTAINER,PURCHASE_DATA,8
ORAWEB,NON_CONTAINER,PURCHASE_INDEX,2
ORAWEB,NON_CONTAINER,SYSAUX,8672
ORAWEB,NON_CONTAINER,SYSTEM,1921
ORAWEB,NON_CONTAINER,UNDOTBS,160
ORAWEB,NON_CONTAINER,USERS,34008
ORAWEBT,NON_CONTAINER,APEX,532
ORAWEBT,NON_CONTAINER,HTMLDB,1139
ORAWEBT,NON_CONTAINER,INDEXES,0
ORAWEBT,NON_CONTAINER,PURCHASE_DATA,8
ORAWEBT,NON_CONTAINER,PURCHASE_INDEX,2
ORAWEBT,NON_CONTAINER,SYSAUX,5334
ORAWEBT,NON_CONTAINER,SYSTEM,1807
ORAWEBT,NON_CONTAINER,UNDOTBS,163
ORAWEBT,NON_CONTAINER,USERS,27928
Password unchanged
      <proxy> ::= <proxyuser>[<username>][/<password>][@<connect_identifier>]
RETRODEV,NON_CONTAINER,APEX,538
RETRODEV,NON_CONTAINER,FLOWS_DATA,5
RETRODEV,NON_CONTAINER,FLOWS_INDEX,1
RETRODEV,NON_CONTAINER,RETRO,1750
RETRODEV,NON_CONTAINER,RETRO_MIG,279
RETRODEV,NON_CONTAINER,RETRO_MIRTH,1
RETRODEV,NON_CONTAINER,SYSAUX,1762
RETRODEV,NON_CONTAINER,SYSTEM,1301
RETRODEV,NON_CONTAINER,UNDOTBS1,30
RETRODEV,NON_CONTAINER,USERS,2
RETRO,NON_CONTAINER,APEX,370
RETRO,NON_CONTAINER,RETRO,6472
RETRO,NON_CONTAINER,RETRO_MIRTH,51
RETRO,NON_CONTAINER,SYSAUX,1809
RETRO,NON_CONTAINER,SYSTEM,1255
RETRO,NON_CONTAINER,UNDOTBS1,36
RETRO,NON_CONTAINER,USERS,2
RETROUAT,NON_CONTAINER,APEX,312
RETROUAT,NON_CONTAINER,RETRO,1782
RETROUAT,NON_CONTAINER,RETRO_MIRTH,2
RETROUAT,NON_CONTAINER,SYSAUX,1645
RETROUAT,NON_CONTAINER,SYSTEM,1315
RETROUAT,NON_CONTAINER,UNDOTBS1,37
RETROUAT,NON_CONTAINER,USERS,2
Retype new password: 
RISCHL,NON_CONTAINER,DATA1,9558
RISCHL,NON_CONTAINER,DATA2,8975
RISCHL,NON_CONTAINER,INDEX1,9777
RISCHL,NON_CONTAINER,INDEX2,1369
RISCHL,NON_CONTAINER,INTERFACE,11053
RISCHL,NON_CONTAINER,SYSAUX,987
RISCHL,NON_CONTAINER,SYSTEM,678
RISCHL,NON_CONTAINER,TRANSLATOR,2594
RISCHL,NON_CONTAINER,UNDO,44
SHERDEV,NON_CONTAINER,SHERLOCK_DATA01,8537
SHERDEV,NON_CONTAINER,SYSAUX,1054
SHERDEV,NON_CONTAINER,SYSTEM,367
SHERDEV,NON_CONTAINER,UNDOTBS,24
SHERLOCK,NON_CONTAINER,SHERLOCK_DATA01,11766
SHERLOCK,NON_CONTAINER,SYSAUX,1130
SHERLOCK,NON_CONTAINER,SYSTEM,366
SHERLOCK,NON_CONTAINER,UNDOTBS,31
SP2-0157: unable to CONNECT to ORACLE after 3 attempts, exiting SQL*Plus
SP2-0306: Invalid option.
SP2-0650: New passwords do not match
Usage: CONN[ECT] [{logon|/|proxy} [AS {SYSDBA|SYSOPER|SYSASM|SYSBACKUP|SYSDG|SYSKM|SYSRAC}] [edition=value]]
where <logon> ::= <username>[/<password>][@<connect_identifier>]
