APEXCENTRAL/SQLEXPRESS,1,master,Online,Simple,SQL 2017,French_CI_AS,2026-05-10 00:18:27.000,NULL,NULL,2003-04-08 09:13:36.390,0,sa,NOT REPLICATED,N/A,PRD
APEXCENTRAL/SQLEXPRESS,2,tempdb,Online,Simple,SQL 2017,French_CI_AS,NULL,NULL,NULL,2026-04-28 23:01:58.683,0,sa,NOT REPLICATED,N/A,PRD
APEXCENTRAL/SQLEXPRESS,3,model,Online,Simple,SQL 2017,French_CI_AS,2026-05-10 00:18:27.000,NULL,NULL,2003-04-08 09:13:36.390,0,sa,NOT REPLICATED,N/A,PRD
APEXCENTRAL/SQLEXPRESS,4,msdb,Online,Simple,SQL 2016,French_CI_AS,2026-05-10 00:18:27.000,NULL,NULL,2017-08-22 19:39:22.887,0,sa,NOT REPLICATED,N/A,PRD
APEXCENTRAL/SQLEXPRESS,5,db_ApexCentral,Online,Simple,SQL 2017,French_CI_AS,2026-05-10 00:18:27.000,NULL,NULL,2020-01-22 11:47:48.040,0,sa,NOT REPLICATED,N/A,PRD
APEXONE/OFFICESCAN,1,master,Online,Simple,SQL 2016,SQL_Latin1_General_CP1_CI_AS,2026-05-10 00:18:30.000,NULL,NULL,2003-04-08 09:13:36.390,0,sa,NOT REPLICATED,N/A,PRD
APEXONE/OFFICESCAN,2,tempdb,Online,Simple,SQL 2016,SQL_Latin1_General_CP1_CI_AS,NULL,NULL,NULL,2026-04-28 23:01:51.580,0,sa,NOT REPLICATED,N/A,PRD
APEXONE/OFFICESCAN,3,model,Online,Simple,SQL 2016,SQL_Latin1_General_CP1_CI_AS,2026-05-10 00:18:30.000,NULL,NULL,2003-04-08 09:13:36.390,0,sa,NOT REPLICATED,N/A,PRD
APEXONE/OFFICESCAN,4,msdb,Online,Simple,SQL 2016,SQL_Latin1_General_CP1_CI_AS,2026-05-10 00:18:30.000,NULL,NULL,2016-04-30 00:46:38.773,0,sa,NOT REPLICATED,N/A,PRD
APEXONE/OFFICESCAN,5,APEXONE-ApexOne,Online,Simple,SQL 2016,SQL_Latin1_General_CP1_CI_AS,2026-05-10 00:18:30.000,NULL,NULL,2020-01-22 12:27:52.470,0,sa,NOT REPLICATED,N/A,PRD
BRAINWAVEDB,1,master,Online,Simple,SQL 2019,French_CI_AS,2026-05-10 00:18:32.000,NULL,NULL,2003-04-08 09:13:36.390,0,sa,NOT REPLICATED,N/A,PRD
BRAINWAVEDB,2,tempdb,Online,Simple,SQL 2019,French_CI_AS,NULL,NULL,NULL,2025-12-01 13:51:07.060,0,sa,NOT REPLICATED,N/A,PRD
BRAINWAVEDB,3,model,Online,Full,SQL 2019,French_CI_AS,2026-05-10 00:18:32.000,NULL,2026-05-10 10:13:00.000,2003-04-08 09:13:36.390,0,sa,NOT REPLICATED,N/A,PRD
BRAINWAVEDB,4,msdb,Online,Simple,SQL 2019,French_CI_AS,2026-05-10 00:18:32.000,NULL,NULL,2019-09-24 14:21:42.270,0,sa,NOT REPLICATED,N/A,PRD
BRAINWAVEDB,5,igrc,Online,Simple,SQL 2019,French_CI_AS,2026-05-10 00:18:32.000,NULL,NULL,2022-03-28 14:40:50.817,0,sa,NOT REPLICATED,N/A,PRD
BRAINWAVEDB,6,brainwave_Old,Online,Simple,SQL 2014,French_CI_AS,2026-05-10 00:18:32.000,NULL,NULL,2022-10-20 10:28:59.883,0,NULL,NOT REPLICATED,N/A,PRD
CATOSRV,1,master,Online,Simple,SQL 2019,French_CI_AS,2026-05-10 00:18:09.000,NULL,NULL,2003-04-08 09:13:36.390,0,sa,NOT REPLICATED,N/A,PRD
CATOSRV,2,tempdb,Online,Simple,SQL 2019,French_CI_AS,NULL,NULL,NULL,2026-04-28 23:02:16.710,0,sa,NOT REPLICATED,N/A,PRD
CATOSRV,3,model,Online,Full,SQL 2019,French_CI_AS,2026-05-10 00:18:09.000,NULL,2026-05-10 10:13:15.000,2003-04-08 09:13:36.390,0,sa,NOT REPLICATED,N/A,PRD
CATOSRV,4,msdb,Online,Simple,SQL 2019,French_CI_AS,2026-05-10 00:18:09.000,NULL,NULL,2019-09-24 14:21:42.270,0,sa,NOT REPLICATED,N/A,PRD
CATOSRV,5,Cato,Online,Simple,SQL 2012,French_CI_AS,2026-05-10 00:18:09.000,NULL,NULL,2021-06-23 12:55:58.130,0,NULL,NOT REPLICATED,N/A,PRD
CATOTEST,1,master,Online,Simple,SQL 2014,French_CI_AS,2026-05-10 01:33:00.000,NULL,NULL,2003-04-08 09:13:36.390,0,sa,NOT REPLICATED,N/A,TST
CATOTEST,2,tempdb,Online,Simple,SQL 2019,French_CI_AS,NULL,NULL,NULL,2026-04-21 23:09:28.040,0,sa,NOT REPLICATED,N/A,TST
CATOTEST,3,model,Online,Simple,SQL 2019,French_CI_AS,2026-05-10 01:33:00.000,NULL,NULL,2003-04-08 09:13:36.390,0,sa,NOT REPLICATED,N/A,TST
CATOTEST,4,msdb,Online,Simple,SQL 2019,French_CI_AS,2026-05-10 01:33:00.000,NULL,NULL,2014-02-20 20:49:38.857,0,sa,NOT REPLICATED,N/A,TST
CATOTEST,5,Cato-test,Online,Simple,SQL 2012,French_CI_AS,2026-05-10 01:33:00.000,NULL,NULL,2019-06-19 10:57:02.483,0,NULL,NOT REPLICATED,N/A,TST
CHIPTEXSAS01-PI,1,master,Online,Simple,new unknown-160,French_CI_AS,2026-05-10 00:18:29.000,NULL,NULL,2003-04-08 09:13:36.390,0,sa,NOT REPLICATED,N/A,PRD
CHIPTEXSAS01-PI,2,tempdb,Online,Simple,new unknown-160,French_CI_AS,NULL,NULL,NULL,2026-04-30 12:23:03.613,0,sa,NOT REPLICATED,N/A,PRD
CHIPTEXSAS01-PI,3,model,Online,Simple,new unknown-160,French_CI_AS,2026-05-10 00:18:29.000,NULL,NULL,2003-04-08 09:13:36.390,0,sa,NOT REPLICATED,N/A,PRD
CHIPTEXSAS01-PI,4,msdb,Online,Simple,new unknown-160,French_CI_AS,2026-05-10 00:18:29.000,NULL,NULL,2022-10-08 06:31:57.550,0,sa,NOT REPLICATED,N/A,PRD
CHIPTEXSAS01-PI,5,Chiptex,Online,Simple,SQL 2008,Latin1_General_CI_AS,2026-05-10 00:18:29.000,NULL,NULL,2024-08-06 10:44:52.470,0,ChiptexSQL,NOT REPLICATED,N/A,PRD
CNSSQL1,1,master,Online,Simple,SQL 2008,Latin1_General_CI_AS,2026-05-10 00:18:42.000,NULL,NULL,2003-04-08 09:13:36.390,0,sa,NOT REPLICATED,N/A,PRD
CNSSQL1,2,tempdb,Online,Simple,SQL 2008,Latin1_General_CI_AS,NULL,NULL,NULL,2024-04-17 08:03:13.073,0,sa,NOT REPLICATED,N/A,PRD
CNSSQL1,3,model,Online,Simple,SQL 2008,Latin1_General_CI_AS,2026-05-10 00:18:42.000,2015-10-19 00:08:51.000,NULL,2003-04-08 09:13:36.390,0,sa,NOT REPLICATED,N/A,PRD
CNSSQL1,4,msdb,Online,Simple,SQL 2008,Latin1_General_CI_AS,2026-05-10 00:18:42.000,2015-10-19 00:08:54.000,NULL,2008-07-09 16:46:27.767,0,sa,NOT REPLICATED,N/A,PRD
CNSSQL1,13,NOD32,Online,Simple,SQL 2008,Latin1_General_CI_AS,2026-05-10 00:18:42.000,2015-10-19 00:08:59.000,NULL,2013-01-09 11:07:17.293,0,ADCHL/Administrator,NOT REPLICATED,N/A,PRD
CNSSQL1,14,portier,Online,Simple,SQL 2008,Latin1_General_CI_AS,2026-05-10 00:18:42.000,2015-10-19 00:09:02.000,NULL,2013-01-14 10:48:40.817,0,ADCHL/Administrator,NOT REPLICATED,N/A,PRD
COPLIVEDBS01-PI,1,master,Online,Simple,new unknown-160,Latin1_General_CI_AS,2026-05-10 00:17:47.000,NULL,NULL,2003-04-08 09:13:36.390,0,sa,NOT REPLICATED,N/A,PRD
COPLIVEDBS01-PI,2,tempdb,Online,Simple,new unknown-160,Latin1_General_CI_AS,NULL,NULL,NULL,2025-12-08 12:22:28.180,0,sa,NOT REPLICATED,N/A,PRD
COPLIVEDBS01-PI,3,model,Online,Full,new unknown-160,Latin1_General_CI_AS,2026-05-10 00:17:47.000,NULL,2026-05-10 06:40:26.000,2003-04-08 09:13:36.390,0,sa,NOT REPLICATED,N/A,PRD
COPLIVEDBS01-PI,4,msdb,Online,Simple,new unknown-160,Latin1_General_CI_AS,2026-05-10 00:17:47.000,NULL,NULL,2022-10-08 06:31:57.550,0,sa,NOT REPLICATED,N/A,PRD
COPLIVEDBS01-PI,5,COPRA6Design,Online,Full,new unknown-160,Latin1_General_CI_AS,2026-05-10 00:17:47.000,NULL,2026-05-10 06:40:21.000,2025-04-23 09:48:57.657,0,NULL,NOT REPLICATED,N/A,PRD
COPLIVEDBS01-PI,6,COPRA6Test,Online,Full,new unknown-160,Latin1_General_CI_AS,2026-05-10 00:17:47.000,NULL,2026-05-10 06:40:24.000,2025-04-23 09:52:59.500,0,NULL,NOT REPLICATED,N/A,PRD
COPLIVEDBS01-PI,7,COPRA6Live,Online,Full,new unknown-160,Latin1_General_CI_AS,2026-05-10 00:17:47.000,NULL,2026-05-10 06:40:22.000,2025-04-23 14:26:55.000,0,NULL,NOT REPLICATED,N/A,PRD
COPLIVEDBS01-PI,8,Copus,Online,Full,new unknown-160,Latin1_General_CI_AS,2026-05-10 00:17:47.000,NULL,2026-05-10 06:40:25.000,2025-06-18 17:01:27.910,0,NULL,NOT REPLICATED,N/A,PRD
COPRA6COPUS,1,master,Online,Simple,SQL 2019,French_CI_AS,NULL,NULL,NULL,2003-04-08 09:13:36.390,0,sa,NOT REPLICATED,N/A,PRD
COPRA6COPUS,2,tempdb,Online,Simple,SQL 2019,French_CI_AS,NULL,NULL,NULL,2026-04-13 14:02:40.200,0,sa,NOT REPLICATED,N/A,PRD
COPRA6COPUS,3,model,Online,Full,SQL 2019,French_CI_AS,NULL,NULL,NULL,2003-04-08 09:13:36.390,0,sa,NOT REPLICATED,N/A,PRD
COPRA6COPUS,4,msdb,Online,Simple,SQL 2019,French_CI_AS,NULL,NULL,NULL,2019-09-24 14:21:42.270,0,sa,NOT REPLICATED,N/A,PRD
COPRADEMO,1,master,Online,Simple,SQL 2017,French_CI_AS,2026-05-10 01:33:30.000,NULL,NULL,2003-04-08 09:13:36.390,0,sa,NOT REPLICATED,N/A,TST
COPRADEMO,2,tempdb,Online,Simple,SQL 2017,French_CI_AS,NULL,NULL,NULL,2025-11-10 18:44:02.080,0,sa,NOT REPLICATED,N/A,TST
COPRADEMO,3,model,Online,Simple,SQL 2017,French_CI_AS,2026-05-10 01:33:30.000,NULL,NULL,2003-04-08 09:13:36.390,0,sa,NOT REPLICATED,N/A,TST
COPRADEMO,4,msdb,Online,Simple,SQL 2017,French_CI_AS,2026-05-10 01:33:30.000,NULL,NULL,2017-08-22 19:39:22.887,0,sa,NOT REPLICATED,N/A,TST
COPRADEMO,5,COPRA6Design,Online,Simple,SQL 2014,Latin1_General_CI_AS,2026-05-10 01:33:30.000,2023-05-23 15:25:16.000,NULL,2019-01-22 14:21:59.820,0,sa,NOT REPLICATED,N/A,TST
COPRADEMO,6,COPRA6Test,Online,Simple,SQL 2017,Latin1_General_CI_AS,2026-05-10 01:33:30.000,2023-05-23 15:26:12.000,NULL,2019-01-22 14:22:41.293,0,sa,NOT REPLICATED,N/A,TST
COPRADEMO,7,COPRA6Storage,Online,Full,SQL 2017,Latin1_General_CI_AS,2026-05-10 01:33:30.000,NULL,2026-05-10 08:05:48.000,2024-10-29 16:41:02.257,0,NULL,NOT REPLICATED,N/A,TST
COPRADEMO,8,COPRA6Statistic,Online,Full,SQL 2017,Latin1_General_CI_AS,2026-05-10 01:33:30.000,NULL,2026-05-10 08:05:47.000,2024-10-29 16:42:02.863,0,NULL,NOT REPLICATED,N/A,TST
COPRALIVE,1,master,Online,Simple,SQL 2017,French_CI_AS,NULL,NULL,NULL,2003-04-08 09:13:36.390,0,sa,NOT REPLICATED,N/A,PRD
COPRALIVE,2,tempdb,Online,Simple,SQL 2017,French_CI_AS,NULL,NULL,NULL,2026-02-12 10:13:19.040,0,sa,NOT REPLICATED,N/A,PRD
COPRALIVE,3,model,Online,Simple,SQL 2017,French_CI_AS,NULL,NULL,NULL,2003-04-08 09:13:36.390,0,sa,NOT REPLICATED,N/A,PRD
COPRALIVE,4,msdb,Online,Simple,SQL 2017,French_CI_AS,NULL,NULL,NULL,2017-08-22 19:39:22.887,0,sa,NOT REPLICATED,N/A,PRD
COPRALIVE,5,COPRA6Live,Online,Full,SQL 2017,Latin1_General_CI_AS,NULL,NULL,NULL,2022-01-17 12:03:17.650,0,ADCHL/copra6srvadmin,NOT REPLICATED,N/A,PRD
COPRALIVE,6,Copus,Online,Full,SQL 2017,French_CI_AS,NULL,NULL,NULL,2024-10-10 16:18:24.653,0,ADCHL/copra6srvadmin,NOT REPLICATED,N/A,PRD
COPRASTAT,1,master,Online,Simple,SQL 2017,French_CI_AS,NULL,NULL,NULL,2003-04-08 09:13:36.390,0,sa,NOT REPLICATED,N/A,PRD
COPRASTAT,2,tempdb,Online,Simple,SQL 2017,French_CI_AS,NULL,NULL,NULL,2025-08-26 08:16:35.507,0,sa,NOT REPLICATED,N/A,PRD
COPRASTAT,3,model,Online,Simple,SQL 2017,French_CI_AS,NULL,NULL,NULL,2003-04-08 09:13:36.390,0,sa,NOT REPLICATED,N/A,PRD
COPRASTAT,4,msdb,Online,Simple,SQL 2017,French_CI_AS,NULL,NULL,NULL,2017-08-22 19:39:22.887,0,sa,NOT REPLICATED,N/A,PRD
COPRASTAT,5,COPRA6Storage,Online,Full,SQL 2017,Latin1_General_CI_AS,NULL,NULL,NULL,2022-01-17 13:58:26.270,0,NULL,NOT REPLICATED,N/A,PRD
COPRASTAT,6,COPRA6Statistic,Online,Full,SQL 2017,Latin1_General_CI_AS,NULL,NULL,NULL,2022-01-17 14:29:53.020,0,NULL,NOT REPLICATED,N/A,PRD
COPRATEST,1,master,Online,Simple,SQL 2017,French_CI_AS,NULL,NULL,NULL,2003-04-08 09:13:36.390,0,sa,NOT REPLICATED,N/A,TST
COPRATEST,2,tempdb,Online,Simple,SQL 2017,French_CI_AS,NULL,NULL,NULL,2026-04-21 23:01:28.603,0,sa,NOT REPLICATED,N/A,TST
COPRATEST,3,model,Online,Simple,SQL 2017,French_CI_AS,NULL,NULL,NULL,2003-04-08 09:13:36.390,0,sa,NOT REPLICATED,N/A,TST
COPRATEST,4,msdb,Online,Simple,SQL 2017,French_CI_AS,NULL,NULL,NULL,2017-08-22 19:39:22.887,0,sa,NOT REPLICATED,N/A,TST
COPRATEST,5,COPRA6Design,Online,Full,SQL 2017,Latin1_General_CI_AS,NULL,NULL,NULL,2022-01-17 11:57:50.850,0,NULL,NOT REPLICATED,N/A,TST
COPRATEST,6,COPRA6Test,Online,Full,SQL 2017,Latin1_General_CI_AS,NULL,NULL,NULL,2022-01-17 11:59:07.190,0,NULL,NOT REPLICATED,N/A,TST
COPSTATDBS01-PI,1,master,Online,Simple,new unknown-160,Latin1_General_CI_AS,2026-05-10 00:18:14.000,NULL,NULL,2003-04-08 09:13:36.390,0,sa,NOT REPLICATED,N/A,PRD
COPSTATDBS01-PI,2,tempdb,Online,Simple,new unknown-160,Latin1_General_CI_AS,NULL,NULL,NULL,2026-02-09 08:04:47.580,0,sa,NOT REPLICATED,N/A,PRD
COPSTATDBS01-PI,3,model,Online,Full,new unknown-160,Latin1_General_CI_AS,2026-05-10 00:18:14.000,NULL,2026-05-10 10:02:45.000,2003-04-08 09:13:36.390,0,sa,NOT REPLICATED,N/A,PRD
COPSTATDBS01-PI,4,msdb,Online,Simple,new unknown-160,Latin1_General_CI_AS,2026-05-10 00:18:14.000,NULL,NULL,2022-10-08 06:31:57.550,0,sa,NOT REPLICATED,N/A,PRD
COPSTATDBS01-PI,5,COPRA6Storage,Online,Simple,new unknown-160,Latin1_General_CI_AS,2026-05-10 00:18:14.000,NULL,NULL,2025-04-24 14:34:36.260,0,NULL,NOT REPLICATED,N/A,PRD
COPSTATDBS01-PI,6,COPRA6Statistic,Online,Simple,new unknown-160,Latin1_General_CI_AS,2026-05-10 00:18:14.000,NULL,NULL,2025-04-24 15:06:43.967,0,NULL,NOT REPLICATED,N/A,PRD
DRAGONDB/SQLEXPRESS,1,master,Online,Simple,SQL 2017,French_CI_AS,2026-05-10 00:18:08.000,NULL,NULL,2003-04-08 09:13:36.390,0,sa,NOT REPLICATED,N/A,PRD
DRAGONDB/SQLEXPRESS,2,tempdb,Online,Simple,SQL 2017,French_CI_AS,NULL,NULL,NULL,2026-04-28 23:12:04.180,0,sa,NOT REPLICATED,N/A,PRD
DRAGONDB/SQLEXPRESS,3,model,Online,Simple,SQL 2017,French_CI_AS,2026-05-10 00:18:08.000,NULL,NULL,2003-04-08 09:13:36.390,0,sa,NOT REPLICATED,N/A,PRD
DRAGONDB/SQLEXPRESS,4,msdb,Online,Simple,SQL 2017,French_CI_AS,2026-05-10 00:18:08.000,NULL,NULL,2017-08-22 19:39:22.887,0,sa,NOT REPLICATED,N/A,PRD
DRAGONDB/SQLEXPRESS,5,NuanceMC,Online,Simple,SQL 2017,French_CI_AS,2026-05-10 00:18:08.000,2026-05-10 08:30:06.000,NULL,2021-03-15 11:06:21.687,0,ADCHL/desnic01,NOT REPLICATED,N/A,PRD
DRAGONDB/SQLEXPRESS,6,NuanceSAS,Online,Simple,SQL 2017,French_CI_AS,2026-05-10 00:18:08.000,NULL,NULL,2021-03-15 11:41:41.890,0,ADCHL/desnic01,NOT REPLICATED,N/A,PRD
ECGSRV/SQL2016,1,master,Online,Simple,SQL 2016,SQL_Latin1_General_CP1_CI_AS,NULL,NULL,NULL,2003-04-08 09:13:36.390,0,sa,NOT REPLICATED,N/A,PRD
ECGSRV/SQL2016,2,tempdb,Online,Simple,SQL 2016,SQL_Latin1_General_CP1_CI_AS,NULL,NULL,NULL,2026-04-29 00:36:05.490,0,sa,NOT REPLICATED,N/A,PRD
ECGSRV/SQL2016,3,model,Online,Full,SQL 2016,SQL_Latin1_General_CP1_CI_AS,NULL,NULL,NULL,2003-04-08 09:13:36.390,0,sa,NOT REPLICATED,N/A,PRD
ECGSRV/SQL2016,4,msdb,Online,Simple,SQL 2016,SQL_Latin1_General_CP1_CI_AS,NULL,NULL,NULL,2016-04-30 00:46:38.773,0,sa,NOT REPLICATED,N/A,PRD
ECGSRV/SQL2016,5,dbEMS,Online,Simple,SQL 2008,SQL_Latin1_General_CP1_CI_AS,2022-01-17 16:48:34.000,NULL,NULL,2022-03-16 12:54:21.147,0,ADCHL/philips,NOT REPLICATED,N/A,PRD
ECGSRV/SQL2016,6,dbEMSConfig,Online,Simple,SQL 2008,SQL_Latin1_General_CP1_CI_AS,NULL,NULL,NULL,2022-03-16 12:54:21.660,0,ADCHL/philips,NOT REPLICATED,N/A,PRD
ECGSRV/SQL2016,7,dbReporting,Online,Simple,SQL 2016,SQL_Latin1_General_CP1_CI_AS,NULL,NULL,NULL,2022-03-16 12:54:21.840,0,ADCHL/philips,NOT REPLICATED,N/A,PRD
ECGSRV/SQL2016,8,DiagnosticECG,Online,Simple,SQL 2016,SQL_Latin1_General_CP1_CI_AS,NULL,NULL,NULL,2022-03-16 12:54:21.993,0,ADCHL/philips,NOT REPLICATED,N/A,PRD
ECGSRV/SQL2016,9,dbEGPlus_DCM,Online,Full,SQL 2016,SQL_Latin1_General_CP1_CI_AS,NULL,NULL,NULL,2021-11-25 15:01:56.860,0,sa,NOT REPLICATED,N/A,PRD
ECGTEST/SQL2016,1,master,Online,Simple,SQL 2016,SQL_Latin1_General_CP1_CI_AS,NULL,NULL,NULL,2003-04-08 09:13:36.390,0,sa,NOT REPLICATED,N/A,TST
ECGTEST/SQL2016,2,tempdb,Online,Simple,SQL 2016,SQL_Latin1_General_CP1_CI_AS,NULL,NULL,NULL,2026-04-21 23:07:55.737,0,sa,NOT REPLICATED,N/A,TST
ECGTEST/SQL2016,3,model,Online,Full,SQL 2016,SQL_Latin1_General_CP1_CI_AS,NULL,NULL,NULL,2003-04-08 09:13:36.390,0,sa,NOT REPLICATED,N/A,TST
ECGTEST/SQL2016,4,msdb,Online,Simple,SQL 2016,SQL_Latin1_General_CP1_CI_AS,NULL,NULL,NULL,2016-04-30 00:46:38.773,0,sa,NOT REPLICATED,N/A,TST
ECGTEST/SQL2016,5,dbReporting,Online,Simple,SQL 2016,SQL_Latin1_General_CP1_CI_AS,NULL,NULL,NULL,2022-03-16 12:42:47.780,0,sa,NOT REPLICATED,N/A,TST
ECGTEST/SQL2016,6,dbEMS,Online,Simple,SQL 2008,SQL_Latin1_General_CP1_CI_AS,2021-11-16 08:16:52.000,NULL,NULL,2022-03-16 12:43:02.267,0,sa,NOT REPLICATED,N/A,TST
ECGTEST/SQL2016,7,dbEMSConfig,Online,Simple,SQL 2008,SQL_Latin1_General_CP1_CI_AS,2021-11-16 08:15:29.000,NULL,NULL,2024-09-17 13:56:25.193,0,ADCHL/philips,NOT REPLICATED,N/A,TST
ECGTEST/SQL2016,8,DiagnosticECG,Online,Simple,SQL 2016,SQL_Latin1_General_CP1_CI_AS,NULL,NULL,NULL,2022-03-16 12:43:15.567,0,sa,NOT REPLICATED,N/A,TST
ECGTEST/SQL2016,9,dbEGPlus_DCM,Online,Full,SQL 2016,SQL_Latin1_General_CP1_CI_AS,NULL,NULL,NULL,2021-03-09 18:08:25.177,0,sa,NOT REPLICATED,N/A,TST
ECGTEST/SQL2016,10,dbST80i,Online,Simple,SQL 2016,SQL_Latin1_General_CP1_CI_AS,NULL,NULL,NULL,2024-04-15 13:06:31.543,0,sa,NOT REPLICATED,N/A,TST
ENDOBASESRV/MSSQLENDOBASE,1,master,Online,Simple,SQL 2019,French_CI_AS,2026-05-10 00:18:08.000,NULL,NULL,2003-04-08 09:13:36.390,0,sa,NOT REPLICATED,N/A,PRD
ENDOBASESRV/MSSQLENDOBASE,2,tempdb,Online,Simple,SQL 2019,French_CI_AS,NULL,NULL,NULL,2026-05-04 07:49:50.927,0,sa,NOT REPLICATED,N/A,PRD
ENDOBASESRV/MSSQLENDOBASE,3,model,Online,Full,SQL 2019,French_CI_AS,2026-05-10 00:18:08.000,NULL,2026-05-10 10:29:49.000,2003-04-08 09:13:36.390,0,sa,NOT REPLICATED,N/A,PRD
ENDOBASESRV/MSSQLENDOBASE,4,msdb,Online,Simple,SQL 2019,French_CI_AS,2026-05-10 00:18:08.000,NULL,NULL,2019-09-24 14:21:42.270,0,sa,NOT REPLICATED,N/A,PRD
ENDOBASESRV/MSSQLENDOBASE,5,ENDOBASE3,Online,Simple,SQL 2008,SQL_Latin1_General_CP1_CI_AS,2026-05-10 00:18:08.000,NULL,NULL,2023-11-10 11:18:22.540,0,ADCHL/admalbert,NOT REPLICATED,N/A,PRD
ESTOSPROCALL,1,master,Online,Simple,SQL 2017,French_CI_AS,2026-05-10 00:18:01.000,NULL,NULL,2003-04-08 09:13:36.390,0,sa,NOT REPLICATED,N/A,PRD
ESTOSPROCALL,2,tempdb,Online,Simple,SQL 2017,French_CI_AS,NULL,NULL,NULL,2026-03-25 07:20:47.860,0,sa,NOT REPLICATED,N/A,PRD
ESTOSPROCALL,3,model,Online,Simple,SQL 2017,French_CI_AS,2026-05-10 00:18:00.000,NULL,NULL,2003-04-08 09:13:36.390,0,sa,NOT REPLICATED,N/A,PRD
ESTOSPROCALL,4,msdb,Online,Simple,SQL 2017,French_CI_AS,2026-05-10 00:18:00.000,NULL,NULL,2017-08-22 19:39:22.887,0,sa,NOT REPLICATED,N/A,PRD
ESTOSPROCALL,5,CtiServerDatabase,Online,Simple,SQL 2017,French_CI_AS,2026-05-10 00:18:00.000,NULL,NULL,2019-03-15 14:52:00.583,0,NULL,NOT REPLICATED,N/A,PRD
IMAGEDRIVEDB,1,master,Online,Simple,SQL 2016,French_CI_AS,2026-05-10 00:17:58.000,NULL,NULL,2003-04-08 09:13:36.390,0,sa,NOT REPLICATED,N/A,PRD
IMAGEDRIVEDB,2,tempdb,Online,Simple,SQL 2016,French_CI_AS,NULL,NULL,NULL,2023-11-14 20:35:03.190,0,sa,NOT REPLICATED,N/A,PRD
IMAGEDRIVEDB,3,model,Online,Simple,SQL 2016,French_CI_AS,2026-05-10 00:17:57.000,NULL,NULL,2003-04-08 09:13:36.390,0,sa,NOT REPLICATED,N/A,PRD
IMAGEDRIVEDB,4,msdb,Online,Simple,SQL 2016,French_CI_AS,2026-05-10 00:17:58.000,NULL,NULL,2016-04-30 00:46:38.773,0,sa,NOT REPLICATED,N/A,PRD
IMAGEDRIVEDB,5,EnterpriseServer,Online,Simple,SQL 2016,French_CI_AS,2026-05-10 00:17:58.000,NULL,NULL,2018-08-14 19:14:37.687,0,NULL,NOT REPLICATED,N/A,PRD
IMAGEDRIVEDB,6,ImageDrive_Research,Online,Simple,SQL 2016,French_CI_AS,2026-05-10 00:17:58.000,NULL,NULL,2018-08-14 19:17:50.810,0,NULL,NOT REPLICATED,N/A,PRD
INFINITYGW,1,master,Online,Simple,SQL 2017,French_CI_AS,NULL,NULL,NULL,2003-04-08 09:13:36.390,0,sa,NOT REPLICATED,N/A,PRD
INFINITYGW,2,tempdb,Online,Simple,SQL 2017,French_CI_AS,NULL,NULL,NULL,2026-02-06 10:25:49.617,0,sa,NOT REPLICATED,N/A,PRD
INFINITYGW,3,model,Online,Simple,SQL 2017,French_CI_AS,NULL,NULL,NULL,2003-04-08 09:13:36.390,0,sa,NOT REPLICATED,N/A,PRD
INFINITYGW,4,msdb,Online,Simple,SQL 2017,French_CI_AS,NULL,NULL,NULL,2017-08-22 19:39:22.887,0,sa,NOT REPLICATED,N/A,PRD
INFINITYGW,5,gateway,Online,Simple,SQL 2017,French_CI_AS,2019-11-06 14:46:36.000,NULL,NULL,2020-09-17 11:49:33.990,0,INFINITYGW/GWUser,NOT REPLICATED,N/A,PRD
INFRASQL,1,master,Online,Simple,SQL 2017,French_CI_AS,2026-05-10 00:21:58.000,NULL,NULL,2003-04-08 09:13:36.390,0,sa,NOT REPLICATED,N/A,PRD
INFRASQL,2,tempdb,Online,Simple,SQL 2017,French_CI_AS,NULL,NULL,NULL,2025-04-29 07:06:39.330,0,sa,NOT REPLICATED,N/A,PRD
INFRASQL,3,model,Online,Simple,SQL 2017,French_CI_AS,2026-05-10 00:21:58.000,NULL,2020-03-31 18:58:25.000,2003-04-08 09:13:36.390,0,sa,NOT REPLICATED,N/A,PRD
INFRASQL,4,msdb,Online,Simple,SQL 2017,French_CI_AS,2026-05-10 00:21:58.000,NULL,NULL,2017-08-22 19:39:22.887,0,sa,NOT REPLICATED,N/A,PRD
INFRASQL,5,eamaudit_old,Online,Simple,SQL 2017,French_CI_AS,2026-05-10 00:21:58.000,NULL,NULL,2021-10-28 09:16:41.960,0,ADCHL/EAMSQL,NOT REPLICATED,N/A,PRD
INFRASQL,6,HorizonEventDB,Online,Simple,SQL 2017,French_CI_AS,2026-05-10 00:21:58.000,NULL,NULL,2020-03-31 21:00:56.503,0,NULL,NOT REPLICATED,N/A,PRD
INFRASQL,7,SUSDB,Online,Simple,SQL 2008,SQL_Latin1_General_CP1_CI_AS,2026-05-10 00:21:58.000,NULL,NULL,2024-01-19 10:53:38.980,0,NULL,NOT REPLICATED,N/A,PRD
INFRASQL,8,oSCM,Online,Simple,SQL 2014,SQL_Latin1_General_CP1_CI_AS,2026-05-10 00:21:58.000,NULL,NULL,2023-11-27 13:13:22.160,0,oSCMUser,NOT REPLICATED,N/A,PRD
INFRASQL,9,CHL_IPAM,Online,Simple,SQL 2008,Latin1_General_CI_AS,2026-05-10 00:21:58.000,NULL,NULL,2020-11-30 15:01:42.313,0,NULL,NOT REPLICATED,N/A,PRD
INFRASQL,10,ServiceNowImport,Online,Simple,SQL 2014,Latin1_General_CI_AS,2026-05-10 00:21:58.000,NULL,NULL,2023-10-12 09:35:31.553,0,NULL,NOT REPLICATED,N/A,PRD
INFRASQL,11,HzExtLogDB,Online,Simple,SQL 2017,French_CI_AS,2026-05-10 00:21:58.000,NULL,NULL,2021-08-16 12:46:18.167,0,sa,NOT REPLICATED,N/A,PRD
INFRASQL,12,HzIntLogDB,Online,Simple,SQL 2017,French_CI_AS,2026-05-10 00:21:58.000,NULL,NULL,2021-08-16 12:51:38.863,0,sa,NOT REPLICATED,N/A,PRD
INFRASQL,13,eamaudit,Online,Simple,SQL 2017,French_CI_AS,2026-05-10 00:21:58.000,NULL,NULL,2021-10-28 09:21:58.020,0,ADCHL/EAMSQL,NOT REPLICATED,N/A,PRD
INFRASQL,14,oSCM_dev,Online,Simple,SQL 2014,SQL_Latin1_General_CP1_CI_AS,2026-05-10 00:21:58.000,NULL,NULL,2024-04-09 14:48:59.810,0,NT SERVICE/SQLSERVERAGENT,NOT REPLICATED,N/A,PRD
INFRASQL,15,oSCM_prod,Online,Simple,SQL 2014,SQL_Latin1_General_CP1_CI_AS,2026-05-10 00:21:58.000,NULL,NULL,2024-04-09 14:59:08.003,0,oSCMUser,NOT REPLICATED,N/A,PRD
INFRASQL,16,WS1IDMDB,Online,Simple,SQL 2017,Latin1_General_CS_AS,2026-05-10 00:21:58.000,NULL,NULL,2026-01-06 11:13:56.333,0,NULL,NOT REPLICATED,N/A,PRD
ITCDB01,1,master,Online,Simple,SQL 2019,French_CI_AS,2026-05-10 00:18:09.000,NULL,NULL,2003-04-08 09:13:36.390,0,sa,NOT REPLICATED,N/A,PRD
ITCDB01,2,tempdb,Online,Simple,SQL 2019,French_CI_AS,NULL,NULL,NULL,2026-04-28 23:01:41.847,0,sa,NOT REPLICATED,N/A,PRD
ITCDB01,3,model,Online,Full,SQL 2019,French_CI_AS,2026-05-10 00:18:09.000,NULL,2026-05-10 10:14:05.000,2003-04-08 09:13:36.390,0,sa,NOT REPLICATED,N/A,PRD
ITCDB01,4,msdb,Online,Simple,SQL 2019,French_CI_AS,2026-05-10 00:18:09.000,NULL,NULL,2019-09-24 14:21:42.270,0,sa,NOT REPLICATED,N/A,PRD
ITCDB01,5,idamirth,Online,Full,SQL 2019,French_CI_AS,2026-05-10 00:18:09.000,NULL,2026-05-10 10:14:02.000,2021-08-06 14:01:15.100,0,ADCHL/kinhei01,NOT REPLICATED,N/A,PRD
ITCDB01,6,idapat,Online,Full,SQL 2019,French_CI_AS,2026-05-10 00:18:09.000,NULL,2026-05-10 10:14:03.000,2021-08-06 14:03:11.083,0,ADCHL/kinhei01,NOT REPLICATED,N/A,PRD
ITCDB01,7,ida,Online,Full,SQL 2019,French_CI_AS,2026-05-10 00:18:09.000,NULL,2026-05-10 10:14:00.000,2021-09-24 15:11:41.933,0,idauser,NOT REPLICATED,N/A,PRD
LABOSOMSRV,1,master,Online,Simple,SQL 2012,French_CI_AS,2024-11-25 00:16:48.000,NULL,NULL,2003-04-08 09:13:36.390,0,sa,NOT REPLICATED,N/A,PRD
LABOSOMSRV,2,tempdb,Online,Simple,SQL 2012,French_CI_AS,NULL,NULL,NULL,2026-04-14 07:40:33.307,0,sa,NOT REPLICATED,N/A,PRD
LABOSOMSRV,3,model,Online,Simple,SQL 2012,French_CI_AS,2024-11-25 00:16:48.000,NULL,NULL,2003-04-08 09:13:36.390,0,sa,NOT REPLICATED,N/A,PRD
LABOSOMSRV,4,msdb,Online,Simple,SQL 2012,French_CI_AS,2024-11-25 00:16:48.000,NULL,NULL,2012-02-10 21:02:17.770,0,sa,NOT REPLICATED,N/A,PRD
LABOSOMSRV,8,MEDATEC,Online,Simple,new unknown-90,SQL_Latin1_General_CP1_CI_AS,2024-11-25 00:16:48.000,NULL,NULL,2021-02-25 11:24:35.660,0,NULL,NOT REPLICATED,N/A,PRD
LABOSOMSRV,9,Medatec-PED,Online,Simple,SQL 2012,French_CI_AS,2024-11-25 00:16:48.000,NULL,NULL,2022-03-23 12:44:47.287,0,NULL,NOT REPLICATED,N/A,PRD
LABOSRV,1,master,Online,Simple,SQL 2017,SQL_Latin1_General_CP1_CI_AS,NULL,NULL,NULL,2003-04-08 09:13:36.390,0,sa,NOT REPLICATED,N/A,PRD
LABOSRV,2,tempdb,Online,Simple,SQL 2017,SQL_Latin1_General_CP1_CI_AS,NULL,NULL,NULL,2026-04-28 23:01:47.357,0,sa,NOT REPLICATED,N/A,PRD
LABOSRV,3,model,Online,Simple,SQL 2017,SQL_Latin1_General_CP1_CI_AS,NULL,NULL,NULL,2003-04-08 09:13:36.390,0,sa,NOT REPLICATED,N/A,PRD
LABOSRV,4,msdb,Online,Simple,SQL 2017,SQL_Latin1_General_CP1_CI_AS,NULL,NULL,NULL,2017-08-22 19:39:22.887,0,sa,NOT REPLICATED,N/A,PRD
LABOSRV,5,BIORAD_CHL,Online,Simple,SQL 2008,SQL_Latin1_General_CP1_CI_AS,NULL,NULL,NULL,2020-02-06 10:21:40.030,0,sa,NOT REPLICATED,N/A,PRD
LABOSRV,6,BIORAD_UC2_CHL,Online,Simple,SQL 2008,SQL_Latin1_General_CP1_CI_AS,2025-11-03 14:58:27.000,NULL,NULL,2020-02-06 10:40:52.920,0,sa,NOT REPLICATED,N/A,PRD
MATCHERSRV,1,master,Online,Simple,SQL 2014,French_CI_AS,2026-05-10 00:17:50.000,NULL,NULL,2003-04-08 09:13:36.390,0,sa,NOT REPLICATED,N/A,PRD
MATCHERSRV,2,tempdb,Online,Simple,SQL 2014,French_CI_AS,NULL,NULL,NULL,2025-10-22 14:56:33.710,0,sa,NOT REPLICATED,N/A,PRD
MATCHERSRV,3,model,Online,Simple,SQL 2014,French_CI_AS,2026-05-10 00:17:50.000,NULL,NULL,2003-04-08 09:13:36.390,0,sa,NOT REPLICATED,N/A,PRD
MATCHERSRV,4,msdb,Online,Simple,SQL 2014,French_CI_AS,2026-05-10 00:17:50.000,NULL,NULL,2014-02-20 20:49:38.857,0,sa,NOT REPLICATED,N/A,PRD
MATCHERSRV,6,Matcher_CHLux,Online,Simple,SQL 2008,Latin1_General_CI_AS,2026-05-10 00:17:50.000,NULL,NULL,2016-07-26 13:36:05.453,0,NULL,NOT REPLICATED,N/A,PRD
METAVI6DBS01-DI,1,master,Online,Simple,new unknown-160,French_CI_AS,2026-05-10 01:33:23.000,NULL,NULL,2003-04-08 09:13:36.390,0,sa,NOT REPLICATED,N/A,DEV
METAVI6DBS01-DI,2,tempdb,Online,Simple,new unknown-160,French_CI_AS,NULL,NULL,NULL,2026-04-22 00:33:22.140,0,sa,NOT REPLICATED,N/A,DEV
METAVI6DBS01-DI,3,model,Online,Full,new unknown-160,French_CI_AS,2026-05-10 01:33:22.000,NULL,2026-05-10 07:13:42.000,2003-04-08 09:13:36.390,0,sa,NOT REPLICATED,N/A,DEV
METAVI6DBS01-DI,4,msdb,Online,Simple,new unknown-160,French_CI_AS,2026-05-10 01:33:22.000,NULL,NULL,2022-10-08 06:31:57.550,0,sa,NOT REPLICATED,N/A,DEV
METAVI6DBS01-DI,5,CHL_Training_EMPI,Online,Full,SQL 2016,Latin1_General_CI_AS,2026-05-10 01:33:22.000,NULL,2026-05-10 07:13:40.000,2026-02-18 10:21:28.160,0,sa,NOT REPLICATED,N/A,DEV
METAVI6DBS01-DI,6,CHL_Training_PROD,Online,Simple,SQL 2012,Latin1_General_CI_AS,2026-05-10 01:33:23.000,NULL,NULL,2026-02-18 10:22:53.523,0,sa,NOT REPLICATED,N/A,DEV
METAVI6DBS01-DI,7,CHL_Demo_PROD,Online,Simple,SQL 2012,Latin1_General_CI_AS,2026-05-10 01:33:23.000,NULL,NULL,2026-02-19 09:40:12.163,0,mvadmin,NOT REPLICATED,N/A,DEV
METAVI6DBS01-DI,8,CHL_Demo_EMPI,Online,Simple,SQL 2017,Latin1_General_CI_AS,2026-05-10 01:33:23.000,NULL,NULL,2026-02-19 09:40:49.677,0,mvadmin,NOT REPLICATED,N/A,DEV
METAVI6DBS01-PI,1,master,Online,Simple,new unknown-160,French_CI_AS,2026-05-10 00:17:26.000,NULL,NULL,2003-04-08 09:13:36.390,0,sa,NOT REPLICATED,N/A,PRD
METAVI6DBS01-PI,2,tempdb,Online,Simple,new unknown-160,French_CI_AS,NULL,NULL,NULL,2026-04-22 15:21:54.993,0,sa,NOT REPLICATED,N/A,PRD
METAVI6DBS01-PI,3,model,Online,Full,new unknown-160,French_CI_AS,2026-05-10 00:17:26.000,NULL,NULL,2003-04-08 09:13:36.390,0,sa,NOT REPLICATED,N/A,PRD
METAVI6DBS01-PI,4,msdb,Online,Simple,new unknown-160,French_CI_AS,2026-05-10 00:17:26.000,NULL,NULL,2022-10-08 06:31:57.550,0,sa,NOT REPLICATED,N/A,PRD
METAVI6DBS01-TI,1,master,Online,Simple,new unknown-160,French_CI_AS,2026-05-10 01:33:59.000,NULL,NULL,2003-04-08 09:13:36.390,0,sa,NOT REPLICATED,N/A,TST
METAVI6DBS01-TI,2,tempdb,Online,Simple,new unknown-160,French_CI_AS,NULL,NULL,NULL,2026-03-18 00:43:22.143,0,sa,NOT REPLICATED,N/A,TST
METAVI6DBS01-TI,3,model,Online,Full,new unknown-160,French_CI_AS,2026-05-10 01:33:59.000,NULL,2026-05-10 08:07:39.000,2003-04-08 09:13:36.390,0,sa,NOT REPLICATED,N/A,TST
METAVI6DBS01-TI,4,msdb,Online,Simple,new unknown-160,French_CI_AS,2026-05-10 01:33:59.000,NULL,NULL,2022-10-08 06:31:57.550,0,sa,NOT REPLICATED,N/A,TST
METAVI6DBS01-TI,7,CHL_Test,Online,Simple,SQL 2012,Latin1_General_CI_AS,2026-05-10 01:33:59.000,NULL,NULL,2026-04-09 11:11:58.073,0,mvadmin,NOT REPLICATED,N/A,TST
METAVI6DBS01-TI,8,CHL_Test_EMPI,Online,Simple,SQL 2012,Latin1_General_CI_AS,2026-05-10 01:33:59.000,NULL,2026-04-15 08:05:52.000,2026-04-15 11:20:36.440,0,mvadmin,NOT REPLICATED,N/A,TST
METAVI6DBS01-TI,9,CHL_Master_PROD,Online,Simple,SQL 2012,Latin1_General_CI_AS,2026-05-10 01:33:59.000,NULL,NULL,2026-04-09 11:27:37.940,0,mvadmin,NOT REPLICATED,N/A,TST
METAVI6DBS01-TI,10,CHL_Master_EMPI,Online,Full,SQL 2012,Latin1_General_CI_AS,2026-05-10 01:33:59.000,NULL,2026-05-10 08:07:38.000,2026-04-09 11:29:01.307,0,mvadmin,NOT REPLICATED,N/A,TST
MVDB23,1,master,Online,Simple,SQL 2019,French_CI_AS,2026-05-09 18:03:05.000,NULL,NULL,2003-04-08 09:13:36.390,0,sa,NOT REPLICATED,N/A,PRD
MVDB23,2,tempdb,Online,Simple,SQL 2019,French_CI_AS,NULL,NULL,NULL,2026-03-05 13:25:23.457,0,sa,NOT REPLICATED,N/A,PRD
MVDB23,3,model,Online,Full,SQL 2019,French_CI_AS,2026-05-09 18:03:00.000,NULL,NULL,2003-04-08 09:13:36.390,0,sa,NOT REPLICATED,N/A,PRD
MVDB23,4,msdb,Online,Simple,SQL 2019,French_CI_AS,2026-05-09 18:03:01.000,NULL,NULL,2019-09-24 14:21:42.270,0,sa,NOT REPLICATED,N/A,PRD
MVDB23,5,MV_Empi,Online,Full,SQL 2012,SQL_Latin1_General_CP1_CI_AS,2026-05-10 02:36:41.000,NULL,2026-05-10 10:30:07.000,2023-09-14 16:06:17.940,0,mvadmin,NOT REPLICATED,N/A,PRD
MVDB23,6,MV_Prod,Online,Full,SQL 2012,Latin1_General_CI_AS,2026-05-10 02:40:23.000,NULL,2026-05-10 10:30:08.000,2023-09-14 16:09:03.907,0,mvadmin,NOT REPLICATED,N/A,PRD
MVDB23,7,MV_Archive2,Online,Full,SQL 2012,Latin1_General_CI_AS,2026-05-10 02:00:04.000,NULL,2026-05-10 10:30:05.000,2023-09-15 15:16:28.777,0,mvadmin,NOT REPLICATED,N/A,PRD
MVDB23,8,METAVISION_EXPORT,Online,Full,SQL 2008,Latin1_General_CI_AS,2026-05-09 18:03:03.000,NULL,2025-02-28 06:57:45.000,2023-09-18 15:14:09.803,0,mvadmin,NOT REPLICATED,N/A,PRD
MVDB23,9,distribution,Online,Simple,SQL 2019,French_CI_AS,2026-05-09 18:03:03.000,NULL,NULL,2024-11-15 09:28:24.730,0,sa,NOT REPLICATED,N/A,PRD
MVDB23,10,MV_Arch_2009-2014,Online,Simple,SQL 2008,Latin1_General_CI_AS,2026-05-09 18:03:03.000,NULL,NULL,2024-12-30 13:47:06.750,0,mvadmin,NOT REPLICATED,N/A,PRD
MVDB23,11,MV_Prod_2009-2014,Online,Simple,SQL 2008,Latin1_General_CI_AS,2026-05-09 18:03:04.000,NULL,NULL,2024-12-30 14:46:01.350,0,mvadmin,NOT REPLICATED,N/A,PRD
MVDB23,12,MV_Empi_2009-2014,Online,Simple,SQL 2008,Latin1_General_CI_AS,2026-05-09 18:03:05.000,NULL,NULL,2025-01-01 09:52:12.163,0,mvadmin,NOT REPLICATED,N/A,PRD
MVDBTEST23,1,master,Online,Simple,SQL 2019,French_CI_AS,2026-05-10 01:33:07.000,NULL,NULL,2003-04-08 09:13:36.390,0,sa,NOT REPLICATED,N/A,TST
MVDBTEST23,2,tempdb,Online,Simple,SQL 2019,French_CI_AS,NULL,NULL,NULL,2026-04-22 00:31:50.463,0,sa,NOT REPLICATED,N/A,TST
MVDBTEST23,3,model,Online,Full,SQL 2019,French_CI_AS,2026-05-10 01:33:07.000,NULL,2026-05-10 08:06:05.000,2003-04-08 09:13:36.390,0,sa,NOT REPLICATED,N/A,TST
MVDBTEST23,4,msdb,Online,Simple,SQL 2019,French_CI_AS,2026-05-10 01:33:07.000,NULL,NULL,2019-09-24 14:21:42.270,0,sa,NOT REPLICATED,N/A,TST
MVDBTEST23,5,MVCore_02_6_23_EMPI,Online,Simple,SQL 2017,Latin1_General_CI_AS,2026-05-10 01:33:07.000,NULL,NULL,2025-03-04 12:19:16.300,0,NULL,NOT REPLICATED,N/A,TST
MVDBTEST23,6,MVCore_02_6_23_PROD,Online,Simple,SQL 2012,Latin1_General_CI_AS,2026-05-10 01:33:07.000,NULL,NULL,2025-03-04 12:19:22.990,0,NULL,NOT REPLICATED,N/A,TST
MVDBTEST23,7,MV_Empi,Online,Full,SQL 2012,SQL_Latin1_General_CP1_CI_AS,2026-05-10 01:33:07.000,NULL,2026-05-10 08:06:03.000,2024-12-12 15:26:13.427,0,mvadmin,NOT REPLICATED,N/A,TST
MVDBTEST23,8,MV_Prod,Online,Full,SQL 2012,Latin1_General_CI_AS,2026-05-10 01:33:07.000,NULL,2026-05-10 08:06:04.000,2024-12-12 15:42:07.413,0,mvadmin,NOT REPLICATED,N/A,TST
MVDEVDBS01-TI,1,master,Online,Simple,SQL 2019,French_CI_AS,2026-05-10 01:32:58.000,NULL,NULL,2003-04-08 09:13:36.390,0,sa,NOT REPLICATED,N/A,TST
MVDEVDBS01-TI,2,tempdb,Online,Simple,SQL 2019,French_CI_AS,NULL,NULL,NULL,2026-04-21 23:01:52.623,0,sa,NOT REPLICATED,N/A,TST
MVDEVDBS01-TI,3,model,Online,Full,SQL 2019,French_CI_AS,2026-05-10 01:32:58.000,NULL,2026-05-10 08:07:05.000,2003-04-08 09:13:36.390,0,sa,NOT REPLICATED,N/A,TST
MVDEVDBS01-TI,4,msdb,Online,Simple,SQL 2019,French_CI_AS,2026-05-10 01:32:58.000,NULL,NULL,2019-09-24 14:21:42.270,0,sa,NOT REPLICATED,N/A,TST
MVDEVDBS01-TI,5,MV_Empi,Online,Full,SQL 2012,SQL_Latin1_General_CP1_CI_AS,2026-05-10 01:32:58.000,NULL,2026-05-10 08:07:02.000,2026-02-12 08:17:31.273,0,mvadmin,NOT REPLICATED,N/A,TST
MVDEVDBS01-TI,6,MV_Prod,Online,Full,SQL 2012,Latin1_General_CI_AS,2026-05-10 01:32:58.000,NULL,2026-05-10 08:07:03.000,2026-02-12 08:21:28.967,0,mvadmin,NOT REPLICATED,N/A,TST
MVESRV,1,master,Online,Simple,SQL 2014,French_CI_AS,2026-05-10 00:18:17.000,NULL,NULL,2003-04-08 09:13:36.390,0,sa,NOT REPLICATED,N/A,PRD
MVESRV,2,tempdb,Online,Simple,SQL 2014,French_CI_AS,NULL,NULL,NULL,2026-03-13 10:37:05.460,0,sa,NOT REPLICATED,N/A,PRD
MVESRV,3,model,Online,Simple,SQL 2014,French_CI_AS,2026-05-10 00:18:16.000,NULL,NULL,2003-04-08 09:13:36.390,0,sa,NOT REPLICATED,N/A,PRD
MVESRV,4,msdb,Online,Simple,SQL 2014,French_CI_AS,2026-05-10 00:18:17.000,NULL,NULL,2014-02-20 20:49:38.857,0,sa,NOT REPLICATED,N/A,PRD
MVESRV,5,FRAMEWORK,Online,Simple,SQL 2014,French_CI_AS,2026-05-10 00:18:17.000,NULL,NULL,2017-10-30 15:34:31.810,0,mve,NOT REPLICATED,N/A,PRD
MVESRV,6,MONITOR,Online,Simple,SQL 2014,French_CI_AS,2026-05-10 00:18:17.000,NULL,NULL,2017-10-30 15:35:09.317,0,mve,NOT REPLICATED,N/A,PRD
MVESRV,7,QUARTZ,Online,Simple,SQL 2014,French_CI_AS,2026-05-10 00:18:17.000,NULL,NULL,2017-10-30 15:35:31.083,0,mve,NOT REPLICATED,N/A,PRD
NEUROSRV,1,master,Online,Simple,SQL 2017,French_CI_AS,NULL,NULL,NULL,2003-04-08 09:13:36.390,0,sa,NOT REPLICATED,N/A,PRD
NEUROSRV,2,tempdb,Online,Simple,SQL 2017,French_CI_AS,NULL,NULL,NULL,2026-03-30 07:50:43.407,0,sa,NOT REPLICATED,N/A,PRD
NEUROSRV,3,model,Online,Simple,SQL 2017,French_CI_AS,NULL,NULL,NULL,2003-04-08 09:13:36.390,0,sa,NOT REPLICATED,N/A,PRD
NEUROSRV,4,msdb,Online,Simple,SQL 2017,French_CI_AS,NULL,NULL,NULL,2017-08-22 19:39:22.887,0,sa,NOT REPLICATED,N/A,PRD
NEUROSRV,5,ShellPlus,Online,Simple,SQL 2008,SQL_Latin1_General_CP1_CI_AS,2020-07-06 08:36:13.000,NULL,NULL,2020-06-26 12:01:08.643,0,NULL,NOT REPLICATED,N/A,PRD
NEUROSRV,6,KPManagement,Online,Full,SQL 2017,French_CI_AS,NULL,NULL,NULL,2020-08-17 11:15:22.660,0,NULL,NOT REPLICATED,N/A,PRD
NEUROSRV,7,KPRaw0,Online,Full,SQL 2017,French_CI_AS,NULL,NULL,NULL,2020-08-17 11:15:25.117,0,NULL,NOT REPLICATED,N/A,PRD
NEUROSRV,8,KPArchive0,Online,Full,SQL 2017,French_CI_AS,NULL,NULL,NULL,2020-08-17 11:15:27.117,0,NULL,NOT REPLICATED,N/A,PRD
NOSOKOSDBS01-PI,1,master,Online,Simple,new unknown-160,French_CI_AS,2026-05-10 00:17:45.000,NULL,NULL,2003-04-08 09:13:36.390,0,sa,NOT REPLICATED,N/A,PRD
NOSOKOSDBS01-PI,2,tempdb,Online,Simple,new unknown-160,French_CI_AS,NULL,NULL,NULL,2026-01-20 11:24:59.303,0,sa,NOT REPLICATED,N/A,PRD
NOSOKOSDBS01-PI,3,model,Online,Full,new unknown-160,French_CI_AS,2026-05-10 00:17:44.000,NULL,2026-05-10 10:14:21.000,2003-04-08 09:13:36.390,0,sa,NOT REPLICATED,N/A,PRD
NOSOKOSDBS01-PI,4,msdb,Online,Simple,new unknown-160,French_CI_AS,2026-05-10 00:17:44.000,NULL,NULL,2022-10-08 06:31:57.550,0,sa,NOT REPLICATED,N/A,PRD
NOSOKOSDBS01-PI,5,Mirth_Nosotech,Online,Simple,new unknown-160,French_CI_AS,2026-05-10 00:17:44.000,NULL,NULL,2025-12-17 09:05:20.797,0,NULL,NOT REPLICATED,N/A,PRD
NOSOKOSDBS01-PI,6,Nosokos7_PROD,Online,Simple,SQL 2008,French_CI_AS,2026-05-10 00:17:44.000,NULL,NULL,2026-03-02 15:16:48.293,0,NULL,NOT REPLICATED,N/A,PRD
NOSOKOSDBS01-PI,7,Nosotech_DDE_PROD,Online,Simple,SQL 2012,French_CI_AS,2026-05-10 00:17:44.000,NULL,NULL,2026-03-02 15:16:55.073,0,NULL,NOT REPLICATED,N/A,PRD
NOSOKOSDBS01-PI,8,Nosotech_Interface_ADT_PROD,Online,Simple,SQL 2012,French_CI_AS,2026-05-10 00:17:44.000,NULL,NULL,2026-03-02 15:17:01.460,0,NULL,NOT REPLICATED,N/A,PRD
NOSOKOSDBS01-PI,9,Nosotech_Interface_Laboratoire_PROD,Online,Simple,SQL 2012,French_CI_AS,2026-05-10 00:17:44.000,NULL,NULL,2026-03-02 15:17:14.600,0,NULL,NOT REPLICATED,N/A,PRD
ONKOZERTSRV,1,master,Online,Simple,SQL 2016,French_CI_AS,NULL,NULL,NULL,2003-04-08 09:13:36.390,0,sa,NOT REPLICATED,N/A,PRD
ONKOZERTSRV,2,tempdb,Online,Simple,SQL 2016,French_CI_AS,NULL,NULL,NULL,2026-04-28 23:01:26.327,0,sa,NOT REPLICATED,N/A,PRD
ONKOZERTSRV,3,model,Online,Simple,SQL 2016,French_CI_AS,NULL,NULL,NULL,2003-04-08 09:13:36.390,0,sa,NOT REPLICATED,N/A,PRD
ONKOZERTSRV,4,msdb,Online,Simple,SQL 2016,French_CI_AS,NULL,NULL,NULL,2016-04-30 00:46:38.773,0,sa,NOT REPLICATED,N/A,PRD
ONKOZERTSRV,5,TuDocGeneral,Online,Simple,SQL 2016,French_CI_AS,2022-05-24 10:55:02.000,NULL,NULL,2020-04-24 10:31:29.160,0,NULL,NOT REPLICATED,N/A,PRD
OPERA5DBS01-PI/OPERAPRD,1,master,Online,Simple,SQL 2019,SQL_Latin1_General_CP1_CI_AI,2026-05-10 00:17:45.000,NULL,NULL,2003-04-08 09:13:36.390,0,sa,NOT REPLICATED,N/A,PRD
OPERA5DBS01-PI/OPERAPRD,2,tempdb,Online,Simple,SQL 2019,SQL_Latin1_General_CP1_CI_AI,NULL,NULL,NULL,2026-04-28 23:01:39.680,0,sa,NOT REPLICATED,N/A,PRD
OPERA5DBS01-PI/OPERAPRD,3,model,Online,Full,SQL 2019,SQL_Latin1_General_CP1_CI_AI,2026-05-10 00:17:44.000,NULL,2026-05-10 10:13:15.000,2003-04-08 09:13:36.390,0,sa,NOT REPLICATED,N/A,PRD
OPERA5DBS01-PI/OPERAPRD,4,msdb,Online,Simple,SQL 2019,SQL_Latin1_General_CP1_CI_AI,2026-05-10 00:17:45.000,NULL,NULL,2019-09-24 14:21:42.270,0,sa,NOT REPLICATED,N/A,PRD
OPERA5DBS01-PI/OPERAPRD,5,Opera40,Online,Simple,SQL 2019,Latin1_General_CI_AI,2026-05-10 00:17:45.000,NULL,NULL,2025-09-26 15:31:00.617,0,ADCHL/operaadmin,NOT REPLICATED,N/A,PRD
OPERA5DBS01-PI/OPERAPRD,6,Operawarehouse40,Online,Simple,SQL 2019,Latin1_General_CI_AI,2026-05-10 00:17:45.000,NULL,NULL,2025-09-26 15:31:05.597,0,ADCHL/operaadmin,NOT REPLICATED,N/A,PRD
OPERA5DBS01-PI/OPERAPRD,7,OperawarehouseWaiting40,Online,Simple,SQL 2019,Latin1_General_CI_AI,2026-05-10 00:17:45.000,NULL,NULL,2025-09-26 15:31:07.023,0,ADCHL/operaadmin,NOT REPLICATED,N/A,PRD
OPERA5DBS01-PI/OPERAPRD,8,Int_Admis40,Online,Simple,SQL 2019,Latin1_General_CI_AI,2026-05-10 00:17:45.000,NULL,NULL,2025-09-26 15:31:08.510,0,ADCHL/operaadmin,NOT REPLICATED,N/A,PRD
OPERA5DBS01-PI/OPERAPRD,9,MetaVision,Online,Simple,SQL 2019,Latin1_General_CI_AI,2026-05-10 00:17:45.000,NULL,NULL,2025-10-01 13:31:04.603,0,ADCHL/operaadmin,NOT REPLICATED,N/A,PRD
OPERA5SAS01-TI/OPERATST,1,master,Online,Simple,SQL 2019,SQL_Latin1_General_CP1_CI_AI,2026-05-10 01:32:56.000,NULL,NULL,2003-04-08 09:13:36.390,0,sa,NOT REPLICATED,N/A,TST
OPERA5SAS01-TI/OPERATST,2,tempdb,Online,Simple,SQL 2019,SQL_Latin1_General_CP1_CI_AI,NULL,NULL,NULL,2026-04-21 23:01:46.407,0,sa,NOT REPLICATED,N/A,TST
OPERA5SAS01-TI/OPERATST,3,model,Online,Full,SQL 2019,SQL_Latin1_General_CP1_CI_AI,2026-05-10 01:32:55.000,NULL,2026-05-10 08:06:16.000,2003-04-08 09:13:36.390,0,sa,NOT REPLICATED,N/A,TST
OPERA5SAS01-TI/OPERATST,4,msdb,Online,Simple,SQL 2019,SQL_Latin1_General_CP1_CI_AI,2026-05-10 01:32:55.000,NULL,NULL,2019-09-24 14:21:42.270,0,sa,NOT REPLICATED,N/A,TST
OPERA5SAS01-TI/OPERATST,5,Opera40,Online,Simple,SQL 2016,Latin1_General_CI_AI,2026-05-10 01:32:55.000,NULL,NULL,2024-06-19 11:05:26.737,0,ADCHL/operaadmin,NOT REPLICATED,N/A,TST
OPERA5SAS01-TI/OPERATST,6,Operawarehouse40,Online,Simple,SQL 2016,Latin1_General_CI_AI,2026-05-10 01:32:55.000,NULL,NULL,2024-06-19 11:05:29.440,0,ADCHL/operaadmin,NOT REPLICATED,N/A,TST
OPERA5SAS01-TI/OPERATST,7,OperawarehouseWaiting40,Online,Simple,SQL 2016,Latin1_General_CI_AI,2026-05-10 01:32:55.000,NULL,NULL,2024-06-19 11:05:30.573,0,ADCHL/operaadmin,NOT REPLICATED,N/A,TST
OPERA5SAS01-TI/OPERATST,8,Int_Admis40,Online,Simple,SQL 2016,Latin1_General_CI_AI,2026-05-10 01:32:56.000,NULL,NULL,2024-06-19 11:05:31.717,0,ADCHL/operaadmin,NOT REPLICATED,N/A,TST
OPERA5SAS01-TI/OPERATST,9,MetaVision,Online,Simple,SQL 2016,Latin1_General_CI_AI,2026-05-10 01:32:56.000,NULL,NULL,2024-06-19 11:54:19.677,0,ADCHL/operaadmin,NOT REPLICATED,N/A,TST
OPERA5SAS01-TI/OPERATST,10,TempOpera,Online,Simple,SQL 2016,Latin1_General_CI_AI,2026-05-10 01:32:56.000,NULL,NULL,2026-01-19 16:36:10.680,0,ADCHL/operaadmin,NOT REPLICATED,N/A,TST
OPSCCTSSAS01-PI,1,master,Online,Simple,SQL 2019,SQL_Latin1_General_CP1_CI_AS,2026-05-10 00:17:40.000,NULL,NULL,2003-04-08 09:13:36.390,0,sa,NOT REPLICATED,N/A,PRD
OPSCCTSSAS01-PI,2,tempdb,Online,Simple,SQL 2019,SQL_Latin1_General_CP1_CI_AS,NULL,NULL,NULL,2026-03-25 07:05:23.137,0,sa,NOT REPLICATED,N/A,PRD
OPSCCTSSAS01-PI,3,model,Online,Simple,SQL 2019,SQL_Latin1_General_CP1_CI_AS,2026-05-10 00:17:39.000,NULL,NULL,2003-04-08 09:13:36.390,0,sa,NOT REPLICATED,N/A,PRD
OPSCCTSSAS01-PI,4,msdb,Online,Simple,SQL 2019,SQL_Latin1_General_CP1_CI_AS,2026-05-10 00:17:40.000,NULL,NULL,2019-09-24 14:21:42.270,0,sa,NOT REPLICATED,N/A,PRD
OPSCCTSSAS01-PI,5,configdb,Online,Simple,SQL 2016,Latin1_General_CI_AS,2026-05-10 01:15:13.000,NULL,NULL,2025-04-17 14:32:14.920,0,sa,NOT REPLICATED,N/A,PRD
OPSCCTSSAS01-PI,6,OSCADM,Online,Simple,SQL 2016,Latin1_General_CI_AS,2026-05-10 01:15:13.000,NULL,NULL,2025-04-17 14:33:10.787,0,sa,NOT REPLICATED,N/A,PRD
OPTIMDB,1,master,Online,Simple,SQL 2017,French_CI_AS,2026-05-10 00:18:08.000,NULL,NULL,2003-04-08 09:13:36.390,0,sa,NOT REPLICATED,N/A,PRD
OPTIMDB,2,tempdb,Online,Simple,SQL 2017,French_CI_AS,NULL,NULL,NULL,2026-04-28 23:02:09.573,0,sa,NOT REPLICATED,N/A,PRD
OPTIMDB,3,model,Online,Full,SQL 2017,French_CI_AS,2026-05-10 00:18:08.000,NULL,2026-05-10 10:13:00.000,2003-04-08 09:13:36.390,0,sa,NOT REPLICATED,N/A,PRD
OPTIMDB,4,msdb,Online,Simple,SQL 2017,French_CI_AS,2026-05-10 00:18:08.000,NULL,NULL,2017-08-22 19:39:22.887,0,sa,NOT REPLICATED,N/A,PRD
OPTIMDB,6,OPTIM_OXS_PATIENT_MANAGEMENT_V8,Online,Simple,SQL 2008,Latin1_General_CI_AS,2026-05-10 00:18:08.000,NULL,NULL,2021-03-16 15:23:23.077,0,NULL,NOT REPLICATED,N/A,PRD
OPTIMDB,7,OptimSPM4,Online,Simple,SQL 2008,SQL_Latin1_General_CP1_CI_AS,2026-05-10 00:18:08.000,NULL,NULL,2021-04-07 09:03:34.420,0,NULL,NOT REPLICATED,N/A,PRD
ORGACARDDB01,1,master,Online,Simple,SQL 2019,French_CI_AS,2026-05-10 00:18:44.000,NULL,NULL,2003-04-08 09:13:36.390,0,sa,NOT REPLICATED,N/A,PRD
ORGACARDDB01,2,tempdb,Online,Simple,SQL 2019,French_CI_AS,NULL,NULL,NULL,2026-04-30 12:22:45.470,0,sa,NOT REPLICATED,N/A,PRD
ORGACARDDB01,3,model,Online,Full,SQL 2019,French_CI_AS,2026-05-10 00:18:43.000,NULL,2026-05-10 10:15:02.000,2003-04-08 09:13:36.390,0,sa,NOT REPLICATED,N/A,PRD
ORGACARDDB01,4,msdb,Online,Simple,SQL 2019,French_CI_AS,2026-05-10 00:18:43.000,NULL,NULL,2019-09-24 14:21:42.270,0,sa,NOT REPLICATED,N/A,PRD
ORGACARDDB01,5,OCONE_HM,Online,Simple,SQL 2019,Latin1_General_CI_AS,2026-05-10 03:34:56.000,NULL,2025-01-13 17:00:03.000,2023-07-11 14:40:37.340,0,sa,NOT REPLICATED,N/A,PRD
ORGACARDDB01,6,OCONE_CE,Online,Simple,SQL 2019,Latin1_General_CI_AS,2026-05-10 03:32:14.000,NULL,2025-01-13 17:00:03.000,2023-07-11 11:39:02.770,0,sa,NOT REPLICATED,N/A,PRD
ORGACARDDB01,7,OCARCHIV_CE,Online,Simple,SQL 2019,French_CI_AS,2026-05-10 03:30:02.000,NULL,NULL,2023-07-11 15:29:29.977,0,sa,NOT REPLICATED,N/A,PRD
ORGACARDDB01,8,OCARCHIV_HM,Online,Simple,SQL 2019,French_CI_AS,2026-05-10 03:30:23.000,NULL,NULL,2023-07-11 15:30:33.770,0,sa,NOT REPLICATED,N/A,PRD
ORGACARDDB01,9,OCONE_Testsystem,Online,Simple,SQL 2019,Latin1_General_CI_AS,2026-05-10 00:18:44.000,NULL,2024-07-26 13:06:56.000,2024-01-08 09:20:33.777,0,occonfig,NOT REPLICATED,N/A,PRD
ORGACARDDB01,10,OCONE_Schulungssystem,Online,Simple,SQL 2019,Latin1_General_CI_AS,2026-05-10 00:18:44.000,NULL,2024-07-26 13:04:40.000,2024-01-08 09:34:15.553,0,occonfig,NOT REPLICATED,N/A,PRD
ORGACARDDB01,11,OCARCHIV_Testsystem,Online,Simple,SQL 2019,French_CI_AS,2026-05-10 00:18:44.000,NULL,NULL,2024-01-08 10:24:49.727,0,occonfig,NOT REPLICATED,N/A,PRD
ORGACARDDB01,12,OCARCHIV_Schulungssystem,Online,Simple,SQL 2019,French_CI_AS,2026-05-10 00:18:44.000,NULL,NULL,2024-01-08 10:26:01.717,0,occonfig,NOT REPLICATED,N/A,PRD
ORGCARDSAS-TI,1,master,Online,Simple,SQL 2019,French_CI_AS,2026-05-10 01:32:39.000,NULL,NULL,2003-04-08 09:13:36.390,0,sa,NOT REPLICATED,N/A,TST
ORGCARDSAS-TI,2,tempdb,Online,Simple,SQL 2019,French_CI_AS,NULL,NULL,NULL,2026-04-30 11:19:04.330,0,sa,NOT REPLICATED,N/A,TST
ORGCARDSAS-TI,3,model,Online,Full,SQL 2019,French_CI_AS,2026-05-10 01:32:39.000,NULL,2026-05-10 08:05:46.000,2003-04-08 09:13:36.390,0,sa,NOT REPLICATED,N/A,TST
ORGCARDSAS-TI,4,msdb,Online,Simple,SQL 2019,French_CI_AS,2026-05-10 01:32:39.000,NULL,NULL,2019-09-24 14:21:42.270,0,sa,NOT REPLICATED,N/A,TST
PFMSAS02-PI/PFMSQL2016,1,master,Online,Simple,SQL 2016,French_CI_AS,2026-05-10 00:18:41.000,NULL,NULL,2003-04-08 09:13:36.390,0,sa,NOT REPLICATED,N/A,PRD
PFMSAS02-PI/PFMSQL2016,2,tempdb,Online,Simple,SQL 2016,French_CI_AS,NULL,NULL,NULL,2026-05-08 05:01:28.150,0,sa,NOT REPLICATED,N/A,PRD
PFMSAS02-PI/PFMSQL2016,3,model,Online,Full,SQL 2016,French_CI_AS,2026-05-10 00:18:41.000,NULL,2026-05-10 06:57:55.000,2003-04-08 09:13:36.390,0,sa,NOT REPLICATED,N/A,PRD
PFMSAS02-PI/PFMSQL2016,4,msdb,Online,Simple,SQL 2016,French_CI_AS,2026-05-10 00:18:41.000,NULL,NULL,2016-04-30 00:46:38.773,0,sa,NOT REPLICATED,N/A,PRD
PFMSAS02-PI/PFMSQL2016,5,PFM_BD_Mouvements,Online,Simple,SQL 2008,French_CI_AS,2026-05-10 00:18:41.000,NULL,NULL,2024-07-22 17:30:35.147,0,NULL,NOT REPLICATED,N/A,PRD
RDMSRV,1,master,Online,Simple,SQL 2017,French_CI_AS,NULL,NULL,NULL,2003-04-08 09:13:36.390,0,sa,NOT REPLICATED,N/A,PRD
RDMSRV,2,tempdb,Online,Simple,SQL 2017,French_CI_AS,NULL,NULL,NULL,2026-04-29 00:31:26.190,0,sa,NOT REPLICATED,N/A,PRD
RDMSRV,3,model,Online,Simple,SQL 2017,French_CI_AS,NULL,NULL,NULL,2003-04-08 09:13:36.390,0,sa,NOT REPLICATED,N/A,PRD
RDMSRV,4,msdb,Online,Simple,SQL 2017,French_CI_AS,NULL,NULL,NULL,2017-08-22 19:39:22.887,0,sa,NOT REPLICATED,N/A,PRD
RDMSRV,5,EzDose,Online,Simple,SQL 2008,French_CI_AS,2026-05-10 02:00:02.000,NULL,NULL,2020-09-07 15:57:12.437,0,NULL,NOT REPLICATED,N/A,PRD
SAATMANNSRV,1,master,Online,Simple,SQL 2019,French_CI_AS,NULL,NULL,NULL,2003-04-08 09:13:36.390,0,sa,NOT REPLICATED,N/A,PRD
SAATMANNSRV,2,tempdb,Online,Simple,SQL 2019,French_CI_AS,NULL,NULL,NULL,2026-02-20 14:14:29.417,0,sa,NOT REPLICATED,N/A,PRD
SAATMANNSRV,3,model,Online,Simple,SQL 2019,French_CI_AS,NULL,NULL,NULL,2003-04-08 09:13:36.390,0,sa,NOT REPLICATED,N/A,PRD
SAATMANNSRV,4,msdb,Online,Simple,SQL 2019,French_CI_AS,NULL,NULL,NULL,2019-09-24 14:21:42.270,0,sa,NOT REPLICATED,N/A,PRD
SAATMANNSRV,5,DB_Schnittstelle,Online,Simple,SQL 2008,French_CI_AS,2025-12-22 09:40:33.000,NULL,NULL,2021-01-07 08:45:50.490,0,sa_saatmann,NOT REPLICATED,N/A,PRD
SAATMANNSRV,6,DB_GeDoWinQS,Online,Simple,SQL 2008,French_CI_AS,2025-12-22 09:44:39.000,NULL,NULL,2021-01-07 08:46:47.477,0,sa_saatmann,NOT REPLICATED,N/A,PRD
SAATMANNSRV,7,DB_QS_Monitor,Online,Simple,SQL 2008,French_CI_AS,2025-12-22 09:42:14.000,NULL,NULL,2021-01-07 08:47:26.283,0,sa_saatmann,NOT REPLICATED,N/A,PRD
SALTOSAS01-PI,1,master,Online,Simple,new unknown-160,French_CI_AS,2026-05-10 00:17:45.000,NULL,NULL,2003-04-08 09:13:36.390,0,sa,NOT REPLICATED,N/A,PRD
SALTOSAS01-PI,2,tempdb,Online,Simple,new unknown-160,French_CI_AS,NULL,NULL,NULL,2026-04-29 00:32:11.387,0,sa,NOT REPLICATED,N/A,PRD
SALTOSAS01-PI,3,model,Online,Simple,new unknown-160,French_CI_AS,2026-05-10 00:17:45.000,NULL,NULL,2003-04-08 09:13:36.390,0,sa,NOT REPLICATED,N/A,PRD
SALTOSAS01-PI,4,msdb,Online,Simple,new unknown-160,French_CI_AS,2026-05-10 00:17:45.000,NULL,NULL,2022-10-08 06:31:57.550,0,sa,NOT REPLICATED,N/A,PRD
SALTOSAS01-PI,5,SALTO_SPACE,Online,Simple,new unknown-160,SQL_Latin1_General_CP1_CI_AS,2026-05-10 00:17:45.000,NULL,NULL,2024-03-27 13:40:16.950,0,SALTOSAS01-PI/AdminSupplier,NOT REPLICATED,N/A,PRD
SALTOSAS01-PI,6,TBS_BAWSE,Online,Simple,SQL 2008,SQL_Latin1_General_CP1_CI_AS,2026-05-10 00:17:45.000,NULL,NULL,2024-05-27 14:24:26.683,0,SALTOSAS01-PI/AdminSupplier,NOT REPLICATED,N/A,PRD
SALTOSAS01-TI,1,master,Online,Simple,new unknown-160,French_CI_AS,2026-05-10 01:33:11.000,NULL,NULL,2003-04-08 09:13:36.390,0,sa,NOT REPLICATED,N/A,TST
SALTOSAS01-TI,2,tempdb,Online,Simple,new unknown-160,French_CI_AS,NULL,NULL,NULL,2026-04-21 23:04:02.003,0,sa,NOT REPLICATED,N/A,TST
SALTOSAS01-TI,3,model,Online,Simple,new unknown-160,French_CI_AS,2026-05-10 01:33:11.000,NULL,NULL,2003-04-08 09:13:36.390,0,sa,NOT REPLICATED,N/A,TST
SALTOSAS01-TI,4,msdb,Online,Simple,new unknown-160,French_CI_AS,2026-05-10 01:33:11.000,NULL,NULL,2022-10-08 06:31:57.550,0,sa,NOT REPLICATED,N/A,TST
SALTOSAS01-TI,5,SALTO_SPACE,Online,Simple,new unknown-160,SQL_Latin1_General_CP1_CI_AS,2026-05-10 01:33:11.000,NULL,NULL,2024-06-06 08:03:49.933,0,SALTOSAS01-TI/AdminSupplier,NOT REPLICATED,N/A,TST
SALTOSAS01-TI,6,TBS_BAWSE,Online,Simple,SQL 2008,SQL_Latin1_General_CP1_CI_AS,2026-05-10 01:33:11.000,NULL,NULL,2024-06-06 08:04:09.700,0,SALTOSAS01-TI/AdminSupplier,NOT REPLICATED,N/A,TST
SBIMSRV,1,master,Online,Simple,SQL 2017,French_CI_AS,2026-05-10 00:18:33.000,NULL,NULL,2003-04-08 09:13:36.390,0,sa,NOT REPLICATED,N/A,PRD
SBIMSRV,2,tempdb,Online,Simple,SQL 2017,French_CI_AS,NULL,NULL,NULL,2026-05-03 21:00:33.220,0,sa,NOT REPLICATED,N/A,PRD
SBIMSRV,3,model,Online,Simple,SQL 2017,French_CI_AS,2026-05-10 00:18:33.000,NULL,NULL,2003-04-08 09:13:36.390,0,sa,NOT REPLICATED,N/A,PRD
SBIMSRV,4,msdb,Online,Simple,SQL 2017,French_CI_AS,2026-05-10 00:18:33.000,NULL,NULL,2017-08-22 19:39:22.887,0,sa,NOT REPLICATED,N/A,PRD
SBIMSRV,5,SBCOM$,Online,Simple,SQL 2017,French_CI_AS,2026-05-10 00:18:33.000,NULL,NULL,2019-06-26 16:35:55.303,0,NULL,NOT REPLICATED,N/A,PRD
SBIMSRV,6,SBCOM,Online,Simple,SQL 2017,French_CI_AS,2026-05-10 00:18:33.000,NULL,NULL,2019-06-26 16:36:09.457,0,NULL,NOT REPLICATED,N/A,PRD
SBIMSRV,7,SBDIRHM$,Online,Simple,SQL 2017,French_CI_AS,2026-05-10 00:18:33.000,NULL,NULL,2019-06-26 16:36:32.097,0,NULL,NOT REPLICATED,N/A,PRD
SBIMSRV,8,SBDIRHM,Online,Simple,SQL 2017,French_CI_AS,2026-05-10 00:18:33.000,NULL,NULL,2019-06-26 16:36:32.353,0,NULL,NOT REPLICATED,N/A,PRD
SBIMSRV,9,SBRCM$,Online,Simple,SQL 2017,French_CI_AS,2026-05-10 00:18:33.000,NULL,NULL,2019-06-26 16:36:54.290,0,NULL,NOT REPLICATED,N/A,PRD
SBIMSRV,10,SBRCM,Online,Simple,SQL 2017,French_CI_AS,2026-05-10 00:18:33.000,NULL,NULL,2019-06-26 16:36:54.423,0,NULL,NOT REPLICATED,N/A,PRD
SBIMSRV,11,SBRCMT,Online,Simple,SQL 2017,French_CI_AS,2026-05-10 00:18:33.000,NULL,NULL,2019-06-26 16:37:36.440,0,NULL,NOT REPLICATED,N/A,PRD
SBIMSRV,12,SBRIM$,Online,Simple,SQL 2017,French_CI_AS,2026-05-10 00:18:33.000,NULL,NULL,2019-06-26 16:37:36.613,0,NULL,NOT REPLICATED,N/A,PRD
SBIMSRV,13,SBRIM,Online,Simple,SQL 2017,French_CI_AS,2026-05-10 00:18:33.000,NULL,NULL,2019-06-26 16:37:36.787,0,NULL,NOT REPLICATED,N/A,PRD
SBIMSRV,14,SBSEC$,Online,Simple,SQL 2017,French_CI_AS,2026-05-10 00:18:33.000,NULL,NULL,2019-06-26 16:37:36.973,0,NULL,NOT REPLICATED,N/A,PRD
SBIMSRV,15,SBSEC,Online,Simple,SQL 2017,French_CI_AS,2026-05-10 00:18:33.000,NULL,NULL,2019-06-26 16:37:37.160,0,NULL,NOT REPLICATED,N/A,PRD
SBIMSRV,16,SBSYS,Online,Simple,SQL 2017,French_CI_AS,2026-05-10 00:18:33.000,NULL,NULL,2019-06-26 16:37:37.347,0,NULL,NOT REPLICATED,N/A,PRD
SBIMSRV,17,SBVIPAT$,Online,Simple,SQL 2017,French_CI_AS,2026-05-10 00:18:33.000,NULL,NULL,2019-06-26 16:37:37.527,0,NULL,NOT REPLICATED,N/A,PRD
SBIMSRV,18,SBVIPAT,Online,Simple,SQL 2017,French_CI_AS,2026-05-10 00:18:33.000,NULL,NULL,2019-06-26 16:37:37.767,0,NULL,NOT REPLICATED,N/A,PRD
SBIMTEST,1,master,Online,Simple,SQL 2017,French_CI_AS,2026-04-27 11:47:17.000,NULL,NULL,2003-04-08 09:13:36.390,0,sa,NOT REPLICATED,N/A,TST
SBIMTEST,2,tempdb,Online,Simple,SQL 2017,French_CI_AS,NULL,NULL,NULL,2026-03-31 09:41:01.243,0,sa,NOT REPLICATED,N/A,TST
SBIMTEST,3,model,Online,Simple,SQL 2017,French_CI_AS,2026-04-27 11:47:17.000,NULL,NULL,2003-04-08 09:13:36.390,0,sa,NOT REPLICATED,N/A,TST
SBIMTEST,4,msdb,Online,Simple,SQL 2017,French_CI_AS,2026-04-27 11:47:17.000,NULL,NULL,2017-08-22 19:39:22.887,0,sa,NOT REPLICATED,N/A,TST
SBIMTEST,5,SBSYS,Online,Simple,SQL 2017,French_CI_AS,2026-04-27 11:47:54.000,NULL,NULL,2019-04-10 13:20:26.153,0,SBIMCS,NOT REPLICATED,N/A,TST
SBIMTEST,6,SBSEC,Online,Simple,SQL 2017,French_CI_AS,2026-04-27 11:47:53.000,NULL,NULL,2019-04-10 13:20:36.780,0,SBIMCS,NOT REPLICATED,N/A,TST
SBIMTEST,7,SBSEC$,Online,Simple,SQL 2017,French_CI_AS,2026-04-27 11:47:54.000,NULL,NULL,2019-04-10 13:20:37.110,0,SBIMCS,NOT REPLICATED,N/A,TST
SBIMTEST,8,SBCOM,Online,Simple,SQL 2017,French_CI_AS,2026-04-27 11:47:18.000,NULL,NULL,2019-04-10 13:20:52.217,0,SBIMCS,NOT REPLICATED,N/A,TST
SBIMTEST,9,SBCOM$,Online,Simple,SQL 2017,French_CI_AS,2026-04-27 11:47:34.000,NULL,NULL,2019-04-10 13:20:52.533,0,SBIMCS,NOT REPLICATED,N/A,TST
SBIMTEST,10,SBRCM,Online,Simple,SQL 2017,French_CI_AS,2026-04-27 11:47:34.000,NULL,NULL,2019-04-10 13:21:46.103,0,SBIMCS,NOT REPLICATED,N/A,TST
SBIMTEST,11,SBRCM$,Online,Simple,SQL 2017,French_CI_AS,2026-04-27 11:47:47.000,NULL,NULL,2019-04-10 13:21:46.463,0,SBIMCS,NOT REPLICATED,N/A,TST
SBIMTEST,12,SBRCMT,Online,Simple,SQL 2017,French_CI_AS,2026-04-27 11:47:50.000,NULL,NULL,2019-04-10 13:22:44.540,0,SBIMCS,NOT REPLICATED,N/A,TST
SBIMTEST,13,SBRIM,Online,Simple,SQL 2017,French_CI_AS,2026-04-27 11:47:53.000,NULL,NULL,2019-04-10 13:22:54.083,0,SBIMCS,NOT REPLICATED,N/A,TST
SBIMTEST,14,SBRIM$,Online,Simple,SQL 2017,French_CI_AS,2026-04-27 11:47:53.000,NULL,NULL,2019-04-10 13:22:54.373,0,SBIMCS,NOT REPLICATED,N/A,TST
SBIMTEST,15,SBDIRHM,Online,Simple,SQL 2017,French_CI_AS,2026-04-27 11:47:34.000,NULL,NULL,2019-04-10 13:23:11.737,0,SBIMCS,NOT REPLICATED,N/A,TST
SBIMTEST,16,SBDIRHM$,Online,Simple,SQL 2017,French_CI_AS,2026-04-27 11:47:34.000,NULL,NULL,2019-04-10 13:23:12.057,0,SBIMCS,NOT REPLICATED,N/A,TST
SBIMTEST,17,SBVIPAT,Online,Simple,SQL 2017,French_CI_AS,2026-04-27 11:47:54.000,NULL,NULL,2019-04-10 13:23:28.377,0,SBIMCS,NOT REPLICATED,N/A,TST
SBIMTEST,18,SBVIPAT$,Online,Simple,SQL 2017,French_CI_AS,2026-04-27 11:47:54.000,NULL,NULL,2019-04-10 13:23:28.667,0,SBIMCS,NOT REPLICATED,N/A,TST
SCCMCHL,1,master,Online,Simple,SQL 2014,SQL_Latin1_General_CP1_CI_AS,2018-10-18 07:55:00.000,NULL,NULL,2003-04-08 09:13:36.390,0,sa,NOT REPLICATED,N/A,PRD
SCCMCHL,2,tempdb,Online,Simple,SQL 2017,SQL_Latin1_General_CP1_CI_AS,NULL,NULL,NULL,2026-04-28 23:07:33.037,0,sa,NOT REPLICATED,N/A,PRD
SCCMCHL,3,model,Online,Simple,SQL 2017,SQL_Latin1_General_CP1_CI_AS,2018-10-18 07:55:00.000,NULL,NULL,2003-04-08 09:13:36.390,0,sa,NOT REPLICATED,N/A,PRD
SCCMCHL,4,msdb,Online,Simple,SQL 2017,SQL_Latin1_General_CP1_CI_AS,2018-10-18 07:55:00.000,NULL,NULL,2014-02-20 20:49:38.857,0,sa,NOT REPLICATED,N/A,PRD
SCCMCHL,5,CM_CHL,Online,Simple,SQL 2017,SQL_Latin1_General_CP1_CI_AS,2026-03-15 12:00:56.000,NULL,NULL,2017-09-04 10:44:28.197,0,sa,NOT REPLICATED,N/A,PRD
SCCMREPORT,1,master,Online,Simple,SQL 2014,SQL_Latin1_General_CP1_CI_AS,2026-05-10 00:18:11.000,NULL,NULL,2003-04-08 09:13:36.390,0,sa,NOT REPLICATED,N/A,PRD
SCCMREPORT,2,tempdb,Online,Simple,SQL 2017,SQL_Latin1_General_CP1_CI_AS,NULL,NULL,NULL,2026-04-28 23:08:19.817,0,sa,NOT REPLICATED,N/A,PRD
SCCMREPORT,3,model,Online,Simple,SQL 2017,SQL_Latin1_General_CP1_CI_AS,2026-05-10 00:18:11.000,NULL,NULL,2003-04-08 09:13:36.390,0,sa,NOT REPLICATED,N/A,PRD
SCCMREPORT,4,msdb,Online,Simple,SQL 2017,SQL_Latin1_General_CP1_CI_AS,2026-05-10 00:18:11.000,NULL,NULL,2014-02-20 20:49:38.857,0,sa,NOT REPLICATED,N/A,PRD
SCCMREPORT,5,ReportServer,Online,Simple,SQL 2017,Latin1_General_100_CI_AS_KS_WS,2026-05-10 00:18:11.000,NULL,NULL,2018-03-22 14:30:07.130,0,NULL,NOT REPLICATED,N/A,PRD
SCCMREPORT,6,ReportServerTempDB,Online,Simple,SQL 2017,Latin1_General_100_CI_AS_KS_WS,2026-05-10 00:18:11.000,NULL,NULL,2018-03-22 14:30:07.420,0,NULL,NOT REPLICATED,N/A,PRD
SCCMREPORT,7,CM_CHL_DW,Online,Simple,SQL 2017,SQL_Latin1_General_CP1_CI_AS,2026-05-10 00:18:11.000,NULL,NULL,2018-03-24 08:00:43.583,0,NT AUTHORITY/SYSTEM,NOT REPLICATED,N/A,PRD
SCCMSUP,1,master,Online,Simple,SQL 2017,French_CI_AS,NULL,NULL,NULL,2003-04-08 09:13:36.390,0,sa,NOT REPLICATED,N/A,PRD
SCCMSUP,2,tempdb,Online,Simple,SQL 2017,French_CI_AS,NULL,NULL,NULL,2026-04-28 23:02:44.093,0,sa,NOT REPLICATED,N/A,PRD
SCCMSUP,3,model,Online,Full,SQL 2017,French_CI_AS,NULL,NULL,NULL,2003-04-08 09:13:36.390,0,sa,NOT REPLICATED,N/A,PRD
SCCMSUP,4,msdb,Online,Simple,SQL 2017,French_CI_AS,NULL,NULL,NULL,2017-08-22 19:39:22.887,0,sa,NOT REPLICATED,N/A,PRD
SCCMSUP,5,SUSDB,Online,Simple,SQL 2008,SQL_Latin1_General_CP1_CI_AS,NULL,NULL,NULL,2019-06-21 10:14:43.517,0,NULL,NOT REPLICATED,N/A,PRD
SCHAUFSRV,1,master,Online,Simple,SQL 2017,French_CI_AS,2026-05-10 00:17:58.000,NULL,NULL,2003-04-08 09:13:36.390,0,sa,NOT REPLICATED,N/A,PRD
SCHAUFSRV,2,tempdb,Online,Simple,SQL 2017,French_CI_AS,NULL,NULL,NULL,2026-04-28 23:07:14.540,0,sa,NOT REPLICATED,N/A,PRD
SCHAUFSRV,3,model,Online,Simple,SQL 2017,French_CI_AS,2026-05-10 00:17:58.000,NULL,NULL,2003-04-08 09:13:36.390,0,sa,NOT REPLICATED,N/A,PRD
SCHAUFSRV,4,msdb,Online,Simple,SQL 2017,French_CI_AS,2026-05-10 00:17:58.000,NULL,NULL,2017-08-22 19:39:22.887,0,sa,NOT REPLICATED,N/A,PRD
SCHAUFSRV,5,sGuide,Online,Simple,SQL 2014,French_CI_AS,2026-05-10 00:17:58.000,NULL,NULL,2018-07-04 09:59:06.053,0,NULL,NOT REPLICATED,N/A,PRD
SCHAUFSRV,6,Q-Flex,Online,Simple,SQL 2017,French_CI_AS,2026-05-10 00:17:58.000,NULL,NULL,2021-02-25 10:41:39.557,0,schauf,NOT REPLICATED,N/A,PRD
SENTRYSUITESRV/SENTRYSUITE,1,master,Online,Simple,SQL 2014,SQL_Latin1_General_CP1_CI_AS,2026-05-10 01:00:00.000,NULL,NULL,2003-04-08 09:13:36.390,0,sa,NOT REPLICATED,N/A,PRD
SENTRYSUITESRV/SENTRYSUITE,2,tempdb,Online,Simple,SQL 2014,SQL_Latin1_General_CP1_CI_AS,NULL,NULL,NULL,2026-04-28 23:01:37.167,0,sa,NOT REPLICATED,N/A,PRD
SENTRYSUITESRV/SENTRYSUITE,3,model,Online,Full,SQL 2014,SQL_Latin1_General_CP1_CI_AS,NULL,NULL,NULL,2003-04-08 09:13:36.390,0,sa,NOT REPLICATED,N/A,PRD
SENTRYSUITESRV/SENTRYSUITE,4,msdb,Online,Simple,SQL 2014,SQL_Latin1_General_CP1_CI_AS,2026-05-10 01:00:00.000,NULL,NULL,2014-02-20 20:49:38.857,0,sa,NOT REPLICATED,N/A,PRD
SENTRYSUITESRV/SENTRYSUITE,5,SentrySuite,Online,Full,SQL 2008,Latin1_General_CI_AS,2026-05-10 01:00:00.000,NULL,2026-05-10 09:00:00.000,2020-04-14 14:25:49.793,0,sa,NOT REPLICATED,N/A,PRD
SENTRYSUITESRV/SENTRYSUITE,6,SentryConnectGateway,Online,Simple,SQL 2014,SQL_Latin1_General_CP1_CI_AS,2026-05-10 01:00:00.000,NULL,NULL,2020-04-14 15:21:42.500,0,sa,NOT REPLICATED,N/A,PRD
SENTRYSUITETEST/SENTRYSUITE,1,master,Online,Simple,SQL 2014,SQL_Latin1_General_CP1_CI_AS,2026-05-10 01:00:00.000,NULL,NULL,2003-04-08 09:13:36.390,0,sa,NOT REPLICATED,N/A,TST
SENTRYSUITETEST/SENTRYSUITE,2,tempdb,Online,Simple,SQL 2014,SQL_Latin1_General_CP1_CI_AS,NULL,NULL,NULL,2026-04-21 23:01:25.467,0,sa,NOT REPLICATED,N/A,TST
SENTRYSUITETEST/SENTRYSUITE,3,model,Online,Full,SQL 2014,SQL_Latin1_General_CP1_CI_AS,NULL,NULL,NULL,2003-04-08 09:13:36.390,0,sa,NOT REPLICATED,N/A,TST
SENTRYSUITETEST/SENTRYSUITE,4,msdb,Online,Simple,SQL 2014,SQL_Latin1_General_CP1_CI_AS,2026-05-10 01:00:00.000,NULL,NULL,2014-02-20 20:49:38.857,0,sa,NOT REPLICATED,N/A,TST
SENTRYSUITETEST/SENTRYSUITE,5,SentrySuite,Online,Full,SQL 2008,Latin1_General_CI_AS,2026-05-10 01:00:00.000,NULL,2026-05-10 09:00:00.000,2020-09-09 13:24:47.447,0,ADCHL/sentryadmin,NOT REPLICATED,N/A,TST
SENTRYSUITETEST/SENTRYSUITE,6,SentryConnectGateway,Online,Simple,SQL 2014,SQL_Latin1_General_CP1_CI_AS,2026-05-10 01:00:00.000,NULL,NULL,2020-04-15 15:44:01.763,0,sa,NOT REPLICATED,N/A,TST
SENTRYSUITETEST/SENTRYSUITE,7,SentryWorklist,Online,Simple,SQL 2014,SQL_Latin1_General_CP1_CI_AS,NULL,NULL,NULL,2020-04-15 15:44:02.360,0,sa,NOT REPLICATED,N/A,TST
SENTRYSUITETEST/SENTRYSUITE,8,DBCUBECHL,Online,Full,SQL 2014,SQL_Latin1_General_CP1_CI_AS,NULL,NULL,NULL,2021-05-12 08:40:15.350,0,sa,NOT REPLICATED,N/A,TST
SHATEST,1,master,Online,Simple,SQL 2012,French_CI_AS,2026-05-10 01:33:06.000,NULL,NULL,2003-04-08 09:13:36.390,0,sa,NOT REPLICATED,N/A,TST
SHATEST,2,tempdb,Online,Simple,SQL 2012,French_CI_AS,NULL,NULL,NULL,2026-03-16 06:35:15.820,0,sa,NOT REPLICATED,N/A,TST
SHATEST,3,model,Online,Simple,SQL 2012,French_CI_AS,2026-05-10 01:33:05.000,NULL,NULL,2003-04-08 09:13:36.390,0,sa,NOT REPLICATED,N/A,TST
SHATEST,4,msdb,Online,Simple,SQL 2012,French_CI_AS,2026-05-10 01:33:06.000,NULL,NULL,2012-02-10 21:02:17.770,0,sa,NOT REPLICATED,N/A,TST
SWLMAESDBS01-PI,1,master,Online,Simple,new unknown-160,French_CI_AS,2026-05-10 00:17:44.000,NULL,NULL,2003-04-08 09:13:36.390,0,sa,NOT REPLICATED,N/A,PRD
SWLMAESDBS01-PI,2,tempdb,Online,Simple,new unknown-160,French_CI_AS,NULL,NULL,NULL,2025-11-25 08:07:45.897,0,sa,NOT REPLICATED,N/A,PRD
SWLMAESDBS01-PI,3,model,Online,Simple,new unknown-160,French_CI_AS,2026-05-10 00:17:44.000,NULL,NULL,2003-04-08 09:13:36.390,0,sa,NOT REPLICATED,N/A,PRD
SWLMAESDBS01-PI,4,msdb,Online,Simple,new unknown-160,French_CI_AS,2026-05-10 00:17:44.000,NULL,NULL,2022-10-08 06:31:57.550,0,sa,NOT REPLICATED,N/A,PRD
SWLMAESDBS01-PI,5,mirthdb,Online,Simple,new unknown-160,French_CI_AS,2026-05-10 00:17:44.000,NULL,NULL,2024-05-28 09:45:15.000,0,SWLMAESDBS01-PI/AdminSupplier,NOT REPLICATED,N/A,PRD
SWLMAESDBS01-TI,1,master,Online,Simple,new unknown-160,French_CI_AS,2026-05-10 01:33:08.000,NULL,NULL,2003-04-08 09:13:36.390,0,sa,NOT REPLICATED,N/A,TST
SWLMAESDBS01-TI,2,tempdb,Online,Simple,new unknown-160,French_CI_AS,NULL,NULL,NULL,2026-04-21 23:03:46.253,0,sa,NOT REPLICATED,N/A,TST
SWLMAESDBS01-TI,3,model,Online,Simple,new unknown-160,French_CI_AS,2026-05-10 01:33:08.000,NULL,NULL,2003-04-08 09:13:36.390,0,sa,NOT REPLICATED,N/A,TST
SWLMAESDBS01-TI,4,msdb,Online,Simple,new unknown-160,French_CI_AS,2026-05-10 01:33:08.000,NULL,NULL,2022-10-08 06:31:57.550,0,sa,NOT REPLICATED,N/A,TST
SWLMAESDBS01-TI,5,mirthdb,Online,Simple,new unknown-160,French_CI_AS,2026-05-10 01:33:08.000,NULL,NULL,2024-05-28 11:41:29.187,0,SWLMAESDBS01-TI/AdminSupplier,NOT REPLICATED,N/A,TST
SYSADMVWS01-DI,1,master,Online,Simple,new unknown-160,French_CI_AS,2026-05-10 01:33:24.000,NULL,NULL,2003-04-08 09:13:36.390,0,sa,NOT REPLICATED,N/A,DEV
SYSADMVWS01-DI,2,tempdb,Online,Simple,new unknown-160,French_CI_AS,NULL,NULL,NULL,2026-04-08 11:06:48.103,0,sa,NOT REPLICATED,N/A,DEV
SYSADMVWS01-DI,3,model,Online,Full,new unknown-160,French_CI_AS,2026-05-10 01:33:24.000,NULL,2026-05-10 08:12:44.000,2003-04-08 09:13:36.390,0,sa,NOT REPLICATED,N/A,DEV
SYSADMVWS01-DI,4,msdb,Online,Simple,new unknown-160,French_CI_AS,2026-05-10 01:33:24.000,NULL,NULL,2022-10-08 06:31:57.550,0,sa,NOT REPLICATED,N/A,DEV
SYSEPUSAS01-PI,1,master,Online,Simple,new unknown-160,French_CI_AS,2026-05-10 00:17:49.000,NULL,NULL,2003-04-08 09:13:36.390,0,sa,NOT REPLICATED,N/A,PRD
SYSEPUSAS01-PI,2,tempdb,Online,Simple,new unknown-160,French_CI_AS,NULL,NULL,NULL,2025-01-28 15:00:27.190,0,sa,NOT REPLICATED,N/A,PRD
SYSEPUSAS01-PI,3,model,Online,Full,new unknown-160,French_CI_AS,2026-05-10 00:17:48.000,NULL,2026-05-10 10:13:47.000,2003-04-08 09:13:36.390,0,sa,NOT REPLICATED,N/A,PRD
SYSEPUSAS01-PI,4,msdb,Online,Simple,new unknown-160,French_CI_AS,2026-05-10 00:17:48.000,NULL,NULL,2022-10-08 06:31:57.550,0,sa,NOT REPLICATED,N/A,PRD
SYSEPUSAS01-PI,5,ExtendedIPUConfigData,Online,Simple,SQL 2012,French_CI_AS,2026-05-10 00:17:48.000,NULL,NULL,2025-01-08 13:55:58.033,0,ExtendedIPU_vfQ8yc9L,NOT REPLICATED,N/A,PRD
SYSEPUSAS01-PI,6,ExtendedIPURoutineCacheData_4.6.22,Online,Simple,SQL 2012,French_CI_AS,2026-05-10 00:17:48.000,NULL,NULL,2025-01-08 13:56:03.467,0,ExtendedIPU_vfQ8yc9L,NOT REPLICATED,N/A,PRD
SYSEPUSAS01-PI,7,ExtendedIPU,Online,Simple,SQL 2012,French_CI_AS,2026-05-10 00:17:48.000,NULL,NULL,2025-01-28 14:38:47.983,0,ExtendedIPU_vfQ8yc9L,NOT REPLICATED,N/A,PRD
SYSEPUSAS01-PI,8,ExtendedIPUAccessLogs,Online,Simple,new unknown-160,French_CI_AS,2026-05-10 00:17:49.000,NULL,NULL,2025-01-08 11:24:08.043,0,ExtendedIPU_vfQ8yc9L,NOT REPLICATED,N/A,PRD
SYSEPUSAS01-PI,9,ExtendedIPUAnonymized,Online,Simple,new unknown-160,French_CI_AS,2026-05-10 00:17:49.000,NULL,NULL,2025-01-08 11:24:08.313,0,ExtendedIPU_vfQ8yc9L,NOT REPLICATED,N/A,PRD
SYSEPUSAS01-PI,10,ExtendedIPUPDFFiles,Online,Simple,new unknown-160,French_CI_AS,2026-05-10 00:17:49.000,NULL,NULL,2025-01-08 11:24:08.843,0,ExtendedIPU_vfQ8yc9L,NOT REPLICATED,N/A,PRD
SYSEPUSAS01-PI,11,ExtendedIPUStatistics,Online,Simple,new unknown-160,French_CI_AS,2026-05-10 00:17:49.000,NULL,NULL,2025-01-08 11:24:09.127,0,ExtendedIPU_vfQ8yc9L,NOT REPLICATED,N/A,PRD
SYSMEXIPUSRV,1,master,Online,Simple,SQL 2012,French_CI_AS,2026-05-10 00:17:55.000,NULL,NULL,2003-04-08 09:13:36.390,0,sa,NOT REPLICATED,N/A,PRD
SYSMEXIPUSRV,2,tempdb,Online,Simple,SQL 2012,French_CI_AS,NULL,NULL,NULL,2023-09-20 15:18:47.497,0,sa,NOT REPLICATED,N/A,PRD
SYSMEXIPUSRV,3,model,Online,Simple,SQL 2012,French_CI_AS,2026-05-10 00:17:55.000,NULL,NULL,2003-04-08 09:13:36.390,0,sa,NOT REPLICATED,N/A,PRD
SYSMEXIPUSRV,4,msdb,Online,Simple,SQL 2012,French_CI_AS,2026-05-10 00:17:55.000,NULL,NULL,2012-02-10 21:02:17.770,0,sa,NOT REPLICATED,N/A,PRD
SYSMEXIPUSRV,5,ExtendedIPU,Online,Simple,SQL 2012,French_CI_AS,2026-05-10 00:17:55.000,NULL,NULL,2017-05-10 11:52:23.420,0,NULL,NOT REPLICATED,N/A,PRD
SYSMEXIPUSRV,6,ExtendedIPUAnonymized,Online,Simple,SQL 2012,French_CI_AS,2026-05-10 00:17:55.000,NULL,NULL,2021-11-23 12:07:42.770,0,ExtendedIPU_UXnVRBvN,NOT REPLICATED,N/A,PRD
SYSMEXIPUSRV,7,ExtendedIPURoutineCacheData_4.6.22,Online,Simple,SQL 2012,French_CI_AS,2026-05-10 00:17:55.000,NULL,NULL,2021-11-23 11:40:37.890,0,ExtendedIPU_UXnVRBvN,NOT REPLICATED,N/A,PRD
SYSMEXIPUSRV,9,ExtendedIPUPDFFiles,Online,Simple,SQL 2012,French_CI_AS,2026-05-10 00:17:55.000,NULL,NULL,2017-05-10 11:53:40.323,0,NULL,NOT REPLICATED,N/A,PRD
SYSMEXIPUSRV,10,ExtendedIPUStatistics,Online,Simple,SQL 2012,French_CI_AS,2026-05-10 00:17:55.000,NULL,NULL,2017-05-10 11:53:40.630,0,NULL,NOT REPLICATED,N/A,PRD
SYSMEXIPUSRV,11,ExtendedIPUAccessLogs,Online,Simple,SQL 2012,French_CI_AS,2026-05-10 00:17:55.000,NULL,NULL,2017-05-10 11:53:40.910,0,NULL,NOT REPLICATED,N/A,PRD
SYSMEXIPUSRV,12,ExtendedIPUConfigData,Online,Simple,SQL 2012,French_CI_AS,2026-05-10 00:17:55.000,NULL,NULL,2019-06-05 13:39:14.127,0,ExtendedIPU_UXnVRBvN,NOT REPLICATED,N/A,PRD
THYCOTICDB,1,master,Online,Simple,SQL 2019,SQL_Latin1_General_CP1_CI_AS,2026-05-10 00:18:32.000,NULL,NULL,2003-04-08 09:13:36.390,0,sa,NOT REPLICATED,N/A,PRD
THYCOTICDB,2,tempdb,Online,Simple,SQL 2019,SQL_Latin1_General_CP1_CI_AS,NULL,NULL,NULL,2026-04-28 23:11:41.820,0,sa,NOT REPLICATED,N/A,PRD
THYCOTICDB,3,model,Online,Simple,SQL 2019,SQL_Latin1_General_CP1_CI_AS,2026-05-10 00:18:32.000,NULL,NULL,2003-04-08 09:13:36.390,0,sa,NOT REPLICATED,N/A,PRD
THYCOTICDB,4,msdb,Online,Simple,SQL 2019,SQL_Latin1_General_CP1_CI_AS,2026-05-10 00:18:32.000,NULL,NULL,2019-09-24 14:21:42.270,0,sa,NOT REPLICATED,N/A,PRD
THYCOTICDB,5,SecretServer,Online,Simple,SQL 2019,SQL_Latin1_General_CP1_CI_AS,2026-05-10 00:18:32.000,NULL,NULL,2025-12-04 08:01:17.470,0,NULL,NOT REPLICATED,N/A,PRD
THYCOTICSRV,1,master,Online,Simple,SQL 2017,SQL_Latin1_General_CP1_CI_AS,2026-05-10 00:17:13.000,NULL,NULL,2003-04-08 09:13:36.390,0,sa,NOT REPLICATED,N/A,PRD
THYCOTICSRV,2,tempdb,Online,Simple,SQL 2017,SQL_Latin1_General_CP1_CI_AS,NULL,NULL,NULL,2026-03-28 22:18:34.513,0,sa,NOT REPLICATED,N/A,PRD
THYCOTICSRV,3,model,Online,Simple,SQL 2017,SQL_Latin1_General_CP1_CI_AS,2026-05-10 00:17:13.000,NULL,NULL,2003-04-08 09:13:36.390,0,sa,NOT REPLICATED,N/A,PRD
THYCOTICSRV,4,msdb,Online,Simple,SQL 2017,SQL_Latin1_General_CP1_CI_AS,2026-05-10 00:17:13.000,NULL,NULL,2017-08-22 19:39:22.887,0,sa,NOT REPLICATED,N/A,PRD
THYCOTICSRV,5,SecretServer,Online,Full,SQL 2017,French_CI_AS,2026-05-10 00:17:13.000,NULL,2026-05-10 10:08:29.000,2025-12-11 07:44:53.440,0,NULL,NOT REPLICATED,N/A,PRD
THYCOTICSRV,6,SecretServerInt,Online,Simple,SQL 2017,SQL_Latin1_General_CP1_CI_AS,2026-05-10 00:17:13.000,NULL,NULL,2025-12-11 08:07:27.953,0,NULL,NOT REPLICATED,N/A,PRD
TSSTEST/SQLEXPRESS,1,master,Online,Simple,SQL 2017,SQL_Latin1_General_CP1_CI_AS,NULL,NULL,NULL,2003-04-08 09:13:36.390,0,sa,NOT REPLICATED,N/A,TST
TSSTEST/SQLEXPRESS,2,tempdb,Online,Simple,SQL 2017,SQL_Latin1_General_CP1_CI_AS,NULL,NULL,NULL,2026-04-21 23:01:54.827,0,sa,NOT REPLICATED,N/A,TST
TSSTEST/SQLEXPRESS,3,model,Online,Simple,SQL 2017,SQL_Latin1_General_CP1_CI_AS,NULL,NULL,NULL,2003-04-08 09:13:36.390,0,sa,NOT REPLICATED,N/A,TST
TSSTEST/SQLEXPRESS,4,msdb,Online,Simple,SQL 2017,SQL_Latin1_General_CP1_CI_AS,NULL,NULL,NULL,2017-08-22 19:39:22.887,0,sa,NOT REPLICATED,N/A,TST
TSSTEST/SQLEXPRESS,5,SecretServer,Online,Simple,SQL 2017,SQL_Latin1_General_CP1_CI_AS,NULL,NULL,NULL,2025-10-31 11:39:19.830,0,NULL,NOT REPLICATED,N/A,TST
TSSTEST/SQLEXPRESS,6,tmp_hra,Online,Simple,SQL 2017,SQL_Latin1_General_CP1_CI_AS,NULL,NULL,NULL,2024-09-13 11:45:55.890,0,NULL,NOT REPLICATED,N/A,TST
WSSQL01,1,master,Online,Simple,SQL 2019,French_CI_AS,2026-05-10 00:17:49.000,NULL,NULL,2003-04-08 09:13:36.390,0,sa,NOT REPLICATED,N/A,PRD
WSSQL01,2,tempdb,Online,Simple,SQL 2019,French_CI_AS,NULL,NULL,NULL,2025-04-30 07:29:45.483,0,sa,NOT REPLICATED,N/A,PRD
WSSQL01,3,model,Online,Full,SQL 2019,French_CI_AS,2026-05-10 00:17:49.000,NULL,2026-05-10 10:16:59.000,2003-04-08 09:13:36.390,0,sa,NOT REPLICATED,N/A,PRD
WSSQL01,4,msdb,Online,Simple,SQL 2019,French_CI_AS,2026-05-10 00:17:49.000,NULL,NULL,2019-09-24 14:21:42.270,0,sa,NOT REPLICATED,N/A,PRD
WSSQL01,5,portier,Online,Simple,SQL 2008,Latin1_General_CI_AS,2026-05-10 00:17:49.000,NULL,NULL,2021-04-23 14:01:43.737,0,NULL,NOT REPLICATED,N/A,PRD
WSSQL01,6,Papercut,Online,Full,SQL 2019,French_CI_AS,2026-05-10 00:17:49.000,NULL,2026-05-10 10:16:48.000,2021-06-18 16:19:06.450,0,NULL,NOT REPLICATED,N/A,PRD
WSSQL01,7,S4L,Online,Simple,SQL 2008,Latin1_General_CI_AS,2026-05-10 00:17:49.000,NULL,NULL,2023-04-13 10:53:08.937,0,NULL,NOT REPLICATED,N/A,PRD
WSSQL01,8,UniteData,Online,Full,SQL 2019,French_CI_AS,2026-05-10 00:17:49.000,NULL,2026-05-10 10:16:56.000,2021-12-17 10:28:18.330,0,sa,NOT REPLICATED,N/A,PRD
WSSQL01,9,UniteAnalyzer,Online,Full,SQL 2019,French_CI_AS,2026-05-10 00:17:49.000,NULL,2026-05-10 10:16:52.000,2021-12-17 10:28:44.943,0,sa,NOT REPLICATED,N/A,PRD
WSSQL01,10,UniteAuditTrail,Online,Full,SQL 2019,French_CI_AS,2026-05-10 00:17:49.000,NULL,2026-05-10 10:16:53.000,2021-12-17 10:29:04.337,0,sa,NOT REPLICATED,N/A,PRD
WSSQL01,11,UniteConnect,Online,Full,SQL 2019,French_CI_AS,2026-05-10 00:17:49.000,NULL,2026-05-10 10:16:55.000,2021-12-17 10:29:25.740,0,sa,NOT REPLICATED,N/A,PRD
WSSQL01,12,ePO_WSEPO01,Online,Simple,SQL 2019,French_CI_AS,2026-05-10 00:17:49.000,NULL,NULL,2021-12-29 15:50:18.533,0,ADCHL/mcafee.epo,NOT REPLICATED,N/A,PRD
WSSQL01,13,ePO_WSEPO01_Events,Online,Full,SQL 2019,French_CI_AS,2026-05-10 00:17:49.000,NULL,2026-05-10 10:16:57.000,2021-12-29 15:52:24.177,0,ADCHL/mcafee.epo,NOT REPLICATED,N/A,PRD
WSSQL01,14,Carrousel,Online,Full,SQL 2019,French_CI_AS,2026-05-10 00:17:49.000,NULL,2026-05-10 10:16:46.000,2022-03-30 09:51:04.117,0,sa,NOT REPLICATED,N/A,PRD
WSSQL01,15,Shared_sync_hra,Online,Full,SQL 2019,French_CI_AS,2026-05-10 00:17:49.000,NULL,2026-05-10 10:16:50.000,2025-09-26 09:04:37.633,0,NULL,NOT REPLICATED,N/A,PRD
WSSQL01,16,Shared_sync_hra_prod,Online,Full,SQL 2019,French_CI_AS,2026-05-10 00:17:49.000,NULL,2026-05-10 10:16:51.000,2024-01-25 09:34:21.080,0,NULL,NOT REPLICATED,N/A,PRD
WSSQLMED01,1,master,Online,Simple,SQL 2019,French_CI_AS,2026-05-10 00:17:48.000,NULL,NULL,2003-04-08 09:13:36.390,0,sa,NOT REPLICATED,N/A,PRD
WSSQLMED01,2,tempdb,Online,Simple,SQL 2019,French_CI_AS,NULL,NULL,NULL,2025-06-27 00:25:46.720,0,sa,NOT REPLICATED,N/A,PRD
WSSQLMED01,3,model,Online,Full,SQL 2019,French_CI_AS,2026-05-10 00:17:48.000,NULL,2026-05-10 10:14:01.000,2003-04-08 09:13:36.390,0,sa,NOT REPLICATED,N/A,PRD
WSSQLMED01,4,msdb,Online,Simple,SQL 2019,French_CI_AS,2026-05-10 00:17:48.000,NULL,NULL,2019-09-24 14:21:42.270,0,sa,NOT REPLICATED,N/A,PRD
WSSQLMED01,5,MUSE_System,Online,Simple,SQL 2012,SQL_Latin1_General_CP1_CI_AS,2026-05-10 00:17:48.000,NULL,NULL,2022-09-29 10:19:12.507,0,ADCHL/sentryadmin,NOT REPLICATED,N/A,PRD
WSSQLMED01,6,MUSE_SiteTemplate,Online,Simple,SQL 2012,SQL_Latin1_General_CP1_CI_AS,2026-05-10 00:17:48.000,NULL,NULL,2022-09-29 10:19:21.273,0,ADCHL/sentryadmin,NOT REPLICATED,N/A,PRD
WSSQLMED01,7,MUSE_Site0001,Online,Simple,SQL 2012,SQL_Latin1_General_CP1_CI_AS,2026-05-10 00:17:48.000,NULL,NULL,2022-09-29 10:19:39.440,0,ADCHL/sentryadmin,NOT REPLICATED,N/A,PRD
WSSQLMED01,8,test,Online,Full,SQL 2019,French_CI_AS,2026-05-10 00:17:48.000,NULL,2026-05-10 10:14:03.000,2022-10-06 09:23:02.450,0,NULL,NOT REPLICATED,N/A,PRD
WSSQLMED01,9,ATLAS,Online,Simple,SQL 2014,SQL_Latin1_General_CP1_CI_AS,2026-05-10 00:17:48.000,NULL,NULL,2023-11-28 16:37:02.283,0,NULL,NOT REPLICATED,N/A,PRD
WSSQLMED01,10,AdvArchive,Online,Simple,SQL 2008,SQL_Latin1_General_CP1_CI_AS,2026-05-10 00:17:48.000,NULL,NULL,2024-06-13 16:04:59.760,0,NULL,NOT REPLICATED,N/A,PRD
WSSQLMED01,11,AdvLog,Online,Simple,SQL 2008,SQL_Latin1_General_CP1_CI_AS,2026-05-10 00:17:48.000,NULL,NULL,2024-06-13 16:05:37.350,0,NULL,NOT REPLICATED,N/A,PRD
WSSQLMED01,12,AdvSetup,Online,Simple,SQL 2008,SQL_Latin1_General_CP1_CI_AS,2026-05-10 00:17:48.000,NULL,NULL,2024-06-13 16:08:15.560,0,NULL,NOT REPLICATED,N/A,PRD
WSSQLMED01,13,Diamant,Online,Simple,SQL 2017,SQL_Latin1_General_CP1_CI_AS,2026-05-10 00:17:48.000,NULL,NULL,2025-07-08 16:09:33.930,0,NULL,NOT REPLICATED,N/A,PRD
WSSQLMED01,14,Matcher_CHLux,Online,Simple,SQL 2008,Latin1_General_CI_AS,2026-05-10 00:17:48.000,NULL,NULL,2026-04-14 16:01:41.547,0,ADCHL/admmartinez,NOT REPLICATED,N/A,PRD
WSSQLTEST01,1,master,Online,Simple,SQL 2019,French_CI_AS,2026-05-10 01:33:12.000,NULL,NULL,2003-04-08 09:13:36.390,0,sa,NOT REPLICATED,N/A,TST
WSSQLTEST01,2,tempdb,Online,Simple,SQL 2019,French_CI_AS,NULL,NULL,NULL,2026-04-22 00:41:40.743,0,sa,NOT REPLICATED,N/A,TST
WSSQLTEST01,3,model,Online,Full,SQL 2019,French_CI_AS,2026-05-10 01:33:11.000,NULL,2026-05-10 08:07:33.000,2003-04-08 09:13:36.390,0,sa,NOT REPLICATED,N/A,TST
WSSQLTEST01,4,msdb,Online,Simple,SQL 2019,French_CI_AS,2026-05-10 01:33:12.000,NULL,NULL,2019-09-24 14:21:42.270,0,sa,NOT REPLICATED,N/A,TST
WSSQLTEST01,5,S4L,Online,Simple,SQL 2008,Latin1_General_CI_AS,2026-05-10 01:33:12.000,NULL,NULL,2022-02-02 14:39:05.650,0,NULL,NOT REPLICATED,N/A,TST
WSSQLTEST01,6,ONETRUST_REPORTING,Online,Full,SQL 2019,Latin1_General_CI_AS,2026-05-10 01:33:12.000,NULL,2026-05-10 08:07:32.000,2026-02-02 11:01:28.650,0,NULL,NOT REPLICATED,N/A,TST
WSSQLTEST01,7,S4L_rebuild,Online,Simple,SQL 2008,Latin1_General_CI_AS,2026-05-10 01:33:12.000,NULL,NULL,2022-02-02 22:24:44.323,0,NULL,NOT REPLICATED,N/A,TST
WSSQLTEST01,8,igrc,Online,Simple,SQL 2019,French_CI_AS,2026-05-10 01:33:12.000,NULL,NULL,2022-03-28 14:38:31.123,0,sa,NOT REPLICATED,N/A,TST
WSSQLTEST01,9,PFM_BD_Mouvements,Online,Simple,SQL 2008,French_CI_AS,2026-05-10 01:33:12.000,NULL,NULL,2022-04-13 15:16:15.513,0,NULL,NOT REPLICATED,N/A,TST
WSSQLTEST01,10,CHL_IPAM,Online,Simple,SQL 2008,Latin1_General_CI_AS,2026-05-10 01:33:12.000,NULL,NULL,2022-05-24 15:20:14.310,0,NULL,NOT REPLICATED,N/A,TST
ZCMSQL,1,master,Online,Simple,SQL 2016,French_CI_AS,2026-05-10 00:18:14.000,NULL,NULL,2003-04-08 09:13:36.390,0,sa,NOT REPLICATED,N/A,PRD
ZCMSQL,2,tempdb,Online,Simple,SQL 2016,French_CI_AS,NULL,NULL,NULL,2026-04-28 23:01:11.013,0,sa,NOT REPLICATED,N/A,PRD
ZCMSQL,3,model,Online,Full,SQL 2016,French_CI_AS,2026-05-10 00:18:14.000,NULL,2026-05-10 08:56:52.000,2003-04-08 09:13:36.390,0,sa,NOT REPLICATED,N/A,PRD
ZCMSQL,4,msdb,Online,Simple,SQL 2016,French_CI_AS,2026-05-10 00:18:14.000,NULL,NULL,2016-04-30 00:46:38.773,0,sa,NOT REPLICATED,N/A,PRD
ZCMSQL,5,DBAudit,Online,Simple,SQL 2016,Latin1_General_CI_AS,2026-05-10 00:18:14.000,NULL,NULL,2018-09-10 17:26:13.610,0,NULL,NOT REPLICATED,N/A,PRD
ZCMSQL,6,ZCM_CHL,Online,Simple,SQL 2016,Latin1_General_CI_AS,2026-05-10 00:18:14.000,NULL,NULL,2018-09-10 17:54:04.137,0,NULL,NOT REPLICATED,N/A,PRD
