BA1,NON CONTAINER,DBA,EXECUTE_CATALOG_ROLE
BA1,NON CONTAINER,DBA,SELECT_CATALOG_ROLE
BA1,NON CONTAINER,EM_EXPRESS_BASIC,SELECT_CATALOG_ROLE
BA1,NON CONTAINER,EXP_FULL_DATABASE,EXECUTE_CATALOG_ROLE
BA1,NON CONTAINER,EXP_FULL_DATABASE,SELECT_CATALOG_ROLE
BA1,NON CONTAINER,IMP_FULL_DATABASE,EXECUTE_CATALOG_ROLE
BA1,NON CONTAINER,IMP_FULL_DATABASE,SELECT_CATALOG_ROLE
BA1,NON CONTAINER,MONITORING,SELECT_CATALOG_ROLE
BA1,NON CONTAINER,OEM_MONITOR,SELECT_CATALOG_ROLE
BA1,NON CONTAINER,SAPCONN,SELECT_CATALOG_ROLE
BA1,NON CONTAINER,SAPDBA,SELECT_CATALOG_ROLE
BA1,NON CONTAINER,SYSBACKUP,SELECT_CATALOG_ROLE
BA1,NON CONTAINER,SYS,DBA
BA1,NON CONTAINER,SYS,EXECUTE_CATALOG_ROLE
BA1,NON CONTAINER,SYS,SELECT_CATALOG_ROLE
BA1,NON CONTAINER,SYSTEM,DBA
BA1,NON CONTAINER,SYSUMF_ROLE,SELECT_CATALOG_ROLE
BA3,NON CONTAINER,DBA,EXECUTE_CATALOG_ROLE
BA3,NON CONTAINER,DBA,SELECT_CATALOG_ROLE
BA3,NON CONTAINER,EM_EXPRESS_BASIC,SELECT_CATALOG_ROLE
BA3,NON CONTAINER,EXP_FULL_DATABASE,EXECUTE_CATALOG_ROLE
BA3,NON CONTAINER,EXP_FULL_DATABASE,SELECT_CATALOG_ROLE
BA3,NON CONTAINER,IMP_FULL_DATABASE,EXECUTE_CATALOG_ROLE
BA3,NON CONTAINER,IMP_FULL_DATABASE,SELECT_CATALOG_ROLE
BA3,NON CONTAINER,MONITORING,SELECT_CATALOG_ROLE
BA3,NON CONTAINER,OEM_MONITOR,SELECT_CATALOG_ROLE
BA3,NON CONTAINER,SAPCONN,SELECT_CATALOG_ROLE
BA3,NON CONTAINER,SAPDBA,SELECT_CATALOG_ROLE
BA3,NON CONTAINER,SYSBACKUP,SELECT_CATALOG_ROLE
BA3,NON CONTAINER,SYS,DBA
BA3,NON CONTAINER,SYS,EXECUTE_CATALOG_ROLE
BA3,NON CONTAINER,SYS,SELECT_CATALOG_ROLE
BA3,NON CONTAINER,SYSTEM,DBA
BA3,NON CONTAINER,SYSUMF_ROLE,SELECT_CATALOG_ROLE
BJ1,NON CONTAINER,DBA,EXECUTE_CATALOG_ROLE
BJ1,NON CONTAINER,DBA,SELECT_CATALOG_ROLE
BJ1,NON CONTAINER,EM_EXPRESS_BASIC,SELECT_CATALOG_ROLE
BJ1,NON CONTAINER,EXP_FULL_DATABASE,EXECUTE_CATALOG_ROLE
BJ1,NON CONTAINER,EXP_FULL_DATABASE,SELECT_CATALOG_ROLE
BJ1,NON CONTAINER,IMP_FULL_DATABASE,EXECUTE_CATALOG_ROLE
BJ1,NON CONTAINER,IMP_FULL_DATABASE,SELECT_CATALOG_ROLE
BJ1,NON CONTAINER,MONITORING,SELECT_CATALOG_ROLE
BJ1,NON CONTAINER,OEM_MONITOR,SELECT_CATALOG_ROLE
BJ1,NON CONTAINER,SAPCONN,SELECT_CATALOG_ROLE
BJ1,NON CONTAINER,SAPDBA,SELECT_CATALOG_ROLE
BJ1,NON CONTAINER,SYSBACKUP,SELECT_CATALOG_ROLE
BJ1,NON CONTAINER,SYS,DBA
BJ1,NON CONTAINER,SYS,EXECUTE_CATALOG_ROLE
BJ1,NON CONTAINER,SYS,SELECT_CATALOG_ROLE
BJ1,NON CONTAINER,SYSTEM,DBA
BJ1,NON CONTAINER,SYSUMF_ROLE,SELECT_CATALOG_ROLE
BJ3,NON CONTAINER,DBA,EXECUTE_CATALOG_ROLE
BJ3,NON CONTAINER,DBA,SELECT_CATALOG_ROLE
BJ3,NON CONTAINER,EM_EXPRESS_BASIC,SELECT_CATALOG_ROLE
BJ3,NON CONTAINER,EXP_FULL_DATABASE,EXECUTE_CATALOG_ROLE
BJ3,NON CONTAINER,EXP_FULL_DATABASE,SELECT_CATALOG_ROLE
BJ3,NON CONTAINER,IMP_FULL_DATABASE,EXECUTE_CATALOG_ROLE
BJ3,NON CONTAINER,IMP_FULL_DATABASE,SELECT_CATALOG_ROLE
BJ3,NON CONTAINER,MONITORING,SELECT_CATALOG_ROLE
BJ3,NON CONTAINER,OEM_MONITOR,SELECT_CATALOG_ROLE
BJ3,NON CONTAINER,SAPCONN,SELECT_CATALOG_ROLE
BJ3,NON CONTAINER,SAPDBA,SELECT_CATALOG_ROLE
BJ3,NON CONTAINER,SYSBACKUP,SELECT_CATALOG_ROLE
BJ3,NON CONTAINER,SYS,DBA
BJ3,NON CONTAINER,SYS,EXECUTE_CATALOG_ROLE
BJ3,NON CONTAINER,SYS,SELECT_CATALOG_ROLE
BJ3,NON CONTAINER,SYSTEM,DBA
BJ3,NON CONTAINER,SYSUMF_ROLE,SELECT_CATALOG_ROLE
BW1,NON CONTAINER,DBA,EXECUTE_CATALOG_ROLE
BW1,NON CONTAINER,DBA,SELECT_CATALOG_ROLE
BW1,NON CONTAINER,EM_EXPRESS_BASIC,SELECT_CATALOG_ROLE
BW1,NON CONTAINER,EXP_FULL_DATABASE,EXECUTE_CATALOG_ROLE
BW1,NON CONTAINER,EXP_FULL_DATABASE,SELECT_CATALOG_ROLE
BW1,NON CONTAINER,IMP_FULL_DATABASE,EXECUTE_CATALOG_ROLE
BW1,NON CONTAINER,IMP_FULL_DATABASE,SELECT_CATALOG_ROLE
BW1,NON CONTAINER,MONITORING,SELECT_CATALOG_ROLE
BW1,NON CONTAINER,OEM_MONITOR,SELECT_CATALOG_ROLE
BW1,NON CONTAINER,SAPCONN,SELECT_CATALOG_ROLE
BW1,NON CONTAINER,SAPDBA,SELECT_CATALOG_ROLE
BW1,NON CONTAINER,SYSBACKUP,SELECT_CATALOG_ROLE
BW1,NON CONTAINER,SYS,DBA
BW1,NON CONTAINER,SYS,EXECUTE_CATALOG_ROLE
BW1,NON CONTAINER,SYS,SELECT_CATALOG_ROLE
BW1,NON CONTAINER,SYSTEM,DBA
BW1,NON CONTAINER,SYSUMF_ROLE,SELECT_CATALOG_ROLE
CHC,NON CONTAINER,DBA,EXECUTE_CATALOG_ROLE
CHC,NON CONTAINER,DBA,SELECT_CATALOG_ROLE
CHC,NON CONTAINER,EM_EXPRESS_BASIC,SELECT_CATALOG_ROLE
CHC,NON CONTAINER,EXP_FULL_DATABASE,EXECUTE_CATALOG_ROLE
CHC,NON CONTAINER,EXP_FULL_DATABASE,SELECT_CATALOG_ROLE
CHC,NON CONTAINER,IMP_FULL_DATABASE,EXECUTE_CATALOG_ROLE
CHC,NON CONTAINER,IMP_FULL_DATABASE,SELECT_CATALOG_ROLE
CHC,NON CONTAINER,MONITORING_ORACLEDB_EXP,SELECT_CATALOG_ROLE
CHC,NON CONTAINER,MONITORING,SELECT_CATALOG_ROLE
CHC,NON CONTAINER,OEM_MONITOR,SELECT_CATALOG_ROLE
CHC,NON CONTAINER,SAPCONN,SELECT_CATALOG_ROLE
CHC,NON CONTAINER,SAPDBA,SELECT_CATALOG_ROLE
CHC,NON CONTAINER,SYSBACKUP,SELECT_CATALOG_ROLE
CHC,NON CONTAINER,SYS,DBA
CHC,NON CONTAINER,SYS,EXECUTE_CATALOG_ROLE
CHC,NON CONTAINER,SYS,SELECT_CATALOG_ROLE
CHC,NON CONTAINER,SYSTEM,DBA
CHC,NON CONTAINER,SYSUMF_ROLE,SELECT_CATALOG_ROLE
CHL,NON CONTAINER,ADMRAGJUL01,DBA
CHL,NON CONTAINER,DBA,EXECUTE_CATALOG_ROLE
CHL,NON CONTAINER,DBA,SELECT_CATALOG_ROLE
CHL,NON CONTAINER,EM_EXPRESS_BASIC,SELECT_CATALOG_ROLE
CHL,NON CONTAINER,EXP_FULL_DATABASE,EXECUTE_CATALOG_ROLE
CHL,NON CONTAINER,EXP_FULL_DATABASE,SELECT_CATALOG_ROLE
CHL,NON CONTAINER,IMP_FULL_DATABASE,EXECUTE_CATALOG_ROLE
CHL,NON CONTAINER,IMP_FULL_DATABASE,SELECT_CATALOG_ROLE
CHL,NON CONTAINER,MONITORING_ORACLEDB_EXP,SELECT_CATALOG_ROLE
CHL,NON CONTAINER,MONITORING,SELECT_CATALOG_ROLE
CHL,NON CONTAINER,OEM_MONITOR,SELECT_CATALOG_ROLE
CHL,NON CONTAINER,SAPCONN,SELECT_CATALOG_ROLE
CHL,NON CONTAINER,SAPDBA,SELECT_CATALOG_ROLE
CHL,NON CONTAINER,SYSBACKUP,SELECT_CATALOG_ROLE
CHL,NON CONTAINER,SYS,DBA
CHL,NON CONTAINER,SYS,EXECUTE_CATALOG_ROLE
CHL,NON CONTAINER,SYS,SELECT_CATALOG_ROLE
CHL,NON CONTAINER,SYSTEM,DBA
CHL,NON CONTAINER,SYSUMF_ROLE,SELECT_CATALOG_ROLE
CYBERDEV,NON CONTAINER,ADMINISTRATOR,DBA
CYBERDEV,NON CONTAINER,DBA,DELETE_CATALOG_ROLE
CYBERDEV,NON CONTAINER,DBA,EXECUTE_CATALOG_ROLE
CYBERDEV,NON CONTAINER,DBA,SELECT_CATALOG_ROLE
CYBERDEV,NON CONTAINER,EM_EXPRESS_BASIC,SELECT_CATALOG_ROLE
CYBERDEV,NON CONTAINER,EXP_FULL_DATABASE,EXECUTE_CATALOG_ROLE
CYBERDEV,NON CONTAINER,EXP_FULL_DATABASE,SELECT_CATALOG_ROLE
CYBERDEV,NON CONTAINER,IMP_FULL_DATABASE,EXECUTE_CATALOG_ROLE
CYBERDEV,NON CONTAINER,IMP_FULL_DATABASE,SELECT_CATALOG_ROLE
CYBERDEV,NON CONTAINER,MONITORING,SELECT_CATALOG_ROLE
CYBERDEV,NON CONTAINER,OEM_MONITOR,SELECT_CATALOG_ROLE
CYBERDEV,NON CONTAINER,SYSBACKUP,SELECT_CATALOG_ROLE
CYBERDEV,NON CONTAINER,SYS,DBA
CYBERDEV,NON CONTAINER,SYS,DELETE_CATALOG_ROLE
CYBERDEV,NON CONTAINER,SYS,EXECUTE_CATALOG_ROLE
CYBERDEV,NON CONTAINER,SYS,SELECT_CATALOG_ROLE
CYBERDEV,NON CONTAINER,SYSTEM,DBA
CYBERDEV,NON CONTAINER,SYSUMF_ROLE,SELECT_CATALOG_ROLE
CYBERLAB,NON CONTAINER,ADMINISTRATOR,DBA
CYBERLAB,NON CONTAINER,DBA,DELETE_CATALOG_ROLE
CYBERLAB,NON CONTAINER,DBA,EXECUTE_CATALOG_ROLE
CYBERLAB,NON CONTAINER,DBA,SELECT_CATALOG_ROLE
CYBERLAB,NON CONTAINER,EM_EXPRESS_BASIC,SELECT_CATALOG_ROLE
CYBERLAB,NON CONTAINER,EXP_FULL_DATABASE,EXECUTE_CATALOG_ROLE
CYBERLAB,NON CONTAINER,EXP_FULL_DATABASE,SELECT_CATALOG_ROLE
CYBERLAB,NON CONTAINER,IMP_FULL_DATABASE,EXECUTE_CATALOG_ROLE
CYBERLAB,NON CONTAINER,IMP_FULL_DATABASE,SELECT_CATALOG_ROLE
CYBERLAB,NON CONTAINER,MONITORING,SELECT_CATALOG_ROLE
CYBERLAB,NON CONTAINER,OEM_MONITOR,SELECT_CATALOG_ROLE
CYBERLAB,NON CONTAINER,SYSBACKUP,SELECT_CATALOG_ROLE
CYBERLAB,NON CONTAINER,SYS,DBA
CYBERLAB,NON CONTAINER,SYS,DELETE_CATALOG_ROLE
CYBERLAB,NON CONTAINER,SYS,EXECUTE_CATALOG_ROLE
CYBERLAB,NON CONTAINER,SYS,SELECT_CATALOG_ROLE
CYBERLAB,NON CONTAINER,SYSTEM,DBA
CYBERLAB,NON CONTAINER,SYSUMF_ROLE,SELECT_CATALOG_ROLE
DIM,NON CONTAINER,ADMINISTRATOR,DBA
DIM,NON CONTAINER,BUSINESSOBJECTS,DBA
DIM,NON CONTAINER,CATALOGUE,DBA
DIM,NON CONTAINER,CQ,DBA
DIM,NON CONTAINER,DBA,DELETE_CATALOG_ROLE
DIM,NON CONTAINER,DBA,EXECUTE_CATALOG_ROLE
DIM,NON CONTAINER,DBA,SELECT_CATALOG_ROLE
DIM,NON CONTAINER,DOCUMENT,DBA
DIM,NON CONTAINER,EM_EXPRESS_BASIC,SELECT_CATALOG_ROLE
DIM,NON CONTAINER,EXP_FULL_DATABASE,EXECUTE_CATALOG_ROLE
DIM,NON CONTAINER,EXP_FULL_DATABASE,SELECT_CATALOG_ROLE
DIM,NON CONTAINER,GAP,DBA
DIM,NON CONTAINER,IMP_FULL_DATABASE,EXECUTE_CATALOG_ROLE
DIM,NON CONTAINER,IMP_FULL_DATABASE,SELECT_CATALOG_ROLE
DIM,NON CONTAINER,MASTER,DBA
DIM,NON CONTAINER,MONITORING,SELECT_CATALOG_ROLE
DIM,NON CONTAINER,MTSSYS,SELECT_CATALOG_ROLE
DIM,NON CONTAINER,MWSACCESS,DBA
DIM,NON CONTAINER,NMCL,DBA
DIM,NON CONTAINER,OEM_MONITOR,SELECT_CATALOG_ROLE
DIM,NON CONTAINER,OUTILS,DBA
DIM,NON CONTAINER,PATIENT,DBA
DIM,NON CONTAINER,PMSI,DBA
DIM,NON CONTAINER,RDV,DBA
DIM,NON CONTAINER,REGULATION,DBA
DIM,NON CONTAINER,SID,DBA
DIM,NON CONTAINER,STRUCTURE,DBA
DIM,NON CONTAINER,SYSBACKUP,SELECT_CATALOG_ROLE
DIM,NON CONTAINER,SYS,DBA
DIM,NON CONTAINER,SYS,DELETE_CATALOG_ROLE
DIM,NON CONTAINER,SYS,EXECUTE_CATALOG_ROLE
DIM,NON CONTAINER,SYS,SELECT_CATALOG_ROLE
DIM,NON CONTAINER,SYSTEM,DBA
DIM,NON CONTAINER,SYSUMF_ROLE,SELECT_CATALOG_ROLE
DIM,NON CONTAINER,UPDATES,DBA
ENNOV,NON CONTAINER,ADMINISTRATOR,DBA
ENNOV,NON CONTAINER,DBA,DELETE_CATALOG_ROLE
ENNOV,NON CONTAINER,DBA,EXECUTE_CATALOG_ROLE
ENNOV,NON CONTAINER,DBA,SELECT_CATALOG_ROLE
ENNOV,NON CONTAINER,EM_EXPRESS_BASIC,SELECT_CATALOG_ROLE
ENNOV,NON CONTAINER,EXP_FULL_DATABASE,EXECUTE_CATALOG_ROLE
ENNOV,NON CONTAINER,EXP_FULL_DATABASE,SELECT_CATALOG_ROLE
ENNOV,NON CONTAINER,IMP_FULL_DATABASE,EXECUTE_CATALOG_ROLE
ENNOV,NON CONTAINER,IMP_FULL_DATABASE,SELECT_CATALOG_ROLE
ENNOV,NON CONTAINER,MONITORING,SELECT_CATALOG_ROLE
ENNOV,NON CONTAINER,OEM_MONITOR,SELECT_CATALOG_ROLE
ENNOV,NON CONTAINER,SYSBACKUP,SELECT_CATALOG_ROLE
ENNOV,NON CONTAINER,SYS,DBA
ENNOV,NON CONTAINER,SYS,DELETE_CATALOG_ROLE
ENNOV,NON CONTAINER,SYS,EXECUTE_CATALOG_ROLE
ENNOV,NON CONTAINER,SYS,SELECT_CATALOG_ROLE
ENNOV,NON CONTAINER,SYSTEM,DBA
ENNOV,NON CONTAINER,SYSUMF_ROLE,SELECT_CATALOG_ROLE
ENNOVT,NON CONTAINER,ADMINISTRATOR,DBA
ENNOVT,NON CONTAINER,DBA,DELETE_CATALOG_ROLE
ENNOVT,NON CONTAINER,DBA,EXECUTE_CATALOG_ROLE
ENNOVT,NON CONTAINER,DBA,SELECT_CATALOG_ROLE
ENNOVT,NON CONTAINER,EM_EXPRESS_BASIC,SELECT_CATALOG_ROLE
ENNOVT,NON CONTAINER,EXP_FULL_DATABASE,EXECUTE_CATALOG_ROLE
ENNOVT,NON CONTAINER,EXP_FULL_DATABASE,SELECT_CATALOG_ROLE
ENNOVT,NON CONTAINER,IMP_FULL_DATABASE,EXECUTE_CATALOG_ROLE
ENNOVT,NON CONTAINER,IMP_FULL_DATABASE,SELECT_CATALOG_ROLE
ENNOVT,NON CONTAINER,MONITORING,SELECT_CATALOG_ROLE
ENNOVT,NON CONTAINER,OEM_MONITOR,SELECT_CATALOG_ROLE
ENNOVT,NON CONTAINER,SYSBACKUP,SELECT_CATALOG_ROLE
ENNOVT,NON CONTAINER,SYS,DBA
ENNOVT,NON CONTAINER,SYS,DELETE_CATALOG_ROLE
ENNOVT,NON CONTAINER,SYS,EXECUTE_CATALOG_ROLE
ENNOVT,NON CONTAINER,SYS,SELECT_CATALOG_ROLE
ENNOVT,NON CONTAINER,SYSTEM,DBA
ENNOVT,NON CONTAINER,SYSUMF_ROLE,SELECT_CATALOG_ROLE
HYDPRDG5,NON CONTAINER,ADMINISTRATOR,DBA
HYDPRDG5,NON CONTAINER,DBA,EXECUTE_CATALOG_ROLE
HYDPRDG5,NON CONTAINER,DBA,SELECT_CATALOG_ROLE
HYDPRDG5,NON CONTAINER,EM_EXPRESS_BASIC,SELECT_CATALOG_ROLE
HYDPRDG5,NON CONTAINER,EXP_FULL_DATABASE,EXECUTE_CATALOG_ROLE
HYDPRDG5,NON CONTAINER,EXP_FULL_DATABASE,SELECT_CATALOG_ROLE
HYDPRDG5,NON CONTAINER,G5,DBA
HYDPRDG5,NON CONTAINER,G6_4SAP,DBA
HYDPRDG5,NON CONTAINER,IMP_FULL_DATABASE,EXECUTE_CATALOG_ROLE
HYDPRDG5,NON CONTAINER,IMP_FULL_DATABASE,SELECT_CATALOG_ROLE
HYDPRDG5,NON CONTAINER,MONITORING,SELECT_CATALOG_ROLE
HYDPRDG5,NON CONTAINER,OEM_MONITOR,SELECT_CATALOG_ROLE
HYDPRDG5,NON CONTAINER,SYSBACKUP,SELECT_CATALOG_ROLE
HYDPRDG5,NON CONTAINER,SYS,DBA
HYDPRDG5,NON CONTAINER,SYS,EXECUTE_CATALOG_ROLE
HYDPRDG5,NON CONTAINER,SYS,SELECT_CATALOG_ROLE
HYDPRDG5,NON CONTAINER,SYSTEM,DBA
HYDPRDG5,NON CONTAINER,SYSUMF_ROLE,SELECT_CATALOG_ROLE
HYDTEST,NON CONTAINER,ADMINISTRATOR,DBA
HYDTEST,NON CONTAINER,DBA,EXECUTE_CATALOG_ROLE
HYDTEST,NON CONTAINER,DBA,SELECT_CATALOG_ROLE
HYDTEST,NON CONTAINER,EM_EXPRESS_BASIC,SELECT_CATALOG_ROLE
HYDTEST,NON CONTAINER,EXP_FULL_DATABASE,EXECUTE_CATALOG_ROLE
HYDTEST,NON CONTAINER,EXP_FULL_DATABASE,SELECT_CATALOG_ROLE
HYDTEST,NON CONTAINER,G5_4SAP,DBA
HYDTEST,NON CONTAINER,G5,DBA
HYDTEST,NON CONTAINER,IMP_FULL_DATABASE,EXECUTE_CATALOG_ROLE
HYDTEST,NON CONTAINER,IMP_FULL_DATABASE,SELECT_CATALOG_ROLE
HYDTEST,NON CONTAINER,MONITORING,SELECT_CATALOG_ROLE
HYDTEST,NON CONTAINER,OEM_MONITOR,SELECT_CATALOG_ROLE
HYDTEST,NON CONTAINER,SYSBACKUP,SELECT_CATALOG_ROLE
HYDTEST,NON CONTAINER,SYS,DBA
HYDTEST,NON CONTAINER,SYS,EXECUTE_CATALOG_ROLE
HYDTEST,NON CONTAINER,SYS,SELECT_CATALOG_ROLE
HYDTEST,NON CONTAINER,SYSTEM,DBA
HYDTEST,NON CONTAINER,SYSUMF_ROLE,SELECT_CATALOG_ROLE
LABODEV,NON CONTAINER,ADMINISTRATOR,DBA
LABODEV,NON CONTAINER,DBA,DELETE_CATALOG_ROLE
LABODEV,NON CONTAINER,DBA,EXECUTE_CATALOG_ROLE
LABODEV,NON CONTAINER,DBA,SELECT_CATALOG_ROLE
LABODEV,NON CONTAINER,EM_EXPRESS_BASIC,SELECT_CATALOG_ROLE
LABODEV,NON CONTAINER,EXP_FULL_DATABASE,EXECUTE_CATALOG_ROLE
LABODEV,NON CONTAINER,EXP_FULL_DATABASE,SELECT_CATALOG_ROLE
LABODEV,NON CONTAINER,IMP_FULL_DATABASE,EXECUTE_CATALOG_ROLE
LABODEV,NON CONTAINER,IMP_FULL_DATABASE,SELECT_CATALOG_ROLE
LABODEV,NON CONTAINER,MIPSDEV,DBA
LABODEV,NON CONTAINER,MONITORING,SELECT_CATALOG_ROLE
LABODEV,NON CONTAINER,OEM_MONITOR,SELECT_CATALOG_ROLE
LABODEV,NON CONTAINER,ORAGLIMS,DBA
LABODEV,NON CONTAINER,SYSBACKUP,SELECT_CATALOG_ROLE
LABODEV,NON CONTAINER,SYS,DBA
LABODEV,NON CONTAINER,SYS,DELETE_CATALOG_ROLE
LABODEV,NON CONTAINER,SYS,EXECUTE_CATALOG_ROLE
LABODEV,NON CONTAINER,SYS,SELECT_CATALOG_ROLE
LABODEV,NON CONTAINER,SYSTEM,DBA
LABODEV,NON CONTAINER,SYSUMF_ROLE,SELECT_CATALOG_ROLE
LABO,NON CONTAINER,ADMINISTRATOR,DBA
LABO,NON CONTAINER,DBA,DELETE_CATALOG_ROLE
LABO,NON CONTAINER,DBA,EXECUTE_CATALOG_ROLE
LABO,NON CONTAINER,DBA,SELECT_CATALOG_ROLE
LABO,NON CONTAINER,EM_EXPRESS_BASIC,SELECT_CATALOG_ROLE
LABO,NON CONTAINER,EXP_FULL_DATABASE,EXECUTE_CATALOG_ROLE
LABO,NON CONTAINER,EXP_FULL_DATABASE,SELECT_CATALOG_ROLE
LABO,NON CONTAINER,IMP_FULL_DATABASE,EXECUTE_CATALOG_ROLE
LABO,NON CONTAINER,IMP_FULL_DATABASE,SELECT_CATALOG_ROLE
LABO,NON CONTAINER,MIPSDEV,DBA
LABO,NON CONTAINER,MONITORING,SELECT_CATALOG_ROLE
LABO,NON CONTAINER,OEM_MONITOR,SELECT_CATALOG_ROLE
LABO,NON CONTAINER,ORAGLIMS,DBA
LABO,NON CONTAINER,SYSBACKUP,SELECT_CATALOG_ROLE
LABO,NON CONTAINER,SYS,DBA
LABO,NON CONTAINER,SYS,DELETE_CATALOG_ROLE
LABO,NON CONTAINER,SYS,EXECUTE_CATALOG_ROLE
LABO,NON CONTAINER,SYS,SELECT_CATALOG_ROLE
LABO,NON CONTAINER,SYSTEM,DBA
LABO,NON CONTAINER,SYSUMF_ROLE,SELECT_CATALOG_ROLE
LABOTEST,NON CONTAINER,ADMINISTRATOR,DBA
LABOTEST,NON CONTAINER,DBA,DELETE_CATALOG_ROLE
LABOTEST,NON CONTAINER,DBA,EXECUTE_CATALOG_ROLE
LABOTEST,NON CONTAINER,DBA,SELECT_CATALOG_ROLE
LABOTEST,NON CONTAINER,EM_EXPRESS_BASIC,SELECT_CATALOG_ROLE
LABOTEST,NON CONTAINER,EXP_FULL_DATABASE,EXECUTE_CATALOG_ROLE
LABOTEST,NON CONTAINER,EXP_FULL_DATABASE,SELECT_CATALOG_ROLE
LABOTEST,NON CONTAINER,IMP_FULL_DATABASE,EXECUTE_CATALOG_ROLE
LABOTEST,NON CONTAINER,IMP_FULL_DATABASE,SELECT_CATALOG_ROLE
LABOTEST,NON CONTAINER,MIPSDEV,DBA
LABOTEST,NON CONTAINER,MONITORING,SELECT_CATALOG_ROLE
LABOTEST,NON CONTAINER,OEM_MONITOR,SELECT_CATALOG_ROLE
LABOTEST,NON CONTAINER,ORAGLIMS,DBA
LABOTEST,NON CONTAINER,SYSBACKUP,SELECT_CATALOG_ROLE
LABOTEST,NON CONTAINER,SYS,DBA
LABOTEST,NON CONTAINER,SYS,DELETE_CATALOG_ROLE
LABOTEST,NON CONTAINER,SYS,EXECUTE_CATALOG_ROLE
LABOTEST,NON CONTAINER,SYS,SELECT_CATALOG_ROLE
LABOTEST,NON CONTAINER,SYSTEM,DBA
LABOTEST,NON CONTAINER,SYSUMF_ROLE,SELECT_CATALOG_ROLE
MIRTH,NON CONTAINER,ADMINISTRATOR,DBA
MIRTH,NON CONTAINER,DBA,EXECUTE_CATALOG_ROLE
MIRTH,NON CONTAINER,DBA,SELECT_CATALOG_ROLE
MIRTH,NON CONTAINER,EM_EXPRESS_BASIC,SELECT_CATALOG_ROLE
MIRTH,NON CONTAINER,EXP_FULL_DATABASE,EXECUTE_CATALOG_ROLE
MIRTH,NON CONTAINER,EXP_FULL_DATABASE,SELECT_CATALOG_ROLE
MIRTH,NON CONTAINER,IMP_FULL_DATABASE,EXECUTE_CATALOG_ROLE
MIRTH,NON CONTAINER,IMP_FULL_DATABASE,SELECT_CATALOG_ROLE
MIRTH,NON CONTAINER,MONITORING,SELECT_CATALOG_ROLE
MIRTH,NON CONTAINER,OEM_MONITOR,SELECT_CATALOG_ROLE
MIRTH,NON CONTAINER,SYSBACKUP,SELECT_CATALOG_ROLE
MIRTH,NON CONTAINER,SYS,DBA
MIRTH,NON CONTAINER,SYS,EXECUTE_CATALOG_ROLE
MIRTH,NON CONTAINER,SYS,SELECT_CATALOG_ROLE
MIRTH,NON CONTAINER,SYSTEM,DBA
MIRTH,NON CONTAINER,SYSUMF_ROLE,SELECT_CATALOG_ROLE
MIRTHT,NON CONTAINER,ADMINISTRATOR,DBA
MIRTHT,NON CONTAINER,DBA,EXECUTE_CATALOG_ROLE
MIRTHT,NON CONTAINER,DBA,SELECT_CATALOG_ROLE
MIRTHT,NON CONTAINER,EM_EXPRESS_BASIC,SELECT_CATALOG_ROLE
MIRTHT,NON CONTAINER,EXP_FULL_DATABASE,EXECUTE_CATALOG_ROLE
MIRTHT,NON CONTAINER,EXP_FULL_DATABASE,SELECT_CATALOG_ROLE
MIRTHT,NON CONTAINER,IMP_FULL_DATABASE,EXECUTE_CATALOG_ROLE
MIRTHT,NON CONTAINER,IMP_FULL_DATABASE,SELECT_CATALOG_ROLE
MIRTHT,NON CONTAINER,MONITORING,SELECT_CATALOG_ROLE
MIRTHT,NON CONTAINER,OEM_MONITOR,SELECT_CATALOG_ROLE
MIRTHT,NON CONTAINER,SYSBACKUP,SELECT_CATALOG_ROLE
MIRTHT,NON CONTAINER,SYS,DBA
MIRTHT,NON CONTAINER,SYS,EXECUTE_CATALOG_ROLE
MIRTHT,NON CONTAINER,SYS,SELECT_CATALOG_ROLE
MIRTHT,NON CONTAINER,SYSTEM,DBA
MIRTHT,NON CONTAINER,SYSUMF_ROLE,SELECT_CATALOG_ROLE
NA3,NON CONTAINER,DBA,EXECUTE_CATALOG_ROLE
NA3,NON CONTAINER,DBA,SELECT_CATALOG_ROLE
NA3,NON CONTAINER,EM_EXPRESS_BASIC,SELECT_CATALOG_ROLE
NA3,NON CONTAINER,EXP_FULL_DATABASE,EXECUTE_CATALOG_ROLE
NA3,NON CONTAINER,EXP_FULL_DATABASE,SELECT_CATALOG_ROLE
NA3,NON CONTAINER,IMP_FULL_DATABASE,EXECUTE_CATALOG_ROLE
NA3,NON CONTAINER,IMP_FULL_DATABASE,SELECT_CATALOG_ROLE
NA3,NON CONTAINER,MONITORING,SELECT_CATALOG_ROLE
NA3,NON CONTAINER,OEM_MONITOR,SELECT_CATALOG_ROLE
NA3,NON CONTAINER,SAPCONN,SELECT_CATALOG_ROLE
NA3,NON CONTAINER,SAPDBA,SELECT_CATALOG_ROLE
NA3,NON CONTAINER,SYSBACKUP,SELECT_CATALOG_ROLE
NA3,NON CONTAINER,SYS,DBA
NA3,NON CONTAINER,SYS,EXECUTE_CATALOG_ROLE
NA3,NON CONTAINER,SYS,SELECT_CATALOG_ROLE
NA3,NON CONTAINER,SYSTEM,DBA
NA3,NON CONTAINER,SYSUMF_ROLE,SELECT_CATALOG_ROLE
NJ3,NON CONTAINER,DBA,EXECUTE_CATALOG_ROLE
NJ3,NON CONTAINER,DBA,SELECT_CATALOG_ROLE
NJ3,NON CONTAINER,EM_EXPRESS_BASIC,SELECT_CATALOG_ROLE
NJ3,NON CONTAINER,EXP_FULL_DATABASE,EXECUTE_CATALOG_ROLE
NJ3,NON CONTAINER,EXP_FULL_DATABASE,SELECT_CATALOG_ROLE
NJ3,NON CONTAINER,IMP_FULL_DATABASE,EXECUTE_CATALOG_ROLE
NJ3,NON CONTAINER,IMP_FULL_DATABASE,SELECT_CATALOG_ROLE
NJ3,NON CONTAINER,MONITORING,SELECT_CATALOG_ROLE
NJ3,NON CONTAINER,OEM_MONITOR,SELECT_CATALOG_ROLE
NJ3,NON CONTAINER,SAPCONN,SELECT_CATALOG_ROLE
NJ3,NON CONTAINER,SAPDBA,SELECT_CATALOG_ROLE
NJ3,NON CONTAINER,SYSBACKUP,SELECT_CATALOG_ROLE
NJ3,NON CONTAINER,SYS,DBA
NJ3,NON CONTAINER,SYS,EXECUTE_CATALOG_ROLE
NJ3,NON CONTAINER,SYS,SELECT_CATALOG_ROLE
NJ3,NON CONTAINER,SYSTEM,DBA
NJ3,NON CONTAINER,SYSUMF_ROLE,SELECT_CATALOG_ROLE
OEM,NON CONTAINER,ADMINISTRATOR,DBA
OEM,NON CONTAINER,DBA,EXECUTE_CATALOG_ROLE
OEM,NON CONTAINER,DBA,SELECT_CATALOG_ROLE
OEM,NON CONTAINER,EM_EXPRESS_BASIC,SELECT_CATALOG_ROLE
OEM,NON CONTAINER,EXP_FULL_DATABASE,EXECUTE_CATALOG_ROLE
OEM,NON CONTAINER,EXP_FULL_DATABASE,SELECT_CATALOG_ROLE
OEM,NON CONTAINER,IMP_FULL_DATABASE,EXECUTE_CATALOG_ROLE
OEM,NON CONTAINER,IMP_FULL_DATABASE,SELECT_CATALOG_ROLE
OEM,NON CONTAINER,MONITORING,SELECT_CATALOG_ROLE
OEM,NON CONTAINER,OAS_IAU,SELECT_CATALOG_ROLE
OEM,NON CONTAINER,OEM_MONITOR,SELECT_CATALOG_ROLE
OEM,NON CONTAINER,SYSBACKUP,SELECT_CATALOG_ROLE
OEM,NON CONTAINER,SYS,DBA
OEM,NON CONTAINER,SYS,EXECUTE_CATALOG_ROLE
OEM,NON CONTAINER,SYSMAN,SELECT_CATALOG_ROLE
OEM,NON CONTAINER,SYS,SELECT_CATALOG_ROLE
OEM,NON CONTAINER,SYSTEM,DBA
OEM,NON CONTAINER,SYSUMF_ROLE,SELECT_CATALOG_ROLE
ORAWEB,NON CONTAINER,ADMINISTRATOR,DBA
ORAWEB,NON CONTAINER,DBA,DELETE_CATALOG_ROLE
ORAWEB,NON CONTAINER,DBA,EXECUTE_CATALOG_ROLE
ORAWEB,NON CONTAINER,DBA,SELECT_CATALOG_ROLE
ORAWEB,NON CONTAINER,EM_EXPRESS_BASIC,SELECT_CATALOG_ROLE
ORAWEB,NON CONTAINER,EXP_FULL_DATABASE,EXECUTE_CATALOG_ROLE
ORAWEB,NON CONTAINER,EXP_FULL_DATABASE,SELECT_CATALOG_ROLE
ORAWEB,NON CONTAINER,FLOWS_020000,SELECT_CATALOG_ROLE
ORAWEB,NON CONTAINER,FLOWS_030100,SELECT_CATALOG_ROLE
ORAWEB,NON CONTAINER,IMP_FULL_DATABASE,EXECUTE_CATALOG_ROLE
ORAWEB,NON CONTAINER,IMP_FULL_DATABASE,SELECT_CATALOG_ROLE
ORAWEB,NON CONTAINER,MONITORING,SELECT_CATALOG_ROLE
ORAWEB,NON CONTAINER,OEM_MONITOR,SELECT_CATALOG_ROLE
ORAWEB,NON CONTAINER,OWF_MGR,SELECT_CATALOG_ROLE
ORAWEB,NON CONTAINER,SYSBACKUP,SELECT_CATALOG_ROLE
ORAWEB,NON CONTAINER,SYS,DBA
ORAWEB,NON CONTAINER,SYS,DELETE_CATALOG_ROLE
ORAWEB,NON CONTAINER,SYS,EXECUTE_CATALOG_ROLE
ORAWEB,NON CONTAINER,SYS,SELECT_CATALOG_ROLE
ORAWEB,NON CONTAINER,SYSTEM,DBA
ORAWEB,NON CONTAINER,SYSUMF_ROLE,SELECT_CATALOG_ROLE
ORAWEBT,NON CONTAINER,ADMINISTRATOR,DBA
ORAWEBT,NON CONTAINER,DBA,DELETE_CATALOG_ROLE
ORAWEBT,NON CONTAINER,DBA,EXECUTE_CATALOG_ROLE
ORAWEBT,NON CONTAINER,DBA,SELECT_CATALOG_ROLE
ORAWEBT,NON CONTAINER,EM_EXPRESS_BASIC,SELECT_CATALOG_ROLE
ORAWEBT,NON CONTAINER,EXP_FULL_DATABASE,EXECUTE_CATALOG_ROLE
ORAWEBT,NON CONTAINER,EXP_FULL_DATABASE,SELECT_CATALOG_ROLE
ORAWEBT,NON CONTAINER,FLOWS_020000,SELECT_CATALOG_ROLE
ORAWEBT,NON CONTAINER,FLOWS_030100,SELECT_CATALOG_ROLE
ORAWEBT,NON CONTAINER,IMP_FULL_DATABASE,EXECUTE_CATALOG_ROLE
ORAWEBT,NON CONTAINER,IMP_FULL_DATABASE,SELECT_CATALOG_ROLE
ORAWEBT,NON CONTAINER,MONITORING,SELECT_CATALOG_ROLE
ORAWEBT,NON CONTAINER,OEM_MONITOR,SELECT_CATALOG_ROLE
ORAWEBT,NON CONTAINER,OWF_MGR,SELECT_CATALOG_ROLE
ORAWEBT,NON CONTAINER,SYSBACKUP,SELECT_CATALOG_ROLE
ORAWEBT,NON CONTAINER,SYS,DBA
ORAWEBT,NON CONTAINER,SYS,DELETE_CATALOG_ROLE
ORAWEBT,NON CONTAINER,SYS,EXECUTE_CATALOG_ROLE
ORAWEBT,NON CONTAINER,SYS,SELECT_CATALOG_ROLE
ORAWEBT,NON CONTAINER,SYSTEM,DBA
ORAWEBT,NON CONTAINER,SYSUMF_ROLE,SELECT_CATALOG_ROLE
RETRODEV,NON CONTAINER,ADMINISTRATOR,DBA
RETRODEV,NON CONTAINER,DBA,EXECUTE_CATALOG_ROLE
RETRODEV,NON CONTAINER,DBA,SELECT_CATALOG_ROLE
RETRODEV,NON CONTAINER,EM_EXPRESS_BASIC,SELECT_CATALOG_ROLE
RETRODEV,NON CONTAINER,EXP_FULL_DATABASE,EXECUTE_CATALOG_ROLE
RETRODEV,NON CONTAINER,EXP_FULL_DATABASE,SELECT_CATALOG_ROLE
RETRODEV,NON CONTAINER,IMP_FULL_DATABASE,EXECUTE_CATALOG_ROLE
RETRODEV,NON CONTAINER,IMP_FULL_DATABASE,SELECT_CATALOG_ROLE
RETRODEV,NON CONTAINER,MONITORING,SELECT_CATALOG_ROLE
RETRODEV,NON CONTAINER,OEM_MONITOR,SELECT_CATALOG_ROLE
RETRODEV,NON CONTAINER,SYSBACKUP,SELECT_CATALOG_ROLE
RETRODEV,NON CONTAINER,SYS,DBA
RETRODEV,NON CONTAINER,SYS,EXECUTE_CATALOG_ROLE
RETRODEV,NON CONTAINER,SYS,SELECT_CATALOG_ROLE
RETRODEV,NON CONTAINER,SYSTEM,DBA
RETRODEV,NON CONTAINER,SYSUMF_ROLE,SELECT_CATALOG_ROLE
RETRO,NON CONTAINER,ADMINISTRATOR,DBA
RETRO,NON CONTAINER,DBA,EXECUTE_CATALOG_ROLE
RETRO,NON CONTAINER,DBA,SELECT_CATALOG_ROLE
RETRO,NON CONTAINER,EM_EXPRESS_BASIC,SELECT_CATALOG_ROLE
RETRO,NON CONTAINER,EXP_FULL_DATABASE,EXECUTE_CATALOG_ROLE
RETRO,NON CONTAINER,EXP_FULL_DATABASE,SELECT_CATALOG_ROLE
RETRO,NON CONTAINER,IMP_FULL_DATABASE,EXECUTE_CATALOG_ROLE
RETRO,NON CONTAINER,IMP_FULL_DATABASE,SELECT_CATALOG_ROLE
RETRO,NON CONTAINER,MONITORING,SELECT_CATALOG_ROLE
RETRO,NON CONTAINER,OEM_MONITOR,SELECT_CATALOG_ROLE
RETRO,NON CONTAINER,SYSBACKUP,SELECT_CATALOG_ROLE
RETRO,NON CONTAINER,SYS,DBA
RETRO,NON CONTAINER,SYS,EXECUTE_CATALOG_ROLE
RETRO,NON CONTAINER,SYS,SELECT_CATALOG_ROLE
RETRO,NON CONTAINER,SYSTEM,DBA
RETRO,NON CONTAINER,SYSUMF_ROLE,SELECT_CATALOG_ROLE
RETROUAT,NON CONTAINER,ADMINISTRATOR,DBA
RETROUAT,NON CONTAINER,DBA,EXECUTE_CATALOG_ROLE
RETROUAT,NON CONTAINER,DBA,SELECT_CATALOG_ROLE
RETROUAT,NON CONTAINER,EM_EXPRESS_BASIC,SELECT_CATALOG_ROLE
RETROUAT,NON CONTAINER,EXP_FULL_DATABASE,EXECUTE_CATALOG_ROLE
RETROUAT,NON CONTAINER,EXP_FULL_DATABASE,SELECT_CATALOG_ROLE
RETROUAT,NON CONTAINER,IMP_FULL_DATABASE,EXECUTE_CATALOG_ROLE
RETROUAT,NON CONTAINER,IMP_FULL_DATABASE,SELECT_CATALOG_ROLE
RETROUAT,NON CONTAINER,MONITORING,SELECT_CATALOG_ROLE
RETROUAT,NON CONTAINER,OEM_MONITOR,SELECT_CATALOG_ROLE
RETROUAT,NON CONTAINER,SYSBACKUP,SELECT_CATALOG_ROLE
RETROUAT,NON CONTAINER,SYS,DBA
RETROUAT,NON CONTAINER,SYS,EXECUTE_CATALOG_ROLE
RETROUAT,NON CONTAINER,SYS,SELECT_CATALOG_ROLE
RETROUAT,NON CONTAINER,SYSTEM,DBA
RETROUAT,NON CONTAINER,SYSUMF_ROLE,SELECT_CATALOG_ROLE
RISCHL,NON CONTAINER,ADMINISTRATOR,DBA
RISCHL,NON CONTAINER,DBA,DELETE_CATALOG_ROLE
RISCHL,NON CONTAINER,DBA,EXECUTE_CATALOG_ROLE
RISCHL,NON CONTAINER,DBA,SELECT_CATALOG_ROLE
RISCHL,NON CONTAINER,EM_EXPRESS_BASIC,SELECT_CATALOG_ROLE
RISCHL,NON CONTAINER,EXP_FULL_DATABASE,EXECUTE_CATALOG_ROLE
RISCHL,NON CONTAINER,EXP_FULL_DATABASE,SELECT_CATALOG_ROLE
RISCHL,NON CONTAINER,IMP_FULL_DATABASE,EXECUTE_CATALOG_ROLE
RISCHL,NON CONTAINER,IMP_FULL_DATABASE,SELECT_CATALOG_ROLE
RISCHL,NON CONTAINER,MONITORING,SELECT_CATALOG_ROLE
RISCHL,NON CONTAINER,OEM_MONITOR,SELECT_CATALOG_ROLE
RISCHL,NON CONTAINER,SAPBI,SELECT_CATALOG_ROLE
RISCHL,NON CONTAINER,SYSBACKUP,SELECT_CATALOG_ROLE
RISCHL,NON CONTAINER,SYS,DBA
RISCHL,NON CONTAINER,SYS,DELETE_CATALOG_ROLE
RISCHL,NON CONTAINER,SYS,EXECUTE_CATALOG_ROLE
RISCHL,NON CONTAINER,SYS,SELECT_CATALOG_ROLE
RISCHL,NON CONTAINER,SYSTEM,DBA
RISCHL,NON CONTAINER,SYSUMF_ROLE,SELECT_CATALOG_ROLE
SHERDEV,NON CONTAINER,ADMINISTRATOR,DBA
SHERDEV,NON CONTAINER,DBA,EXECUTE_CATALOG_ROLE
SHERDEV,NON CONTAINER,DBA,SELECT_CATALOG_ROLE
SHERDEV,NON CONTAINER,EM_EXPRESS_BASIC,SELECT_CATALOG_ROLE
SHERDEV,NON CONTAINER,EXP_FULL_DATABASE,EXECUTE_CATALOG_ROLE
SHERDEV,NON CONTAINER,EXP_FULL_DATABASE,SELECT_CATALOG_ROLE
SHERDEV,NON CONTAINER,IMP_FULL_DATABASE,EXECUTE_CATALOG_ROLE
SHERDEV,NON CONTAINER,IMP_FULL_DATABASE,SELECT_CATALOG_ROLE
SHERDEV,NON CONTAINER,MONITORING,SELECT_CATALOG_ROLE
SHERDEV,NON CONTAINER,OEM_MONITOR,SELECT_CATALOG_ROLE
SHERDEV,NON CONTAINER,SYSBACKUP,SELECT_CATALOG_ROLE
SHERDEV,NON CONTAINER,SYS,DBA
SHERDEV,NON CONTAINER,SYS,EXECUTE_CATALOG_ROLE
SHERDEV,NON CONTAINER,SYS,SELECT_CATALOG_ROLE
SHERDEV,NON CONTAINER,SYSTEM,DBA
SHERDEV,NON CONTAINER,SYSUMF_ROLE,SELECT_CATALOG_ROLE
SHERLOCK,NON CONTAINER,ADMINISTRATOR,DBA
SHERLOCK,NON CONTAINER,DBA,EXECUTE_CATALOG_ROLE
SHERLOCK,NON CONTAINER,DBA,SELECT_CATALOG_ROLE
SHERLOCK,NON CONTAINER,EM_EXPRESS_BASIC,SELECT_CATALOG_ROLE
SHERLOCK,NON CONTAINER,EXP_FULL_DATABASE,EXECUTE_CATALOG_ROLE
SHERLOCK,NON CONTAINER,EXP_FULL_DATABASE,SELECT_CATALOG_ROLE
SHERLOCK,NON CONTAINER,IMP_FULL_DATABASE,EXECUTE_CATALOG_ROLE
SHERLOCK,NON CONTAINER,IMP_FULL_DATABASE,SELECT_CATALOG_ROLE
SHERLOCK,NON CONTAINER,MONITORING,SELECT_CATALOG_ROLE
SHERLOCK,NON CONTAINER,OEM_MONITOR,SELECT_CATALOG_ROLE
SHERLOCK,NON CONTAINER,SYSBACKUP,SELECT_CATALOG_ROLE
SHERLOCK,NON CONTAINER,SYS,DBA
SHERLOCK,NON CONTAINER,SYS,EXECUTE_CATALOG_ROLE
SHERLOCK,NON CONTAINER,SYS,SELECT_CATALOG_ROLE
SHERLOCK,NON CONTAINER,SYSTEM,DBA
SHERLOCK,NON CONTAINER,SYSUMF_ROLE,SELECT_CATALOG_ROLE
